2018-06-07 14:05:55,930 INFO (StartupInfoLogger.java:50)- Starting Application on leitianxiangdeMacBook-Pro.local with PID 55256 (/Users/leitianxiang/Workspaces/intelli/jishitoutiao-api/target/classes started by leitianxiang in /Users/leitianxiang/Workspaces/intelli/jishitoutiao-api)
2018-06-07 14:05:55,943 DEBUG (StartupInfoLogger.java:53)- Running with Spring Boot v2.0.2.RELEASE, Spring v5.0.6.RELEASE
2018-06-07 14:05:55,952 INFO (SpringApplication.java:659)- No active profile set, falling back to default profiles: default
2018-06-07 14:06:05,197 INFO (CustomerCacheManagerEventListener.java:22)- init ehcache...
2018-06-07 14:06:05,317 INFO (CustomerCacheManagerEventListener.java:37)- cacheAdded... org.hibernate.cache.spi.UpdateTimestampsCache
2018-06-07 14:06:05,317 INFO (CustomerCacheManagerEventListener.java:38)- [ name = org.hibernate.cache.spi.UpdateTimestampsCache status = STATUS_ALIVE eternal = true overflowToDisk = true maxEntriesLocalHeap = 5000 maxEntriesLocalDisk = 0 memoryStoreEvictionPolicy = LRU timeToLiveSeconds = 0 timeToIdleSeconds = 0 persistence = LOCALTEMPSWAP diskExpiryThreadIntervalSeconds = 120 cacheEventListeners: com.jishitoutiao.cache.CustomerCacheEventListener ; orderedCacheEventListeners:  maxBytesLocalHeap = 0 overflowToOffHeap = false maxBytesLocalOffHeap = 0 maxBytesLocalDisk = 0 pinned = false ]
2018-06-07 14:06:05,328 INFO (CustomerCacheManagerEventListener.java:37)- cacheAdded... entityCache
2018-06-07 14:06:05,328 INFO (CustomerCacheManagerEventListener.java:38)- [ name = entityCache status = STATUS_ALIVE eternal = false overflowToDisk = true maxEntriesLocalHeap = 10000 maxEntriesLocalDisk = 100000 memoryStoreEvictionPolicy = LRU timeToLiveSeconds = 600 timeToIdleSeconds = 300 persistence = LOCALTEMPSWAP diskExpiryThreadIntervalSeconds = 1200 cacheEventListeners: com.jishitoutiao.cache.CustomerCacheEventListener ; orderedCacheEventListeners:  maxBytesLocalHeap = 0 overflowToOffHeap = false maxBytesLocalOffHeap = 0 maxBytesLocalDisk = 0 pinned = false ]
2018-06-07 14:06:05,334 INFO (CustomerCacheManagerEventListener.java:37)- cacheAdded... org.hibernate.cache.internal.StandardQueryCache
2018-06-07 14:06:05,335 INFO (CustomerCacheManagerEventListener.java:38)- [ name = org.hibernate.cache.internal.StandardQueryCache status = STATUS_ALIVE eternal = false overflowToDisk = true maxEntriesLocalHeap = 5 maxEntriesLocalDisk = 0 memoryStoreEvictionPolicy = LRU timeToLiveSeconds = 120 timeToIdleSeconds = 0 persistence = LOCALTEMPSWAP diskExpiryThreadIntervalSeconds = 120 cacheEventListeners: com.jishitoutiao.cache.CustomerCacheEventListener ; orderedCacheEventListeners:  maxBytesLocalHeap = 0 overflowToOffHeap = false maxBytesLocalOffHeap = 0 maxBytesLocalDisk = 0 pinned = false ]
2018-06-07 14:06:05,666 INFO (StartupInfoLogger.java:59)- Started Application in 10.676 seconds (JVM running for 12.151)
2018-06-07 14:06:52,017 INFO (CrawlerManagementController.java:67)- value=/,method=RequestMethod.GET: keyword: null ,bkey: null ,ckey: null ,crawler_status: null ,crawler_switch: null ,page_num: 1
2018-06-07 14:08:15,782 INFO (CrawlerManagementController.java:67)- value=/,method=RequestMethod.GET: keyword: null ,bkey: null ,ckey: null ,crawler_status: null ,crawler_switch: ON ,page_num: 1
2018-06-07 14:09:04,448 INFO (CrawlerManagementController.java:67)- value=/,method=RequestMethod.GET: keyword: null ,bkey: null ,ckey: null ,crawler_status: NORMAL ,crawler_switch: null ,page_num: 1
2018-06-07 14:10:25,116 INFO (CrawlerManagementController.java:67)- value=/,method=RequestMethod.GET: keyword: 腾讯 ,bkey: null ,ckey: null ,crawler_status: NORMAL ,crawler_switch: null ,page_num: 1
2018-06-07 14:10:25,148 ERROR (CrawlerManagementController.java:87)- Unable to locate Attribute  with the the given name [sild] on this ManagedType [com.jishitoutiao.domain.CrawlerManagement]; nested exception is java.lang.IllegalArgumentException: Unable to locate Attribute  with the the given name [sild] on this ManagedType [com.jishitoutiao.domain.CrawlerManagement]
2018-06-07 14:11:30,193 INFO (CustomerCacheManagerEventListener.java:32)- ehcache dispose...
2018-06-07 14:11:30,195 INFO (CustomerCacheEventListener.java:51)- cache dispose.
2018-06-07 14:11:30,209 INFO (CustomerCacheEventListener.java:51)- cache dispose.
2018-06-07 14:11:30,212 INFO (CustomerCacheEventListener.java:51)- cache dispose.
2018-06-07 14:11:39,184 INFO (StartupInfoLogger.java:50)- Starting Application on leitianxiangdeMacBook-Pro.local with PID 55433 (/Users/leitianxiang/Workspaces/intelli/jishitoutiao-api/target/classes started by leitianxiang in /Users/leitianxiang/Workspaces/intelli/jishitoutiao-api)
2018-06-07 14:11:39,221 DEBUG (StartupInfoLogger.java:53)- Running with Spring Boot v2.0.2.RELEASE, Spring v5.0.6.RELEASE
2018-06-07 14:11:39,226 INFO (SpringApplication.java:659)- No active profile set, falling back to default profiles: default
2018-06-07 14:11:48,762 INFO (CustomerCacheManagerEventListener.java:22)- init ehcache...
2018-06-07 14:11:48,848 INFO (CustomerCacheManagerEventListener.java:37)- cacheAdded... entityCache
2018-06-07 14:11:48,848 INFO (CustomerCacheManagerEventListener.java:38)- [ name = entityCache status = STATUS_ALIVE eternal = false overflowToDisk = true maxEntriesLocalHeap = 10000 maxEntriesLocalDisk = 100000 memoryStoreEvictionPolicy = LRU timeToLiveSeconds = 600 timeToIdleSeconds = 300 persistence = LOCALTEMPSWAP diskExpiryThreadIntervalSeconds = 1200 cacheEventListeners: com.jishitoutiao.cache.CustomerCacheEventListener ; orderedCacheEventListeners:  maxBytesLocalHeap = 0 overflowToOffHeap = false maxBytesLocalOffHeap = 0 maxBytesLocalDisk = 0 pinned = false ]
2018-06-07 14:11:48,856 INFO (CustomerCacheManagerEventListener.java:37)- cacheAdded... org.hibernate.cache.spi.UpdateTimestampsCache
2018-06-07 14:11:48,857 INFO (CustomerCacheManagerEventListener.java:38)- [ name = org.hibernate.cache.spi.UpdateTimestampsCache status = STATUS_ALIVE eternal = true overflowToDisk = true maxEntriesLocalHeap = 5000 maxEntriesLocalDisk = 0 memoryStoreEvictionPolicy = LRU timeToLiveSeconds = 0 timeToIdleSeconds = 0 persistence = LOCALTEMPSWAP diskExpiryThreadIntervalSeconds = 120 cacheEventListeners: com.jishitoutiao.cache.CustomerCacheEventListener ; orderedCacheEventListeners:  maxBytesLocalHeap = 0 overflowToOffHeap = false maxBytesLocalOffHeap = 0 maxBytesLocalDisk = 0 pinned = false ]
2018-06-07 14:11:48,864 INFO (CustomerCacheManagerEventListener.java:37)- cacheAdded... org.hibernate.cache.internal.StandardQueryCache
2018-06-07 14:11:48,864 INFO (CustomerCacheManagerEventListener.java:38)- [ name = org.hibernate.cache.internal.StandardQueryCache status = STATUS_ALIVE eternal = false overflowToDisk = true maxEntriesLocalHeap = 5 maxEntriesLocalDisk = 0 memoryStoreEvictionPolicy = LRU timeToLiveSeconds = 120 timeToIdleSeconds = 0 persistence = LOCALTEMPSWAP diskExpiryThreadIntervalSeconds = 120 cacheEventListeners: com.jishitoutiao.cache.CustomerCacheEventListener ; orderedCacheEventListeners:  maxBytesLocalHeap = 0 overflowToOffHeap = false maxBytesLocalOffHeap = 0 maxBytesLocalDisk = 0 pinned = false ]
2018-06-07 14:11:49,123 INFO (StartupInfoLogger.java:59)- Started Application in 11.092 seconds (JVM running for 12.621)
2018-06-07 14:12:02,588 INFO (CrawlerManagementController.java:67)- value=/,method=RequestMethod.GET: keyword: 腾讯 ,bkey: null ,ckey: null ,crawler_status: NORMAL ,crawler_switch: null ,page_num: 1
2018-06-07 14:12:30,701 INFO (CrawlerManagementController.java:67)- value=/,method=RequestMethod.GET: keyword: 腾讯 ,bkey: null ,ckey: null ,crawler_status: ABNORMAL ,crawler_switch: null ,page_num: 1
2018-06-07 14:12:41,444 INFO (CrawlerManagementController.java:67)- value=/,method=RequestMethod.GET: keyword: 腾讯 ,bkey: null ,ckey: null ,crawler_status: null ,crawler_switch: null ,page_num: 1
2018-06-07 14:33:38,489 INFO (CustomerCacheManagerEventListener.java:32)- ehcache dispose...
2018-06-07 14:33:38,492 INFO (CustomerCacheEventListener.java:51)- cache dispose.
2018-06-07 14:33:38,504 INFO (CustomerCacheEventListener.java:51)- cache dispose.
2018-06-07 14:33:38,505 INFO (CustomerCacheEventListener.java:51)- cache dispose.
2018-06-07 14:33:42,437 INFO (StartupInfoLogger.java:50)- Starting Application on leitianxiangdeMacBook-Pro.local with PID 56151 (/Users/leitianxiang/Workspaces/intelli/jishitoutiao-api/target/classes started by leitianxiang in /Users/leitianxiang/Workspaces/intelli/jishitoutiao-api)
2018-06-07 14:33:42,463 DEBUG (StartupInfoLogger.java:53)- Running with Spring Boot v2.0.2.RELEASE, Spring v5.0.6.RELEASE
2018-06-07 14:33:42,468 INFO (SpringApplication.java:659)- No active profile set, falling back to default profiles: default
2018-06-07 14:33:51,295 INFO (CustomerCacheManagerEventListener.java:22)- init ehcache...
2018-06-07 14:33:51,374 INFO (CustomerCacheManagerEventListener.java:37)- cacheAdded... entityCache
2018-06-07 14:33:51,374 INFO (CustomerCacheManagerEventListener.java:38)- [ name = entityCache status = STATUS_ALIVE eternal = false overflowToDisk = true maxEntriesLocalHeap = 10000 maxEntriesLocalDisk = 100000 memoryStoreEvictionPolicy = LRU timeToLiveSeconds = 600 timeToIdleSeconds = 300 persistence = LOCALTEMPSWAP diskExpiryThreadIntervalSeconds = 1200 cacheEventListeners: com.jishitoutiao.cache.CustomerCacheEventListener ; orderedCacheEventListeners:  maxBytesLocalHeap = 0 overflowToOffHeap = false maxBytesLocalOffHeap = 0 maxBytesLocalDisk = 0 pinned = false ]
2018-06-07 14:33:51,381 INFO (CustomerCacheManagerEventListener.java:37)- cacheAdded... org.hibernate.cache.spi.UpdateTimestampsCache
2018-06-07 14:33:51,382 INFO (CustomerCacheManagerEventListener.java:38)- [ name = org.hibernate.cache.spi.UpdateTimestampsCache status = STATUS_ALIVE eternal = true overflowToDisk = true maxEntriesLocalHeap = 5000 maxEntriesLocalDisk = 0 memoryStoreEvictionPolicy = LRU timeToLiveSeconds = 0 timeToIdleSeconds = 0 persistence = LOCALTEMPSWAP diskExpiryThreadIntervalSeconds = 120 cacheEventListeners: com.jishitoutiao.cache.CustomerCacheEventListener ; orderedCacheEventListeners:  maxBytesLocalHeap = 0 overflowToOffHeap = false maxBytesLocalOffHeap = 0 maxBytesLocalDisk = 0 pinned = false ]
2018-06-07 14:33:51,390 INFO (CustomerCacheManagerEventListener.java:37)- cacheAdded... org.hibernate.cache.internal.StandardQueryCache
2018-06-07 14:33:51,390 INFO (CustomerCacheManagerEventListener.java:38)- [ name = org.hibernate.cache.internal.StandardQueryCache status = STATUS_ALIVE eternal = false overflowToDisk = true maxEntriesLocalHeap = 5 maxEntriesLocalDisk = 0 memoryStoreEvictionPolicy = LRU timeToLiveSeconds = 120 timeToIdleSeconds = 0 persistence = LOCALTEMPSWAP diskExpiryThreadIntervalSeconds = 120 cacheEventListeners: com.jishitoutiao.cache.CustomerCacheEventListener ; orderedCacheEventListeners:  maxBytesLocalHeap = 0 overflowToOffHeap = false maxBytesLocalOffHeap = 0 maxBytesLocalDisk = 0 pinned = false ]
2018-06-07 14:33:51,749 INFO (StartupInfoLogger.java:59)- Started Application in 10.189 seconds (JVM running for 12.007)
2018-06-07 14:34:06,136 INFO (CrawlerSetController.java:46)- value=/,method=RequestMethod.GET: keyword: null ,page_num: 1
2018-06-07 14:46:58,435 INFO (CustomerCacheManagerEventListener.java:32)- ehcache dispose...
2018-06-07 14:46:58,438 INFO (CustomerCacheEventListener.java:51)- cache dispose.
2018-06-07 14:46:58,465 INFO (CustomerCacheEventListener.java:51)- cache dispose.
2018-06-07 14:46:58,470 INFO (CustomerCacheEventListener.java:51)- cache dispose.
2018-06-07 14:47:02,751 INFO (StartupInfoLogger.java:50)- Starting Application on leitianxiangdeMacBook-Pro.local with PID 56584 (/Users/leitianxiang/Workspaces/intelli/jishitoutiao-api/target/classes started by leitianxiang in /Users/leitianxiang/Workspaces/intelli/jishitoutiao-api)
2018-06-07 14:47:02,758 DEBUG (StartupInfoLogger.java:53)- Running with Spring Boot v2.0.2.RELEASE, Spring v5.0.6.RELEASE
2018-06-07 14:47:02,762 INFO (SpringApplication.java:659)- No active profile set, falling back to default profiles: default
2018-06-07 14:47:11,856 INFO (CustomerCacheManagerEventListener.java:22)- init ehcache...
2018-06-07 14:47:11,930 INFO (CustomerCacheManagerEventListener.java:37)- cacheAdded... org.hibernate.cache.spi.UpdateTimestampsCache
2018-06-07 14:47:11,931 INFO (CustomerCacheManagerEventListener.java:38)- [ name = org.hibernate.cache.spi.UpdateTimestampsCache status = STATUS_ALIVE eternal = true overflowToDisk = true maxEntriesLocalHeap = 5000 maxEntriesLocalDisk = 0 memoryStoreEvictionPolicy = LRU timeToLiveSeconds = 0 timeToIdleSeconds = 0 persistence = LOCALTEMPSWAP diskExpiryThreadIntervalSeconds = 120 cacheEventListeners: com.jishitoutiao.cache.CustomerCacheEventListener ; orderedCacheEventListeners:  maxBytesLocalHeap = 0 overflowToOffHeap = false maxBytesLocalOffHeap = 0 maxBytesLocalDisk = 0 pinned = false ]
2018-06-07 14:47:11,937 INFO (CustomerCacheManagerEventListener.java:37)- cacheAdded... entityCache
2018-06-07 14:47:11,937 INFO (CustomerCacheManagerEventListener.java:38)- [ name = entityCache status = STATUS_ALIVE eternal = false overflowToDisk = true maxEntriesLocalHeap = 10000 maxEntriesLocalDisk = 100000 memoryStoreEvictionPolicy = LRU timeToLiveSeconds = 600 timeToIdleSeconds = 300 persistence = LOCALTEMPSWAP diskExpiryThreadIntervalSeconds = 1200 cacheEventListeners: com.jishitoutiao.cache.CustomerCacheEventListener ; orderedCacheEventListeners:  maxBytesLocalHeap = 0 overflowToOffHeap = false maxBytesLocalOffHeap = 0 maxBytesLocalDisk = 0 pinned = false ]
2018-06-07 14:47:11,945 INFO (CustomerCacheManagerEventListener.java:37)- cacheAdded... org.hibernate.cache.internal.StandardQueryCache
2018-06-07 14:47:11,945 INFO (CustomerCacheManagerEventListener.java:38)- [ name = org.hibernate.cache.internal.StandardQueryCache status = STATUS_ALIVE eternal = false overflowToDisk = true maxEntriesLocalHeap = 5 maxEntriesLocalDisk = 0 memoryStoreEvictionPolicy = LRU timeToLiveSeconds = 120 timeToIdleSeconds = 0 persistence = LOCALTEMPSWAP diskExpiryThreadIntervalSeconds = 120 cacheEventListeners: com.jishitoutiao.cache.CustomerCacheEventListener ; orderedCacheEventListeners:  maxBytesLocalHeap = 0 overflowToOffHeap = false maxBytesLocalOffHeap = 0 maxBytesLocalDisk = 0 pinned = false ]
2018-06-07 14:47:12,270 INFO (StartupInfoLogger.java:59)- Started Application in 10.935 seconds (JVM running for 12.632)
2018-06-07 14:47:22,344 INFO (CrawlerUserAgentController.java:46)- value=/,method=RequestMethod.GET: keyword: null ,page_num: 1
2018-06-07 15:39:50,623 INFO (CustomerCacheManagerEventListener.java:32)- ehcache dispose...
2018-06-07 15:39:50,628 INFO (CustomerCacheEventListener.java:51)- cache dispose.
2018-06-07 15:39:50,637 INFO (CustomerCacheEventListener.java:51)- cache dispose.
2018-06-07 15:39:50,639 INFO (CustomerCacheEventListener.java:51)- cache dispose.
2018-06-07 15:39:55,118 INFO (StartupInfoLogger.java:50)- Starting Application on leitianxiangdeMacBook-Pro.local with PID 58307 (/Users/leitianxiang/Workspaces/intelli/jishitoutiao-api/target/classes started by leitianxiang in /Users/leitianxiang/Workspaces/intelli/jishitoutiao-api)
2018-06-07 15:39:55,141 DEBUG (StartupInfoLogger.java:53)- Running with Spring Boot v2.0.2.RELEASE, Spring v5.0.6.RELEASE
2018-06-07 15:39:55,146 INFO (SpringApplication.java:659)- No active profile set, falling back to default profiles: default
2018-06-07 15:40:04,252 INFO (CustomerCacheManagerEventListener.java:22)- init ehcache...
2018-06-07 15:40:04,327 INFO (CustomerCacheManagerEventListener.java:37)- cacheAdded... org.hibernate.cache.spi.UpdateTimestampsCache
2018-06-07 15:40:04,328 INFO (CustomerCacheManagerEventListener.java:38)- [ name = org.hibernate.cache.spi.UpdateTimestampsCache status = STATUS_ALIVE eternal = true overflowToDisk = true maxEntriesLocalHeap = 5000 maxEntriesLocalDisk = 0 memoryStoreEvictionPolicy = LRU timeToLiveSeconds = 0 timeToIdleSeconds = 0 persistence = LOCALTEMPSWAP diskExpiryThreadIntervalSeconds = 120 cacheEventListeners: com.jishitoutiao.cache.CustomerCacheEventListener ; orderedCacheEventListeners:  maxBytesLocalHeap = 0 overflowToOffHeap = false maxBytesLocalOffHeap = 0 maxBytesLocalDisk = 0 pinned = false ]
2018-06-07 15:40:04,333 INFO (CustomerCacheManagerEventListener.java:37)- cacheAdded... entityCache
2018-06-07 15:40:04,334 INFO (CustomerCacheManagerEventListener.java:38)- [ name = entityCache status = STATUS_ALIVE eternal = false overflowToDisk = true maxEntriesLocalHeap = 10000 maxEntriesLocalDisk = 100000 memoryStoreEvictionPolicy = LRU timeToLiveSeconds = 600 timeToIdleSeconds = 300 persistence = LOCALTEMPSWAP diskExpiryThreadIntervalSeconds = 1200 cacheEventListeners: com.jishitoutiao.cache.CustomerCacheEventListener ; orderedCacheEventListeners:  maxBytesLocalHeap = 0 overflowToOffHeap = false maxBytesLocalOffHeap = 0 maxBytesLocalDisk = 0 pinned = false ]
2018-06-07 15:40:04,340 INFO (CustomerCacheManagerEventListener.java:37)- cacheAdded... org.hibernate.cache.internal.StandardQueryCache
2018-06-07 15:40:04,341 INFO (CustomerCacheManagerEventListener.java:38)- [ name = org.hibernate.cache.internal.StandardQueryCache status = STATUS_ALIVE eternal = false overflowToDisk = true maxEntriesLocalHeap = 5 maxEntriesLocalDisk = 0 memoryStoreEvictionPolicy = LRU timeToLiveSeconds = 120 timeToIdleSeconds = 0 persistence = LOCALTEMPSWAP diskExpiryThreadIntervalSeconds = 120 cacheEventListeners: com.jishitoutiao.cache.CustomerCacheEventListener ; orderedCacheEventListeners:  maxBytesLocalHeap = 0 overflowToOffHeap = false maxBytesLocalOffHeap = 0 maxBytesLocalDisk = 0 pinned = false ]
2018-06-07 15:40:04,634 INFO (StartupInfoLogger.java:59)- Started Application in 10.708 seconds (JVM running for 12.764)
2018-06-07 15:40:23,798 INFO (InformationCommentController.java:59)- value=/,method=RequestMethod.GET: keyword: null ,page_num: 1
2018-06-07 15:55:18,018 INFO (InformationCommentController.java:59)- value=/,method=RequestMethod.GET: keyword: null ,page_num: 1
2018-06-07 21:03:18,024 INFO (CustomerCacheManagerEventListener.java:32)- ehcache dispose...
2018-06-07 21:03:18,047 INFO (CustomerCacheEventListener.java:51)- cache dispose.
2018-06-07 21:03:18,099 INFO (CustomerCacheEventListener.java:51)- cache dispose.
2018-06-07 21:03:18,109 INFO (CustomerCacheEventListener.java:51)- cache dispose.
