2018-07-03 14:55:04,128 INFO (CustomerCacheManagerEventListener.java:32)- ehcache dispose...
2018-07-03 14:55:04,199 INFO (CustomerCacheEventListener.java:51)- cache dispose.
2018-07-03 14:55:04,320 INFO (CustomerCacheEventListener.java:51)- cache dispose.
2018-07-03 14:55:04,342 INFO (CustomerCacheEventListener.java:51)- cache dispose.
2018-07-03 16:13:27,526 INFO (StartupInfoLogger.java:50)- Starting Application on leitianxiangdeMacBook-Pro.local with PID 84637 (/Users/leitianxiang/Workspaces/intelli/jishitoutiao-api/target/classes started by leitianxiang in /Users/leitianxiang/Workspaces/intelli/jishitoutiao-api)
2018-07-03 16:13:27,533 DEBUG (StartupInfoLogger.java:53)- Running with Spring Boot v2.0.2.RELEASE, Spring v5.0.6.RELEASE
2018-07-03 16:13:27,536 INFO (SpringApplication.java:659)- No active profile set, falling back to default profiles: default
2018-07-03 16:16:06,090 INFO (StartupInfoLogger.java:50)- Starting Application on leitianxiangdeMacBook-Pro.local with PID 84724 (/Users/leitianxiang/Workspaces/intelli/jishitoutiao-api/target/classes started by leitianxiang in /Users/leitianxiang/Workspaces/intelli/jishitoutiao-api)
2018-07-03 16:16:06,099 DEBUG (StartupInfoLogger.java:53)- Running with Spring Boot v2.0.2.RELEASE, Spring v5.0.6.RELEASE
2018-07-03 16:16:06,102 INFO (SpringApplication.java:659)- No active profile set, falling back to default profiles: default
2018-07-03 16:18:21,261 INFO (StartupInfoLogger.java:50)- Starting Application on leitianxiangdeMacBook-Pro.local with PID 84811 (/Users/leitianxiang/Workspaces/intelli/jishitoutiao-api/target/classes started by leitianxiang in /Users/leitianxiang/Workspaces/intelli/jishitoutiao-api)
2018-07-03 16:18:21,267 DEBUG (StartupInfoLogger.java:53)- Running with Spring Boot v2.0.2.RELEASE, Spring v5.0.6.RELEASE
2018-07-03 16:18:21,271 INFO (SpringApplication.java:659)- No active profile set, falling back to default profiles: default
2018-07-03 16:19:57,521 INFO (StartupInfoLogger.java:50)- Starting Application on leitianxiangdeMacBook-Pro.local with PID 84873 (/Users/leitianxiang/Workspaces/intelli/jishitoutiao-api/target/classes started by leitianxiang in /Users/leitianxiang/Workspaces/intelli/jishitoutiao-api)
2018-07-03 16:19:57,527 DEBUG (StartupInfoLogger.java:53)- Running with Spring Boot v2.0.2.RELEASE, Spring v5.0.6.RELEASE
2018-07-03 16:19:57,529 INFO (SpringApplication.java:659)- No active profile set, falling back to default profiles: default
2018-07-03 16:44:02,141 INFO (StartupInfoLogger.java:50)- Starting Application on leitianxiangdeMacBook-Pro.local with PID 85769 (/Users/leitianxiang/Workspaces/intelli/jishitoutiao-api/target/classes started by leitianxiang in /Users/leitianxiang/Workspaces/intelli/jishitoutiao-api)
2018-07-03 16:44:02,148 DEBUG (StartupInfoLogger.java:53)- Running with Spring Boot v2.0.2.RELEASE, Spring v5.0.6.RELEASE
2018-07-03 16:44:02,154 INFO (SpringApplication.java:659)- No active profile set, falling back to default profiles: default
2018-07-03 16:44:14,941 INFO (CustomerCacheManagerEventListener.java:22)- init ehcache...
2018-07-03 16:44:15,068 INFO (CustomerCacheManagerEventListener.java:37)- cacheAdded... org.hibernate.cache.internal.StandardQueryCache
2018-07-03 16:44:15,069 INFO (CustomerCacheManagerEventListener.java:38)- [ name = org.hibernate.cache.internal.StandardQueryCache status = STATUS_ALIVE eternal = false overflowToDisk = true maxEntriesLocalHeap = 5 maxEntriesLocalDisk = 0 memoryStoreEvictionPolicy = LRU timeToLiveSeconds = 120 timeToIdleSeconds = 0 persistence = LOCALTEMPSWAP diskExpiryThreadIntervalSeconds = 120 cacheEventListeners: com.jishitoutiao.cache.CustomerCacheEventListener ; orderedCacheEventListeners:  maxBytesLocalHeap = 0 overflowToOffHeap = false maxBytesLocalOffHeap = 0 maxBytesLocalDisk = 0 pinned = false ]
2018-07-03 16:44:15,075 INFO (CustomerCacheManagerEventListener.java:37)- cacheAdded... entityCache
2018-07-03 16:44:15,076 INFO (CustomerCacheManagerEventListener.java:38)- [ name = entityCache status = STATUS_ALIVE eternal = false overflowToDisk = true maxEntriesLocalHeap = 10000 maxEntriesLocalDisk = 100000 memoryStoreEvictionPolicy = LRU timeToLiveSeconds = 600 timeToIdleSeconds = 300 persistence = LOCALTEMPSWAP diskExpiryThreadIntervalSeconds = 1200 cacheEventListeners: com.jishitoutiao.cache.CustomerCacheEventListener ; orderedCacheEventListeners:  maxBytesLocalHeap = 0 overflowToOffHeap = false maxBytesLocalOffHeap = 0 maxBytesLocalDisk = 0 pinned = false ]
2018-07-03 16:44:15,083 INFO (CustomerCacheManagerEventListener.java:37)- cacheAdded... org.hibernate.cache.spi.UpdateTimestampsCache
2018-07-03 16:44:15,084 INFO (CustomerCacheManagerEventListener.java:38)- [ name = org.hibernate.cache.spi.UpdateTimestampsCache status = STATUS_ALIVE eternal = true overflowToDisk = true maxEntriesLocalHeap = 5000 maxEntriesLocalDisk = 0 memoryStoreEvictionPolicy = LRU timeToLiveSeconds = 0 timeToIdleSeconds = 0 persistence = LOCALTEMPSWAP diskExpiryThreadIntervalSeconds = 120 cacheEventListeners: com.jishitoutiao.cache.CustomerCacheEventListener ; orderedCacheEventListeners:  maxBytesLocalHeap = 0 overflowToOffHeap = false maxBytesLocalOffHeap = 0 maxBytesLocalDisk = 0 pinned = false ]
2018-07-03 16:44:15,921 INFO (StartupInfoLogger.java:59)- Started Application in 14.853 seconds (JVM running for 16.545)
2018-07-03 19:51:08,487 INFO (CustomerCacheManagerEventListener.java:32)- ehcache dispose...
2018-07-03 19:51:08,499 INFO (CustomerCacheEventListener.java:51)- cache dispose.
2018-07-03 19:51:08,530 INFO (CustomerCacheEventListener.java:51)- cache dispose.
2018-07-03 19:51:08,534 INFO (CustomerCacheEventListener.java:51)- cache dispose.
2018-07-03 19:51:34,578 INFO (StartupInfoLogger.java:50)- Starting Application on leitianxiangdeMacBook-Pro.local with PID 89282 (/Users/leitianxiang/Workspaces/intelli/jishitoutiao-api/target/classes started by leitianxiang in /Users/leitianxiang/Workspaces/intelli/jishitoutiao-api)
2018-07-03 19:51:34,587 DEBUG (StartupInfoLogger.java:53)- Running with Spring Boot v2.0.2.RELEASE, Spring v5.0.6.RELEASE
2018-07-03 19:51:34,589 INFO (SpringApplication.java:659)- No active profile set, falling back to default profiles: default
2018-07-03 19:51:42,572 DEBUG (GenericFilterBean.java:213)- Initializing filter 'jwtAuthenticationTokenFilter'
2018-07-03 19:51:42,572 DEBUG (GenericFilterBean.java:244)- Filter 'jwtAuthenticationTokenFilter' configured successfully
2018-07-03 19:51:44,795 INFO (CustomerCacheManagerEventListener.java:22)- init ehcache...
2018-07-03 19:51:44,893 INFO (CustomerCacheManagerEventListener.java:37)- cacheAdded... entityCache
2018-07-03 19:51:44,894 INFO (CustomerCacheManagerEventListener.java:38)- [ name = entityCache status = STATUS_ALIVE eternal = false overflowToDisk = true maxEntriesLocalHeap = 10000 maxEntriesLocalDisk = 100000 memoryStoreEvictionPolicy = LRU timeToLiveSeconds = 600 timeToIdleSeconds = 300 persistence = LOCALTEMPSWAP diskExpiryThreadIntervalSeconds = 1200 cacheEventListeners: com.jishitoutiao.cache.CustomerCacheEventListener ; orderedCacheEventListeners:  maxBytesLocalHeap = 0 overflowToOffHeap = false maxBytesLocalOffHeap = 0 maxBytesLocalDisk = 0 pinned = false ]
2018-07-03 19:51:44,900 INFO (CustomerCacheManagerEventListener.java:37)- cacheAdded... org.hibernate.cache.internal.StandardQueryCache
2018-07-03 19:51:44,900 INFO (CustomerCacheManagerEventListener.java:38)- [ name = org.hibernate.cache.internal.StandardQueryCache status = STATUS_ALIVE eternal = false overflowToDisk = true maxEntriesLocalHeap = 5 maxEntriesLocalDisk = 0 memoryStoreEvictionPolicy = LRU timeToLiveSeconds = 120 timeToIdleSeconds = 0 persistence = LOCALTEMPSWAP diskExpiryThreadIntervalSeconds = 120 cacheEventListeners: com.jishitoutiao.cache.CustomerCacheEventListener ; orderedCacheEventListeners:  maxBytesLocalHeap = 0 overflowToOffHeap = false maxBytesLocalOffHeap = 0 maxBytesLocalDisk = 0 pinned = false ]
2018-07-03 19:51:44,906 INFO (CustomerCacheManagerEventListener.java:37)- cacheAdded... org.hibernate.cache.spi.UpdateTimestampsCache
2018-07-03 19:51:44,906 INFO (CustomerCacheManagerEventListener.java:38)- [ name = org.hibernate.cache.spi.UpdateTimestampsCache status = STATUS_ALIVE eternal = true overflowToDisk = true maxEntriesLocalHeap = 5000 maxEntriesLocalDisk = 0 memoryStoreEvictionPolicy = LRU timeToLiveSeconds = 0 timeToIdleSeconds = 0 persistence = LOCALTEMPSWAP diskExpiryThreadIntervalSeconds = 120 cacheEventListeners: com.jishitoutiao.cache.CustomerCacheEventListener ; orderedCacheEventListeners:  maxBytesLocalHeap = 0 overflowToOffHeap = false maxBytesLocalOffHeap = 0 maxBytesLocalDisk = 0 pinned = false ]
2018-07-03 19:51:45,668 INFO (StartupInfoLogger.java:59)- Started Application in 12.184 seconds (JVM running for 13.436)
2018-07-03 19:54:00,091 INFO (CustomerCacheManagerEventListener.java:32)- ehcache dispose...
2018-07-03 19:54:00,108 INFO (CustomerCacheEventListener.java:51)- cache dispose.
2018-07-03 19:54:00,116 INFO (CustomerCacheEventListener.java:51)- cache dispose.
2018-07-03 19:54:00,119 INFO (CustomerCacheEventListener.java:51)- cache dispose.
2018-07-03 19:54:10,179 INFO (StartupInfoLogger.java:50)- Starting Application on leitianxiangdeMacBook-Pro.local with PID 89366 (/Users/leitianxiang/Workspaces/intelli/jishitoutiao-api/target/classes started by leitianxiang in /Users/leitianxiang/Workspaces/intelli/jishitoutiao-api)
2018-07-03 19:54:10,219 DEBUG (StartupInfoLogger.java:53)- Running with Spring Boot v2.0.2.RELEASE, Spring v5.0.6.RELEASE
2018-07-03 19:54:10,224 INFO (SpringApplication.java:659)- No active profile set, falling back to default profiles: default
2018-07-03 19:54:19,426 DEBUG (GenericFilterBean.java:213)- Initializing filter 'jwtAuthenticationTokenFilter'
2018-07-03 19:54:19,426 DEBUG (GenericFilterBean.java:244)- Filter 'jwtAuthenticationTokenFilter' configured successfully
2018-07-03 19:54:21,558 INFO (CustomerCacheManagerEventListener.java:22)- init ehcache...
2018-07-03 19:54:21,632 INFO (CustomerCacheManagerEventListener.java:37)- cacheAdded... org.hibernate.cache.spi.UpdateTimestampsCache
2018-07-03 19:54:21,632 INFO (CustomerCacheManagerEventListener.java:38)- [ name = org.hibernate.cache.spi.UpdateTimestampsCache status = STATUS_ALIVE eternal = true overflowToDisk = true maxEntriesLocalHeap = 5000 maxEntriesLocalDisk = 0 memoryStoreEvictionPolicy = LRU timeToLiveSeconds = 0 timeToIdleSeconds = 0 persistence = LOCALTEMPSWAP diskExpiryThreadIntervalSeconds = 120 cacheEventListeners: com.jishitoutiao.cache.CustomerCacheEventListener ; orderedCacheEventListeners:  maxBytesLocalHeap = 0 overflowToOffHeap = false maxBytesLocalOffHeap = 0 maxBytesLocalDisk = 0 pinned = false ]
2018-07-03 19:54:21,638 INFO (CustomerCacheManagerEventListener.java:37)- cacheAdded... entityCache
2018-07-03 19:54:21,638 INFO (CustomerCacheManagerEventListener.java:38)- [ name = entityCache status = STATUS_ALIVE eternal = false overflowToDisk = true maxEntriesLocalHeap = 10000 maxEntriesLocalDisk = 100000 memoryStoreEvictionPolicy = LRU timeToLiveSeconds = 600 timeToIdleSeconds = 300 persistence = LOCALTEMPSWAP diskExpiryThreadIntervalSeconds = 1200 cacheEventListeners: com.jishitoutiao.cache.CustomerCacheEventListener ; orderedCacheEventListeners:  maxBytesLocalHeap = 0 overflowToOffHeap = false maxBytesLocalOffHeap = 0 maxBytesLocalDisk = 0 pinned = false ]
2018-07-03 19:54:21,643 INFO (CustomerCacheManagerEventListener.java:37)- cacheAdded... org.hibernate.cache.internal.StandardQueryCache
2018-07-03 19:54:21,644 INFO (CustomerCacheManagerEventListener.java:38)- [ name = org.hibernate.cache.internal.StandardQueryCache status = STATUS_ALIVE eternal = false overflowToDisk = true maxEntriesLocalHeap = 5 maxEntriesLocalDisk = 0 memoryStoreEvictionPolicy = LRU timeToLiveSeconds = 120 timeToIdleSeconds = 0 persistence = LOCALTEMPSWAP diskExpiryThreadIntervalSeconds = 120 cacheEventListeners: com.jishitoutiao.cache.CustomerCacheEventListener ; orderedCacheEventListeners:  maxBytesLocalHeap = 0 overflowToOffHeap = false maxBytesLocalOffHeap = 0 maxBytesLocalDisk = 0 pinned = false ]
2018-07-03 19:54:22,303 INFO (StartupInfoLogger.java:59)- Started Application in 13.258 seconds (JVM running for 14.69)
2018-07-03 20:31:11,603 INFO (CustomerCacheManagerEventListener.java:32)- ehcache dispose...
2018-07-03 20:31:11,617 INFO (CustomerCacheEventListener.java:51)- cache dispose.
2018-07-03 20:31:11,645 INFO (CustomerCacheEventListener.java:51)- cache dispose.
2018-07-03 20:31:11,651 INFO (CustomerCacheEventListener.java:51)- cache dispose.
2018-07-03 20:31:20,010 INFO (StartupInfoLogger.java:50)- Starting Application on leitianxiangdeMacBook-Pro.local with PID 90643 (/Users/leitianxiang/Workspaces/intelli/jishitoutiao-api/target/classes started by leitianxiang in /Users/leitianxiang/Workspaces/intelli/jishitoutiao-api)
2018-07-03 20:31:20,019 DEBUG (StartupInfoLogger.java:53)- Running with Spring Boot v2.0.2.RELEASE, Spring v5.0.6.RELEASE
2018-07-03 20:31:20,023 INFO (SpringApplication.java:659)- No active profile set, falling back to default profiles: default
2018-07-03 20:31:42,009 INFO (CustomerCacheManagerEventListener.java:22)- init ehcache...
2018-07-03 20:31:42,110 INFO (CustomerCacheManagerEventListener.java:37)- cacheAdded... org.hibernate.cache.spi.UpdateTimestampsCache
2018-07-03 20:31:42,110 INFO (CustomerCacheManagerEventListener.java:38)- [ name = org.hibernate.cache.spi.UpdateTimestampsCache status = STATUS_ALIVE eternal = true overflowToDisk = true maxEntriesLocalHeap = 5000 maxEntriesLocalDisk = 0 memoryStoreEvictionPolicy = LRU timeToLiveSeconds = 0 timeToIdleSeconds = 0 persistence = LOCALTEMPSWAP diskExpiryThreadIntervalSeconds = 120 cacheEventListeners: com.jishitoutiao.cache.CustomerCacheEventListener ; orderedCacheEventListeners:  maxBytesLocalHeap = 0 overflowToOffHeap = false maxBytesLocalOffHeap = 0 maxBytesLocalDisk = 0 pinned = false ]
2018-07-03 20:31:42,117 INFO (CustomerCacheManagerEventListener.java:37)- cacheAdded... entityCache
2018-07-03 20:31:42,118 INFO (CustomerCacheManagerEventListener.java:38)- [ name = entityCache status = STATUS_ALIVE eternal = false overflowToDisk = true maxEntriesLocalHeap = 10000 maxEntriesLocalDisk = 100000 memoryStoreEvictionPolicy = LRU timeToLiveSeconds = 600 timeToIdleSeconds = 300 persistence = LOCALTEMPSWAP diskExpiryThreadIntervalSeconds = 1200 cacheEventListeners: com.jishitoutiao.cache.CustomerCacheEventListener ; orderedCacheEventListeners:  maxBytesLocalHeap = 0 overflowToOffHeap = false maxBytesLocalOffHeap = 0 maxBytesLocalDisk = 0 pinned = false ]
2018-07-03 20:31:42,127 INFO (CustomerCacheManagerEventListener.java:37)- cacheAdded... org.hibernate.cache.internal.StandardQueryCache
2018-07-03 20:31:42,127 INFO (CustomerCacheManagerEventListener.java:38)- [ name = org.hibernate.cache.internal.StandardQueryCache status = STATUS_ALIVE eternal = false overflowToDisk = true maxEntriesLocalHeap = 5 maxEntriesLocalDisk = 0 memoryStoreEvictionPolicy = LRU timeToLiveSeconds = 120 timeToIdleSeconds = 0 persistence = LOCALTEMPSWAP diskExpiryThreadIntervalSeconds = 120 cacheEventListeners: com.jishitoutiao.cache.CustomerCacheEventListener ; orderedCacheEventListeners:  maxBytesLocalHeap = 0 overflowToOffHeap = false maxBytesLocalOffHeap = 0 maxBytesLocalDisk = 0 pinned = false ]
2018-07-03 20:31:42,610 INFO (StartupInfoLogger.java:59)- Started Application in 23.526 seconds (JVM running for 25.353)
2018-07-03 20:32:10,557 INFO (UserController.java:60)- value=/,method=RequestMethod.GET: keyword: null ,page_num: 1
2018-07-03 20:33:04,273 INFO (CustomerCacheManagerEventListener.java:32)- ehcache dispose...
2018-07-03 20:33:04,277 INFO (CustomerCacheEventListener.java:51)- cache dispose.
2018-07-03 20:33:04,282 INFO (CustomerCacheEventListener.java:51)- cache dispose.
2018-07-03 20:33:04,287 INFO (CustomerCacheEventListener.java:51)- cache dispose.
2018-07-03 20:33:08,591 INFO (StartupInfoLogger.java:50)- Starting Application on leitianxiangdeMacBook-Pro.local with PID 90706 (/Users/leitianxiang/Workspaces/intelli/jishitoutiao-api/target/classes started by leitianxiang in /Users/leitianxiang/Workspaces/intelli/jishitoutiao-api)
2018-07-03 20:33:08,597 DEBUG (StartupInfoLogger.java:53)- Running with Spring Boot v2.0.2.RELEASE, Spring v5.0.6.RELEASE
2018-07-03 20:33:08,599 INFO (SpringApplication.java:659)- No active profile set, falling back to default profiles: default
2018-07-03 20:33:21,200 INFO (CustomerCacheManagerEventListener.java:22)- init ehcache...
2018-07-03 20:33:21,278 INFO (CustomerCacheManagerEventListener.java:37)- cacheAdded... entityCache
2018-07-03 20:33:21,278 INFO (CustomerCacheManagerEventListener.java:38)- [ name = entityCache status = STATUS_ALIVE eternal = false overflowToDisk = true maxEntriesLocalHeap = 10000 maxEntriesLocalDisk = 100000 memoryStoreEvictionPolicy = LRU timeToLiveSeconds = 600 timeToIdleSeconds = 300 persistence = LOCALTEMPSWAP diskExpiryThreadIntervalSeconds = 1200 cacheEventListeners: com.jishitoutiao.cache.CustomerCacheEventListener ; orderedCacheEventListeners:  maxBytesLocalHeap = 0 overflowToOffHeap = false maxBytesLocalOffHeap = 0 maxBytesLocalDisk = 0 pinned = false ]
2018-07-03 20:33:21,286 INFO (CustomerCacheManagerEventListener.java:37)- cacheAdded... org.hibernate.cache.spi.UpdateTimestampsCache
2018-07-03 20:33:21,286 INFO (CustomerCacheManagerEventListener.java:38)- [ name = org.hibernate.cache.spi.UpdateTimestampsCache status = STATUS_ALIVE eternal = true overflowToDisk = true maxEntriesLocalHeap = 5000 maxEntriesLocalDisk = 0 memoryStoreEvictionPolicy = LRU timeToLiveSeconds = 0 timeToIdleSeconds = 0 persistence = LOCALTEMPSWAP diskExpiryThreadIntervalSeconds = 120 cacheEventListeners: com.jishitoutiao.cache.CustomerCacheEventListener ; orderedCacheEventListeners:  maxBytesLocalHeap = 0 overflowToOffHeap = false maxBytesLocalOffHeap = 0 maxBytesLocalDisk = 0 pinned = false ]
2018-07-03 20:33:21,296 INFO (CustomerCacheManagerEventListener.java:37)- cacheAdded... org.hibernate.cache.internal.StandardQueryCache
2018-07-03 20:33:21,296 INFO (CustomerCacheManagerEventListener.java:38)- [ name = org.hibernate.cache.internal.StandardQueryCache status = STATUS_ALIVE eternal = false overflowToDisk = true maxEntriesLocalHeap = 5 maxEntriesLocalDisk = 0 memoryStoreEvictionPolicy = LRU timeToLiveSeconds = 120 timeToIdleSeconds = 0 persistence = LOCALTEMPSWAP diskExpiryThreadIntervalSeconds = 120 cacheEventListeners: com.jishitoutiao.cache.CustomerCacheEventListener ; orderedCacheEventListeners:  maxBytesLocalHeap = 0 overflowToOffHeap = false maxBytesLocalOffHeap = 0 maxBytesLocalDisk = 0 pinned = false ]
2018-07-03 20:33:21,722 INFO (StartupInfoLogger.java:59)- Started Application in 14.007 seconds (JVM running for 16.366)
2018-07-03 20:33:48,212 INFO (UserController.java:344)- value=/login,method=RequestMethod.POST: param: {"username":"123","password":"MjAyY2I5NjJhYzU5MDc1Yjk2NGIwNzE1MmQyMzRiNzA="}
2018-07-03 20:33:48,213 INFO (UserController.java:351)- value=/login,method=RequestMethod.POST: originalParam: {"username":"123","password":"MjAyY2I5NjJhYzU5MDc1Yjk2NGIwNzE1MmQyMzRiNzA="}
2018-07-03 20:33:48,398 INFO (UserController.java:355)- value=/login,method=RequestMethod.POST: username: 123 ,password: MjAyY2I5NjJhYzU5MDc1Yjk2NGIwNzE1MmQyMzRiNzA=
2018-07-03 20:34:22,604 INFO (UserController.java:60)- value=/,method=RequestMethod.GET: keyword: null ,page_num: 1
2018-07-03 20:34:47,055 INFO (UserController.java:344)- value=/login,method=RequestMethod.POST: param: {"username":"leitianxiangAD","password":"OTlhM2JlZDRjMDE0YzU5MTFjOTg3MDZkNjEzYTMxMWI="}
2018-07-03 20:34:47,056 INFO (UserController.java:351)- value=/login,method=RequestMethod.POST: originalParam: {"username":"leitianxiangAD","password":"OTlhM2JlZDRjMDE0YzU5MTFjOTg3MDZkNjEzYTMxMWI="}
2018-07-03 20:34:47,058 INFO (UserController.java:355)- value=/login,method=RequestMethod.POST: username: leitianxiangAD ,password: OTlhM2JlZDRjMDE0YzU5MTFjOTg3MDZkNjEzYTMxMWI=
2018-07-03 20:37:47,975 INFO (CustomerCacheManagerEventListener.java:32)- ehcache dispose...
2018-07-03 20:37:47,980 INFO (CustomerCacheEventListener.java:51)- cache dispose.
2018-07-03 20:37:47,993 INFO (CustomerCacheEventListener.java:51)- cache dispose.
2018-07-03 20:37:47,995 INFO (CustomerCacheEventListener.java:51)- cache dispose.
2018-07-03 20:37:55,389 INFO (StartupInfoLogger.java:50)- Starting Application on leitianxiangdeMacBook-Pro.local with PID 90860 (/Users/leitianxiang/Workspaces/intelli/jishitoutiao-api/target/classes started by leitianxiang in /Users/leitianxiang/Workspaces/intelli/jishitoutiao-api)
2018-07-03 20:37:55,395 DEBUG (StartupInfoLogger.java:53)- Running with Spring Boot v2.0.2.RELEASE, Spring v5.0.6.RELEASE
2018-07-03 20:37:55,398 INFO (SpringApplication.java:659)- No active profile set, falling back to default profiles: default
2018-07-03 20:38:05,792 INFO (CustomerCacheManagerEventListener.java:22)- init ehcache...
2018-07-03 20:38:05,878 INFO (CustomerCacheManagerEventListener.java:37)- cacheAdded... entityCache
2018-07-03 20:38:05,879 INFO (CustomerCacheManagerEventListener.java:38)- [ name = entityCache status = STATUS_ALIVE eternal = false overflowToDisk = true maxEntriesLocalHeap = 10000 maxEntriesLocalDisk = 100000 memoryStoreEvictionPolicy = LRU timeToLiveSeconds = 600 timeToIdleSeconds = 300 persistence = LOCALTEMPSWAP diskExpiryThreadIntervalSeconds = 1200 cacheEventListeners: com.jishitoutiao.cache.CustomerCacheEventListener ; orderedCacheEventListeners:  maxBytesLocalHeap = 0 overflowToOffHeap = false maxBytesLocalOffHeap = 0 maxBytesLocalDisk = 0 pinned = false ]
2018-07-03 20:38:05,886 INFO (CustomerCacheManagerEventListener.java:37)- cacheAdded... org.hibernate.cache.spi.UpdateTimestampsCache
2018-07-03 20:38:05,887 INFO (CustomerCacheManagerEventListener.java:38)- [ name = org.hibernate.cache.spi.UpdateTimestampsCache status = STATUS_ALIVE eternal = true overflowToDisk = true maxEntriesLocalHeap = 5000 maxEntriesLocalDisk = 0 memoryStoreEvictionPolicy = LRU timeToLiveSeconds = 0 timeToIdleSeconds = 0 persistence = LOCALTEMPSWAP diskExpiryThreadIntervalSeconds = 120 cacheEventListeners: com.jishitoutiao.cache.CustomerCacheEventListener ; orderedCacheEventListeners:  maxBytesLocalHeap = 0 overflowToOffHeap = false maxBytesLocalOffHeap = 0 maxBytesLocalDisk = 0 pinned = false ]
2018-07-03 20:38:05,893 INFO (CustomerCacheManagerEventListener.java:37)- cacheAdded... org.hibernate.cache.internal.StandardQueryCache
2018-07-03 20:38:05,894 INFO (CustomerCacheManagerEventListener.java:38)- [ name = org.hibernate.cache.internal.StandardQueryCache status = STATUS_ALIVE eternal = false overflowToDisk = true maxEntriesLocalHeap = 5 maxEntriesLocalDisk = 0 memoryStoreEvictionPolicy = LRU timeToLiveSeconds = 120 timeToIdleSeconds = 0 persistence = LOCALTEMPSWAP diskExpiryThreadIntervalSeconds = 120 cacheEventListeners: com.jishitoutiao.cache.CustomerCacheEventListener ; orderedCacheEventListeners:  maxBytesLocalHeap = 0 overflowToOffHeap = false maxBytesLocalOffHeap = 0 maxBytesLocalDisk = 0 pinned = false ]
2018-07-03 20:38:06,398 INFO (StartupInfoLogger.java:59)- Started Application in 11.759 seconds (JVM running for 12.745)
2018-07-03 20:38:32,818 INFO (UserController.java:344)- value=/login,method=RequestMethod.POST: param: {"username":"123","password":"MjAyY2I5NjJhYzU5MDc1Yjk2NGIwNzE1MmQyMzRiNzA="}
2018-07-03 20:38:32,821 INFO (UserController.java:351)- value=/login,method=RequestMethod.POST: originalParam: {"username":"123","password":"MjAyY2I5NjJhYzU5MDc1Yjk2NGIwNzE1MmQyMzRiNzA="}
2018-07-03 20:38:32,908 INFO (UserController.java:355)- value=/login,method=RequestMethod.POST: username: 123 ,password: MjAyY2I5NjJhYzU5MDc1Yjk2NGIwNzE1MmQyMzRiNzA=
2018-07-03 20:38:53,324 INFO (UserController.java:344)- value=/login,method=RequestMethod.POST: param: {"username":"leitianxiang","password":"MjAyY2I5NjJhYzU5MDc1Yjk2NGIwNzE1MmQyMzRiNzA="}
2018-07-03 20:38:53,325 INFO (UserController.java:351)- value=/login,method=RequestMethod.POST: originalParam: {"username":"leitianxiang","password":"MjAyY2I5NjJhYzU5MDc1Yjk2NGIwNzE1MmQyMzRiNzA="}
2018-07-03 20:38:53,325 INFO (UserController.java:355)- value=/login,method=RequestMethod.POST: username: leitianxiang ,password: MjAyY2I5NjJhYzU5MDc1Yjk2NGIwNzE1MmQyMzRiNzA=
2018-07-03 20:38:53,362 ERROR (UserController.java:377)- Invalid salt
2018-07-03 20:39:20,096 INFO (UserController.java:344)- value=/login,method=RequestMethod.POST: param: {"username":"leitianxiangAD","password":"OTlhM2JlZDRjMDE0YzU5MTFjOTg3MDZkNjEzYTMxMWI="}
2018-07-03 20:39:20,098 INFO (UserController.java:351)- value=/login,method=RequestMethod.POST: originalParam: {"username":"leitianxiangAD","password":"OTlhM2JlZDRjMDE0YzU5MTFjOTg3MDZkNjEzYTMxMWI="}
2018-07-03 20:39:20,099 INFO (UserController.java:355)- value=/login,method=RequestMethod.POST: username: leitianxiangAD ,password: OTlhM2JlZDRjMDE0YzU5MTFjOTg3MDZkNjEzYTMxMWI=
2018-07-03 20:39:20,475 INFO (MetaController.java:52)- value=/,method=RequestMethod.GET:
2018-07-03 20:44:11,041 INFO (CustomerCacheManagerEventListener.java:32)- ehcache dispose...
2018-07-03 20:44:11,044 INFO (CustomerCacheEventListener.java:51)- cache dispose.
2018-07-03 20:44:11,047 INFO (CustomerCacheEventListener.java:51)- cache dispose.
2018-07-03 20:44:11,048 INFO (CustomerCacheEventListener.java:51)- cache dispose.
2018-07-03 20:44:13,831 INFO (StartupInfoLogger.java:50)- Starting Application on leitianxiangdeMacBook-Pro.local with PID 91068 (/Users/leitianxiang/Workspaces/intelli/jishitoutiao-api/target/classes started by leitianxiang in /Users/leitianxiang/Workspaces/intelli/jishitoutiao-api)
2018-07-03 20:44:13,837 DEBUG (StartupInfoLogger.java:53)- Running with Spring Boot v2.0.2.RELEASE, Spring v5.0.6.RELEASE
2018-07-03 20:44:13,840 INFO (SpringApplication.java:659)- No active profile set, falling back to default profiles: default
2018-07-03 20:44:24,913 INFO (CustomerCacheManagerEventListener.java:22)- init ehcache...
2018-07-03 20:44:25,022 INFO (CustomerCacheManagerEventListener.java:37)- cacheAdded... org.hibernate.cache.spi.UpdateTimestampsCache
2018-07-03 20:44:25,022 INFO (CustomerCacheManagerEventListener.java:38)- [ name = org.hibernate.cache.spi.UpdateTimestampsCache status = STATUS_ALIVE eternal = true overflowToDisk = true maxEntriesLocalHeap = 5000 maxEntriesLocalDisk = 0 memoryStoreEvictionPolicy = LRU timeToLiveSeconds = 0 timeToIdleSeconds = 0 persistence = LOCALTEMPSWAP diskExpiryThreadIntervalSeconds = 120 cacheEventListeners: com.jishitoutiao.cache.CustomerCacheEventListener ; orderedCacheEventListeners:  maxBytesLocalHeap = 0 overflowToOffHeap = false maxBytesLocalOffHeap = 0 maxBytesLocalDisk = 0 pinned = false ]
2018-07-03 20:44:25,029 INFO (CustomerCacheManagerEventListener.java:37)- cacheAdded... org.hibernate.cache.internal.StandardQueryCache
2018-07-03 20:44:25,029 INFO (CustomerCacheManagerEventListener.java:38)- [ name = org.hibernate.cache.internal.StandardQueryCache status = STATUS_ALIVE eternal = false overflowToDisk = true maxEntriesLocalHeap = 5 maxEntriesLocalDisk = 0 memoryStoreEvictionPolicy = LRU timeToLiveSeconds = 120 timeToIdleSeconds = 0 persistence = LOCALTEMPSWAP diskExpiryThreadIntervalSeconds = 120 cacheEventListeners: com.jishitoutiao.cache.CustomerCacheEventListener ; orderedCacheEventListeners:  maxBytesLocalHeap = 0 overflowToOffHeap = false maxBytesLocalOffHeap = 0 maxBytesLocalDisk = 0 pinned = false ]
2018-07-03 20:44:25,036 INFO (CustomerCacheManagerEventListener.java:37)- cacheAdded... entityCache
2018-07-03 20:44:25,037 INFO (CustomerCacheManagerEventListener.java:38)- [ name = entityCache status = STATUS_ALIVE eternal = false overflowToDisk = true maxEntriesLocalHeap = 10000 maxEntriesLocalDisk = 100000 memoryStoreEvictionPolicy = LRU timeToLiveSeconds = 600 timeToIdleSeconds = 300 persistence = LOCALTEMPSWAP diskExpiryThreadIntervalSeconds = 1200 cacheEventListeners: com.jishitoutiao.cache.CustomerCacheEventListener ; orderedCacheEventListeners:  maxBytesLocalHeap = 0 overflowToOffHeap = false maxBytesLocalOffHeap = 0 maxBytesLocalDisk = 0 pinned = false ]
2018-07-03 20:44:25,446 INFO (StartupInfoLogger.java:59)- Started Application in 12.388 seconds (JVM running for 13.43)
2018-07-03 20:44:45,366 INFO (JWTAuthenticationFilter.java:40)- doFilterInternal() run, header: null
2018-07-03 20:44:45,464 INFO (UserController.java:344)- value=/login,method=RequestMethod.POST: param: {"username":"123","password":"MjAyY2I5NjJhYzU5MDc1Yjk2NGIwNzE1MmQyMzRiNzA="}
2018-07-03 20:44:45,465 INFO (UserController.java:351)- value=/login,method=RequestMethod.POST: originalParam: {"username":"123","password":"MjAyY2I5NjJhYzU5MDc1Yjk2NGIwNzE1MmQyMzRiNzA="}
2018-07-03 20:44:45,611 INFO (UserController.java:355)- value=/login,method=RequestMethod.POST: username: 123 ,password: MjAyY2I5NjJhYzU5MDc1Yjk2NGIwNzE1MmQyMzRiNzA=
2018-07-03 20:45:12,139 INFO (JWTAuthenticationFilter.java:40)- doFilterInternal() run, header: null
2018-07-03 20:45:12,150 INFO (UserController.java:344)- value=/login,method=RequestMethod.POST: param: {"username":"leitianxiangAD","password":"OTlhM2JlZDRjMDE0YzU5MTFjOTg3MDZkNjEzYTMxMWI="}
2018-07-03 20:45:12,151 INFO (UserController.java:351)- value=/login,method=RequestMethod.POST: originalParam: {"username":"leitianxiangAD","password":"OTlhM2JlZDRjMDE0YzU5MTFjOTg3MDZkNjEzYTMxMWI="}
2018-07-03 20:45:12,151 INFO (UserController.java:355)- value=/login,method=RequestMethod.POST: username: leitianxiangAD ,password: OTlhM2JlZDRjMDE0YzU5MTFjOTg3MDZkNjEzYTMxMWI=
2018-07-03 20:45:12,642 INFO (JWTAuthenticationFilter.java:40)- doFilterInternal() run, header: Bearer eyJhbGciOiJIUzUxMiJ9.eyJ1c2VyX2lkIjoiNDAyODI5ODE2NDMxMTNjYTAxNjQzMTEzZWJjMTAwMDAiLCJjcmVhdGVkIjoxNTMwNjIxOTEyMzcyLCJleHAiOjE1MzA4ODExMTIsInVzZXJuYW1lIjoibGVpdGlhbnhpYW5nQUQifQ.SDoAr-UTr_pQ2mdc7-iGnBq3ZH-5vgazHpaOcYJOZafnTs1tyJmMfKj-DZM7Oa0hLA5dnLijeDllv0xFL-GWjQ
2018-07-03 20:45:12,642 INFO (JWTAuthenticationFilter.java:55)- getAuthentication() run, token: Bearer eyJhbGciOiJIUzUxMiJ9.eyJ1c2VyX2lkIjoiNDAyODI5ODE2NDMxMTNjYTAxNjQzMTEzZWJjMTAwMDAiLCJjcmVhdGVkIjoxNTMwNjIxOTEyMzcyLCJleHAiOjE1MzA4ODExMTIsInVzZXJuYW1lIjoibGVpdGlhbnhpYW5nQUQifQ.SDoAr-UTr_pQ2mdc7-iGnBq3ZH-5vgazHpaOcYJOZafnTs1tyJmMfKj-DZM7Oa0hLA5dnLijeDllv0xFL-GWjQ
2018-07-03 20:45:12,717 INFO (JWTAuthenticationFilter.java:64)- user: null
2018-07-03 20:45:12,720 INFO (MetaController.java:52)- value=/,method=RequestMethod.GET:
2018-07-03 20:45:21,280 INFO (JWTAuthenticationFilter.java:40)- doFilterInternal() run, header: Bearer eyJhbGciOiJIUzUxMiJ9.eyJ1c2VyX2lkIjoiNDAyODI5ODE2NDMxMTNjYTAxNjQzMTEzZWJjMTAwMDAiLCJjcmVhdGVkIjoxNTMwNjIxOTEyMzcyLCJleHAiOjE1MzA4ODExMTIsInVzZXJuYW1lIjoibGVpdGlhbnhpYW5nQUQifQ.SDoAr-UTr_pQ2mdc7-iGnBq3ZH-5vgazHpaOcYJOZafnTs1tyJmMfKj-DZM7Oa0hLA5dnLijeDllv0xFL-GWjQ
2018-07-03 20:45:21,281 INFO (JWTAuthenticationFilter.java:55)- getAuthentication() run, token: Bearer eyJhbGciOiJIUzUxMiJ9.eyJ1c2VyX2lkIjoiNDAyODI5ODE2NDMxMTNjYTAxNjQzMTEzZWJjMTAwMDAiLCJjcmVhdGVkIjoxNTMwNjIxOTEyMzcyLCJleHAiOjE1MzA4ODExMTIsInVzZXJuYW1lIjoibGVpdGlhbnhpYW5nQUQifQ.SDoAr-UTr_pQ2mdc7-iGnBq3ZH-5vgazHpaOcYJOZafnTs1tyJmMfKj-DZM7Oa0hLA5dnLijeDllv0xFL-GWjQ
2018-07-03 20:45:21,287 INFO (JWTAuthenticationFilter.java:64)- user: null
2018-07-03 20:47:12,520 INFO (CustomerCacheManagerEventListener.java:32)- ehcache dispose...
2018-07-03 20:47:12,523 INFO (CustomerCacheEventListener.java:51)- cache dispose.
2018-07-03 20:47:12,529 INFO (CustomerCacheEventListener.java:51)- cache dispose.
2018-07-03 20:47:12,531 INFO (CustomerCacheEventListener.java:51)- cache dispose.
2018-07-03 20:47:17,484 INFO (StartupInfoLogger.java:50)- Starting Application on leitianxiangdeMacBook-Pro.local with PID 91163 (/Users/leitianxiang/Workspaces/intelli/jishitoutiao-api/target/classes started by leitianxiang in /Users/leitianxiang/Workspaces/intelli/jishitoutiao-api)
2018-07-03 20:47:17,501 DEBUG (StartupInfoLogger.java:53)- Running with Spring Boot v2.0.2.RELEASE, Spring v5.0.6.RELEASE
2018-07-03 20:47:17,504 INFO (SpringApplication.java:659)- No active profile set, falling back to default profiles: default
2018-07-03 20:47:28,958 INFO (CustomerCacheManagerEventListener.java:22)- init ehcache...
2018-07-03 20:47:29,044 INFO (CustomerCacheManagerEventListener.java:37)- cacheAdded... org.hibernate.cache.spi.UpdateTimestampsCache
2018-07-03 20:47:29,045 INFO (CustomerCacheManagerEventListener.java:38)- [ name = org.hibernate.cache.spi.UpdateTimestampsCache status = STATUS_ALIVE eternal = true overflowToDisk = true maxEntriesLocalHeap = 5000 maxEntriesLocalDisk = 0 memoryStoreEvictionPolicy = LRU timeToLiveSeconds = 0 timeToIdleSeconds = 0 persistence = LOCALTEMPSWAP diskExpiryThreadIntervalSeconds = 120 cacheEventListeners: com.jishitoutiao.cache.CustomerCacheEventListener ; orderedCacheEventListeners:  maxBytesLocalHeap = 0 overflowToOffHeap = false maxBytesLocalOffHeap = 0 maxBytesLocalDisk = 0 pinned = false ]
2018-07-03 20:47:29,051 INFO (CustomerCacheManagerEventListener.java:37)- cacheAdded... org.hibernate.cache.internal.StandardQueryCache
2018-07-03 20:47:29,051 INFO (CustomerCacheManagerEventListener.java:38)- [ name = org.hibernate.cache.internal.StandardQueryCache status = STATUS_ALIVE eternal = false overflowToDisk = true maxEntriesLocalHeap = 5 maxEntriesLocalDisk = 0 memoryStoreEvictionPolicy = LRU timeToLiveSeconds = 120 timeToIdleSeconds = 0 persistence = LOCALTEMPSWAP diskExpiryThreadIntervalSeconds = 120 cacheEventListeners: com.jishitoutiao.cache.CustomerCacheEventListener ; orderedCacheEventListeners:  maxBytesLocalHeap = 0 overflowToOffHeap = false maxBytesLocalOffHeap = 0 maxBytesLocalDisk = 0 pinned = false ]
2018-07-03 20:47:29,056 INFO (CustomerCacheManagerEventListener.java:37)- cacheAdded... entityCache
2018-07-03 20:47:29,057 INFO (CustomerCacheManagerEventListener.java:38)- [ name = entityCache status = STATUS_ALIVE eternal = false overflowToDisk = true maxEntriesLocalHeap = 10000 maxEntriesLocalDisk = 100000 memoryStoreEvictionPolicy = LRU timeToLiveSeconds = 600 timeToIdleSeconds = 300 persistence = LOCALTEMPSWAP diskExpiryThreadIntervalSeconds = 1200 cacheEventListeners: com.jishitoutiao.cache.CustomerCacheEventListener ; orderedCacheEventListeners:  maxBytesLocalHeap = 0 overflowToOffHeap = false maxBytesLocalOffHeap = 0 maxBytesLocalDisk = 0 pinned = false ]
2018-07-03 20:47:29,488 INFO (StartupInfoLogger.java:59)- Started Application in 12.726 seconds (JVM running for 13.756)
2018-07-03 20:47:43,732 INFO (JWTAuthenticationFilter.java:40)- doFilterInternal() run, header: null
2018-07-03 20:47:43,790 INFO (UserController.java:344)- value=/login,method=RequestMethod.POST: param: {"username":"123","password":"MjAyY2I5NjJhYzU5MDc1Yjk2NGIwNzE1MmQyMzRiNzA="}
2018-07-03 20:47:43,790 INFO (UserController.java:351)- value=/login,method=RequestMethod.POST: originalParam: {"username":"123","password":"MjAyY2I5NjJhYzU5MDc1Yjk2NGIwNzE1MmQyMzRiNzA="}
2018-07-03 20:47:43,862 INFO (UserController.java:355)- value=/login,method=RequestMethod.POST: username: 123 ,password: MjAyY2I5NjJhYzU5MDc1Yjk2NGIwNzE1MmQyMzRiNzA=
2018-07-03 20:48:10,722 INFO (JWTAuthenticationFilter.java:40)- doFilterInternal() run, header: null
2018-07-03 20:48:10,727 INFO (UserController.java:344)- value=/login,method=RequestMethod.POST: param: {"username":"leitianxiangAD","password":"OTlhM2JlZDRjMDE0YzU5MTFjOTg3MDZkNjEzYTMxMWI="}
2018-07-03 20:48:10,727 INFO (UserController.java:351)- value=/login,method=RequestMethod.POST: originalParam: {"username":"leitianxiangAD","password":"OTlhM2JlZDRjMDE0YzU5MTFjOTg3MDZkNjEzYTMxMWI="}
2018-07-03 20:48:10,728 INFO (UserController.java:355)- value=/login,method=RequestMethod.POST: username: leitianxiangAD ,password: OTlhM2JlZDRjMDE0YzU5MTFjOTg3MDZkNjEzYTMxMWI=
2018-07-03 20:48:11,051 INFO (JWTAuthenticationFilter.java:40)- doFilterInternal() run, header: Bearer eyJhbGciOiJIUzUxMiJ9.eyJ1c2VyX2lkIjoiNDAyODI5ODE2NDMxMTNjYTAxNjQzMTEzZWJjMTAwMDAiLCJjcmVhdGVkIjoxNTMwNjIyMDkwOTE1LCJleHAiOjE1MzA4ODEyOTAsInVzZXJuYW1lIjoibGVpdGlhbnhpYW5nQUQifQ.sDI_sSJPKUurIOsnXocDZrWfJp7_Db-_QaEk5OGmkJjnnZAy7szn73Fn4YVv2W7nUWZBUc1350ljYdf_g9dKcA
2018-07-03 20:48:11,052 INFO (JWTAuthenticationFilter.java:55)- getAuthentication() run, token: Bearer eyJhbGciOiJIUzUxMiJ9.eyJ1c2VyX2lkIjoiNDAyODI5ODE2NDMxMTNjYTAxNjQzMTEzZWJjMTAwMDAiLCJjcmVhdGVkIjoxNTMwNjIyMDkwOTE1LCJleHAiOjE1MzA4ODEyOTAsInVzZXJuYW1lIjoibGVpdGlhbnhpYW5nQUQifQ.sDI_sSJPKUurIOsnXocDZrWfJp7_Db-_QaEk5OGmkJjnnZAy7szn73Fn4YVv2W7nUWZBUc1350ljYdf_g9dKcA
2018-07-03 20:48:11,110 INFO (JWTAuthenticationFilter.java:64)- user: null
2018-07-03 20:48:11,114 INFO (MetaController.java:52)- value=/,method=RequestMethod.GET:
2018-07-03 20:48:24,967 INFO (JWTAuthenticationFilter.java:40)- doFilterInternal() run, header: Bearer eyJhbGciOiJIUzUxMiJ9.eyJ1c2VyX2lkIjoiNDAyODI5ODE2NDMxMTNjYTAxNjQzMTEzZWJjMTAwMDAiLCJjcmVhdGVkIjoxNTMwNjIyMDkwOTE1LCJleHAiOjE1MzA4ODEyOTAsInVzZXJuYW1lIjoibGVpdGlhbnhpYW5nQUQifQ.sDI_sSJPKUurIOsnXocDZrWfJp7_Db-_QaEk5OGmkJjnnZAy7szn73Fn4YVv2W7nUWZBUc1350ljYdf_g9dKcA
2018-07-03 20:48:24,968 INFO (JWTAuthenticationFilter.java:55)- getAuthentication() run, token: Bearer eyJhbGciOiJIUzUxMiJ9.eyJ1c2VyX2lkIjoiNDAyODI5ODE2NDMxMTNjYTAxNjQzMTEzZWJjMTAwMDAiLCJjcmVhdGVkIjoxNTMwNjIyMDkwOTE1LCJleHAiOjE1MzA4ODEyOTAsInVzZXJuYW1lIjoibGVpdGlhbnhpYW5nQUQifQ.sDI_sSJPKUurIOsnXocDZrWfJp7_Db-_QaEk5OGmkJjnnZAy7szn73Fn4YVv2W7nUWZBUc1350ljYdf_g9dKcA
2018-07-03 20:48:24,977 INFO (JWTAuthenticationFilter.java:64)- user: null
