2018-06-19 10:32:44,267 INFO (StartupInfoLogger.java:50)- Starting Application on leitianxiangdeMacBook-Pro.local with PID 31702 (/Users/leitianxiang/Workspaces/intelli/jishitoutiao-api/target/classes started by leitianxiang in /Users/leitianxiang/Workspaces/intelli/jishitoutiao-api)
2018-06-19 10:32:44,293 DEBUG (StartupInfoLogger.java:53)- Running with Spring Boot v2.0.2.RELEASE, Spring v5.0.6.RELEASE
2018-06-19 10:32:44,402 INFO (SpringApplication.java:659)- No active profile set, falling back to default profiles: default
2018-06-19 10:33:15,460 INFO (CustomerCacheManagerEventListener.java:22)- init ehcache...
2018-06-19 10:33:15,651 INFO (CustomerCacheManagerEventListener.java:37)- cacheAdded... org.hibernate.cache.spi.UpdateTimestampsCache
2018-06-19 10:33:15,652 INFO (CustomerCacheManagerEventListener.java:38)- [ name = org.hibernate.cache.spi.UpdateTimestampsCache status = STATUS_ALIVE eternal = true overflowToDisk = true maxEntriesLocalHeap = 5000 maxEntriesLocalDisk = 0 memoryStoreEvictionPolicy = LRU timeToLiveSeconds = 0 timeToIdleSeconds = 0 persistence = LOCALTEMPSWAP diskExpiryThreadIntervalSeconds = 120 cacheEventListeners: com.jishitoutiao.cache.CustomerCacheEventListener ; orderedCacheEventListeners:  maxBytesLocalHeap = 0 overflowToOffHeap = false maxBytesLocalOffHeap = 0 maxBytesLocalDisk = 0 pinned = false ]
2018-06-19 10:33:15,661 INFO (CustomerCacheManagerEventListener.java:37)- cacheAdded... org.hibernate.cache.internal.StandardQueryCache
2018-06-19 10:33:15,667 INFO (CustomerCacheManagerEventListener.java:38)- [ name = org.hibernate.cache.internal.StandardQueryCache status = STATUS_ALIVE eternal = false overflowToDisk = true maxEntriesLocalHeap = 5 maxEntriesLocalDisk = 0 memoryStoreEvictionPolicy = LRU timeToLiveSeconds = 120 timeToIdleSeconds = 0 persistence = LOCALTEMPSWAP diskExpiryThreadIntervalSeconds = 120 cacheEventListeners: com.jishitoutiao.cache.CustomerCacheEventListener ; orderedCacheEventListeners:  maxBytesLocalHeap = 0 overflowToOffHeap = false maxBytesLocalOffHeap = 0 maxBytesLocalDisk = 0 pinned = false ]
2018-06-19 10:33:15,705 INFO (CustomerCacheManagerEventListener.java:37)- cacheAdded... entityCache
2018-06-19 10:33:15,706 INFO (CustomerCacheManagerEventListener.java:38)- [ name = entityCache status = STATUS_ALIVE eternal = false overflowToDisk = true maxEntriesLocalHeap = 10000 maxEntriesLocalDisk = 100000 memoryStoreEvictionPolicy = LRU timeToLiveSeconds = 600 timeToIdleSeconds = 300 persistence = LOCALTEMPSWAP diskExpiryThreadIntervalSeconds = 1200 cacheEventListeners: com.jishitoutiao.cache.CustomerCacheEventListener ; orderedCacheEventListeners:  maxBytesLocalHeap = 0 overflowToOffHeap = false maxBytesLocalOffHeap = 0 maxBytesLocalDisk = 0 pinned = false ]
2018-06-19 10:33:16,118 INFO (StartupInfoLogger.java:59)- Started Application in 33.713 seconds (JVM running for 35.137)
2018-06-19 10:35:19,301 INFO (MetaController.java:52)- value=/,method=RequestMethod.GET:
2018-06-19 10:37:15,979 INFO (MetaController.java:52)- value=/,method=RequestMethod.GET:
2018-06-19 10:37:42,280 INFO (MetaController.java:52)- value=/,method=RequestMethod.GET:
2018-06-19 10:38:35,592 INFO (MetaController.java:52)- value=/,method=RequestMethod.GET:
2018-06-19 10:38:38,140 INFO (CrawlerSourceController.java:41)- value=/,method=RequestMethod.GET: keyword:  , page_num: 1
2018-06-19 10:39:19,171 INFO (CrawlerSourceController.java:41)- value=/,method=RequestMethod.GET: keyword:  , page_num: 1
2018-06-19 10:39:19,332 INFO (CrawlerSourceController.java:203)- value=/{bid},method=RequestMethod.PUT: bid: 402881e763536157016353d9dd760009, param: {"bkey":"sina","bname":"新浪","homepage":"http://www.sina.com","remark":"新浪网站???????"}
2018-06-19 10:39:19,333 INFO (CrawlerSourceController.java:211)- value=/,method=RequestMethod.POST: originalParam: {"bkey":"sina","bname":"新浪","homepage":"http://www.sina.com","remark":"新浪网站???????"}
2018-06-19 10:39:19,661 INFO (CrawlerSourceController.java:215)- value=/{bid},method=RequestMethod.PUT: bid: 402881e763536157016353d9dd760009 , bkey: sina , bname: 新浪 , homepage: http://www.sina.com , logo: null , remark: 新浪网站???????
2018-06-19 10:39:19,662 INFO (CrawlerSourceController.java:231)- bkey: sina, Rex: true
2018-06-19 10:39:19,662 INFO (CrawlerSourceController.java:240)- homepage: http://www.sina.com, Rex: true
2018-06-19 10:39:19,784 INFO (CustomerCacheEventListener.java:21)- cache put. key = crawlerSource_402881e763536157016353d9dd760009, value = CrawlerSource [bid=402881e763536157016353d9dd760009, bkey=sina, bname=新浪, homepage=http://www.sina.com, logo=null, remark=新浪网站?, lastUpdate=2018-05-12 18:16:27.0]
2018-06-19 10:39:19,910 INFO (CustomerCacheEventListener.java:16)- cache removed. key = crawlerSource_402881e763536157016353d9dd760009, value = CrawlerSource [bid=402881e763536157016353d9dd760009, bkey=sina, bname=新浪, homepage=http://www.sina.com, logo=null, remark=新浪网站???????, lastUpdate=2018-05-12 18:16:27.0]
2018-06-19 10:39:29,952 INFO (CrawlerCategoryController.java:46)- value=/,method=RequestMethod.GET: keyword:  , page_num: 1
2018-06-19 10:39:30,939 INFO (CrawlerSourceController.java:41)- value=/,method=RequestMethod.GET: keyword:  , page_num: 1
2018-06-19 10:40:24,900 INFO (CrawlerSourceController.java:203)- value=/{bid},method=RequestMethod.PUT: bid: 402881e763536157016353d9dd760009, param: {"bkey":"sina","bname":"新浪","homepage":"http://www.sina.com","remark":"新浪网站??"}
2018-06-19 10:40:24,900 INFO (CrawlerSourceController.java:211)- value=/,method=RequestMethod.POST: originalParam: {"bkey":"sina","bname":"新浪","homepage":"http://www.sina.com","remark":"新浪网站??"}
2018-06-19 10:40:24,901 INFO (CrawlerSourceController.java:215)- value=/{bid},method=RequestMethod.PUT: bid: 402881e763536157016353d9dd760009 , bkey: sina , bname: 新浪 , homepage: http://www.sina.com , logo: null , remark: 新浪网站??
2018-06-19 10:40:24,902 INFO (CrawlerSourceController.java:231)- bkey: sina, Rex: true
2018-06-19 10:40:24,902 INFO (CrawlerSourceController.java:240)- homepage: http://www.sina.com, Rex: true
2018-06-19 10:40:24,912 INFO (CrawlerSourceController.java:41)- value=/,method=RequestMethod.GET: keyword:  , page_num: 1
2018-06-19 10:40:24,921 INFO (CustomerCacheEventListener.java:21)- cache put. key = crawlerSource_402881e763536157016353d9dd760009, value = CrawlerSource [bid=402881e763536157016353d9dd760009, bkey=sina, bname=新浪, homepage=http://www.sina.com, logo=null, remark=新浪网站???????, lastUpdate=2018-05-12 18:16:27.0]
2018-06-19 10:40:24,939 INFO (CustomerCacheEventListener.java:16)- cache removed. key = crawlerSource_402881e763536157016353d9dd760009, value = CrawlerSource [bid=402881e763536157016353d9dd760009, bkey=sina, bname=新浪, homepage=http://www.sina.com, logo=null, remark=新浪网站???????, lastUpdate=2018-05-12 18:16:27.0]
2018-06-19 10:41:08,472 INFO (MetaController.java:52)- value=/,method=RequestMethod.GET:
2018-06-19 10:41:11,447 INFO (CrawlerSourceController.java:41)- value=/,method=RequestMethod.GET: keyword:  , page_num: 1
2018-06-19 10:41:22,761 INFO (CrawlerSourceController.java:203)- value=/{bid},method=RequestMethod.PUT: bid: 402881e763536157016353d9dd760009, param: {"bkey":"sina","bname":"新浪","homepage":"http://www.sina.com","remark":"新浪网站??????"}
2018-06-19 10:41:22,762 INFO (CrawlerSourceController.java:211)- value=/,method=RequestMethod.POST: originalParam: {"bkey":"sina","bname":"新浪","homepage":"http://www.sina.com","remark":"新浪网站??????"}
2018-06-19 10:41:22,763 INFO (CrawlerSourceController.java:215)- value=/{bid},method=RequestMethod.PUT: bid: 402881e763536157016353d9dd760009 , bkey: sina , bname: 新浪 , homepage: http://www.sina.com , logo: null , remark: 新浪网站??????
2018-06-19 10:41:22,764 INFO (CrawlerSourceController.java:231)- bkey: sina, Rex: true
2018-06-19 10:41:22,765 INFO (CrawlerSourceController.java:240)- homepage: http://www.sina.com, Rex: true
2018-06-19 10:41:22,781 INFO (CustomerCacheEventListener.java:21)- cache put. key = crawlerSource_402881e763536157016353d9dd760009, value = CrawlerSource [bid=402881e763536157016353d9dd760009, bkey=sina, bname=新浪, homepage=http://www.sina.com, logo=null, remark=新浪网站??, lastUpdate=2018-05-12 18:16:27.0]
2018-06-19 10:41:22,782 INFO (CrawlerSourceController.java:41)- value=/,method=RequestMethod.GET: keyword:  , page_num: 1
2018-06-19 10:41:22,795 INFO (CustomerCacheEventListener.java:16)- cache removed. key = crawlerSource_402881e763536157016353d9dd760009, value = CrawlerSource [bid=402881e763536157016353d9dd760009, bkey=sina, bname=新浪, homepage=http://www.sina.com, logo=null, remark=新浪网站??, lastUpdate=2018-05-12 18:16:27.0]
2018-06-19 10:42:18,661 INFO (MetaController.java:52)- value=/,method=RequestMethod.GET:
2018-06-19 10:42:23,270 INFO (CrawlerSourceController.java:41)- value=/,method=RequestMethod.GET: keyword:  , page_num: 1
2018-06-19 10:42:31,786 INFO (CrawlerSourceController.java:203)- value=/{bid},method=RequestMethod.PUT: bid: 402881e763536157016353d9dd760009, param: {"bkey":"sina","bname":"新浪","homepage":"http://www.sina.com","remark":"新浪网站?"}
2018-06-19 10:42:31,787 INFO (CrawlerSourceController.java:211)- value=/,method=RequestMethod.POST: originalParam: {"bkey":"sina","bname":"新浪","homepage":"http://www.sina.com","remark":"新浪网站?"}
2018-06-19 10:42:31,788 INFO (CrawlerSourceController.java:215)- value=/{bid},method=RequestMethod.PUT: bid: 402881e763536157016353d9dd760009 , bkey: sina , bname: 新浪 , homepage: http://www.sina.com , logo: null , remark: 新浪网站?
2018-06-19 10:42:31,790 INFO (CrawlerSourceController.java:231)- bkey: sina, Rex: true
2018-06-19 10:42:31,790 INFO (CrawlerSourceController.java:240)- homepage: http://www.sina.com, Rex: true
2018-06-19 10:42:31,801 INFO (CrawlerSourceController.java:41)- value=/,method=RequestMethod.GET: keyword:  , page_num: 1
2018-06-19 10:42:31,812 INFO (CustomerCacheEventListener.java:21)- cache put. key = crawlerSource_402881e763536157016353d9dd760009, value = CrawlerSource [bid=402881e763536157016353d9dd760009, bkey=sina, bname=新浪, homepage=http://www.sina.com, logo=null, remark=新浪网站??????, lastUpdate=2018-05-12 18:16:27.0]
2018-06-19 10:42:31,835 INFO (CustomerCacheEventListener.java:16)- cache removed. key = crawlerSource_402881e763536157016353d9dd760009, value = CrawlerSource [bid=402881e763536157016353d9dd760009, bkey=sina, bname=新浪, homepage=http://www.sina.com, logo=null, remark=新浪网站??????, lastUpdate=2018-05-12 18:16:27.0]
2018-06-19 10:52:24,577 INFO (MetaController.java:52)- value=/,method=RequestMethod.GET:
2018-06-19 10:52:26,708 INFO (CrawlerSourceController.java:41)- value=/,method=RequestMethod.GET: keyword:  , page_num: 1
2018-06-19 10:52:34,606 INFO (CrawlerCategoryController.java:46)- value=/,method=RequestMethod.GET: keyword:  , page_num: 1
2018-06-19 10:52:36,461 INFO (CrawlerSourceController.java:41)- value=/,method=RequestMethod.GET: keyword:  , page_num: 1
2018-06-19 10:52:49,702 INFO (CrawlerSourceController.java:203)- value=/{bid},method=RequestMethod.PUT: bid: 402881e763536157016353d9dd760009, param: {"bkey":"sina","bname":"新浪","homepage":"http://www.sina.com","remark":"新浪网站??"}
2018-06-19 10:52:49,703 INFO (CrawlerSourceController.java:211)- value=/,method=RequestMethod.POST: originalParam: {"bkey":"sina","bname":"新浪","homepage":"http://www.sina.com","remark":"新浪网站??"}
2018-06-19 10:52:49,704 INFO (CrawlerSourceController.java:215)- value=/{bid},method=RequestMethod.PUT: bid: 402881e763536157016353d9dd760009 , bkey: sina , bname: 新浪 , homepage: http://www.sina.com , logo: null , remark: 新浪网站??
2018-06-19 10:52:49,705 INFO (CrawlerSourceController.java:231)- bkey: sina, Rex: true
2018-06-19 10:52:49,705 INFO (CrawlerSourceController.java:240)- homepage: http://www.sina.com, Rex: true
2018-06-19 10:52:49,721 INFO (CustomerCacheEventListener.java:21)- cache put. key = crawlerSource_402881e763536157016353d9dd760009, value = CrawlerSource [bid=402881e763536157016353d9dd760009, bkey=sina, bname=新浪, homepage=http://www.sina.com, logo=null, remark=新浪网站?, lastUpdate=2018-05-12 18:16:27.0]
2018-06-19 10:52:49,737 INFO (CustomerCacheEventListener.java:16)- cache removed. key = crawlerSource_402881e763536157016353d9dd760009, value = CrawlerSource [bid=402881e763536157016353d9dd760009, bkey=sina, bname=新浪, homepage=http://www.sina.com, logo=null, remark=新浪网站?, lastUpdate=2018-05-12 18:16:27.0]
2018-06-19 11:04:59,862 INFO (MetaController.java:52)- value=/,method=RequestMethod.GET:
2018-06-19 11:05:11,106 INFO (CrawlerSourceController.java:41)- value=/,method=RequestMethod.GET: keyword:  , page_num: 1
2018-06-19 11:05:36,393 INFO (CrawlerSourceController.java:203)- value=/{bid},method=RequestMethod.PUT: bid: 402881e763536157016353d9dd760009, param: {"bkey":"sina","bname":"新浪","homepage":"http://www.sina.com","remark":"新浪网站??????"}
2018-06-19 11:05:36,394 INFO (CrawlerSourceController.java:211)- value=/,method=RequestMethod.POST: originalParam: {"bkey":"sina","bname":"新浪","homepage":"http://www.sina.com","remark":"新浪网站??????"}
2018-06-19 11:05:36,395 INFO (CrawlerSourceController.java:215)- value=/{bid},method=RequestMethod.PUT: bid: 402881e763536157016353d9dd760009 , bkey: sina , bname: 新浪 , homepage: http://www.sina.com , logo: null , remark: 新浪网站??????
2018-06-19 11:05:36,396 INFO (CrawlerSourceController.java:231)- bkey: sina, Rex: true
2018-06-19 11:05:36,397 INFO (CrawlerSourceController.java:240)- homepage: http://www.sina.com, Rex: true
2018-06-19 11:05:36,412 INFO (CustomerCacheEventListener.java:21)- cache put. key = crawlerSource_402881e763536157016353d9dd760009, value = CrawlerSource [bid=402881e763536157016353d9dd760009, bkey=sina, bname=新浪, homepage=http://www.sina.com, logo=null, remark=新浪网站??, lastUpdate=2018-05-12 18:16:27.0]
2018-06-19 11:05:36,429 INFO (CustomerCacheEventListener.java:16)- cache removed. key = crawlerSource_402881e763536157016353d9dd760009, value = CrawlerSource [bid=402881e763536157016353d9dd760009, bkey=sina, bname=新浪, homepage=http://www.sina.com, logo=null, remark=新浪网站??, lastUpdate=2018-05-12 18:16:27.0]
2018-06-19 11:06:01,679 INFO (CrawlerSourceController.java:41)- value=/,method=RequestMethod.GET: keyword:  , page_num: 1
2018-06-19 11:06:01,679 INFO (CrawlerSourceController.java:203)- value=/{bid},method=RequestMethod.PUT: bid: 402881e763536157016353d9dd760009, param: {"bkey":"sina","bname":"新浪","homepage":"http://www.sina.com","remark":"新浪网站??????"}
2018-06-19 11:06:01,680 INFO (CrawlerSourceController.java:211)- value=/,method=RequestMethod.POST: originalParam: {"bkey":"sina","bname":"新浪","homepage":"http://www.sina.com","remark":"新浪网站??????"}
2018-06-19 11:06:01,680 INFO (CrawlerSourceController.java:215)- value=/{bid},method=RequestMethod.PUT: bid: 402881e763536157016353d9dd760009 , bkey: sina , bname: 新浪 , homepage: http://www.sina.com , logo: null , remark: 新浪网站??????
2018-06-19 11:06:01,681 INFO (CrawlerSourceController.java:231)- bkey: sina, Rex: true
2018-06-19 11:06:01,681 INFO (CrawlerSourceController.java:240)- homepage: http://www.sina.com, Rex: true
2018-06-19 11:06:01,698 INFO (CustomerCacheEventListener.java:21)- cache put. key = crawlerSource_402881e763536157016353d9dd760009, value = CrawlerSource [bid=402881e763536157016353d9dd760009, bkey=sina, bname=新浪, homepage=http://www.sina.com, logo=null, remark=新浪网站??????, lastUpdate=2018-05-12 18:16:27.0]
2018-06-19 11:06:01,703 INFO (CustomerCacheEventListener.java:16)- cache removed. key = crawlerSource_402881e763536157016353d9dd760009, value = CrawlerSource [bid=402881e763536157016353d9dd760009, bkey=sina, bname=新浪, homepage=http://www.sina.com, logo=null, remark=新浪网站??????, lastUpdate=2018-05-12 18:16:27.0]
2018-06-19 11:06:10,523 INFO (CrawlerCategoryController.java:46)- value=/,method=RequestMethod.GET: keyword:  , page_num: 1
2018-06-19 11:06:12,352 INFO (CrawlerSourceController.java:41)- value=/,method=RequestMethod.GET: keyword:  , page_num: 1
2018-06-19 11:06:22,811 INFO (CrawlerSourceController.java:203)- value=/{bid},method=RequestMethod.PUT: bid: 402881e763536157016353d9dd760009, param: {"bkey":"sina","bname":"新浪","homepage":"http://www.sina.com","remark":"新浪网站?"}
2018-06-19 11:06:22,812 INFO (CrawlerSourceController.java:211)- value=/,method=RequestMethod.POST: originalParam: {"bkey":"sina","bname":"新浪","homepage":"http://www.sina.com","remark":"新浪网站?"}
2018-06-19 11:06:22,813 INFO (CrawlerSourceController.java:215)- value=/{bid},method=RequestMethod.PUT: bid: 402881e763536157016353d9dd760009 , bkey: sina , bname: 新浪 , homepage: http://www.sina.com , logo: null , remark: 新浪网站?
2018-06-19 11:06:22,816 INFO (CrawlerSourceController.java:231)- bkey: sina, Rex: true
2018-06-19 11:06:22,817 INFO (CrawlerSourceController.java:240)- homepage: http://www.sina.com, Rex: true
2018-06-19 11:06:22,819 INFO (CrawlerSourceController.java:41)- value=/,method=RequestMethod.GET: keyword:  , page_num: 1
2018-06-19 11:06:22,830 INFO (CustomerCacheEventListener.java:21)- cache put. key = crawlerSource_402881e763536157016353d9dd760009, value = CrawlerSource [bid=402881e763536157016353d9dd760009, bkey=sina, bname=新浪, homepage=http://www.sina.com, logo=null, remark=新浪网站??????, lastUpdate=2018-05-12 18:16:27.0]
2018-06-19 11:06:22,847 INFO (CustomerCacheEventListener.java:16)- cache removed. key = crawlerSource_402881e763536157016353d9dd760009, value = CrawlerSource [bid=402881e763536157016353d9dd760009, bkey=sina, bname=新浪, homepage=http://www.sina.com, logo=null, remark=新浪网站??????, lastUpdate=2018-05-12 18:16:27.0]
2018-06-19 11:06:35,870 INFO (CrawlerSourceController.java:203)- value=/{bid},method=RequestMethod.PUT: bid: 402881e763536157016353d9dd760009, param: {"bkey":"sina","bname":"新浪","homepage":"http://www.sina.com","remark":"新浪网站"}
2018-06-19 11:06:35,871 INFO (CrawlerSourceController.java:211)- value=/,method=RequestMethod.POST: originalParam: {"bkey":"sina","bname":"新浪","homepage":"http://www.sina.com","remark":"新浪网站"}
2018-06-19 11:06:35,872 INFO (CrawlerSourceController.java:215)- value=/{bid},method=RequestMethod.PUT: bid: 402881e763536157016353d9dd760009 , bkey: sina , bname: 新浪 , homepage: http://www.sina.com , logo: null , remark: 新浪网站
2018-06-19 11:06:35,874 INFO (CrawlerSourceController.java:231)- bkey: sina, Rex: true
2018-06-19 11:06:35,874 INFO (CrawlerSourceController.java:240)- homepage: http://www.sina.com, Rex: true
2018-06-19 11:06:35,889 INFO (CrawlerSourceController.java:41)- value=/,method=RequestMethod.GET: keyword:  , page_num: 1
2018-06-19 11:06:35,897 INFO (CustomerCacheEventListener.java:21)- cache put. key = crawlerSource_402881e763536157016353d9dd760009, value = CrawlerSource [bid=402881e763536157016353d9dd760009, bkey=sina, bname=新浪, homepage=http://www.sina.com, logo=null, remark=新浪网站?, lastUpdate=2018-05-12 18:16:27.0]
2018-06-19 11:06:35,914 INFO (CustomerCacheEventListener.java:16)- cache removed. key = crawlerSource_402881e763536157016353d9dd760009, value = CrawlerSource [bid=402881e763536157016353d9dd760009, bkey=sina, bname=新浪, homepage=http://www.sina.com, logo=null, remark=新浪网站?, lastUpdate=2018-05-12 18:16:27.0]
2018-06-19 11:06:44,747 INFO (CrawlerSourceController.java:203)- value=/{bid},method=RequestMethod.PUT: bid: 402881e763536157016353d9dd760009, param: {"bkey":"sina","bname":"新浪","homepage":"http://www.sina.com","remark":"新浪网站"}
2018-06-19 11:06:44,748 INFO (CrawlerSourceController.java:211)- value=/,method=RequestMethod.POST: originalParam: {"bkey":"sina","bname":"新浪","homepage":"http://www.sina.com","remark":"新浪网站"}
2018-06-19 11:06:44,749 INFO (CrawlerSourceController.java:215)- value=/{bid},method=RequestMethod.PUT: bid: 402881e763536157016353d9dd760009 , bkey: sina , bname: 新浪 , homepage: http://www.sina.com , logo: null , remark: 新浪网站
2018-06-19 11:06:44,750 INFO (CrawlerSourceController.java:231)- bkey: sina, Rex: true
2018-06-19 11:06:44,751 INFO (CrawlerSourceController.java:240)- homepage: http://www.sina.com, Rex: true
2018-06-19 11:06:44,763 INFO (CrawlerSourceController.java:41)- value=/,method=RequestMethod.GET: keyword:  , page_num: 1
2018-06-19 11:06:44,776 INFO (CustomerCacheEventListener.java:21)- cache put. key = crawlerSource_402881e763536157016353d9dd760009, value = CrawlerSource [bid=402881e763536157016353d9dd760009, bkey=sina, bname=新浪, homepage=http://www.sina.com, logo=null, remark=新浪网站, lastUpdate=2018-05-12 18:16:27.0]
2018-06-19 11:06:44,788 INFO (CustomerCacheEventListener.java:16)- cache removed. key = crawlerSource_402881e763536157016353d9dd760009, value = CrawlerSource [bid=402881e763536157016353d9dd760009, bkey=sina, bname=新浪, homepage=http://www.sina.com, logo=null, remark=新浪网站, lastUpdate=2018-05-12 18:16:27.0]
2018-06-19 11:07:29,960 INFO (MetaController.java:52)- value=/,method=RequestMethod.GET:
2018-06-19 11:07:35,684 INFO (CrawlerSourceController.java:41)- value=/,method=RequestMethod.GET: keyword:  , page_num: 1
2018-06-19 11:24:12,427 INFO (MetaController.java:52)- value=/,method=RequestMethod.GET:
2018-06-19 11:24:21,578 INFO (CrawlerSourceController.java:41)- value=/,method=RequestMethod.GET: keyword:  , page_num: 1
2018-06-19 11:43:42,081 INFO (MetaController.java:52)- value=/,method=RequestMethod.GET:
2018-06-19 11:43:52,536 INFO (CrawlerSourceController.java:41)- value=/,method=RequestMethod.GET: keyword:  , page_num: 1
2018-06-19 11:46:15,052 INFO (MetaController.java:52)- value=/,method=RequestMethod.GET:
2018-06-19 11:46:18,762 INFO (CrawlerSourceController.java:41)- value=/,method=RequestMethod.GET: keyword:  , page_num: 1
2018-06-19 11:46:39,760 INFO (CrawlerCategoryController.java:46)- value=/,method=RequestMethod.GET: keyword:  , page_num: 1
2018-06-19 11:46:43,434 INFO (CrawlerSourceController.java:41)- value=/,method=RequestMethod.GET: keyword:  , page_num: 1
2018-06-19 11:52:58,682 INFO (MetaController.java:52)- value=/,method=RequestMethod.GET:
2018-06-19 11:53:02,385 INFO (CrawlerSourceController.java:41)- value=/,method=RequestMethod.GET: keyword:  , page_num: 1
2018-06-19 20:16:44,640 INFO (MetaController.java:52)- value=/,method=RequestMethod.GET:
2018-06-19 20:16:56,812 INFO (CrawlerSourceController.java:41)- value=/,method=RequestMethod.GET: keyword:  , page_num: 1
2018-06-19 20:17:20,425 INFO (CrawlerSourceController.java:130)- value=/,method=RequestMethod.POST: param: {"bkey":"chetuobang","bname":"车托帮","homepage":"http://www.chetuobang.com","remark":"ahhahah"}
2018-06-19 20:17:20,435 INFO (CrawlerSourceController.java:137)- value=/,method=RequestMethod.POST: originalParam: {"bkey":"chetuobang","bname":"车托帮","homepage":"http://www.chetuobang.com","remark":"ahhahah"}
2018-06-19 20:17:20,442 INFO (CrawlerSourceController.java:141)- value=/,method=RequestMethod.POST: bkey: chetuobang , bname: 车托帮 , homepage: http://www.chetuobang.com , logo: null , remark: ahhahah
2018-06-19 20:17:20,444 INFO (CrawlerSourceController.java:156)- bkey: chetuobang, Rex: true
2018-06-19 20:17:20,445 INFO (CrawlerSourceController.java:166)- homepage: http://www.chetuobang.com, Rex: true
2018-06-19 20:17:21,141 INFO (CustomerCacheEventListener.java:16)- cache removed. key = crawlerSource_402829816415e38c016417fa5b940000, value = null
2018-06-19 20:18:44,992 INFO (MetaController.java:52)- value=/,method=RequestMethod.GET:
2018-06-19 20:18:49,353 INFO (CrawlerSourceController.java:41)- value=/,method=RequestMethod.GET: keyword:  , page_num: 1
2018-06-19 20:18:52,541 INFO (CrawlerSourceController.java:41)- value=/,method=RequestMethod.GET: keyword:  , page_num: 1
2018-06-19 20:18:52,611 INFO (CrawlerSourceController.java:284)- value=/{bid},method=RequestMethod.DELETE: bid: 402829816415e38c016417fa5b940000
2018-06-19 20:18:53,221 INFO (CustomerCacheEventListener.java:16)- cache removed. key = crawlerSource_402829816415e38c016417fa5b940000, value = null
2018-06-19 20:19:08,738 INFO (CrawlerSourceController.java:41)- value=/,method=RequestMethod.GET: keyword:  , page_num: 1
2018-06-19 20:19:08,758 INFO (CrawlerSourceController.java:284)- value=/{bid},method=RequestMethod.DELETE: bid: 402881e763536157016353d9dd760009
2018-06-19 20:19:08,847 INFO (CustomerCacheEventListener.java:16)- cache removed. key = crawlerSource_402881e763536157016353d9dd760009, value = null
2018-06-19 20:19:13,943 INFO (CrawlerCategoryController.java:46)- value=/,method=RequestMethod.GET: keyword:  , page_num: 1
2018-06-19 20:19:14,828 INFO (CrawlerSourceController.java:41)- value=/,method=RequestMethod.GET: keyword:  , page_num: 1
2018-06-19 20:19:29,675 INFO (CrawlerSourceController.java:130)- value=/,method=RequestMethod.POST: param: {"bkey":"chetuobang","bname":"车托帮","homepage":"http://www.chetuobang.com"}
2018-06-19 20:19:29,677 INFO (CrawlerSourceController.java:137)- value=/,method=RequestMethod.POST: originalParam: {"bkey":"chetuobang","bname":"车托帮","homepage":"http://www.chetuobang.com"}
2018-06-19 20:19:29,678 INFO (CrawlerSourceController.java:141)- value=/,method=RequestMethod.POST: bkey: chetuobang , bname: 车托帮 , homepage: http://www.chetuobang.com , logo: null , remark: null
2018-06-19 20:19:29,679 INFO (CrawlerSourceController.java:156)- bkey: chetuobang, Rex: true
2018-06-19 20:19:29,680 INFO (CrawlerSourceController.java:166)- homepage: http://www.chetuobang.com, Rex: true
2018-06-19 20:19:29,697 INFO (CustomerCacheEventListener.java:16)- cache removed. key = crawlerSource_402829816415e38c016417fc53160001, value = null
2018-06-19 20:20:08,343 INFO (MetaController.java:52)- value=/,method=RequestMethod.GET:
2018-06-19 20:20:09,860 INFO (CrawlerSourceController.java:41)- value=/,method=RequestMethod.GET: keyword:  , page_num: 1
2018-06-19 20:20:16,929 INFO (CrawlerSourceController.java:41)- value=/,method=RequestMethod.GET: keyword:  , page_num: 1
2018-06-19 20:20:16,941 INFO (CrawlerSourceController.java:284)- value=/{bid},method=RequestMethod.DELETE: bid: 402829816415e38c016417fc53160001
2018-06-19 20:20:17,002 INFO (CustomerCacheEventListener.java:16)- cache removed. key = crawlerSource_402829816415e38c016417fc53160001, value = null
2018-06-19 20:20:19,385 INFO (CrawlerCategoryController.java:46)- value=/,method=RequestMethod.GET: keyword:  , page_num: 1
2018-06-19 20:20:19,897 INFO (CrawlerSourceController.java:41)- value=/,method=RequestMethod.GET: keyword:  , page_num: 1
2018-06-19 20:20:33,195 INFO (CrawlerSourceController.java:130)- value=/,method=RequestMethod.POST: param: {"bkey":"chetuobang","bname":"车托帮","homepage":"http://www.chetuobang.com"}
2018-06-19 20:20:33,196 INFO (CrawlerSourceController.java:137)- value=/,method=RequestMethod.POST: originalParam: {"bkey":"chetuobang","bname":"车托帮","homepage":"http://www.chetuobang.com"}
2018-06-19 20:20:33,198 INFO (CrawlerSourceController.java:141)- value=/,method=RequestMethod.POST: bkey: chetuobang , bname: 车托帮 , homepage: http://www.chetuobang.com , logo: null , remark: null
2018-06-19 20:20:33,202 INFO (CrawlerSourceController.java:156)- bkey: chetuobang, Rex: true
2018-06-19 20:20:33,202 INFO (CrawlerSourceController.java:166)- homepage: http://www.chetuobang.com, Rex: true
2018-06-19 20:20:33,214 INFO (CustomerCacheEventListener.java:16)- cache removed. key = crawlerSource_402829816415e38c016417fd4b350002, value = null
