2018-06-10 16:37:19,127 INFO (StartupInfoLogger.java:50)- Starting Application on leitianxiangdeMacBook-Pro.local with PID 7589 (/Users/leitianxiang/Workspaces/intelli/jishitoutiao-api/target/classes started by leitianxiang in /Users/leitianxiang/Workspaces/intelli/jishitoutiao-api)
2018-06-10 16:37:19,141 DEBUG (StartupInfoLogger.java:53)- Running with Spring Boot v2.0.2.RELEASE, Spring v5.0.6.RELEASE
2018-06-10 16:37:19,145 INFO (SpringApplication.java:659)- No active profile set, falling back to default profiles: default
2018-06-10 16:37:28,043 INFO (CustomerCacheManagerEventListener.java:22)- init ehcache...
2018-06-10 16:37:28,218 INFO (CustomerCacheManagerEventListener.java:37)- cacheAdded... org.hibernate.cache.internal.StandardQueryCache
2018-06-10 16:37:28,225 INFO (CustomerCacheManagerEventListener.java:38)- [ name = org.hibernate.cache.internal.StandardQueryCache status = STATUS_ALIVE eternal = false overflowToDisk = true maxEntriesLocalHeap = 5 maxEntriesLocalDisk = 0 memoryStoreEvictionPolicy = LRU timeToLiveSeconds = 120 timeToIdleSeconds = 0 persistence = LOCALTEMPSWAP diskExpiryThreadIntervalSeconds = 120 cacheEventListeners: com.jishitoutiao.cache.CustomerCacheEventListener ; orderedCacheEventListeners:  maxBytesLocalHeap = 0 overflowToOffHeap = false maxBytesLocalOffHeap = 0 maxBytesLocalDisk = 0 pinned = false ]
2018-06-10 16:37:28,235 INFO (CustomerCacheManagerEventListener.java:37)- cacheAdded... entityCache
2018-06-10 16:37:28,235 INFO (CustomerCacheManagerEventListener.java:38)- [ name = entityCache status = STATUS_ALIVE eternal = false overflowToDisk = true maxEntriesLocalHeap = 10000 maxEntriesLocalDisk = 100000 memoryStoreEvictionPolicy = LRU timeToLiveSeconds = 600 timeToIdleSeconds = 300 persistence = LOCALTEMPSWAP diskExpiryThreadIntervalSeconds = 1200 cacheEventListeners: com.jishitoutiao.cache.CustomerCacheEventListener ; orderedCacheEventListeners:  maxBytesLocalHeap = 0 overflowToOffHeap = false maxBytesLocalOffHeap = 0 maxBytesLocalDisk = 0 pinned = false ]
2018-06-10 16:37:28,242 INFO (CustomerCacheManagerEventListener.java:37)- cacheAdded... org.hibernate.cache.spi.UpdateTimestampsCache
2018-06-10 16:37:28,243 INFO (CustomerCacheManagerEventListener.java:38)- [ name = org.hibernate.cache.spi.UpdateTimestampsCache status = STATUS_ALIVE eternal = true overflowToDisk = true maxEntriesLocalHeap = 5000 maxEntriesLocalDisk = 0 memoryStoreEvictionPolicy = LRU timeToLiveSeconds = 0 timeToIdleSeconds = 0 persistence = LOCALTEMPSWAP diskExpiryThreadIntervalSeconds = 120 cacheEventListeners: com.jishitoutiao.cache.CustomerCacheEventListener ; orderedCacheEventListeners:  maxBytesLocalHeap = 0 overflowToOffHeap = false maxBytesLocalOffHeap = 0 maxBytesLocalDisk = 0 pinned = false ]
2018-06-10 16:37:29,074 INFO (StartupInfoLogger.java:59)- Started Application in 11.176 seconds (JVM running for 12.942)
2018-06-10 16:38:16,351 INFO (InformationWeightFiltrateController.java:66)- value=/,method=RequestMethod.GET: keyword: null ,bkey: null ,ckey: null ,page_num: 1
2018-06-10 16:38:17,047 INFO (RedisService.java:79)- getStr(String key) method run, key: string:information_weight_filtrate:status
2018-06-10 16:57:13,815 INFO (InformationWeightFiltrateController.java:66)- value=/,method=RequestMethod.GET: keyword: null ,bkey: null ,ckey: null ,page_num: 1
2018-06-10 16:57:14,242 INFO (RedisService.java:79)- getStr(String key) method run, key: string:information_weight_filtrate:status
2018-06-10 16:57:14,286 INFO (RedisService.java:79)- getStr(String key) method run, key: string:information_weight_filtrate:batch
2018-06-10 17:06:57,799 INFO (CustomerCacheManagerEventListener.java:32)- ehcache dispose...
2018-06-10 17:06:57,804 INFO (CustomerCacheEventListener.java:51)- cache dispose.
2018-06-10 17:06:57,830 INFO (CustomerCacheEventListener.java:51)- cache dispose.
2018-06-10 17:06:57,840 INFO (CustomerCacheEventListener.java:51)- cache dispose.
2018-06-10 17:07:11,554 INFO (StartupInfoLogger.java:50)- Starting Application on leitianxiangdeMacBook-Pro.local with PID 8724 (/Users/leitianxiang/Workspaces/intelli/jishitoutiao-api/target/classes started by leitianxiang in /Users/leitianxiang/Workspaces/intelli/jishitoutiao-api)
2018-06-10 17:07:11,562 DEBUG (StartupInfoLogger.java:53)- Running with Spring Boot v2.0.2.RELEASE, Spring v5.0.6.RELEASE
2018-06-10 17:07:11,570 INFO (SpringApplication.java:659)- No active profile set, falling back to default profiles: default
2018-06-10 17:07:23,242 INFO (CustomerCacheManagerEventListener.java:22)- init ehcache...
2018-06-10 17:07:23,331 INFO (CustomerCacheManagerEventListener.java:37)- cacheAdded... org.hibernate.cache.spi.UpdateTimestampsCache
2018-06-10 17:07:23,331 INFO (CustomerCacheManagerEventListener.java:38)- [ name = org.hibernate.cache.spi.UpdateTimestampsCache status = STATUS_ALIVE eternal = true overflowToDisk = true maxEntriesLocalHeap = 5000 maxEntriesLocalDisk = 0 memoryStoreEvictionPolicy = LRU timeToLiveSeconds = 0 timeToIdleSeconds = 0 persistence = LOCALTEMPSWAP diskExpiryThreadIntervalSeconds = 120 cacheEventListeners: com.jishitoutiao.cache.CustomerCacheEventListener ; orderedCacheEventListeners:  maxBytesLocalHeap = 0 overflowToOffHeap = false maxBytesLocalOffHeap = 0 maxBytesLocalDisk = 0 pinned = false ]
2018-06-10 17:07:23,338 INFO (CustomerCacheManagerEventListener.java:37)- cacheAdded... org.hibernate.cache.internal.StandardQueryCache
2018-06-10 17:07:23,338 INFO (CustomerCacheManagerEventListener.java:38)- [ name = org.hibernate.cache.internal.StandardQueryCache status = STATUS_ALIVE eternal = false overflowToDisk = true maxEntriesLocalHeap = 5 maxEntriesLocalDisk = 0 memoryStoreEvictionPolicy = LRU timeToLiveSeconds = 120 timeToIdleSeconds = 0 persistence = LOCALTEMPSWAP diskExpiryThreadIntervalSeconds = 120 cacheEventListeners: com.jishitoutiao.cache.CustomerCacheEventListener ; orderedCacheEventListeners:  maxBytesLocalHeap = 0 overflowToOffHeap = false maxBytesLocalOffHeap = 0 maxBytesLocalDisk = 0 pinned = false ]
2018-06-10 17:07:23,344 INFO (CustomerCacheManagerEventListener.java:37)- cacheAdded... entityCache
2018-06-10 17:07:23,344 INFO (CustomerCacheManagerEventListener.java:38)- [ name = entityCache status = STATUS_ALIVE eternal = false overflowToDisk = true maxEntriesLocalHeap = 10000 maxEntriesLocalDisk = 100000 memoryStoreEvictionPolicy = LRU timeToLiveSeconds = 600 timeToIdleSeconds = 300 persistence = LOCALTEMPSWAP diskExpiryThreadIntervalSeconds = 1200 cacheEventListeners: com.jishitoutiao.cache.CustomerCacheEventListener ; orderedCacheEventListeners:  maxBytesLocalHeap = 0 overflowToOffHeap = false maxBytesLocalOffHeap = 0 maxBytesLocalDisk = 0 pinned = false ]
2018-06-10 17:07:24,251 INFO (StartupInfoLogger.java:59)- Started Application in 13.916 seconds (JVM running for 15.648)
2018-06-10 17:07:36,433 INFO (InformationWeightSetController.java:46)- value=/,method=RequestMethod.GET: keyword: null ,page_num: 1
2018-06-10 17:17:02,414 INFO (CustomerCacheManagerEventListener.java:32)- ehcache dispose...
2018-06-10 17:17:02,420 INFO (CustomerCacheEventListener.java:51)- cache dispose.
2018-06-10 17:17:02,432 INFO (CustomerCacheEventListener.java:51)- cache dispose.
2018-06-10 17:17:02,434 INFO (CustomerCacheEventListener.java:51)- cache dispose.
2018-06-10 17:17:10,420 INFO (StartupInfoLogger.java:50)- Starting Application on leitianxiangdeMacBook-Pro.local with PID 9062 (/Users/leitianxiang/Workspaces/intelli/jishitoutiao-api/target/classes started by leitianxiang in /Users/leitianxiang/Workspaces/intelli/jishitoutiao-api)
2018-06-10 17:17:10,453 DEBUG (StartupInfoLogger.java:53)- Running with Spring Boot v2.0.2.RELEASE, Spring v5.0.6.RELEASE
2018-06-10 17:17:10,459 INFO (SpringApplication.java:659)- No active profile set, falling back to default profiles: default
2018-06-10 17:17:20,581 INFO (CustomerCacheManagerEventListener.java:22)- init ehcache...
2018-06-10 17:17:20,666 INFO (CustomerCacheManagerEventListener.java:37)- cacheAdded... entityCache
2018-06-10 17:17:20,666 INFO (CustomerCacheManagerEventListener.java:38)- [ name = entityCache status = STATUS_ALIVE eternal = false overflowToDisk = true maxEntriesLocalHeap = 10000 maxEntriesLocalDisk = 100000 memoryStoreEvictionPolicy = LRU timeToLiveSeconds = 600 timeToIdleSeconds = 300 persistence = LOCALTEMPSWAP diskExpiryThreadIntervalSeconds = 1200 cacheEventListeners: com.jishitoutiao.cache.CustomerCacheEventListener ; orderedCacheEventListeners:  maxBytesLocalHeap = 0 overflowToOffHeap = false maxBytesLocalOffHeap = 0 maxBytesLocalDisk = 0 pinned = false ]
2018-06-10 17:17:20,675 INFO (CustomerCacheManagerEventListener.java:37)- cacheAdded... org.hibernate.cache.internal.StandardQueryCache
2018-06-10 17:17:20,675 INFO (CustomerCacheManagerEventListener.java:38)- [ name = org.hibernate.cache.internal.StandardQueryCache status = STATUS_ALIVE eternal = false overflowToDisk = true maxEntriesLocalHeap = 5 maxEntriesLocalDisk = 0 memoryStoreEvictionPolicy = LRU timeToLiveSeconds = 120 timeToIdleSeconds = 0 persistence = LOCALTEMPSWAP diskExpiryThreadIntervalSeconds = 120 cacheEventListeners: com.jishitoutiao.cache.CustomerCacheEventListener ; orderedCacheEventListeners:  maxBytesLocalHeap = 0 overflowToOffHeap = false maxBytesLocalOffHeap = 0 maxBytesLocalDisk = 0 pinned = false ]
2018-06-10 17:17:20,682 INFO (CustomerCacheManagerEventListener.java:37)- cacheAdded... org.hibernate.cache.spi.UpdateTimestampsCache
2018-06-10 17:17:20,683 INFO (CustomerCacheManagerEventListener.java:38)- [ name = org.hibernate.cache.spi.UpdateTimestampsCache status = STATUS_ALIVE eternal = true overflowToDisk = true maxEntriesLocalHeap = 5000 maxEntriesLocalDisk = 0 memoryStoreEvictionPolicy = LRU timeToLiveSeconds = 0 timeToIdleSeconds = 0 persistence = LOCALTEMPSWAP diskExpiryThreadIntervalSeconds = 120 cacheEventListeners: com.jishitoutiao.cache.CustomerCacheEventListener ; orderedCacheEventListeners:  maxBytesLocalHeap = 0 overflowToOffHeap = false maxBytesLocalOffHeap = 0 maxBytesLocalDisk = 0 pinned = false ]
2018-06-10 17:17:21,508 INFO (StartupInfoLogger.java:59)- Started Application in 12.0 seconds (JVM running for 13.585)
2018-06-10 17:17:29,310 INFO (InformationWeightSortController.java:66)- value=/,method=RequestMethod.GET: keyword: null ,bkey: null ,ckey: null ,page_num: 1
2018-06-10 17:17:29,805 INFO (RedisService.java:79)- getStr(String key) method run, key: string:information_weight_sort:status
2018-06-10 17:17:29,849 INFO (RedisService.java:79)- getStr(String key) method run, key: string:information_weight_sort:batch
2018-06-10 17:18:04,946 INFO (CustomerCacheManagerEventListener.java:32)- ehcache dispose...
2018-06-10 17:18:04,947 INFO (CustomerCacheEventListener.java:51)- cache dispose.
2018-06-10 17:18:04,970 INFO (CustomerCacheEventListener.java:51)- cache dispose.
2018-06-10 17:18:04,978 INFO (CustomerCacheEventListener.java:51)- cache dispose.
2018-06-10 22:12:00,059 INFO (StartupInfoLogger.java:50)- Starting Application on leitianxiangdeMacBook-Pro.local with PID 9755 (/Users/leitianxiang/Workspaces/intelli/jishitoutiao-api/target/classes started by leitianxiang in /Users/leitianxiang/Workspaces/intelli/jishitoutiao-api)
2018-06-10 22:12:00,069 DEBUG (StartupInfoLogger.java:53)- Running with Spring Boot v2.0.2.RELEASE, Spring v5.0.6.RELEASE
2018-06-10 22:12:00,073 INFO (SpringApplication.java:659)- No active profile set, falling back to default profiles: default
2018-06-10 22:12:09,849 INFO (CustomerCacheManagerEventListener.java:22)- init ehcache...
2018-06-10 22:12:10,114 INFO (CustomerCacheManagerEventListener.java:37)- cacheAdded... entityCache
2018-06-10 22:12:10,115 INFO (CustomerCacheManagerEventListener.java:38)- [ name = entityCache status = STATUS_ALIVE eternal = false overflowToDisk = true maxEntriesLocalHeap = 10000 maxEntriesLocalDisk = 100000 memoryStoreEvictionPolicy = LRU timeToLiveSeconds = 600 timeToIdleSeconds = 300 persistence = LOCALTEMPSWAP diskExpiryThreadIntervalSeconds = 1200 cacheEventListeners: com.jishitoutiao.cache.CustomerCacheEventListener ; orderedCacheEventListeners:  maxBytesLocalHeap = 0 overflowToOffHeap = false maxBytesLocalOffHeap = 0 maxBytesLocalDisk = 0 pinned = false ]
2018-06-10 22:12:10,141 INFO (CustomerCacheManagerEventListener.java:37)- cacheAdded... org.hibernate.cache.spi.UpdateTimestampsCache
2018-06-10 22:12:10,143 INFO (CustomerCacheManagerEventListener.java:38)- [ name = org.hibernate.cache.spi.UpdateTimestampsCache status = STATUS_ALIVE eternal = true overflowToDisk = true maxEntriesLocalHeap = 5000 maxEntriesLocalDisk = 0 memoryStoreEvictionPolicy = LRU timeToLiveSeconds = 0 timeToIdleSeconds = 0 persistence = LOCALTEMPSWAP diskExpiryThreadIntervalSeconds = 120 cacheEventListeners: com.jishitoutiao.cache.CustomerCacheEventListener ; orderedCacheEventListeners:  maxBytesLocalHeap = 0 overflowToOffHeap = false maxBytesLocalOffHeap = 0 maxBytesLocalDisk = 0 pinned = false ]
2018-06-10 22:12:10,163 INFO (CustomerCacheManagerEventListener.java:37)- cacheAdded... org.hibernate.cache.internal.StandardQueryCache
2018-06-10 22:12:10,165 INFO (CustomerCacheManagerEventListener.java:38)- [ name = org.hibernate.cache.internal.StandardQueryCache status = STATUS_ALIVE eternal = false overflowToDisk = true maxEntriesLocalHeap = 5 maxEntriesLocalDisk = 0 memoryStoreEvictionPolicy = LRU timeToLiveSeconds = 120 timeToIdleSeconds = 0 persistence = LOCALTEMPSWAP diskExpiryThreadIntervalSeconds = 120 cacheEventListeners: com.jishitoutiao.cache.CustomerCacheEventListener ; orderedCacheEventListeners:  maxBytesLocalHeap = 0 overflowToOffHeap = false maxBytesLocalOffHeap = 0 maxBytesLocalDisk = 0 pinned = false ]
2018-06-10 22:12:11,561 INFO (StartupInfoLogger.java:59)- Started Application in 12.435 seconds (JVM running for 13.402)
2018-06-10 22:12:24,029 INFO (InformationWeightSourceController.java:65)- value=/,method=RequestMethod.GET: keyword: null ,bkey: null ,ckey: null ,page_num: 1
2018-06-10 22:12:24,471 INFO (RedisService.java:79)- getStr(String key) method run, key: string:information_weight_source:status
2018-06-10 22:12:24,516 INFO (RedisService.java:79)- getStr(String key) method run, key: string:information_weight_source:batch
2018-06-10 23:04:34,658 INFO (CustomerCacheManagerEventListener.java:32)- ehcache dispose...
2018-06-10 23:04:34,662 INFO (CustomerCacheEventListener.java:51)- cache dispose.
2018-06-10 23:04:34,668 INFO (CustomerCacheEventListener.java:51)- cache dispose.
2018-06-10 23:04:34,669 INFO (CustomerCacheEventListener.java:51)- cache dispose.
