2018-06-06 11:02:05,455 INFO (StartupInfoLogger.java:50)- Starting Application on leitianxiangdeMacBook-Pro.local with PID 27246 (/Users/leitianxiang/Workspaces/intelli/jishitoutiao-api/target/classes started by leitianxiang in /Users/leitianxiang/Workspaces/intelli/jishitoutiao-api)
2018-06-06 11:02:05,480 DEBUG (StartupInfoLogger.java:53)- Running with Spring Boot v2.0.2.RELEASE, Spring v5.0.6.RELEASE
2018-06-06 11:02:05,484 INFO (SpringApplication.java:659)- No active profile set, falling back to default profiles: default
2018-06-06 11:02:41,271 INFO (CustomerCacheManagerEventListener.java:22)- init ehcache...
2018-06-06 11:02:41,368 INFO (CustomerCacheManagerEventListener.java:37)- cacheAdded... org.hibernate.cache.internal.StandardQueryCache
2018-06-06 11:02:41,368 INFO (CustomerCacheManagerEventListener.java:38)- [ name = org.hibernate.cache.internal.StandardQueryCache status = STATUS_ALIVE eternal = false overflowToDisk = true maxEntriesLocalHeap = 5 maxEntriesLocalDisk = 0 memoryStoreEvictionPolicy = LRU timeToLiveSeconds = 120 timeToIdleSeconds = 0 persistence = LOCALTEMPSWAP diskExpiryThreadIntervalSeconds = 120 cacheEventListeners: com.jishitoutiao.cache.CustomerCacheEventListener ; orderedCacheEventListeners:  maxBytesLocalHeap = 0 overflowToOffHeap = false maxBytesLocalOffHeap = 0 maxBytesLocalDisk = 0 pinned = false ]
2018-06-06 11:02:41,376 INFO (CustomerCacheManagerEventListener.java:37)- cacheAdded... org.hibernate.cache.spi.UpdateTimestampsCache
2018-06-06 11:02:41,376 INFO (CustomerCacheManagerEventListener.java:38)- [ name = org.hibernate.cache.spi.UpdateTimestampsCache status = STATUS_ALIVE eternal = true overflowToDisk = true maxEntriesLocalHeap = 5000 maxEntriesLocalDisk = 0 memoryStoreEvictionPolicy = LRU timeToLiveSeconds = 0 timeToIdleSeconds = 0 persistence = LOCALTEMPSWAP diskExpiryThreadIntervalSeconds = 120 cacheEventListeners: com.jishitoutiao.cache.CustomerCacheEventListener ; orderedCacheEventListeners:  maxBytesLocalHeap = 0 overflowToOffHeap = false maxBytesLocalOffHeap = 0 maxBytesLocalDisk = 0 pinned = false ]
2018-06-06 11:02:41,382 INFO (CustomerCacheManagerEventListener.java:37)- cacheAdded... entityCache
2018-06-06 11:02:41,383 INFO (CustomerCacheManagerEventListener.java:38)- [ name = entityCache status = STATUS_ALIVE eternal = false overflowToDisk = true maxEntriesLocalHeap = 10000 maxEntriesLocalDisk = 100000 memoryStoreEvictionPolicy = LRU timeToLiveSeconds = 600 timeToIdleSeconds = 300 persistence = LOCALTEMPSWAP diskExpiryThreadIntervalSeconds = 1200 cacheEventListeners: com.jishitoutiao.cache.CustomerCacheEventListener ; orderedCacheEventListeners:  maxBytesLocalHeap = 0 overflowToOffHeap = false maxBytesLocalOffHeap = 0 maxBytesLocalDisk = 0 pinned = false ]
2018-06-06 11:02:41,774 INFO (StartupInfoLogger.java:59)- Started Application in 37.934 seconds (JVM running for 39.727)
2018-06-06 11:04:21,181 INFO (CustomerCacheManagerEventListener.java:32)- ehcache dispose...
2018-06-06 11:04:21,183 INFO (CustomerCacheEventListener.java:51)- cache dispose.
2018-06-06 11:04:21,201 INFO (CustomerCacheEventListener.java:51)- cache dispose.
2018-06-06 11:04:21,204 INFO (CustomerCacheEventListener.java:51)- cache dispose.
2018-06-06 11:04:24,419 INFO (StartupInfoLogger.java:50)- Starting Application on leitianxiangdeMacBook-Pro.local with PID 27325 (/Users/leitianxiang/Workspaces/intelli/jishitoutiao-api/target/classes started by leitianxiang in /Users/leitianxiang/Workspaces/intelli/jishitoutiao-api)
2018-06-06 11:04:24,425 DEBUG (StartupInfoLogger.java:53)- Running with Spring Boot v2.0.2.RELEASE, Spring v5.0.6.RELEASE
2018-06-06 11:04:24,427 INFO (SpringApplication.java:659)- No active profile set, falling back to default profiles: default
2018-06-06 11:05:49,851 INFO (StartupInfoLogger.java:50)- Starting Application on leitianxiangdeMacBook-Pro.local with PID 27382 (/Users/leitianxiang/Workspaces/intelli/jishitoutiao-api/target/classes started by leitianxiang in /Users/leitianxiang/Workspaces/intelli/jishitoutiao-api)
2018-06-06 11:05:49,869 DEBUG (StartupInfoLogger.java:53)- Running with Spring Boot v2.0.2.RELEASE, Spring v5.0.6.RELEASE
2018-06-06 11:05:49,883 INFO (SpringApplication.java:659)- No active profile set, falling back to default profiles: default
2018-06-06 11:05:57,388 INFO (CustomerCacheManagerEventListener.java:22)- init ehcache...
2018-06-06 11:05:57,464 INFO (CustomerCacheManagerEventListener.java:37)- cacheAdded... org.hibernate.cache.internal.StandardQueryCache
2018-06-06 11:05:57,465 INFO (CustomerCacheManagerEventListener.java:38)- [ name = org.hibernate.cache.internal.StandardQueryCache status = STATUS_ALIVE eternal = false overflowToDisk = true maxEntriesLocalHeap = 5 maxEntriesLocalDisk = 0 memoryStoreEvictionPolicy = LRU timeToLiveSeconds = 120 timeToIdleSeconds = 0 persistence = LOCALTEMPSWAP diskExpiryThreadIntervalSeconds = 120 cacheEventListeners: com.jishitoutiao.cache.CustomerCacheEventListener ; orderedCacheEventListeners:  maxBytesLocalHeap = 0 overflowToOffHeap = false maxBytesLocalOffHeap = 0 maxBytesLocalDisk = 0 pinned = false ]
2018-06-06 11:05:57,472 INFO (CustomerCacheManagerEventListener.java:37)- cacheAdded... entityCache
2018-06-06 11:05:57,472 INFO (CustomerCacheManagerEventListener.java:38)- [ name = entityCache status = STATUS_ALIVE eternal = false overflowToDisk = true maxEntriesLocalHeap = 10000 maxEntriesLocalDisk = 100000 memoryStoreEvictionPolicy = LRU timeToLiveSeconds = 600 timeToIdleSeconds = 300 persistence = LOCALTEMPSWAP diskExpiryThreadIntervalSeconds = 1200 cacheEventListeners: com.jishitoutiao.cache.CustomerCacheEventListener ; orderedCacheEventListeners:  maxBytesLocalHeap = 0 overflowToOffHeap = false maxBytesLocalOffHeap = 0 maxBytesLocalDisk = 0 pinned = false ]
2018-06-06 11:05:57,480 INFO (CustomerCacheManagerEventListener.java:37)- cacheAdded... org.hibernate.cache.spi.UpdateTimestampsCache
2018-06-06 11:05:57,480 INFO (CustomerCacheManagerEventListener.java:38)- [ name = org.hibernate.cache.spi.UpdateTimestampsCache status = STATUS_ALIVE eternal = true overflowToDisk = true maxEntriesLocalHeap = 5000 maxEntriesLocalDisk = 0 memoryStoreEvictionPolicy = LRU timeToLiveSeconds = 0 timeToIdleSeconds = 0 persistence = LOCALTEMPSWAP diskExpiryThreadIntervalSeconds = 120 cacheEventListeners: com.jishitoutiao.cache.CustomerCacheEventListener ; orderedCacheEventListeners:  maxBytesLocalHeap = 0 overflowToOffHeap = false maxBytesLocalOffHeap = 0 maxBytesLocalDisk = 0 pinned = false ]
2018-06-06 11:05:57,765 INFO (StartupInfoLogger.java:59)- Started Application in 8.551 seconds (JVM running for 9.58)
2018-06-06 11:06:31,933 INFO (CrawlerSourceController.java:41)- value=/,method=RequestMethod.GET: keyword: null , page_num: 1
2018-06-06 11:06:32,661 INFO (CustomerCacheEventListener.java:21)- cache put. key = SimpleKey [null,1], value = com.jishitoutiao.rely.PageObj@364de14e
2018-06-06 11:10:09,607 INFO (CustomerCacheManagerEventListener.java:32)- ehcache dispose...
2018-06-06 11:10:09,610 INFO (CustomerCacheEventListener.java:51)- cache dispose.
2018-06-06 11:10:09,616 INFO (CustomerCacheEventListener.java:51)- cache dispose.
2018-06-06 11:10:09,621 INFO (CustomerCacheEventListener.java:51)- cache dispose.
2018-06-06 11:10:13,002 INFO (StartupInfoLogger.java:50)- Starting Application on leitianxiangdeMacBook-Pro.local with PID 27535 (/Users/leitianxiang/Workspaces/intelli/jishitoutiao-api/target/classes started by leitianxiang in /Users/leitianxiang/Workspaces/intelli/jishitoutiao-api)
2018-06-06 11:10:13,007 DEBUG (StartupInfoLogger.java:53)- Running with Spring Boot v2.0.2.RELEASE, Spring v5.0.6.RELEASE
2018-06-06 11:10:13,011 INFO (SpringApplication.java:659)- No active profile set, falling back to default profiles: default
2018-06-06 11:10:20,995 INFO (CustomerCacheManagerEventListener.java:22)- init ehcache...
2018-06-06 11:10:21,071 INFO (CustomerCacheManagerEventListener.java:37)- cacheAdded... entityCache
2018-06-06 11:10:21,071 INFO (CustomerCacheManagerEventListener.java:38)- [ name = entityCache status = STATUS_ALIVE eternal = false overflowToDisk = true maxEntriesLocalHeap = 10000 maxEntriesLocalDisk = 100000 memoryStoreEvictionPolicy = LRU timeToLiveSeconds = 600 timeToIdleSeconds = 300 persistence = LOCALTEMPSWAP diskExpiryThreadIntervalSeconds = 1200 cacheEventListeners: com.jishitoutiao.cache.CustomerCacheEventListener ; orderedCacheEventListeners:  maxBytesLocalHeap = 0 overflowToOffHeap = false maxBytesLocalOffHeap = 0 maxBytesLocalDisk = 0 pinned = false ]
2018-06-06 11:10:21,077 INFO (CustomerCacheManagerEventListener.java:37)- cacheAdded... org.hibernate.cache.spi.UpdateTimestampsCache
2018-06-06 11:10:21,077 INFO (CustomerCacheManagerEventListener.java:38)- [ name = org.hibernate.cache.spi.UpdateTimestampsCache status = STATUS_ALIVE eternal = true overflowToDisk = true maxEntriesLocalHeap = 5000 maxEntriesLocalDisk = 0 memoryStoreEvictionPolicy = LRU timeToLiveSeconds = 0 timeToIdleSeconds = 0 persistence = LOCALTEMPSWAP diskExpiryThreadIntervalSeconds = 120 cacheEventListeners: com.jishitoutiao.cache.CustomerCacheEventListener ; orderedCacheEventListeners:  maxBytesLocalHeap = 0 overflowToOffHeap = false maxBytesLocalOffHeap = 0 maxBytesLocalDisk = 0 pinned = false ]
2018-06-06 11:10:21,083 INFO (CustomerCacheManagerEventListener.java:37)- cacheAdded... org.hibernate.cache.internal.StandardQueryCache
2018-06-06 11:10:21,083 INFO (CustomerCacheManagerEventListener.java:38)- [ name = org.hibernate.cache.internal.StandardQueryCache status = STATUS_ALIVE eternal = false overflowToDisk = true maxEntriesLocalHeap = 5 maxEntriesLocalDisk = 0 memoryStoreEvictionPolicy = LRU timeToLiveSeconds = 120 timeToIdleSeconds = 0 persistence = LOCALTEMPSWAP diskExpiryThreadIntervalSeconds = 120 cacheEventListeners: com.jishitoutiao.cache.CustomerCacheEventListener ; orderedCacheEventListeners:  maxBytesLocalHeap = 0 overflowToOffHeap = false maxBytesLocalOffHeap = 0 maxBytesLocalDisk = 0 pinned = false ]
2018-06-06 11:10:21,355 INFO (StartupInfoLogger.java:59)- Started Application in 8.974 seconds (JVM running for 10.55)
2018-06-06 11:10:29,143 INFO (CrawlerSourceController.java:41)- value=/,method=RequestMethod.GET: keyword: null , page_num: 1
2018-06-06 11:10:30,106 INFO (CustomerCacheEventListener.java:21)- cache put. key = SimpleKey [null,1], value = com.jishitoutiao.rely.PageObj@25fcb7ed
2018-06-06 11:15:30,084 INFO (CrawlerSourceController.java:41)- value=/,method=RequestMethod.GET: keyword: null , page_num: 1
2018-06-06 11:16:40,958 INFO (CrawlerSourceController.java:41)- value=/,method=RequestMethod.GET: keyword: null , page_num: 1
2018-06-06 11:17:52,858 INFO (CrawlerSourceController.java:101)- value=/{bid},method=RequestMethod.GET: bid: 4028298163ca2cd80163ca2d3d760000
2018-06-06 11:17:52,977 INFO (CustomerCacheEventListener.java:21)- cache put. key = crawlerSource_4028298163ca2cd80163ca2d3d760000, value = CrawlerSource [bid=4028298163ca2cd80163ca2d3d760000, bkey=草榴bkey, bname=美女banem, homepage=帅哥homepage, logo=大叔logo, remark=萝莉remark, lastUpdate=2018-06-04 17:42:32.0]
2018-06-06 11:18:14,641 INFO (CrawlerSourceController.java:101)- value=/{bid},method=RequestMethod.GET: bid: 4028298163ca2cd80163ca2d3d760000
2018-06-06 11:20:53,252 INFO (CrawlerSourceController.java:41)- value=/,method=RequestMethod.GET: keyword: null , page_num: 1
2018-06-06 11:20:53,258 INFO (CustomerCacheEventListener.java:31)- cache expired. key = SimpleKey [null,1], value = com.jishitoutiao.rely.PageObj@4545b561
2018-06-06 11:20:53,286 INFO (CustomerCacheEventListener.java:21)- cache put. key = SimpleKey [null,1], value = com.jishitoutiao.rely.PageObj@1dad0b77
2018-06-06 11:38:49,130 INFO (CrawlerSourceController.java:41)- value=/,method=RequestMethod.GET: keyword: 美女banem , page_num: 1
2018-06-06 11:38:49,242 INFO (CustomerCacheEventListener.java:21)- cache put. key = SimpleKey [美女banem,1], value = com.jishitoutiao.rely.PageObj@3363b276
2018-06-06 11:46:46,169 INFO (CustomerCacheManagerEventListener.java:32)- ehcache dispose...
2018-06-06 11:46:46,173 INFO (CustomerCacheEventListener.java:51)- cache dispose.
2018-06-06 11:46:46,183 INFO (CustomerCacheEventListener.java:51)- cache dispose.
2018-06-06 11:46:46,191 INFO (CustomerCacheEventListener.java:51)- cache dispose.
2018-06-06 14:15:54,126 INFO (StartupInfoLogger.java:50)- Starting Application on leitianxiangdeMacBook-Pro.local with PID 33233 (/Users/leitianxiang/Workspaces/intelli/jishitoutiao-api/target/classes started by leitianxiang in /Users/leitianxiang/Workspaces/intelli/jishitoutiao-api)
2018-06-06 14:15:54,134 DEBUG (StartupInfoLogger.java:53)- Running with Spring Boot v2.0.2.RELEASE, Spring v5.0.6.RELEASE
2018-06-06 14:15:54,137 INFO (SpringApplication.java:659)- No active profile set, falling back to default profiles: default
2018-06-06 14:16:06,625 INFO (CustomerCacheManagerEventListener.java:22)- init ehcache...
2018-06-06 14:16:06,712 INFO (CustomerCacheManagerEventListener.java:37)- cacheAdded... org.hibernate.cache.spi.UpdateTimestampsCache
2018-06-06 14:16:06,712 INFO (CustomerCacheManagerEventListener.java:38)- [ name = org.hibernate.cache.spi.UpdateTimestampsCache status = STATUS_ALIVE eternal = true overflowToDisk = true maxEntriesLocalHeap = 5000 maxEntriesLocalDisk = 0 memoryStoreEvictionPolicy = LRU timeToLiveSeconds = 0 timeToIdleSeconds = 0 persistence = LOCALTEMPSWAP diskExpiryThreadIntervalSeconds = 120 cacheEventListeners: com.jishitoutiao.cache.CustomerCacheEventListener ; orderedCacheEventListeners:  maxBytesLocalHeap = 0 overflowToOffHeap = false maxBytesLocalOffHeap = 0 maxBytesLocalDisk = 0 pinned = false ]
2018-06-06 14:16:06,719 INFO (CustomerCacheManagerEventListener.java:37)- cacheAdded... entityCache
2018-06-06 14:16:06,719 INFO (CustomerCacheManagerEventListener.java:38)- [ name = entityCache status = STATUS_ALIVE eternal = false overflowToDisk = true maxEntriesLocalHeap = 10000 maxEntriesLocalDisk = 100000 memoryStoreEvictionPolicy = LRU timeToLiveSeconds = 600 timeToIdleSeconds = 300 persistence = LOCALTEMPSWAP diskExpiryThreadIntervalSeconds = 1200 cacheEventListeners: com.jishitoutiao.cache.CustomerCacheEventListener ; orderedCacheEventListeners:  maxBytesLocalHeap = 0 overflowToOffHeap = false maxBytesLocalOffHeap = 0 maxBytesLocalDisk = 0 pinned = false ]
2018-06-06 14:16:06,730 INFO (CustomerCacheManagerEventListener.java:37)- cacheAdded... org.hibernate.cache.internal.StandardQueryCache
2018-06-06 14:16:06,730 INFO (CustomerCacheManagerEventListener.java:38)- [ name = org.hibernate.cache.internal.StandardQueryCache status = STATUS_ALIVE eternal = false overflowToDisk = true maxEntriesLocalHeap = 5 maxEntriesLocalDisk = 0 memoryStoreEvictionPolicy = LRU timeToLiveSeconds = 120 timeToIdleSeconds = 0 persistence = LOCALTEMPSWAP diskExpiryThreadIntervalSeconds = 120 cacheEventListeners: com.jishitoutiao.cache.CustomerCacheEventListener ; orderedCacheEventListeners:  maxBytesLocalHeap = 0 overflowToOffHeap = false maxBytesLocalOffHeap = 0 maxBytesLocalDisk = 0 pinned = false ]
2018-06-06 14:16:07,115 INFO (StartupInfoLogger.java:59)- Started Application in 13.953 seconds (JVM running for 15.28)
2018-06-06 14:16:16,751 INFO (CrawlerSourceController.java:41)- value=/,method=RequestMethod.GET: keyword: null , page_num: 1
2018-06-06 14:20:02,839 INFO (CustomerCacheManagerEventListener.java:32)- ehcache dispose...
2018-06-06 14:20:02,840 INFO (CustomerCacheEventListener.java:51)- cache dispose.
2018-06-06 14:20:02,844 INFO (CustomerCacheEventListener.java:51)- cache dispose.
2018-06-06 14:20:02,846 INFO (CustomerCacheEventListener.java:51)- cache dispose.
2018-06-06 14:20:13,696 INFO (StartupInfoLogger.java:50)- Starting Application on leitianxiangdeMacBook-Pro.local with PID 33371 (/Users/leitianxiang/Workspaces/intelli/jishitoutiao-api/target/classes started by leitianxiang in /Users/leitianxiang/Workspaces/intelli/jishitoutiao-api)
2018-06-06 14:20:13,704 DEBUG (StartupInfoLogger.java:53)- Running with Spring Boot v2.0.2.RELEASE, Spring v5.0.6.RELEASE
2018-06-06 14:20:13,709 INFO (SpringApplication.java:659)- No active profile set, falling back to default profiles: default
2018-06-06 14:20:21,618 INFO (CustomerCacheManagerEventListener.java:22)- init ehcache...
2018-06-06 14:20:21,747 INFO (CustomerCacheManagerEventListener.java:37)- cacheAdded... org.hibernate.cache.internal.StandardQueryCache
2018-06-06 14:20:21,747 INFO (CustomerCacheManagerEventListener.java:38)- [ name = org.hibernate.cache.internal.StandardQueryCache status = STATUS_ALIVE eternal = false overflowToDisk = true maxEntriesLocalHeap = 5 maxEntriesLocalDisk = 0 memoryStoreEvictionPolicy = LRU timeToLiveSeconds = 120 timeToIdleSeconds = 0 persistence = LOCALTEMPSWAP diskExpiryThreadIntervalSeconds = 120 cacheEventListeners: com.jishitoutiao.cache.CustomerCacheEventListener ; orderedCacheEventListeners:  maxBytesLocalHeap = 0 overflowToOffHeap = false maxBytesLocalOffHeap = 0 maxBytesLocalDisk = 0 pinned = false ]
2018-06-06 14:20:21,754 INFO (CustomerCacheManagerEventListener.java:37)- cacheAdded... org.hibernate.cache.spi.UpdateTimestampsCache
2018-06-06 14:20:21,754 INFO (CustomerCacheManagerEventListener.java:38)- [ name = org.hibernate.cache.spi.UpdateTimestampsCache status = STATUS_ALIVE eternal = true overflowToDisk = true maxEntriesLocalHeap = 5000 maxEntriesLocalDisk = 0 memoryStoreEvictionPolicy = LRU timeToLiveSeconds = 0 timeToIdleSeconds = 0 persistence = LOCALTEMPSWAP diskExpiryThreadIntervalSeconds = 120 cacheEventListeners: com.jishitoutiao.cache.CustomerCacheEventListener ; orderedCacheEventListeners:  maxBytesLocalHeap = 0 overflowToOffHeap = false maxBytesLocalOffHeap = 0 maxBytesLocalDisk = 0 pinned = false ]
2018-06-06 14:20:21,761 INFO (CustomerCacheManagerEventListener.java:37)- cacheAdded... entityCache
2018-06-06 14:20:21,761 INFO (CustomerCacheManagerEventListener.java:38)- [ name = entityCache status = STATUS_ALIVE eternal = false overflowToDisk = true maxEntriesLocalHeap = 10000 maxEntriesLocalDisk = 100000 memoryStoreEvictionPolicy = LRU timeToLiveSeconds = 600 timeToIdleSeconds = 300 persistence = LOCALTEMPSWAP diskExpiryThreadIntervalSeconds = 1200 cacheEventListeners: com.jishitoutiao.cache.CustomerCacheEventListener ; orderedCacheEventListeners:  maxBytesLocalHeap = 0 overflowToOffHeap = false maxBytesLocalOffHeap = 0 maxBytesLocalDisk = 0 pinned = false ]
2018-06-06 14:20:22,104 INFO (StartupInfoLogger.java:59)- Started Application in 9.394 seconds (JVM running for 12.252)
2018-06-06 14:20:27,872 INFO (CrawlerSourceController.java:41)- value=/,method=RequestMethod.GET: keyword: null , page_num: 1
2018-06-06 14:23:53,536 INFO (CustomerCacheManagerEventListener.java:32)- ehcache dispose...
2018-06-06 14:23:53,539 INFO (CustomerCacheEventListener.java:51)- cache dispose.
2018-06-06 14:23:53,547 INFO (CustomerCacheEventListener.java:51)- cache dispose.
2018-06-06 14:23:53,551 INFO (CustomerCacheEventListener.java:51)- cache dispose.
2018-06-06 14:24:07,106 INFO (StartupInfoLogger.java:50)- Starting Application on leitianxiangdeMacBook-Pro.local with PID 33492 (/Users/leitianxiang/Workspaces/intelli/jishitoutiao-api/target/classes started by leitianxiang in /Users/leitianxiang/Workspaces/intelli/jishitoutiao-api)
2018-06-06 14:24:07,115 DEBUG (StartupInfoLogger.java:53)- Running with Spring Boot v2.0.2.RELEASE, Spring v5.0.6.RELEASE
2018-06-06 14:24:07,119 INFO (SpringApplication.java:659)- No active profile set, falling back to default profiles: default
2018-06-06 14:24:15,110 INFO (CustomerCacheManagerEventListener.java:22)- init ehcache...
2018-06-06 14:24:15,217 INFO (CustomerCacheManagerEventListener.java:37)- cacheAdded... org.hibernate.cache.spi.UpdateTimestampsCache
2018-06-06 14:24:15,219 INFO (CustomerCacheManagerEventListener.java:38)- [ name = org.hibernate.cache.spi.UpdateTimestampsCache status = STATUS_ALIVE eternal = true overflowToDisk = true maxEntriesLocalHeap = 5000 maxEntriesLocalDisk = 0 memoryStoreEvictionPolicy = LRU timeToLiveSeconds = 0 timeToIdleSeconds = 0 persistence = LOCALTEMPSWAP diskExpiryThreadIntervalSeconds = 120 cacheEventListeners: com.jishitoutiao.cache.CustomerCacheEventListener ; orderedCacheEventListeners:  maxBytesLocalHeap = 0 overflowToOffHeap = false maxBytesLocalOffHeap = 0 maxBytesLocalDisk = 0 pinned = false ]
2018-06-06 14:24:15,227 INFO (CustomerCacheManagerEventListener.java:37)- cacheAdded... org.hibernate.cache.internal.StandardQueryCache
2018-06-06 14:24:15,227 INFO (CustomerCacheManagerEventListener.java:38)- [ name = org.hibernate.cache.internal.StandardQueryCache status = STATUS_ALIVE eternal = false overflowToDisk = true maxEntriesLocalHeap = 5 maxEntriesLocalDisk = 0 memoryStoreEvictionPolicy = LRU timeToLiveSeconds = 120 timeToIdleSeconds = 0 persistence = LOCALTEMPSWAP diskExpiryThreadIntervalSeconds = 120 cacheEventListeners: com.jishitoutiao.cache.CustomerCacheEventListener ; orderedCacheEventListeners:  maxBytesLocalHeap = 0 overflowToOffHeap = false maxBytesLocalOffHeap = 0 maxBytesLocalDisk = 0 pinned = false ]
2018-06-06 14:24:15,234 INFO (CustomerCacheManagerEventListener.java:37)- cacheAdded... entityCache
2018-06-06 14:24:15,234 INFO (CustomerCacheManagerEventListener.java:38)- [ name = entityCache status = STATUS_ALIVE eternal = false overflowToDisk = true maxEntriesLocalHeap = 10000 maxEntriesLocalDisk = 100000 memoryStoreEvictionPolicy = LRU timeToLiveSeconds = 600 timeToIdleSeconds = 300 persistence = LOCALTEMPSWAP diskExpiryThreadIntervalSeconds = 1200 cacheEventListeners: com.jishitoutiao.cache.CustomerCacheEventListener ; orderedCacheEventListeners:  maxBytesLocalHeap = 0 overflowToOffHeap = false maxBytesLocalOffHeap = 0 maxBytesLocalDisk = 0 pinned = false ]
2018-06-06 14:24:15,671 INFO (StartupInfoLogger.java:59)- Started Application in 9.496 seconds (JVM running for 11.16)
2018-06-06 14:24:24,502 INFO (CrawlerSourceController.java:41)- value=/,method=RequestMethod.GET: keyword: null , page_num: 1
2018-06-06 14:26:48,151 INFO (CrawlerSourceController.java:41)- value=/,method=RequestMethod.GET: keyword: null , page_num: 1
2018-06-06 14:55:33,251 INFO (CrawlerSourceController.java:41)- value=/,method=RequestMethod.GET: keyword: null , page_num: 1
2018-06-06 15:37:14,122 INFO (CustomerCacheManagerEventListener.java:32)- ehcache dispose...
2018-06-06 15:37:14,127 INFO (CustomerCacheEventListener.java:51)- cache dispose.
2018-06-06 15:37:14,154 INFO (CustomerCacheEventListener.java:51)- cache dispose.
2018-06-06 15:37:14,162 INFO (CustomerCacheEventListener.java:51)- cache dispose.
2018-06-06 15:38:10,798 INFO (StartupInfoLogger.java:50)- Starting Application on leitianxiangdeMacBook-Pro.local with PID 35885 (/Users/leitianxiang/Workspaces/intelli/jishitoutiao-api/target/classes started by leitianxiang in /Users/leitianxiang/Workspaces/intelli/jishitoutiao-api)
2018-06-06 15:38:10,805 DEBUG (StartupInfoLogger.java:53)- Running with Spring Boot v2.0.2.RELEASE, Spring v5.0.6.RELEASE
2018-06-06 15:38:10,809 INFO (SpringApplication.java:659)- No active profile set, falling back to default profiles: default
2018-06-06 15:38:19,142 INFO (CustomerCacheManagerEventListener.java:22)- init ehcache...
2018-06-06 15:38:19,290 INFO (CustomerCacheManagerEventListener.java:37)- cacheAdded... org.hibernate.cache.internal.StandardQueryCache
2018-06-06 15:38:19,292 INFO (CustomerCacheManagerEventListener.java:38)- [ name = org.hibernate.cache.internal.StandardQueryCache status = STATUS_ALIVE eternal = false overflowToDisk = true maxEntriesLocalHeap = 5 maxEntriesLocalDisk = 0 memoryStoreEvictionPolicy = LRU timeToLiveSeconds = 120 timeToIdleSeconds = 0 persistence = LOCALTEMPSWAP diskExpiryThreadIntervalSeconds = 120 cacheEventListeners: com.jishitoutiao.cache.CustomerCacheEventListener ; orderedCacheEventListeners:  maxBytesLocalHeap = 0 overflowToOffHeap = false maxBytesLocalOffHeap = 0 maxBytesLocalDisk = 0 pinned = false ]
2018-06-06 15:38:19,304 INFO (CustomerCacheManagerEventListener.java:37)- cacheAdded... entityCache
2018-06-06 15:38:19,305 INFO (CustomerCacheManagerEventListener.java:38)- [ name = entityCache status = STATUS_ALIVE eternal = false overflowToDisk = true maxEntriesLocalHeap = 10000 maxEntriesLocalDisk = 100000 memoryStoreEvictionPolicy = LRU timeToLiveSeconds = 600 timeToIdleSeconds = 300 persistence = LOCALTEMPSWAP diskExpiryThreadIntervalSeconds = 1200 cacheEventListeners: com.jishitoutiao.cache.CustomerCacheEventListener ; orderedCacheEventListeners:  maxBytesLocalHeap = 0 overflowToOffHeap = false maxBytesLocalOffHeap = 0 maxBytesLocalDisk = 0 pinned = false ]
2018-06-06 15:38:19,319 INFO (CustomerCacheManagerEventListener.java:37)- cacheAdded... org.hibernate.cache.spi.UpdateTimestampsCache
2018-06-06 15:38:19,320 INFO (CustomerCacheManagerEventListener.java:38)- [ name = org.hibernate.cache.spi.UpdateTimestampsCache status = STATUS_ALIVE eternal = true overflowToDisk = true maxEntriesLocalHeap = 5000 maxEntriesLocalDisk = 0 memoryStoreEvictionPolicy = LRU timeToLiveSeconds = 0 timeToIdleSeconds = 0 persistence = LOCALTEMPSWAP diskExpiryThreadIntervalSeconds = 120 cacheEventListeners: com.jishitoutiao.cache.CustomerCacheEventListener ; orderedCacheEventListeners:  maxBytesLocalHeap = 0 overflowToOffHeap = false maxBytesLocalOffHeap = 0 maxBytesLocalDisk = 0 pinned = false ]
2018-06-06 15:38:19,744 INFO (StartupInfoLogger.java:59)- Started Application in 10.333 seconds (JVM running for 12.785)
2018-06-06 15:38:31,174 INFO (CrawlerCategoryController.java:47)- value=/,method=RequestMethod.GET: keyword: null , page_num: 1
2018-06-06 15:41:50,621 INFO (CustomerCacheManagerEventListener.java:32)- ehcache dispose...
2018-06-06 15:41:50,629 INFO (CustomerCacheEventListener.java:51)- cache dispose.
2018-06-06 15:41:50,640 INFO (CustomerCacheEventListener.java:51)- cache dispose.
2018-06-06 15:41:50,645 INFO (CustomerCacheEventListener.java:51)- cache dispose.
2018-06-06 15:41:53,980 INFO (StartupInfoLogger.java:50)- Starting Application on leitianxiangdeMacBook-Pro.local with PID 36005 (/Users/leitianxiang/Workspaces/intelli/jishitoutiao-api/target/classes started by leitianxiang in /Users/leitianxiang/Workspaces/intelli/jishitoutiao-api)
2018-06-06 15:41:53,987 DEBUG (StartupInfoLogger.java:53)- Running with Spring Boot v2.0.2.RELEASE, Spring v5.0.6.RELEASE
2018-06-06 15:41:53,989 INFO (SpringApplication.java:659)- No active profile set, falling back to default profiles: default
2018-06-06 15:42:03,794 INFO (CustomerCacheManagerEventListener.java:22)- init ehcache...
2018-06-06 15:42:03,900 INFO (CustomerCacheManagerEventListener.java:37)- cacheAdded... org.hibernate.cache.internal.StandardQueryCache
2018-06-06 15:42:03,900 INFO (CustomerCacheManagerEventListener.java:38)- [ name = org.hibernate.cache.internal.StandardQueryCache status = STATUS_ALIVE eternal = false overflowToDisk = true maxEntriesLocalHeap = 5 maxEntriesLocalDisk = 0 memoryStoreEvictionPolicy = LRU timeToLiveSeconds = 120 timeToIdleSeconds = 0 persistence = LOCALTEMPSWAP diskExpiryThreadIntervalSeconds = 120 cacheEventListeners: com.jishitoutiao.cache.CustomerCacheEventListener ; orderedCacheEventListeners:  maxBytesLocalHeap = 0 overflowToOffHeap = false maxBytesLocalOffHeap = 0 maxBytesLocalDisk = 0 pinned = false ]
2018-06-06 15:42:03,907 INFO (CustomerCacheManagerEventListener.java:37)- cacheAdded... entityCache
2018-06-06 15:42:03,907 INFO (CustomerCacheManagerEventListener.java:38)- [ name = entityCache status = STATUS_ALIVE eternal = false overflowToDisk = true maxEntriesLocalHeap = 10000 maxEntriesLocalDisk = 100000 memoryStoreEvictionPolicy = LRU timeToLiveSeconds = 600 timeToIdleSeconds = 300 persistence = LOCALTEMPSWAP diskExpiryThreadIntervalSeconds = 1200 cacheEventListeners: com.jishitoutiao.cache.CustomerCacheEventListener ; orderedCacheEventListeners:  maxBytesLocalHeap = 0 overflowToOffHeap = false maxBytesLocalOffHeap = 0 maxBytesLocalDisk = 0 pinned = false ]
2018-06-06 15:42:03,916 INFO (CustomerCacheManagerEventListener.java:37)- cacheAdded... org.hibernate.cache.spi.UpdateTimestampsCache
2018-06-06 15:42:03,917 INFO (CustomerCacheManagerEventListener.java:38)- [ name = org.hibernate.cache.spi.UpdateTimestampsCache status = STATUS_ALIVE eternal = true overflowToDisk = true maxEntriesLocalHeap = 5000 maxEntriesLocalDisk = 0 memoryStoreEvictionPolicy = LRU timeToLiveSeconds = 0 timeToIdleSeconds = 0 persistence = LOCALTEMPSWAP diskExpiryThreadIntervalSeconds = 120 cacheEventListeners: com.jishitoutiao.cache.CustomerCacheEventListener ; orderedCacheEventListeners:  maxBytesLocalHeap = 0 overflowToOffHeap = false maxBytesLocalOffHeap = 0 maxBytesLocalDisk = 0 pinned = false ]
2018-06-06 15:42:04,275 INFO (StartupInfoLogger.java:59)- Started Application in 11.302 seconds (JVM running for 12.694)
2018-06-06 15:42:10,944 INFO (CrawlerCategoryController.java:47)- value=/,method=RequestMethod.GET: keyword: null , page_num: 1
2018-06-06 16:20:58,122 INFO (CustomerCacheManagerEventListener.java:32)- ehcache dispose...
2018-06-06 16:20:58,125 INFO (CustomerCacheEventListener.java:51)- cache dispose.
2018-06-06 16:20:58,136 INFO (CustomerCacheEventListener.java:51)- cache dispose.
2018-06-06 16:20:58,142 INFO (CustomerCacheEventListener.java:51)- cache dispose.
2018-06-06 16:21:02,717 INFO (StartupInfoLogger.java:50)- Starting Application on leitianxiangdeMacBook-Pro.local with PID 37311 (/Users/leitianxiang/Workspaces/intelli/jishitoutiao-api/target/classes started by leitianxiang in /Users/leitianxiang/Workspaces/intelli/jishitoutiao-api)
2018-06-06 16:21:02,729 DEBUG (StartupInfoLogger.java:53)- Running with Spring Boot v2.0.2.RELEASE, Spring v5.0.6.RELEASE
2018-06-06 16:21:02,731 INFO (SpringApplication.java:659)- No active profile set, falling back to default profiles: default
2018-06-06 16:21:14,118 INFO (CustomerCacheManagerEventListener.java:22)- init ehcache...
2018-06-06 16:21:14,226 INFO (CustomerCacheManagerEventListener.java:37)- cacheAdded... org.hibernate.cache.spi.UpdateTimestampsCache
2018-06-06 16:21:14,227 INFO (CustomerCacheManagerEventListener.java:38)- [ name = org.hibernate.cache.spi.UpdateTimestampsCache status = STATUS_ALIVE eternal = true overflowToDisk = true maxEntriesLocalHeap = 5000 maxEntriesLocalDisk = 0 memoryStoreEvictionPolicy = LRU timeToLiveSeconds = 0 timeToIdleSeconds = 0 persistence = LOCALTEMPSWAP diskExpiryThreadIntervalSeconds = 120 cacheEventListeners: com.jishitoutiao.cache.CustomerCacheEventListener ; orderedCacheEventListeners:  maxBytesLocalHeap = 0 overflowToOffHeap = false maxBytesLocalOffHeap = 0 maxBytesLocalDisk = 0 pinned = false ]
2018-06-06 16:21:14,234 INFO (CustomerCacheManagerEventListener.java:37)- cacheAdded... entityCache
2018-06-06 16:21:14,235 INFO (CustomerCacheManagerEventListener.java:38)- [ name = entityCache status = STATUS_ALIVE eternal = false overflowToDisk = true maxEntriesLocalHeap = 10000 maxEntriesLocalDisk = 100000 memoryStoreEvictionPolicy = LRU timeToLiveSeconds = 600 timeToIdleSeconds = 300 persistence = LOCALTEMPSWAP diskExpiryThreadIntervalSeconds = 1200 cacheEventListeners: com.jishitoutiao.cache.CustomerCacheEventListener ; orderedCacheEventListeners:  maxBytesLocalHeap = 0 overflowToOffHeap = false maxBytesLocalOffHeap = 0 maxBytesLocalDisk = 0 pinned = false ]
2018-06-06 16:21:14,241 INFO (CustomerCacheManagerEventListener.java:37)- cacheAdded... org.hibernate.cache.internal.StandardQueryCache
2018-06-06 16:21:14,241 INFO (CustomerCacheManagerEventListener.java:38)- [ name = org.hibernate.cache.internal.StandardQueryCache status = STATUS_ALIVE eternal = false overflowToDisk = true maxEntriesLocalHeap = 5 maxEntriesLocalDisk = 0 memoryStoreEvictionPolicy = LRU timeToLiveSeconds = 120 timeToIdleSeconds = 0 persistence = LOCALTEMPSWAP diskExpiryThreadIntervalSeconds = 120 cacheEventListeners: com.jishitoutiao.cache.CustomerCacheEventListener ; orderedCacheEventListeners:  maxBytesLocalHeap = 0 overflowToOffHeap = false maxBytesLocalOffHeap = 0 maxBytesLocalDisk = 0 pinned = false ]
2018-06-06 16:21:14,605 INFO (StartupInfoLogger.java:59)- Started Application in 13.177 seconds (JVM running for 15.269)
2018-06-06 16:21:44,176 INFO (CrawlerDynamicIpController.java:50)- value=/,method=RequestMethod.GET: keyword: null ,protocol: null ,page_num: 1
2018-06-06 16:23:21,264 INFO (CrawlerDynamicIpController.java:50)- value=/,method=RequestMethod.GET: keyword: null ,protocol: HTTP ,page_num: 1
2018-06-06 16:24:02,016 INFO (CustomerCacheManagerEventListener.java:32)- ehcache dispose...
2018-06-06 16:24:02,017 INFO (CustomerCacheEventListener.java:51)- cache dispose.
2018-06-06 16:24:02,027 INFO (CustomerCacheEventListener.java:51)- cache dispose.
2018-06-06 16:24:02,028 INFO (CustomerCacheEventListener.java:51)- cache dispose.
2018-06-06 16:24:09,581 INFO (StartupInfoLogger.java:50)- Starting Application on leitianxiangdeMacBook-Pro.local with PID 37411 (/Users/leitianxiang/Workspaces/intelli/jishitoutiao-api/target/classes started by leitianxiang in /Users/leitianxiang/Workspaces/intelli/jishitoutiao-api)
2018-06-06 16:24:09,590 DEBUG (StartupInfoLogger.java:53)- Running with Spring Boot v2.0.2.RELEASE, Spring v5.0.6.RELEASE
2018-06-06 16:24:09,593 INFO (SpringApplication.java:659)- No active profile set, falling back to default profiles: default
2018-06-06 16:24:18,448 INFO (CustomerCacheManagerEventListener.java:22)- init ehcache...
2018-06-06 16:24:18,531 INFO (CustomerCacheManagerEventListener.java:37)- cacheAdded... org.hibernate.cache.spi.UpdateTimestampsCache
2018-06-06 16:24:18,532 INFO (CustomerCacheManagerEventListener.java:38)- [ name = org.hibernate.cache.spi.UpdateTimestampsCache status = STATUS_ALIVE eternal = true overflowToDisk = true maxEntriesLocalHeap = 5000 maxEntriesLocalDisk = 0 memoryStoreEvictionPolicy = LRU timeToLiveSeconds = 0 timeToIdleSeconds = 0 persistence = LOCALTEMPSWAP diskExpiryThreadIntervalSeconds = 120 cacheEventListeners: com.jishitoutiao.cache.CustomerCacheEventListener ; orderedCacheEventListeners:  maxBytesLocalHeap = 0 overflowToOffHeap = false maxBytesLocalOffHeap = 0 maxBytesLocalDisk = 0 pinned = false ]
2018-06-06 16:24:18,539 INFO (CustomerCacheManagerEventListener.java:37)- cacheAdded... entityCache
2018-06-06 16:24:18,539 INFO (CustomerCacheManagerEventListener.java:38)- [ name = entityCache status = STATUS_ALIVE eternal = false overflowToDisk = true maxEntriesLocalHeap = 10000 maxEntriesLocalDisk = 100000 memoryStoreEvictionPolicy = LRU timeToLiveSeconds = 600 timeToIdleSeconds = 300 persistence = LOCALTEMPSWAP diskExpiryThreadIntervalSeconds = 1200 cacheEventListeners: com.jishitoutiao.cache.CustomerCacheEventListener ; orderedCacheEventListeners:  maxBytesLocalHeap = 0 overflowToOffHeap = false maxBytesLocalOffHeap = 0 maxBytesLocalDisk = 0 pinned = false ]
2018-06-06 16:24:18,546 INFO (CustomerCacheManagerEventListener.java:37)- cacheAdded... org.hibernate.cache.internal.StandardQueryCache
2018-06-06 16:24:18,546 INFO (CustomerCacheManagerEventListener.java:38)- [ name = org.hibernate.cache.internal.StandardQueryCache status = STATUS_ALIVE eternal = false overflowToDisk = true maxEntriesLocalHeap = 5 maxEntriesLocalDisk = 0 memoryStoreEvictionPolicy = LRU timeToLiveSeconds = 120 timeToIdleSeconds = 0 persistence = LOCALTEMPSWAP diskExpiryThreadIntervalSeconds = 120 cacheEventListeners: com.jishitoutiao.cache.CustomerCacheEventListener ; orderedCacheEventListeners:  maxBytesLocalHeap = 0 overflowToOffHeap = false maxBytesLocalOffHeap = 0 maxBytesLocalDisk = 0 pinned = false ]
2018-06-06 16:24:18,834 INFO (StartupInfoLogger.java:59)- Started Application in 10.116 seconds (JVM running for 11.019)
2018-06-06 17:06:48,514 INFO (CrawlerDynamicIpController.java:50)- value=/,method=RequestMethod.GET: keyword: null ,protocol: null ,page_num: 1
2018-06-06 17:07:51,077 INFO (CrawlerDynamicIpController.java:50)- value=/,method=RequestMethod.GET: keyword: null ,protocol: HTTP ,page_num: 1
2018-06-06 17:09:01,939 INFO (CustomerCacheManagerEventListener.java:32)- ehcache dispose...
2018-06-06 17:09:01,940 INFO (CustomerCacheEventListener.java:51)- cache dispose.
2018-06-06 17:09:01,952 INFO (CustomerCacheEventListener.java:51)- cache dispose.
2018-06-06 17:09:01,954 INFO (CustomerCacheEventListener.java:51)- cache dispose.
2018-06-06 17:09:12,405 INFO (StartupInfoLogger.java:50)- Starting Application on leitianxiangdeMacBook-Pro.local with PID 39053 (/Users/leitianxiang/Workspaces/intelli/jishitoutiao-api/target/classes started by leitianxiang in /Users/leitianxiang/Workspaces/intelli/jishitoutiao-api)
2018-06-06 17:09:12,413 DEBUG (StartupInfoLogger.java:53)- Running with Spring Boot v2.0.2.RELEASE, Spring v5.0.6.RELEASE
2018-06-06 17:09:12,416 INFO (SpringApplication.java:659)- No active profile set, falling back to default profiles: default
2018-06-06 17:09:21,489 INFO (CustomerCacheManagerEventListener.java:22)- init ehcache...
2018-06-06 17:09:21,603 INFO (CustomerCacheManagerEventListener.java:37)- cacheAdded... org.hibernate.cache.internal.StandardQueryCache
2018-06-06 17:09:21,604 INFO (CustomerCacheManagerEventListener.java:38)- [ name = org.hibernate.cache.internal.StandardQueryCache status = STATUS_ALIVE eternal = false overflowToDisk = true maxEntriesLocalHeap = 5 maxEntriesLocalDisk = 0 memoryStoreEvictionPolicy = LRU timeToLiveSeconds = 120 timeToIdleSeconds = 0 persistence = LOCALTEMPSWAP diskExpiryThreadIntervalSeconds = 120 cacheEventListeners: com.jishitoutiao.cache.CustomerCacheEventListener ; orderedCacheEventListeners:  maxBytesLocalHeap = 0 overflowToOffHeap = false maxBytesLocalOffHeap = 0 maxBytesLocalDisk = 0 pinned = false ]
2018-06-06 17:09:21,610 INFO (CustomerCacheManagerEventListener.java:37)- cacheAdded... entityCache
2018-06-06 17:09:21,610 INFO (CustomerCacheManagerEventListener.java:38)- [ name = entityCache status = STATUS_ALIVE eternal = false overflowToDisk = true maxEntriesLocalHeap = 10000 maxEntriesLocalDisk = 100000 memoryStoreEvictionPolicy = LRU timeToLiveSeconds = 600 timeToIdleSeconds = 300 persistence = LOCALTEMPSWAP diskExpiryThreadIntervalSeconds = 1200 cacheEventListeners: com.jishitoutiao.cache.CustomerCacheEventListener ; orderedCacheEventListeners:  maxBytesLocalHeap = 0 overflowToOffHeap = false maxBytesLocalOffHeap = 0 maxBytesLocalDisk = 0 pinned = false ]
2018-06-06 17:09:21,616 INFO (CustomerCacheManagerEventListener.java:37)- cacheAdded... org.hibernate.cache.spi.UpdateTimestampsCache
2018-06-06 17:09:21,616 INFO (CustomerCacheManagerEventListener.java:38)- [ name = org.hibernate.cache.spi.UpdateTimestampsCache status = STATUS_ALIVE eternal = true overflowToDisk = true maxEntriesLocalHeap = 5000 maxEntriesLocalDisk = 0 memoryStoreEvictionPolicy = LRU timeToLiveSeconds = 0 timeToIdleSeconds = 0 persistence = LOCALTEMPSWAP diskExpiryThreadIntervalSeconds = 120 cacheEventListeners: com.jishitoutiao.cache.CustomerCacheEventListener ; orderedCacheEventListeners:  maxBytesLocalHeap = 0 overflowToOffHeap = false maxBytesLocalOffHeap = 0 maxBytesLocalDisk = 0 pinned = false ]
2018-06-06 17:09:21,986 INFO (StartupInfoLogger.java:59)- Started Application in 10.588 seconds (JVM running for 12.516)
2018-06-06 17:09:43,024 INFO (CrawlerDynamicIpController.java:50)- value=/,method=RequestMethod.GET: keyword: null ,protocol: HTTP ,page_num: 1
2018-06-06 17:11:08,176 INFO (CrawlerDynamicIpController.java:50)- value=/,method=RequestMethod.GET: keyword: null ,protocol: HTTP ,page_num: 1
2018-06-06 17:52:02,437 INFO (CustomerCacheManagerEventListener.java:32)- ehcache dispose...
2018-06-06 17:52:02,440 INFO (CustomerCacheEventListener.java:51)- cache dispose.
2018-06-06 17:52:02,445 INFO (CustomerCacheEventListener.java:51)- cache dispose.
2018-06-06 17:52:02,447 INFO (CustomerCacheEventListener.java:51)- cache dispose.
2018-06-06 18:13:35,506 INFO (StartupInfoLogger.java:50)- Starting Application on leitianxiangdeMacBook-Pro.local with PID 41155 (/Users/leitianxiang/Workspaces/intelli/jishitoutiao-api/target/classes started by leitianxiang in /Users/leitianxiang/Workspaces/intelli/jishitoutiao-api)
2018-06-06 18:13:35,525 DEBUG (StartupInfoLogger.java:53)- Running with Spring Boot v2.0.2.RELEASE, Spring v5.0.6.RELEASE
2018-06-06 18:13:35,533 INFO (SpringApplication.java:659)- No active profile set, falling back to default profiles: default
2018-06-06 18:13:48,868 INFO (CustomerCacheManagerEventListener.java:22)- init ehcache...
2018-06-06 18:13:49,004 INFO (CustomerCacheManagerEventListener.java:37)- cacheAdded... org.hibernate.cache.internal.StandardQueryCache
2018-06-06 18:13:49,005 INFO (CustomerCacheManagerEventListener.java:38)- [ name = org.hibernate.cache.internal.StandardQueryCache status = STATUS_ALIVE eternal = false overflowToDisk = true maxEntriesLocalHeap = 5 maxEntriesLocalDisk = 0 memoryStoreEvictionPolicy = LRU timeToLiveSeconds = 120 timeToIdleSeconds = 0 persistence = LOCALTEMPSWAP diskExpiryThreadIntervalSeconds = 120 cacheEventListeners: com.jishitoutiao.cache.CustomerCacheEventListener ; orderedCacheEventListeners:  maxBytesLocalHeap = 0 overflowToOffHeap = false maxBytesLocalOffHeap = 0 maxBytesLocalDisk = 0 pinned = false ]
2018-06-06 18:13:49,015 INFO (CustomerCacheManagerEventListener.java:37)- cacheAdded... entityCache
2018-06-06 18:13:49,015 INFO (CustomerCacheManagerEventListener.java:38)- [ name = entityCache status = STATUS_ALIVE eternal = false overflowToDisk = true maxEntriesLocalHeap = 10000 maxEntriesLocalDisk = 100000 memoryStoreEvictionPolicy = LRU timeToLiveSeconds = 600 timeToIdleSeconds = 300 persistence = LOCALTEMPSWAP diskExpiryThreadIntervalSeconds = 1200 cacheEventListeners: com.jishitoutiao.cache.CustomerCacheEventListener ; orderedCacheEventListeners:  maxBytesLocalHeap = 0 overflowToOffHeap = false maxBytesLocalOffHeap = 0 maxBytesLocalDisk = 0 pinned = false ]
2018-06-06 18:13:49,022 INFO (CustomerCacheManagerEventListener.java:37)- cacheAdded... org.hibernate.cache.spi.UpdateTimestampsCache
2018-06-06 18:13:49,022 INFO (CustomerCacheManagerEventListener.java:38)- [ name = org.hibernate.cache.spi.UpdateTimestampsCache status = STATUS_ALIVE eternal = true overflowToDisk = true maxEntriesLocalHeap = 5000 maxEntriesLocalDisk = 0 memoryStoreEvictionPolicy = LRU timeToLiveSeconds = 0 timeToIdleSeconds = 0 persistence = LOCALTEMPSWAP diskExpiryThreadIntervalSeconds = 120 cacheEventListeners: com.jishitoutiao.cache.CustomerCacheEventListener ; orderedCacheEventListeners:  maxBytesLocalHeap = 0 overflowToOffHeap = false maxBytesLocalOffHeap = 0 maxBytesLocalDisk = 0 pinned = false ]
2018-06-06 18:13:49,379 INFO (StartupInfoLogger.java:59)- Started Application in 15.036 seconds (JVM running for 16.86)
2018-06-06 18:14:25,548 INFO (CrawlerDynamicIpController.java:49)- value=/,method=RequestMethod.GET: keyword: null ,protocol: HTTP ,page_num: 1
2018-06-06 18:14:47,003 ERROR (CrawlerDynamicIpController.java:66)- Unable to locate Attribute  with the the given name [Protocol] on this ManagedType [com.jishitoutiao.domain.CrawlerDynamicIp]; nested exception is java.lang.IllegalArgumentException: Unable to locate Attribute  with the the given name [Protocol] on this ManagedType [com.jishitoutiao.domain.CrawlerDynamicIp]
2018-06-06 18:17:31,597 INFO (CustomerCacheManagerEventListener.java:32)- ehcache dispose...
2018-06-06 18:17:31,602 INFO (CustomerCacheEventListener.java:51)- cache dispose.
2018-06-06 18:17:31,607 INFO (CustomerCacheEventListener.java:51)- cache dispose.
2018-06-06 18:17:31,610 INFO (CustomerCacheEventListener.java:51)- cache dispose.
2018-06-06 18:17:35,777 INFO (StartupInfoLogger.java:50)- Starting Application on leitianxiangdeMacBook-Pro.local with PID 41283 (/Users/leitianxiang/Workspaces/intelli/jishitoutiao-api/target/classes started by leitianxiang in /Users/leitianxiang/Workspaces/intelli/jishitoutiao-api)
2018-06-06 18:17:35,785 DEBUG (StartupInfoLogger.java:53)- Running with Spring Boot v2.0.2.RELEASE, Spring v5.0.6.RELEASE
2018-06-06 18:17:35,788 INFO (SpringApplication.java:659)- No active profile set, falling back to default profiles: default
2018-06-06 18:17:50,222 INFO (CustomerCacheManagerEventListener.java:22)- init ehcache...
2018-06-06 18:17:50,367 INFO (CustomerCacheManagerEventListener.java:37)- cacheAdded... org.hibernate.cache.internal.StandardQueryCache
2018-06-06 18:17:50,367 INFO (CustomerCacheManagerEventListener.java:38)- [ name = org.hibernate.cache.internal.StandardQueryCache status = STATUS_ALIVE eternal = false overflowToDisk = true maxEntriesLocalHeap = 5 maxEntriesLocalDisk = 0 memoryStoreEvictionPolicy = LRU timeToLiveSeconds = 120 timeToIdleSeconds = 0 persistence = LOCALTEMPSWAP diskExpiryThreadIntervalSeconds = 120 cacheEventListeners: com.jishitoutiao.cache.CustomerCacheEventListener ; orderedCacheEventListeners:  maxBytesLocalHeap = 0 overflowToOffHeap = false maxBytesLocalOffHeap = 0 maxBytesLocalDisk = 0 pinned = false ]
2018-06-06 18:17:50,375 INFO (CustomerCacheManagerEventListener.java:37)- cacheAdded... org.hibernate.cache.spi.UpdateTimestampsCache
2018-06-06 18:17:50,375 INFO (CustomerCacheManagerEventListener.java:38)- [ name = org.hibernate.cache.spi.UpdateTimestampsCache status = STATUS_ALIVE eternal = true overflowToDisk = true maxEntriesLocalHeap = 5000 maxEntriesLocalDisk = 0 memoryStoreEvictionPolicy = LRU timeToLiveSeconds = 0 timeToIdleSeconds = 0 persistence = LOCALTEMPSWAP diskExpiryThreadIntervalSeconds = 120 cacheEventListeners: com.jishitoutiao.cache.CustomerCacheEventListener ; orderedCacheEventListeners:  maxBytesLocalHeap = 0 overflowToOffHeap = false maxBytesLocalOffHeap = 0 maxBytesLocalDisk = 0 pinned = false ]
2018-06-06 18:17:50,382 INFO (CustomerCacheManagerEventListener.java:37)- cacheAdded... entityCache
2018-06-06 18:17:50,382 INFO (CustomerCacheManagerEventListener.java:38)- [ name = entityCache status = STATUS_ALIVE eternal = false overflowToDisk = true maxEntriesLocalHeap = 10000 maxEntriesLocalDisk = 100000 memoryStoreEvictionPolicy = LRU timeToLiveSeconds = 600 timeToIdleSeconds = 300 persistence = LOCALTEMPSWAP diskExpiryThreadIntervalSeconds = 1200 cacheEventListeners: com.jishitoutiao.cache.CustomerCacheEventListener ; orderedCacheEventListeners:  maxBytesLocalHeap = 0 overflowToOffHeap = false maxBytesLocalOffHeap = 0 maxBytesLocalDisk = 0 pinned = false ]
2018-06-06 18:17:50,834 INFO (StartupInfoLogger.java:59)- Started Application in 15.878 seconds (JVM running for 17.448)
2018-06-06 18:19:13,606 INFO (CrawlerDynamicIpController.java:49)- value=/,method=RequestMethod.GET: keyword: null ,protocol: HTTP ,page_num: 1
2018-06-06 18:19:25,685 ERROR (CrawlerDynamicIpController.java:66)- Parameter value [HTTP] did not match expected type [com.jishitoutiao.rely.Protocol (n/a)]; nested exception is java.lang.IllegalArgumentException: Parameter value [HTTP] did not match expected type [com.jishitoutiao.rely.Protocol (n/a)]
2018-06-06 18:26:02,546 INFO (CustomerCacheManagerEventListener.java:32)- ehcache dispose...
2018-06-06 18:26:02,549 INFO (CustomerCacheEventListener.java:51)- cache dispose.
2018-06-06 18:26:02,556 INFO (CustomerCacheEventListener.java:51)- cache dispose.
2018-06-06 18:26:02,557 INFO (CustomerCacheEventListener.java:51)- cache dispose.
2018-06-06 18:26:06,974 INFO (StartupInfoLogger.java:50)- Starting Application on leitianxiangdeMacBook-Pro.local with PID 41552 (/Users/leitianxiang/Workspaces/intelli/jishitoutiao-api/target/classes started by leitianxiang in /Users/leitianxiang/Workspaces/intelli/jishitoutiao-api)
2018-06-06 18:26:06,989 DEBUG (StartupInfoLogger.java:53)- Running with Spring Boot v2.0.2.RELEASE, Spring v5.0.6.RELEASE
2018-06-06 18:26:06,992 INFO (SpringApplication.java:659)- No active profile set, falling back to default profiles: default
2018-06-06 18:26:23,433 INFO (CustomerCacheManagerEventListener.java:22)- init ehcache...
2018-06-06 18:26:23,547 INFO (CustomerCacheManagerEventListener.java:37)- cacheAdded... entityCache
2018-06-06 18:26:23,548 INFO (CustomerCacheManagerEventListener.java:38)- [ name = entityCache status = STATUS_ALIVE eternal = false overflowToDisk = true maxEntriesLocalHeap = 10000 maxEntriesLocalDisk = 100000 memoryStoreEvictionPolicy = LRU timeToLiveSeconds = 600 timeToIdleSeconds = 300 persistence = LOCALTEMPSWAP diskExpiryThreadIntervalSeconds = 1200 cacheEventListeners: com.jishitoutiao.cache.CustomerCacheEventListener ; orderedCacheEventListeners:  maxBytesLocalHeap = 0 overflowToOffHeap = false maxBytesLocalOffHeap = 0 maxBytesLocalDisk = 0 pinned = false ]
2018-06-06 18:26:23,556 INFO (CustomerCacheManagerEventListener.java:37)- cacheAdded... org.hibernate.cache.spi.UpdateTimestampsCache
2018-06-06 18:26:23,556 INFO (CustomerCacheManagerEventListener.java:38)- [ name = org.hibernate.cache.spi.UpdateTimestampsCache status = STATUS_ALIVE eternal = true overflowToDisk = true maxEntriesLocalHeap = 5000 maxEntriesLocalDisk = 0 memoryStoreEvictionPolicy = LRU timeToLiveSeconds = 0 timeToIdleSeconds = 0 persistence = LOCALTEMPSWAP diskExpiryThreadIntervalSeconds = 120 cacheEventListeners: com.jishitoutiao.cache.CustomerCacheEventListener ; orderedCacheEventListeners:  maxBytesLocalHeap = 0 overflowToOffHeap = false maxBytesLocalOffHeap = 0 maxBytesLocalDisk = 0 pinned = false ]
2018-06-06 18:26:23,562 INFO (CustomerCacheManagerEventListener.java:37)- cacheAdded... org.hibernate.cache.internal.StandardQueryCache
2018-06-06 18:26:23,563 INFO (CustomerCacheManagerEventListener.java:38)- [ name = org.hibernate.cache.internal.StandardQueryCache status = STATUS_ALIVE eternal = false overflowToDisk = true maxEntriesLocalHeap = 5 maxEntriesLocalDisk = 0 memoryStoreEvictionPolicy = LRU timeToLiveSeconds = 120 timeToIdleSeconds = 0 persistence = LOCALTEMPSWAP diskExpiryThreadIntervalSeconds = 120 cacheEventListeners: com.jishitoutiao.cache.CustomerCacheEventListener ; orderedCacheEventListeners:  maxBytesLocalHeap = 0 overflowToOffHeap = false maxBytesLocalOffHeap = 0 maxBytesLocalDisk = 0 pinned = false ]
2018-06-06 18:26:23,926 INFO (StartupInfoLogger.java:59)- Started Application in 17.796 seconds (JVM running for 19.759)
2018-06-06 18:27:09,515 INFO (CrawlerDynamicIpController.java:49)- value=/,method=RequestMethod.GET: keyword: null ,protocol: HTTP ,page_num: 1
2018-06-06 20:15:03,293 INFO (CustomerCacheManagerEventListener.java:32)- ehcache dispose...
2018-06-06 20:15:03,296 INFO (CustomerCacheEventListener.java:51)- cache dispose.
2018-06-06 20:15:03,305 INFO (CustomerCacheEventListener.java:51)- cache dispose.
2018-06-06 20:15:03,306 INFO (CustomerCacheEventListener.java:51)- cache dispose.
