2018-06-26 14:32:18,666 INFO (StartupInfoLogger.java:50)- Starting Application on leitianxiangdeMacBook-Pro.local with PID 99920 (/Users/leitianxiang/Workspaces/intelli/jishitoutiao-api/target/classes started by leitianxiang in /Users/leitianxiang/Workspaces/intelli/jishitoutiao-api)
2018-06-26 14:32:18,675 DEBUG (StartupInfoLogger.java:53)- Running with Spring Boot v2.0.2.RELEASE, Spring v5.0.6.RELEASE
2018-06-26 14:32:18,677 INFO (SpringApplication.java:659)- No active profile set, falling back to default profiles: default
2018-06-26 14:32:56,783 INFO (CustomerCacheManagerEventListener.java:22)- init ehcache...
2018-06-26 14:32:56,877 INFO (CustomerCacheManagerEventListener.java:37)- cacheAdded... org.hibernate.cache.spi.UpdateTimestampsCache
2018-06-26 14:32:56,878 INFO (CustomerCacheManagerEventListener.java:38)- [ name = org.hibernate.cache.spi.UpdateTimestampsCache status = STATUS_ALIVE eternal = true overflowToDisk = true maxEntriesLocalHeap = 5000 maxEntriesLocalDisk = 0 memoryStoreEvictionPolicy = LRU timeToLiveSeconds = 0 timeToIdleSeconds = 0 persistence = LOCALTEMPSWAP diskExpiryThreadIntervalSeconds = 120 cacheEventListeners: com.jishitoutiao.cache.CustomerCacheEventListener ; orderedCacheEventListeners:  maxBytesLocalHeap = 0 overflowToOffHeap = false maxBytesLocalOffHeap = 0 maxBytesLocalDisk = 0 pinned = false ]
2018-06-26 14:32:56,884 INFO (CustomerCacheManagerEventListener.java:37)- cacheAdded... org.hibernate.cache.internal.StandardQueryCache
2018-06-26 14:32:56,884 INFO (CustomerCacheManagerEventListener.java:38)- [ name = org.hibernate.cache.internal.StandardQueryCache status = STATUS_ALIVE eternal = false overflowToDisk = true maxEntriesLocalHeap = 5 maxEntriesLocalDisk = 0 memoryStoreEvictionPolicy = LRU timeToLiveSeconds = 120 timeToIdleSeconds = 0 persistence = LOCALTEMPSWAP diskExpiryThreadIntervalSeconds = 120 cacheEventListeners: com.jishitoutiao.cache.CustomerCacheEventListener ; orderedCacheEventListeners:  maxBytesLocalHeap = 0 overflowToOffHeap = false maxBytesLocalOffHeap = 0 maxBytesLocalDisk = 0 pinned = false ]
2018-06-26 14:32:56,893 INFO (CustomerCacheManagerEventListener.java:37)- cacheAdded... entityCache
2018-06-26 14:32:56,894 INFO (CustomerCacheManagerEventListener.java:38)- [ name = entityCache status = STATUS_ALIVE eternal = false overflowToDisk = true maxEntriesLocalHeap = 10000 maxEntriesLocalDisk = 100000 memoryStoreEvictionPolicy = LRU timeToLiveSeconds = 600 timeToIdleSeconds = 300 persistence = LOCALTEMPSWAP diskExpiryThreadIntervalSeconds = 1200 cacheEventListeners: com.jishitoutiao.cache.CustomerCacheEventListener ; orderedCacheEventListeners:  maxBytesLocalHeap = 0 overflowToOffHeap = false maxBytesLocalOffHeap = 0 maxBytesLocalDisk = 0 pinned = false ]
2018-06-26 14:32:57,225 INFO (StartupInfoLogger.java:59)- Started Application in 39.507 seconds (JVM running for 41.599)
2018-06-26 17:07:28,682 INFO (UserController.java:349)- value=/login,method=RequestMethod.POST: param: {"username":"leitianxiang","password":"MjAyY2I5NjJhYzU5MDc1Yjk2NGIwNzE1MmQyMzRiNzA="}
2018-06-26 17:07:28,685 INFO (UserController.java:356)- value=/login,method=RequestMethod.POST: originalParam: {"username":"leitianxiang","password":"MjAyY2I5NjJhYzU5MDc1Yjk2NGIwNzE1MmQyMzRiNzA="}
2018-06-26 17:07:28,868 INFO (UserController.java:360)- value=/login,method=RequestMethod.POST: username: leitianxiang ,password: MjAyY2I5NjJhYzU5MDc1Yjk2NGIwNzE1MmQyMzRiNzA=
2018-06-26 17:07:29,520 ERROR (UserController.java:382)- Invalid salt
2018-06-26 17:07:56,034 INFO (CustomerCacheManagerEventListener.java:32)- ehcache dispose...
2018-06-26 17:07:56,058 INFO (CustomerCacheEventListener.java:51)- cache dispose.
2018-06-26 17:07:56,117 INFO (CustomerCacheEventListener.java:51)- cache dispose.
2018-06-26 17:07:56,124 INFO (CustomerCacheEventListener.java:51)- cache dispose.
2018-06-26 17:08:05,501 INFO (StartupInfoLogger.java:50)- Starting Application on leitianxiangdeMacBook-Pro.local with PID 5145 (/Users/leitianxiang/Workspaces/intelli/jishitoutiao-api/target/classes started by leitianxiang in /Users/leitianxiang/Workspaces/intelli/jishitoutiao-api)
2018-06-26 17:08:05,518 DEBUG (StartupInfoLogger.java:53)- Running with Spring Boot v2.0.2.RELEASE, Spring v5.0.6.RELEASE
2018-06-26 17:08:05,525 INFO (SpringApplication.java:659)- No active profile set, falling back to default profiles: default
2018-06-26 17:08:31,532 INFO (CustomerCacheManagerEventListener.java:22)- init ehcache...
2018-06-26 17:08:31,692 INFO (CustomerCacheManagerEventListener.java:37)- cacheAdded... org.hibernate.cache.internal.StandardQueryCache
2018-06-26 17:08:31,693 INFO (CustomerCacheManagerEventListener.java:38)- [ name = org.hibernate.cache.internal.StandardQueryCache status = STATUS_ALIVE eternal = false overflowToDisk = true maxEntriesLocalHeap = 5 maxEntriesLocalDisk = 0 memoryStoreEvictionPolicy = LRU timeToLiveSeconds = 120 timeToIdleSeconds = 0 persistence = LOCALTEMPSWAP diskExpiryThreadIntervalSeconds = 120 cacheEventListeners: com.jishitoutiao.cache.CustomerCacheEventListener ; orderedCacheEventListeners:  maxBytesLocalHeap = 0 overflowToOffHeap = false maxBytesLocalOffHeap = 0 maxBytesLocalDisk = 0 pinned = false ]
2018-06-26 17:08:31,702 INFO (CustomerCacheManagerEventListener.java:37)- cacheAdded... org.hibernate.cache.spi.UpdateTimestampsCache
2018-06-26 17:08:31,702 INFO (CustomerCacheManagerEventListener.java:38)- [ name = org.hibernate.cache.spi.UpdateTimestampsCache status = STATUS_ALIVE eternal = true overflowToDisk = true maxEntriesLocalHeap = 5000 maxEntriesLocalDisk = 0 memoryStoreEvictionPolicy = LRU timeToLiveSeconds = 0 timeToIdleSeconds = 0 persistence = LOCALTEMPSWAP diskExpiryThreadIntervalSeconds = 120 cacheEventListeners: com.jishitoutiao.cache.CustomerCacheEventListener ; orderedCacheEventListeners:  maxBytesLocalHeap = 0 overflowToOffHeap = false maxBytesLocalOffHeap = 0 maxBytesLocalDisk = 0 pinned = false ]
2018-06-26 17:08:31,709 INFO (CustomerCacheManagerEventListener.java:37)- cacheAdded... entityCache
2018-06-26 17:08:31,710 INFO (CustomerCacheManagerEventListener.java:38)- [ name = entityCache status = STATUS_ALIVE eternal = false overflowToDisk = true maxEntriesLocalHeap = 10000 maxEntriesLocalDisk = 100000 memoryStoreEvictionPolicy = LRU timeToLiveSeconds = 600 timeToIdleSeconds = 300 persistence = LOCALTEMPSWAP diskExpiryThreadIntervalSeconds = 1200 cacheEventListeners: com.jishitoutiao.cache.CustomerCacheEventListener ; orderedCacheEventListeners:  maxBytesLocalHeap = 0 overflowToOffHeap = false maxBytesLocalOffHeap = 0 maxBytesLocalDisk = 0 pinned = false ]
2018-06-26 17:08:32,177 INFO (StartupInfoLogger.java:59)- Started Application in 29.376 seconds (JVM running for 31.32)
2018-06-26 17:09:55,919 INFO (UserController.java:349)- value=/login,method=RequestMethod.POST: param: {"username":"123","password":"MjAyY2I5NjJhYzU5MDc1Yjk2NGIwNzE1MmQyMzRiNzA="}
2018-06-26 17:09:55,920 INFO (UserController.java:356)- value=/login,method=RequestMethod.POST: originalParam: {"username":"123","password":"MjAyY2I5NjJhYzU5MDc1Yjk2NGIwNzE1MmQyMzRiNzA="}
2018-06-26 17:09:56,049 INFO (UserController.java:360)- value=/login,method=RequestMethod.POST: username: 123 ,password: MjAyY2I5NjJhYzU5MDc1Yjk2NGIwNzE1MmQyMzRiNzA=
2018-06-26 17:10:08,507 INFO (UserController.java:349)- value=/login,method=RequestMethod.POST: param: {"username":"leitianxiangAD","password":"MjAyY2I5NjJhYzU5MDc1Yjk2NGIwNzE1MmQyMzRiNzA="}
2018-06-26 17:10:08,508 INFO (UserController.java:356)- value=/login,method=RequestMethod.POST: originalParam: {"username":"leitianxiangAD","password":"MjAyY2I5NjJhYzU5MDc1Yjk2NGIwNzE1MmQyMzRiNzA="}
2018-06-26 17:10:08,509 INFO (UserController.java:360)- value=/login,method=RequestMethod.POST: username: leitianxiangAD ,password: MjAyY2I5NjJhYzU5MDc1Yjk2NGIwNzE1MmQyMzRiNzA=
2018-06-26 17:10:14,910 INFO (UserController.java:349)- value=/login,method=RequestMethod.POST: param: {"username":"leitianxiangAD","password":"OTlhM2JlZDRjMDE0YzU5MTFjOTg3MDZkNjEzYTMxMWI="}
2018-06-26 17:10:14,911 INFO (UserController.java:356)- value=/login,method=RequestMethod.POST: originalParam: {"username":"leitianxiangAD","password":"OTlhM2JlZDRjMDE0YzU5MTFjOTg3MDZkNjEzYTMxMWI="}
2018-06-26 17:10:14,911 INFO (UserController.java:360)- value=/login,method=RequestMethod.POST: username: leitianxiangAD ,password: OTlhM2JlZDRjMDE0YzU5MTFjOTg3MDZkNjEzYTMxMWI=
2018-06-26 17:10:15,442 INFO (MetaController.java:52)- value=/,method=RequestMethod.GET:
2018-06-26 17:10:26,426 INFO (CrawlerSourceController.java:41)- value=/,method=RequestMethod.GET: keyword:  , page_num: 1
