2018-06-11 10:30:33,105 INFO (StartupInfoLogger.java:50)- Starting Application on leitianxiangdeMacBook-Pro.local with PID 14360 (/Users/leitianxiang/Workspaces/intelli/jishitoutiao-api/target/classes started by leitianxiang in /Users/leitianxiang/Workspaces/intelli/jishitoutiao-api)
2018-06-11 10:30:33,123 DEBUG (StartupInfoLogger.java:53)- Running with Spring Boot v2.0.2.RELEASE, Spring v5.0.6.RELEASE
2018-06-11 10:30:33,127 INFO (SpringApplication.java:659)- No active profile set, falling back to default profiles: default
2018-06-11 10:31:02,496 INFO (CustomerCacheManagerEventListener.java:22)- init ehcache...
2018-06-11 10:31:02,586 INFO (CustomerCacheManagerEventListener.java:37)- cacheAdded... org.hibernate.cache.spi.UpdateTimestampsCache
2018-06-11 10:31:02,587 INFO (CustomerCacheManagerEventListener.java:38)- [ name = org.hibernate.cache.spi.UpdateTimestampsCache status = STATUS_ALIVE eternal = true overflowToDisk = true maxEntriesLocalHeap = 5000 maxEntriesLocalDisk = 0 memoryStoreEvictionPolicy = LRU timeToLiveSeconds = 0 timeToIdleSeconds = 0 persistence = LOCALTEMPSWAP diskExpiryThreadIntervalSeconds = 120 cacheEventListeners: com.jishitoutiao.cache.CustomerCacheEventListener ; orderedCacheEventListeners:  maxBytesLocalHeap = 0 overflowToOffHeap = false maxBytesLocalOffHeap = 0 maxBytesLocalDisk = 0 pinned = false ]
2018-06-11 10:31:02,600 INFO (CustomerCacheManagerEventListener.java:37)- cacheAdded... entityCache
2018-06-11 10:31:02,601 INFO (CustomerCacheManagerEventListener.java:38)- [ name = entityCache status = STATUS_ALIVE eternal = false overflowToDisk = true maxEntriesLocalHeap = 10000 maxEntriesLocalDisk = 100000 memoryStoreEvictionPolicy = LRU timeToLiveSeconds = 600 timeToIdleSeconds = 300 persistence = LOCALTEMPSWAP diskExpiryThreadIntervalSeconds = 1200 cacheEventListeners: com.jishitoutiao.cache.CustomerCacheEventListener ; orderedCacheEventListeners:  maxBytesLocalHeap = 0 overflowToOffHeap = false maxBytesLocalOffHeap = 0 maxBytesLocalDisk = 0 pinned = false ]
2018-06-11 10:31:02,607 INFO (CustomerCacheManagerEventListener.java:37)- cacheAdded... org.hibernate.cache.internal.StandardQueryCache
2018-06-11 10:31:02,608 INFO (CustomerCacheManagerEventListener.java:38)- [ name = org.hibernate.cache.internal.StandardQueryCache status = STATUS_ALIVE eternal = false overflowToDisk = true maxEntriesLocalHeap = 5 maxEntriesLocalDisk = 0 memoryStoreEvictionPolicy = LRU timeToLiveSeconds = 120 timeToIdleSeconds = 0 persistence = LOCALTEMPSWAP diskExpiryThreadIntervalSeconds = 120 cacheEventListeners: com.jishitoutiao.cache.CustomerCacheEventListener ; orderedCacheEventListeners:  maxBytesLocalHeap = 0 overflowToOffHeap = false maxBytesLocalOffHeap = 0 maxBytesLocalDisk = 0 pinned = false ]
2018-06-11 10:31:03,337 INFO (StartupInfoLogger.java:59)- Started Application in 31.377 seconds (JVM running for 32.95)
2018-06-11 10:31:17,933 INFO (InformationWeightSourceController.java:66)- value=/,method=RequestMethod.GET: keyword: null ,bkey: null ,ckey: null ,page_num: 1
2018-06-11 10:31:19,211 INFO (RedisService.java:79)- getStr(String key) method run, key: string:information_weight_source:status
2018-06-11 10:31:19,281 INFO (RedisService.java:79)- getStr(String key) method run, key: string:information_weight_source:batch
2018-06-11 10:31:39,789 INFO (InformationWeightSourceController.java:66)- value=/,method=RequestMethod.GET: keyword: null ,bkey: null ,ckey: null ,page_num: 1
2018-06-11 10:31:39,806 INFO (RedisService.java:79)- getStr(String key) method run, key: string:information_weight_source:status
2018-06-11 10:31:39,809 INFO (RedisService.java:79)- getStr(String key) method run, key: string:information_weight_source:batch
2018-06-11 10:31:54,578 INFO (InformationWeightSourceController.java:158)- value=/{id},method=RequestMethod.GET: id: fsdfsdfsdf
2018-06-11 10:37:24,446 INFO (CustomerCacheManagerEventListener.java:32)- ehcache dispose...
2018-06-11 10:37:24,448 INFO (CustomerCacheEventListener.java:51)- cache dispose.
2018-06-11 10:37:24,451 INFO (CustomerCacheEventListener.java:51)- cache dispose.
2018-06-11 10:37:24,452 INFO (CustomerCacheEventListener.java:51)- cache dispose.
2018-06-11 10:37:29,909 INFO (StartupInfoLogger.java:50)- Starting Application on leitianxiangdeMacBook-Pro.local with PID 14586 (/Users/leitianxiang/Workspaces/intelli/jishitoutiao-api/target/classes started by leitianxiang in /Users/leitianxiang/Workspaces/intelli/jishitoutiao-api)
2018-06-11 10:37:29,914 DEBUG (StartupInfoLogger.java:53)- Running with Spring Boot v2.0.2.RELEASE, Spring v5.0.6.RELEASE
2018-06-11 10:37:29,920 INFO (SpringApplication.java:659)- No active profile set, falling back to default profiles: default
2018-06-11 10:37:40,296 INFO (CustomerCacheManagerEventListener.java:22)- init ehcache...
2018-06-11 10:37:40,365 INFO (CustomerCacheManagerEventListener.java:37)- cacheAdded... org.hibernate.cache.spi.UpdateTimestampsCache
2018-06-11 10:37:40,365 INFO (CustomerCacheManagerEventListener.java:38)- [ name = org.hibernate.cache.spi.UpdateTimestampsCache status = STATUS_ALIVE eternal = true overflowToDisk = true maxEntriesLocalHeap = 5000 maxEntriesLocalDisk = 0 memoryStoreEvictionPolicy = LRU timeToLiveSeconds = 0 timeToIdleSeconds = 0 persistence = LOCALTEMPSWAP diskExpiryThreadIntervalSeconds = 120 cacheEventListeners: com.jishitoutiao.cache.CustomerCacheEventListener ; orderedCacheEventListeners:  maxBytesLocalHeap = 0 overflowToOffHeap = false maxBytesLocalOffHeap = 0 maxBytesLocalDisk = 0 pinned = false ]
2018-06-11 10:37:40,371 INFO (CustomerCacheManagerEventListener.java:37)- cacheAdded... org.hibernate.cache.internal.StandardQueryCache
2018-06-11 10:37:40,371 INFO (CustomerCacheManagerEventListener.java:38)- [ name = org.hibernate.cache.internal.StandardQueryCache status = STATUS_ALIVE eternal = false overflowToDisk = true maxEntriesLocalHeap = 5 maxEntriesLocalDisk = 0 memoryStoreEvictionPolicy = LRU timeToLiveSeconds = 120 timeToIdleSeconds = 0 persistence = LOCALTEMPSWAP diskExpiryThreadIntervalSeconds = 120 cacheEventListeners: com.jishitoutiao.cache.CustomerCacheEventListener ; orderedCacheEventListeners:  maxBytesLocalHeap = 0 overflowToOffHeap = false maxBytesLocalOffHeap = 0 maxBytesLocalDisk = 0 pinned = false ]
2018-06-11 10:37:40,376 INFO (CustomerCacheManagerEventListener.java:37)- cacheAdded... entityCache
2018-06-11 10:37:40,377 INFO (CustomerCacheManagerEventListener.java:38)- [ name = entityCache status = STATUS_ALIVE eternal = false overflowToDisk = true maxEntriesLocalHeap = 10000 maxEntriesLocalDisk = 100000 memoryStoreEvictionPolicy = LRU timeToLiveSeconds = 600 timeToIdleSeconds = 300 persistence = LOCALTEMPSWAP diskExpiryThreadIntervalSeconds = 1200 cacheEventListeners: com.jishitoutiao.cache.CustomerCacheEventListener ; orderedCacheEventListeners:  maxBytesLocalHeap = 0 overflowToOffHeap = false maxBytesLocalOffHeap = 0 maxBytesLocalDisk = 0 pinned = false ]
2018-06-11 10:37:41,070 INFO (StartupInfoLogger.java:59)- Started Application in 12.734 seconds (JVM running for 15.564)
2018-06-11 10:37:52,756 INFO (InformationWeightSourceController.java:158)- value=/{id},method=RequestMethod.GET: id: fsdfsdfsdf
2018-06-11 10:37:53,030 ERROR (InformationWeightSourceController.java:166)- No value present
2018-06-11 11:13:22,951 INFO (CustomerCacheManagerEventListener.java:32)- ehcache dispose...
2018-06-11 11:13:22,956 INFO (CustomerCacheEventListener.java:51)- cache dispose.
2018-06-11 11:13:22,963 INFO (CustomerCacheEventListener.java:51)- cache dispose.
2018-06-11 11:13:22,966 INFO (CustomerCacheEventListener.java:51)- cache dispose.
2018-06-11 14:19:47,970 INFO (StartupInfoLogger.java:50)- Starting Application on leitianxiangdeMacBook-Pro.local with PID 21609 (/Users/leitianxiang/Workspaces/intelli/jishitoutiao-api/target/classes started by leitianxiang in /Users/leitianxiang/Workspaces/intelli/jishitoutiao-api)
2018-06-11 14:19:47,976 DEBUG (StartupInfoLogger.java:53)- Running with Spring Boot v2.0.2.RELEASE, Spring v5.0.6.RELEASE
2018-06-11 14:19:47,981 INFO (SpringApplication.java:659)- No active profile set, falling back to default profiles: default
2018-06-11 14:19:52,256 DEBUG (GenericFilterBean.java:213)- Initializing filter 'jwtAuthenticationTokenFilter'
2018-06-11 14:19:52,256 DEBUG (GenericFilterBean.java:244)- Filter 'jwtAuthenticationTokenFilter' configured successfully
2018-06-11 14:20:42,258 INFO (WebSecurityConfig.java:38)- WebSecurityConfig.configure run...
2018-06-11 14:41:59,466 INFO (StartupInfoLogger.java:50)- Starting Application on leitianxiangdeMacBook-Pro.local with PID 22303 (/Users/leitianxiang/Workspaces/intelli/jishitoutiao-api/target/classes started by leitianxiang in /Users/leitianxiang/Workspaces/intelli/jishitoutiao-api)
2018-06-11 14:41:59,472 DEBUG (StartupInfoLogger.java:53)- Running with Spring Boot v2.0.2.RELEASE, Spring v5.0.6.RELEASE
2018-06-11 14:41:59,479 INFO (SpringApplication.java:659)- No active profile set, falling back to default profiles: default
2018-06-11 14:42:03,408 DEBUG (GenericFilterBean.java:213)- Initializing filter 'jwtAuthenticationTokenFilter'
2018-06-11 14:42:03,408 DEBUG (GenericFilterBean.java:244)- Filter 'jwtAuthenticationTokenFilter' configured successfully
2018-06-11 14:42:13,724 INFO (WebSecurityConfig.java:39)- WebSecurityConfig.configure run...
2018-06-11 14:42:15,226 INFO (CustomerCacheManagerEventListener.java:22)- init ehcache...
2018-06-11 14:42:15,326 INFO (CustomerCacheManagerEventListener.java:37)- cacheAdded... org.hibernate.cache.spi.UpdateTimestampsCache
2018-06-11 14:42:15,327 INFO (CustomerCacheManagerEventListener.java:38)- [ name = org.hibernate.cache.spi.UpdateTimestampsCache status = STATUS_ALIVE eternal = true overflowToDisk = true maxEntriesLocalHeap = 5000 maxEntriesLocalDisk = 0 memoryStoreEvictionPolicy = LRU timeToLiveSeconds = 0 timeToIdleSeconds = 0 persistence = LOCALTEMPSWAP diskExpiryThreadIntervalSeconds = 120 cacheEventListeners: com.jishitoutiao.cache.CustomerCacheEventListener ; orderedCacheEventListeners:  maxBytesLocalHeap = 0 overflowToOffHeap = false maxBytesLocalOffHeap = 0 maxBytesLocalDisk = 0 pinned = false ]
2018-06-11 14:42:15,333 INFO (CustomerCacheManagerEventListener.java:37)- cacheAdded... org.hibernate.cache.internal.StandardQueryCache
2018-06-11 14:42:15,334 INFO (CustomerCacheManagerEventListener.java:38)- [ name = org.hibernate.cache.internal.StandardQueryCache status = STATUS_ALIVE eternal = false overflowToDisk = true maxEntriesLocalHeap = 5 maxEntriesLocalDisk = 0 memoryStoreEvictionPolicy = LRU timeToLiveSeconds = 120 timeToIdleSeconds = 0 persistence = LOCALTEMPSWAP diskExpiryThreadIntervalSeconds = 120 cacheEventListeners: com.jishitoutiao.cache.CustomerCacheEventListener ; orderedCacheEventListeners:  maxBytesLocalHeap = 0 overflowToOffHeap = false maxBytesLocalOffHeap = 0 maxBytesLocalDisk = 0 pinned = false ]
2018-06-11 14:42:15,339 INFO (CustomerCacheManagerEventListener.java:37)- cacheAdded... entityCache
2018-06-11 14:42:15,340 INFO (CustomerCacheManagerEventListener.java:38)- [ name = entityCache status = STATUS_ALIVE eternal = false overflowToDisk = true maxEntriesLocalHeap = 10000 maxEntriesLocalDisk = 100000 memoryStoreEvictionPolicy = LRU timeToLiveSeconds = 600 timeToIdleSeconds = 300 persistence = LOCALTEMPSWAP diskExpiryThreadIntervalSeconds = 1200 cacheEventListeners: com.jishitoutiao.cache.CustomerCacheEventListener ; orderedCacheEventListeners:  maxBytesLocalHeap = 0 overflowToOffHeap = false maxBytesLocalOffHeap = 0 maxBytesLocalDisk = 0 pinned = false ]
2018-06-11 14:42:15,743 INFO (StartupInfoLogger.java:59)- Started Application in 17.127 seconds (JVM running for 18.215)
2018-06-11 14:42:46,766 INFO (JwtAuthenticationTokenFilter.java:33)- authHeader: null
2018-06-11 14:43:17,740 INFO (JwtAuthenticationTokenFilter.java:33)- authHeader: null
2018-06-11 14:43:18,135 INFO (JwtAuthenticationTokenFilter.java:33)- authHeader: null
2018-06-11 14:43:20,197 INFO (JwtAuthenticationTokenFilter.java:33)- authHeader: null
2018-06-11 15:56:48,432 INFO (CustomerCacheManagerEventListener.java:32)- ehcache dispose...
2018-06-11 15:56:48,448 INFO (CustomerCacheEventListener.java:51)- cache dispose.
2018-06-11 15:56:48,484 INFO (CustomerCacheEventListener.java:51)- cache dispose.
2018-06-11 15:56:48,491 INFO (CustomerCacheEventListener.java:51)- cache dispose.
