2018-06-24 17:02:00,060 INFO (UserController.java:349)- value=/login,method=RequestMethod.POST: param: {"username":"123","password":"123"}
2018-06-24 17:02:00,307 INFO (UserController.java:356)- value=/login,method=RequestMethod.POST: originalParam: {"username":"123","password":"123"}
2018-06-24 17:02:00,316 INFO (UserController.java:360)- value=/login,method=RequestMethod.POST: username: 123 ,password: 123
2018-06-24 17:02:12,332 INFO (UserController.java:349)- value=/login,method=RequestMethod.POST: param: {"username":"123","password":"1986120812"}
2018-06-24 17:02:12,333 INFO (UserController.java:356)- value=/login,method=RequestMethod.POST: originalParam: {"username":"123","password":"1986120812"}
2018-06-24 17:02:12,334 INFO (UserController.java:360)- value=/login,method=RequestMethod.POST: username: 123 ,password: 1986120812
2018-06-24 17:06:35,515 INFO (UserController.java:349)- value=/login,method=RequestMethod.POST: param: {"username":"123","password":"123"}
2018-06-24 17:06:35,525 INFO (UserController.java:356)- value=/login,method=RequestMethod.POST: originalParam: {"username":"123","password":"123"}
2018-06-24 17:06:35,526 INFO (UserController.java:360)- value=/login,method=RequestMethod.POST: username: 123 ,password: 123
2018-06-24 17:06:43,886 INFO (UserController.java:349)- value=/login,method=RequestMethod.POST: param: {"username":"123","password":"1986120812"}
2018-06-24 17:06:43,887 INFO (UserController.java:356)- value=/login,method=RequestMethod.POST: originalParam: {"username":"123","password":"1986120812"}
2018-06-24 17:06:43,887 INFO (UserController.java:360)- value=/login,method=RequestMethod.POST: username: 123 ,password: 1986120812
2018-06-24 17:09:14,304 INFO (StartupInfoLogger.java:50)- Starting UserServiceTest on leitianxiangdeMacBook-Pro.local with PID 55737 (started by leitianxiang in /Users/leitianxiang/Workspaces/intelli/jishitoutiao-api)
2018-06-24 17:09:14,307 DEBUG (StartupInfoLogger.java:53)- Running with Spring Boot v2.0.2.RELEASE, Spring v5.0.6.RELEASE
2018-06-24 17:09:14,310 INFO (SpringApplication.java:659)- No active profile set, falling back to default profiles: default
2018-06-24 17:09:28,783 INFO (CustomerCacheManagerEventListener.java:22)- init ehcache...
2018-06-24 17:09:28,953 INFO (CustomerCacheManagerEventListener.java:37)- cacheAdded... entityCache
2018-06-24 17:09:28,954 INFO (CustomerCacheManagerEventListener.java:38)- [ name = entityCache status = STATUS_ALIVE eternal = false overflowToDisk = true maxEntriesLocalHeap = 10000 maxEntriesLocalDisk = 100000 memoryStoreEvictionPolicy = LRU timeToLiveSeconds = 600 timeToIdleSeconds = 300 persistence = LOCALTEMPSWAP diskExpiryThreadIntervalSeconds = 1200 cacheEventListeners: com.jishitoutiao.cache.CustomerCacheEventListener ; orderedCacheEventListeners:  maxBytesLocalHeap = 0 overflowToOffHeap = false maxBytesLocalOffHeap = 0 maxBytesLocalDisk = 0 pinned = false ]
2018-06-24 17:09:28,964 INFO (CustomerCacheManagerEventListener.java:37)- cacheAdded... org.hibernate.cache.spi.UpdateTimestampsCache
2018-06-24 17:09:28,965 INFO (CustomerCacheManagerEventListener.java:38)- [ name = org.hibernate.cache.spi.UpdateTimestampsCache status = STATUS_ALIVE eternal = true overflowToDisk = true maxEntriesLocalHeap = 5000 maxEntriesLocalDisk = 0 memoryStoreEvictionPolicy = LRU timeToLiveSeconds = 0 timeToIdleSeconds = 0 persistence = LOCALTEMPSWAP diskExpiryThreadIntervalSeconds = 120 cacheEventListeners: com.jishitoutiao.cache.CustomerCacheEventListener ; orderedCacheEventListeners:  maxBytesLocalHeap = 0 overflowToOffHeap = false maxBytesLocalOffHeap = 0 maxBytesLocalDisk = 0 pinned = false ]
2018-06-24 17:09:28,973 INFO (CustomerCacheManagerEventListener.java:37)- cacheAdded... org.hibernate.cache.internal.StandardQueryCache
2018-06-24 17:09:28,974 INFO (CustomerCacheManagerEventListener.java:38)- [ name = org.hibernate.cache.internal.StandardQueryCache status = STATUS_ALIVE eternal = false overflowToDisk = true maxEntriesLocalHeap = 5 maxEntriesLocalDisk = 0 memoryStoreEvictionPolicy = LRU timeToLiveSeconds = 120 timeToIdleSeconds = 0 persistence = LOCALTEMPSWAP diskExpiryThreadIntervalSeconds = 120 cacheEventListeners: com.jishitoutiao.cache.CustomerCacheEventListener ; orderedCacheEventListeners:  maxBytesLocalHeap = 0 overflowToOffHeap = false maxBytesLocalOffHeap = 0 maxBytesLocalDisk = 0 pinned = false ]
2018-06-24 17:09:29,579 INFO (StartupInfoLogger.java:59)- Started UserServiceTest in 16.371 seconds (JVM running for 18.857)
2018-06-24 17:09:29,909 INFO (CustomerCacheManagerEventListener.java:32)- ehcache dispose...
2018-06-24 17:09:29,910 INFO (CustomerCacheEventListener.java:51)- cache dispose.
2018-06-24 17:09:29,923 INFO (CustomerCacheEventListener.java:51)- cache dispose.
2018-06-24 17:09:29,924 INFO (CustomerCacheEventListener.java:51)- cache dispose.
2018-06-24 17:10:43,109 INFO (StartupInfoLogger.java:50)- Starting UserServiceTest on leitianxiangdeMacBook-Pro.local with PID 55790 (started by leitianxiang in /Users/leitianxiang/Workspaces/intelli/jishitoutiao-api)
2018-06-24 17:10:43,114 DEBUG (StartupInfoLogger.java:53)- Running with Spring Boot v2.0.2.RELEASE, Spring v5.0.6.RELEASE
2018-06-24 17:10:43,116 INFO (SpringApplication.java:659)- No active profile set, falling back to default profiles: default
2018-06-24 17:11:03,902 INFO (CustomerCacheManagerEventListener.java:22)- init ehcache...
2018-06-24 17:11:04,052 INFO (CustomerCacheManagerEventListener.java:37)- cacheAdded... org.hibernate.cache.internal.StandardQueryCache
2018-06-24 17:11:04,053 INFO (CustomerCacheManagerEventListener.java:38)- [ name = org.hibernate.cache.internal.StandardQueryCache status = STATUS_ALIVE eternal = false overflowToDisk = true maxEntriesLocalHeap = 5 maxEntriesLocalDisk = 0 memoryStoreEvictionPolicy = LRU timeToLiveSeconds = 120 timeToIdleSeconds = 0 persistence = LOCALTEMPSWAP diskExpiryThreadIntervalSeconds = 120 cacheEventListeners: com.jishitoutiao.cache.CustomerCacheEventListener ; orderedCacheEventListeners:  maxBytesLocalHeap = 0 overflowToOffHeap = false maxBytesLocalOffHeap = 0 maxBytesLocalDisk = 0 pinned = false ]
2018-06-24 17:11:04,063 INFO (CustomerCacheManagerEventListener.java:37)- cacheAdded... org.hibernate.cache.spi.UpdateTimestampsCache
2018-06-24 17:11:04,063 INFO (CustomerCacheManagerEventListener.java:38)- [ name = org.hibernate.cache.spi.UpdateTimestampsCache status = STATUS_ALIVE eternal = true overflowToDisk = true maxEntriesLocalHeap = 5000 maxEntriesLocalDisk = 0 memoryStoreEvictionPolicy = LRU timeToLiveSeconds = 0 timeToIdleSeconds = 0 persistence = LOCALTEMPSWAP diskExpiryThreadIntervalSeconds = 120 cacheEventListeners: com.jishitoutiao.cache.CustomerCacheEventListener ; orderedCacheEventListeners:  maxBytesLocalHeap = 0 overflowToOffHeap = false maxBytesLocalOffHeap = 0 maxBytesLocalDisk = 0 pinned = false ]
2018-06-24 17:11:04,073 INFO (CustomerCacheManagerEventListener.java:37)- cacheAdded... entityCache
2018-06-24 17:11:04,074 INFO (CustomerCacheManagerEventListener.java:38)- [ name = entityCache status = STATUS_ALIVE eternal = false overflowToDisk = true maxEntriesLocalHeap = 10000 maxEntriesLocalDisk = 100000 memoryStoreEvictionPolicy = LRU timeToLiveSeconds = 600 timeToIdleSeconds = 300 persistence = LOCALTEMPSWAP diskExpiryThreadIntervalSeconds = 1200 cacheEventListeners: com.jishitoutiao.cache.CustomerCacheEventListener ; orderedCacheEventListeners:  maxBytesLocalHeap = 0 overflowToOffHeap = false maxBytesLocalOffHeap = 0 maxBytesLocalDisk = 0 pinned = false ]
2018-06-24 17:11:04,720 INFO (StartupInfoLogger.java:59)- Started UserServiceTest in 23.036 seconds (JVM running for 25.7)
2018-06-24 17:11:05,206 INFO (CustomerCacheManagerEventListener.java:32)- ehcache dispose...
2018-06-24 17:11:05,209 INFO (CustomerCacheEventListener.java:51)- cache dispose.
2018-06-24 17:11:05,216 INFO (CustomerCacheEventListener.java:51)- cache dispose.
2018-06-24 17:11:05,219 INFO (CustomerCacheEventListener.java:51)- cache dispose.
2018-06-24 17:11:37,692 INFO (StartupInfoLogger.java:50)- Starting UserServiceTest on leitianxiangdeMacBook-Pro.local with PID 55821 (started by leitianxiang in /Users/leitianxiang/Workspaces/intelli/jishitoutiao-api)
2018-06-24 17:11:37,693 DEBUG (StartupInfoLogger.java:53)- Running with Spring Boot v2.0.2.RELEASE, Spring v5.0.6.RELEASE
2018-06-24 17:11:37,694 INFO (SpringApplication.java:659)- No active profile set, falling back to default profiles: default
2018-06-24 17:11:53,871 INFO (CustomerCacheManagerEventListener.java:22)- init ehcache...
2018-06-24 17:11:54,013 INFO (CustomerCacheManagerEventListener.java:37)- cacheAdded... org.hibernate.cache.spi.UpdateTimestampsCache
2018-06-24 17:11:54,014 INFO (CustomerCacheManagerEventListener.java:38)- [ name = org.hibernate.cache.spi.UpdateTimestampsCache status = STATUS_ALIVE eternal = true overflowToDisk = true maxEntriesLocalHeap = 5000 maxEntriesLocalDisk = 0 memoryStoreEvictionPolicy = LRU timeToLiveSeconds = 0 timeToIdleSeconds = 0 persistence = LOCALTEMPSWAP diskExpiryThreadIntervalSeconds = 120 cacheEventListeners: com.jishitoutiao.cache.CustomerCacheEventListener ; orderedCacheEventListeners:  maxBytesLocalHeap = 0 overflowToOffHeap = false maxBytesLocalOffHeap = 0 maxBytesLocalDisk = 0 pinned = false ]
2018-06-24 17:11:54,028 INFO (CustomerCacheManagerEventListener.java:37)- cacheAdded... org.hibernate.cache.internal.StandardQueryCache
2018-06-24 17:11:54,029 INFO (CustomerCacheManagerEventListener.java:38)- [ name = org.hibernate.cache.internal.StandardQueryCache status = STATUS_ALIVE eternal = false overflowToDisk = true maxEntriesLocalHeap = 5 maxEntriesLocalDisk = 0 memoryStoreEvictionPolicy = LRU timeToLiveSeconds = 120 timeToIdleSeconds = 0 persistence = LOCALTEMPSWAP diskExpiryThreadIntervalSeconds = 120 cacheEventListeners: com.jishitoutiao.cache.CustomerCacheEventListener ; orderedCacheEventListeners:  maxBytesLocalHeap = 0 overflowToOffHeap = false maxBytesLocalOffHeap = 0 maxBytesLocalDisk = 0 pinned = false ]
2018-06-24 17:11:54,038 INFO (CustomerCacheManagerEventListener.java:37)- cacheAdded... entityCache
2018-06-24 17:11:54,039 INFO (CustomerCacheManagerEventListener.java:38)- [ name = entityCache status = STATUS_ALIVE eternal = false overflowToDisk = true maxEntriesLocalHeap = 10000 maxEntriesLocalDisk = 100000 memoryStoreEvictionPolicy = LRU timeToLiveSeconds = 600 timeToIdleSeconds = 300 persistence = LOCALTEMPSWAP diskExpiryThreadIntervalSeconds = 1200 cacheEventListeners: com.jishitoutiao.cache.CustomerCacheEventListener ; orderedCacheEventListeners:  maxBytesLocalHeap = 0 overflowToOffHeap = false maxBytesLocalOffHeap = 0 maxBytesLocalDisk = 0 pinned = false ]
2018-06-24 17:11:54,593 INFO (StartupInfoLogger.java:59)- Started UserServiceTest in 18.017 seconds (JVM running for 20.298)
2018-06-24 17:11:55,012 INFO (CustomerCacheManagerEventListener.java:32)- ehcache dispose...
2018-06-24 17:11:55,015 INFO (CustomerCacheEventListener.java:51)- cache dispose.
2018-06-24 17:11:55,028 INFO (CustomerCacheEventListener.java:51)- cache dispose.
2018-06-24 17:11:55,030 INFO (CustomerCacheEventListener.java:51)- cache dispose.
2018-06-24 17:12:22,457 INFO (StartupInfoLogger.java:50)- Starting UserServiceTest on leitianxiangdeMacBook-Pro.local with PID 55847 (started by leitianxiang in /Users/leitianxiang/Workspaces/intelli/jishitoutiao-api)
2018-06-24 17:12:22,458 DEBUG (StartupInfoLogger.java:53)- Running with Spring Boot v2.0.2.RELEASE, Spring v5.0.6.RELEASE
2018-06-24 17:12:22,462 INFO (SpringApplication.java:659)- No active profile set, falling back to default profiles: default
2018-06-24 17:12:36,208 INFO (CustomerCacheManagerEventListener.java:22)- init ehcache...
2018-06-24 17:12:36,364 INFO (CustomerCacheManagerEventListener.java:37)- cacheAdded... entityCache
2018-06-24 17:12:36,365 INFO (CustomerCacheManagerEventListener.java:38)- [ name = entityCache status = STATUS_ALIVE eternal = false overflowToDisk = true maxEntriesLocalHeap = 10000 maxEntriesLocalDisk = 100000 memoryStoreEvictionPolicy = LRU timeToLiveSeconds = 600 timeToIdleSeconds = 300 persistence = LOCALTEMPSWAP diskExpiryThreadIntervalSeconds = 1200 cacheEventListeners: com.jishitoutiao.cache.CustomerCacheEventListener ; orderedCacheEventListeners:  maxBytesLocalHeap = 0 overflowToOffHeap = false maxBytesLocalOffHeap = 0 maxBytesLocalDisk = 0 pinned = false ]
2018-06-24 17:12:36,376 INFO (CustomerCacheManagerEventListener.java:37)- cacheAdded... org.hibernate.cache.internal.StandardQueryCache
2018-06-24 17:12:36,377 INFO (CustomerCacheManagerEventListener.java:38)- [ name = org.hibernate.cache.internal.StandardQueryCache status = STATUS_ALIVE eternal = false overflowToDisk = true maxEntriesLocalHeap = 5 maxEntriesLocalDisk = 0 memoryStoreEvictionPolicy = LRU timeToLiveSeconds = 120 timeToIdleSeconds = 0 persistence = LOCALTEMPSWAP diskExpiryThreadIntervalSeconds = 120 cacheEventListeners: com.jishitoutiao.cache.CustomerCacheEventListener ; orderedCacheEventListeners:  maxBytesLocalHeap = 0 overflowToOffHeap = false maxBytesLocalOffHeap = 0 maxBytesLocalDisk = 0 pinned = false ]
2018-06-24 17:12:36,388 INFO (CustomerCacheManagerEventListener.java:37)- cacheAdded... org.hibernate.cache.spi.UpdateTimestampsCache
2018-06-24 17:12:36,388 INFO (CustomerCacheManagerEventListener.java:38)- [ name = org.hibernate.cache.spi.UpdateTimestampsCache status = STATUS_ALIVE eternal = true overflowToDisk = true maxEntriesLocalHeap = 5000 maxEntriesLocalDisk = 0 memoryStoreEvictionPolicy = LRU timeToLiveSeconds = 0 timeToIdleSeconds = 0 persistence = LOCALTEMPSWAP diskExpiryThreadIntervalSeconds = 120 cacheEventListeners: com.jishitoutiao.cache.CustomerCacheEventListener ; orderedCacheEventListeners:  maxBytesLocalHeap = 0 overflowToOffHeap = false maxBytesLocalOffHeap = 0 maxBytesLocalDisk = 0 pinned = false ]
2018-06-24 17:12:36,957 INFO (StartupInfoLogger.java:59)- Started UserServiceTest in 15.626 seconds (JVM running for 18.709)
2018-06-24 17:12:37,423 INFO (CustomerCacheManagerEventListener.java:32)- ehcache dispose...
2018-06-24 17:12:37,424 INFO (CustomerCacheEventListener.java:51)- cache dispose.
2018-06-24 17:12:37,436 INFO (CustomerCacheEventListener.java:51)- cache dispose.
2018-06-24 17:12:37,438 INFO (CustomerCacheEventListener.java:51)- cache dispose.
2018-06-24 17:15:30,084 INFO (StartupInfoLogger.java:50)- Starting UserServiceTest on leitianxiangdeMacBook-Pro.local with PID 55992 (started by leitianxiang in /Users/leitianxiang/Workspaces/intelli/jishitoutiao-api)
2018-06-24 17:15:30,087 DEBUG (StartupInfoLogger.java:53)- Running with Spring Boot v2.0.2.RELEASE, Spring v5.0.6.RELEASE
2018-06-24 17:15:30,089 INFO (SpringApplication.java:659)- No active profile set, falling back to default profiles: default
2018-06-24 17:15:44,854 INFO (CustomerCacheManagerEventListener.java:22)- init ehcache...
2018-06-24 17:15:45,042 INFO (CustomerCacheManagerEventListener.java:37)- cacheAdded... org.hibernate.cache.spi.UpdateTimestampsCache
2018-06-24 17:15:45,043 INFO (CustomerCacheManagerEventListener.java:38)- [ name = org.hibernate.cache.spi.UpdateTimestampsCache status = STATUS_ALIVE eternal = true overflowToDisk = true maxEntriesLocalHeap = 5000 maxEntriesLocalDisk = 0 memoryStoreEvictionPolicy = LRU timeToLiveSeconds = 0 timeToIdleSeconds = 0 persistence = LOCALTEMPSWAP diskExpiryThreadIntervalSeconds = 120 cacheEventListeners: com.jishitoutiao.cache.CustomerCacheEventListener ; orderedCacheEventListeners:  maxBytesLocalHeap = 0 overflowToOffHeap = false maxBytesLocalOffHeap = 0 maxBytesLocalDisk = 0 pinned = false ]
2018-06-24 17:15:45,050 INFO (CustomerCacheManagerEventListener.java:37)- cacheAdded... entityCache
2018-06-24 17:15:45,051 INFO (CustomerCacheManagerEventListener.java:38)- [ name = entityCache status = STATUS_ALIVE eternal = false overflowToDisk = true maxEntriesLocalHeap = 10000 maxEntriesLocalDisk = 100000 memoryStoreEvictionPolicy = LRU timeToLiveSeconds = 600 timeToIdleSeconds = 300 persistence = LOCALTEMPSWAP diskExpiryThreadIntervalSeconds = 1200 cacheEventListeners: com.jishitoutiao.cache.CustomerCacheEventListener ; orderedCacheEventListeners:  maxBytesLocalHeap = 0 overflowToOffHeap = false maxBytesLocalOffHeap = 0 maxBytesLocalDisk = 0 pinned = false ]
2018-06-24 17:15:45,061 INFO (CustomerCacheManagerEventListener.java:37)- cacheAdded... org.hibernate.cache.internal.StandardQueryCache
2018-06-24 17:15:45,067 INFO (CustomerCacheManagerEventListener.java:38)- [ name = org.hibernate.cache.internal.StandardQueryCache status = STATUS_ALIVE eternal = false overflowToDisk = true maxEntriesLocalHeap = 5 maxEntriesLocalDisk = 0 memoryStoreEvictionPolicy = LRU timeToLiveSeconds = 120 timeToIdleSeconds = 0 persistence = LOCALTEMPSWAP diskExpiryThreadIntervalSeconds = 120 cacheEventListeners: com.jishitoutiao.cache.CustomerCacheEventListener ; orderedCacheEventListeners:  maxBytesLocalHeap = 0 overflowToOffHeap = false maxBytesLocalOffHeap = 0 maxBytesLocalDisk = 0 pinned = false ]
2018-06-24 17:15:45,669 INFO (StartupInfoLogger.java:59)- Started UserServiceTest in 16.716 seconds (JVM running for 19.346)
2018-06-24 17:15:46,784 INFO (CustomerCacheEventListener.java:16)- cache removed. key = user_40282981643113ca01643113ebc10000, value = null
2018-06-24 17:15:46,802 INFO (CustomerCacheManagerEventListener.java:32)- ehcache dispose...
2018-06-24 17:15:46,803 INFO (CustomerCacheEventListener.java:51)- cache dispose.
2018-06-24 17:15:46,814 INFO (CustomerCacheEventListener.java:51)- cache dispose.
2018-06-24 17:15:46,817 INFO (CustomerCacheEventListener.java:51)- cache dispose.
2018-06-24 17:18:37,488 INFO (UserController.java:349)- value=/login,method=RequestMethod.POST: param: {"username":"leitianxiang","password":"1986120812"}
2018-06-24 17:18:37,501 INFO (UserController.java:356)- value=/login,method=RequestMethod.POST: originalParam: {"username":"leitianxiang","password":"1986120812"}
2018-06-24 17:18:37,504 INFO (UserController.java:360)- value=/login,method=RequestMethod.POST: username: leitianxiang ,password: 1986120812
2018-06-24 17:18:37,636 ERROR (UserController.java:382)- Invalid salt
2018-06-24 17:20:07,084 INFO (CustomerCacheManagerEventListener.java:32)- ehcache dispose...
2018-06-24 17:20:07,108 INFO (CustomerCacheEventListener.java:51)- cache dispose.
2018-06-24 17:20:07,232 INFO (CustomerCacheEventListener.java:51)- cache dispose.
2018-06-24 17:20:07,247 INFO (CustomerCacheEventListener.java:51)- cache dispose.
2018-06-24 17:20:21,708 INFO (StartupInfoLogger.java:50)- Starting Application on leitianxiangdeMacBook-Pro.local with PID 56172 (/Users/leitianxiang/Workspaces/intelli/jishitoutiao-api/target/classes started by leitianxiang in /Users/leitianxiang/Workspaces/intelli/jishitoutiao-api)
2018-06-24 17:20:21,716 DEBUG (StartupInfoLogger.java:53)- Running with Spring Boot v2.0.2.RELEASE, Spring v5.0.6.RELEASE
2018-06-24 17:20:21,718 INFO (SpringApplication.java:659)- No active profile set, falling back to default profiles: default
2018-06-24 17:20:30,046 INFO (CustomerCacheManagerEventListener.java:22)- init ehcache...
2018-06-24 17:20:30,115 INFO (CustomerCacheManagerEventListener.java:37)- cacheAdded... entityCache
2018-06-24 17:20:30,115 INFO (CustomerCacheManagerEventListener.java:38)- [ name = entityCache status = STATUS_ALIVE eternal = false overflowToDisk = true maxEntriesLocalHeap = 10000 maxEntriesLocalDisk = 100000 memoryStoreEvictionPolicy = LRU timeToLiveSeconds = 600 timeToIdleSeconds = 300 persistence = LOCALTEMPSWAP diskExpiryThreadIntervalSeconds = 1200 cacheEventListeners: com.jishitoutiao.cache.CustomerCacheEventListener ; orderedCacheEventListeners:  maxBytesLocalHeap = 0 overflowToOffHeap = false maxBytesLocalOffHeap = 0 maxBytesLocalDisk = 0 pinned = false ]
2018-06-24 17:20:30,121 INFO (CustomerCacheManagerEventListener.java:37)- cacheAdded... org.hibernate.cache.spi.UpdateTimestampsCache
2018-06-24 17:20:30,121 INFO (CustomerCacheManagerEventListener.java:38)- [ name = org.hibernate.cache.spi.UpdateTimestampsCache status = STATUS_ALIVE eternal = true overflowToDisk = true maxEntriesLocalHeap = 5000 maxEntriesLocalDisk = 0 memoryStoreEvictionPolicy = LRU timeToLiveSeconds = 0 timeToIdleSeconds = 0 persistence = LOCALTEMPSWAP diskExpiryThreadIntervalSeconds = 120 cacheEventListeners: com.jishitoutiao.cache.CustomerCacheEventListener ; orderedCacheEventListeners:  maxBytesLocalHeap = 0 overflowToOffHeap = false maxBytesLocalOffHeap = 0 maxBytesLocalDisk = 0 pinned = false ]
2018-06-24 17:20:30,127 INFO (CustomerCacheManagerEventListener.java:37)- cacheAdded... org.hibernate.cache.internal.StandardQueryCache
2018-06-24 17:20:30,127 INFO (CustomerCacheManagerEventListener.java:38)- [ name = org.hibernate.cache.internal.StandardQueryCache status = STATUS_ALIVE eternal = false overflowToDisk = true maxEntriesLocalHeap = 5 maxEntriesLocalDisk = 0 memoryStoreEvictionPolicy = LRU timeToLiveSeconds = 120 timeToIdleSeconds = 0 persistence = LOCALTEMPSWAP diskExpiryThreadIntervalSeconds = 120 cacheEventListeners: com.jishitoutiao.cache.CustomerCacheEventListener ; orderedCacheEventListeners:  maxBytesLocalHeap = 0 overflowToOffHeap = false maxBytesLocalOffHeap = 0 maxBytesLocalDisk = 0 pinned = false ]
2018-06-24 17:20:30,500 INFO (StartupInfoLogger.java:59)- Started Application in 9.551 seconds (JVM running for 10.805)
2018-06-24 17:20:45,172 INFO (UserController.java:349)- value=/login,method=RequestMethod.POST: param: {"username":"leitianxia","password":"1986120812"}
2018-06-24 17:20:45,172 INFO (UserController.java:356)- value=/login,method=RequestMethod.POST: originalParam: {"username":"leitianxia","password":"1986120812"}
2018-06-24 17:20:45,257 INFO (UserController.java:360)- value=/login,method=RequestMethod.POST: username: leitianxia ,password: 1986120812
2018-06-24 17:21:24,049 INFO (UserController.java:349)- value=/login,method=RequestMethod.POST: param: {"username":"leitianxiang","password":"1986120812"}
2018-06-24 17:21:24,050 INFO (UserController.java:356)- value=/login,method=RequestMethod.POST: originalParam: {"username":"leitianxiang","password":"1986120812"}
2018-06-24 17:21:24,050 INFO (UserController.java:360)- value=/login,method=RequestMethod.POST: username: leitianxiang ,password: 1986120812
2018-06-24 17:21:24,085 ERROR (UserController.java:382)- Invalid salt
2018-06-24 17:44:39,124 INFO (CustomerCacheManagerEventListener.java:32)- ehcache dispose...
2018-06-24 17:44:39,141 INFO (CustomerCacheEventListener.java:51)- cache dispose.
2018-06-24 17:44:39,173 INFO (CustomerCacheEventListener.java:51)- cache dispose.
2018-06-24 17:44:39,183 INFO (CustomerCacheEventListener.java:51)- cache dispose.
2018-06-24 17:44:48,688 INFO (StartupInfoLogger.java:50)- Starting Application on leitianxiangdeMacBook-Pro.local with PID 56974 (/Users/leitianxiang/Workspaces/intelli/jishitoutiao-api/target/classes started by leitianxiang in /Users/leitianxiang/Workspaces/intelli/jishitoutiao-api)
2018-06-24 17:44:48,697 DEBUG (StartupInfoLogger.java:53)- Running with Spring Boot v2.0.2.RELEASE, Spring v5.0.6.RELEASE
2018-06-24 17:44:48,708 INFO (SpringApplication.java:659)- No active profile set, falling back to default profiles: default
2018-06-24 17:44:59,843 INFO (CustomerCacheManagerEventListener.java:22)- init ehcache...
2018-06-24 17:44:59,914 INFO (CustomerCacheManagerEventListener.java:37)- cacheAdded... entityCache
2018-06-24 17:44:59,915 INFO (CustomerCacheManagerEventListener.java:38)- [ name = entityCache status = STATUS_ALIVE eternal = false overflowToDisk = true maxEntriesLocalHeap = 10000 maxEntriesLocalDisk = 100000 memoryStoreEvictionPolicy = LRU timeToLiveSeconds = 600 timeToIdleSeconds = 300 persistence = LOCALTEMPSWAP diskExpiryThreadIntervalSeconds = 1200 cacheEventListeners: com.jishitoutiao.cache.CustomerCacheEventListener ; orderedCacheEventListeners:  maxBytesLocalHeap = 0 overflowToOffHeap = false maxBytesLocalOffHeap = 0 maxBytesLocalDisk = 0 pinned = false ]
2018-06-24 17:44:59,921 INFO (CustomerCacheManagerEventListener.java:37)- cacheAdded... org.hibernate.cache.internal.StandardQueryCache
2018-06-24 17:44:59,921 INFO (CustomerCacheManagerEventListener.java:38)- [ name = org.hibernate.cache.internal.StandardQueryCache status = STATUS_ALIVE eternal = false overflowToDisk = true maxEntriesLocalHeap = 5 maxEntriesLocalDisk = 0 memoryStoreEvictionPolicy = LRU timeToLiveSeconds = 120 timeToIdleSeconds = 0 persistence = LOCALTEMPSWAP diskExpiryThreadIntervalSeconds = 120 cacheEventListeners: com.jishitoutiao.cache.CustomerCacheEventListener ; orderedCacheEventListeners:  maxBytesLocalHeap = 0 overflowToOffHeap = false maxBytesLocalOffHeap = 0 maxBytesLocalDisk = 0 pinned = false ]
2018-06-24 17:44:59,927 INFO (CustomerCacheManagerEventListener.java:37)- cacheAdded... org.hibernate.cache.spi.UpdateTimestampsCache
2018-06-24 17:44:59,927 INFO (CustomerCacheManagerEventListener.java:38)- [ name = org.hibernate.cache.spi.UpdateTimestampsCache status = STATUS_ALIVE eternal = true overflowToDisk = true maxEntriesLocalHeap = 5000 maxEntriesLocalDisk = 0 memoryStoreEvictionPolicy = LRU timeToLiveSeconds = 0 timeToIdleSeconds = 0 persistence = LOCALTEMPSWAP diskExpiryThreadIntervalSeconds = 120 cacheEventListeners: com.jishitoutiao.cache.CustomerCacheEventListener ; orderedCacheEventListeners:  maxBytesLocalHeap = 0 overflowToOffHeap = false maxBytesLocalOffHeap = 0 maxBytesLocalDisk = 0 pinned = false ]
2018-06-24 17:45:00,302 INFO (StartupInfoLogger.java:59)- Started Application in 12.303 seconds (JVM running for 14.971)
2018-06-24 17:45:26,837 INFO (UserController.java:349)- value=/login,method=RequestMethod.POST: param: {"username":"leitianxiang","password":"1986120812"}
2018-06-24 17:45:26,838 INFO (UserController.java:356)- value=/login,method=RequestMethod.POST: originalParam: {"username":"leitianxiang","password":"1986120812"}
2018-06-24 17:45:26,905 INFO (UserController.java:360)- value=/login,method=RequestMethod.POST: username: leitianxiang ,password: 1986120812
2018-06-24 17:45:27,197 ERROR (UserController.java:382)- Invalid salt
2018-06-24 17:45:53,427 INFO (UserController.java:349)- value=/login,method=RequestMethod.POST: param: {"username":"leitianxiangAD","password":"1986120812"}
2018-06-24 17:45:53,428 INFO (UserController.java:356)- value=/login,method=RequestMethod.POST: originalParam: {"username":"leitianxiangAD","password":"1986120812"}
2018-06-24 17:45:53,429 INFO (UserController.java:360)- value=/login,method=RequestMethod.POST: username: leitianxiangAD ,password: 1986120812
2018-06-24 17:46:13,834 INFO (UserController.java:349)- value=/login,method=RequestMethod.POST: param: {"username":"leitianxiangAD","password":"1986120812"}
2018-06-24 17:46:13,835 INFO (UserController.java:356)- value=/login,method=RequestMethod.POST: originalParam: {"username":"leitianxiangAD","password":"1986120812"}
2018-06-24 17:46:13,836 INFO (UserController.java:360)- value=/login,method=RequestMethod.POST: username: leitianxiangAD ,password: 1986120812
2018-06-24 17:48:58,492 INFO (UserController.java:349)- value=/login,method=RequestMethod.POST: param: {"username":"123","password":"123"}
2018-06-24 17:48:58,497 INFO (UserController.java:356)- value=/login,method=RequestMethod.POST: originalParam: {"username":"123","password":"123"}
2018-06-24 17:48:58,498 INFO (UserController.java:360)- value=/login,method=RequestMethod.POST: username: 123 ,password: 123
2018-06-24 17:50:32,894 INFO (UserController.java:349)- value=/login,method=RequestMethod.POST: param: {"username":"123","password":"MjAyY2I5NjJhYzU5MDc1Yjk2NGIwNzE1MmQyMzRiNzA="}
2018-06-24 17:50:32,896 INFO (UserController.java:356)- value=/login,method=RequestMethod.POST: originalParam: {"username":"123","password":"MjAyY2I5NjJhYzU5MDc1Yjk2NGIwNzE1MmQyMzRiNzA="}
2018-06-24 17:50:32,896 INFO (UserController.java:360)- value=/login,method=RequestMethod.POST: username: 123 ,password: MjAyY2I5NjJhYzU5MDc1Yjk2NGIwNzE1MmQyMzRiNzA=
2018-06-24 17:51:35,710 INFO (UserController.java:349)- value=/login,method=RequestMethod.POST: param: {"username":"leitianxiangAD","password":"MjAyY2I5NjJhYzU5MDc1Yjk2NGIwNzE1MmQyMzRiNzA="}
2018-06-24 17:51:35,712 INFO (UserController.java:356)- value=/login,method=RequestMethod.POST: originalParam: {"username":"leitianxiangAD","password":"MjAyY2I5NjJhYzU5MDc1Yjk2NGIwNzE1MmQyMzRiNzA="}
2018-06-24 17:51:35,714 INFO (UserController.java:360)- value=/login,method=RequestMethod.POST: username: leitianxiangAD ,password: MjAyY2I5NjJhYzU5MDc1Yjk2NGIwNzE1MmQyMzRiNzA=
2018-06-24 17:51:48,445 INFO (UserController.java:349)- value=/login,method=RequestMethod.POST: param: {"username":"leitianxiangAD","password":"OTlhM2JlZDRjMDE0YzU5MTFjOTg3MDZkNjEzYTMxMWI="}
2018-06-24 17:51:48,447 INFO (UserController.java:356)- value=/login,method=RequestMethod.POST: originalParam: {"username":"leitianxiangAD","password":"OTlhM2JlZDRjMDE0YzU5MTFjOTg3MDZkNjEzYTMxMWI="}
2018-06-24 17:51:48,448 INFO (UserController.java:360)- value=/login,method=RequestMethod.POST: username: leitianxiangAD ,password: OTlhM2JlZDRjMDE0YzU5MTFjOTg3MDZkNjEzYTMxMWI=
2018-06-24 17:51:48,860 INFO (MetaController.java:52)- value=/,method=RequestMethod.GET:
2018-06-24 17:51:57,188 INFO (CrawlerSourceController.java:41)- value=/,method=RequestMethod.GET: keyword:  , page_num: 1
2018-06-24 17:52:18,475 INFO (CustomerCacheManagerEventListener.java:32)- ehcache dispose...
2018-06-24 17:52:18,488 INFO (CustomerCacheEventListener.java:51)- cache dispose.
2018-06-24 17:52:18,504 INFO (CustomerCacheEventListener.java:51)- cache dispose.
2018-06-24 17:52:18,512 INFO (CustomerCacheEventListener.java:51)- cache dispose.
2018-06-24 21:00:22,692 INFO (StartupInfoLogger.java:50)- Starting Application on leitianxiangdeMacBook-Pro.local with PID 62929 (/Users/leitianxiang/Workspaces/intelli/jishitoutiao-api/target/classes started by leitianxiang in /Users/leitianxiang/Workspaces/intelli/jishitoutiao-api)
2018-06-24 21:00:22,702 DEBUG (StartupInfoLogger.java:53)- Running with Spring Boot v2.0.2.RELEASE, Spring v5.0.6.RELEASE
2018-06-24 21:00:22,705 INFO (SpringApplication.java:659)- No active profile set, falling back to default profiles: default
2018-06-24 21:00:32,235 INFO (CustomerCacheManagerEventListener.java:22)- init ehcache...
2018-06-24 21:00:32,325 INFO (CustomerCacheManagerEventListener.java:37)- cacheAdded... org.hibernate.cache.spi.UpdateTimestampsCache
2018-06-24 21:00:32,325 INFO (CustomerCacheManagerEventListener.java:38)- [ name = org.hibernate.cache.spi.UpdateTimestampsCache status = STATUS_ALIVE eternal = true overflowToDisk = true maxEntriesLocalHeap = 5000 maxEntriesLocalDisk = 0 memoryStoreEvictionPolicy = LRU timeToLiveSeconds = 0 timeToIdleSeconds = 0 persistence = LOCALTEMPSWAP diskExpiryThreadIntervalSeconds = 120 cacheEventListeners: com.jishitoutiao.cache.CustomerCacheEventListener ; orderedCacheEventListeners:  maxBytesLocalHeap = 0 overflowToOffHeap = false maxBytesLocalOffHeap = 0 maxBytesLocalDisk = 0 pinned = false ]
2018-06-24 21:00:32,332 INFO (CustomerCacheManagerEventListener.java:37)- cacheAdded... entityCache
2018-06-24 21:00:32,332 INFO (CustomerCacheManagerEventListener.java:38)- [ name = entityCache status = STATUS_ALIVE eternal = false overflowToDisk = true maxEntriesLocalHeap = 10000 maxEntriesLocalDisk = 100000 memoryStoreEvictionPolicy = LRU timeToLiveSeconds = 600 timeToIdleSeconds = 300 persistence = LOCALTEMPSWAP diskExpiryThreadIntervalSeconds = 1200 cacheEventListeners: com.jishitoutiao.cache.CustomerCacheEventListener ; orderedCacheEventListeners:  maxBytesLocalHeap = 0 overflowToOffHeap = false maxBytesLocalOffHeap = 0 maxBytesLocalDisk = 0 pinned = false ]
2018-06-24 21:00:32,337 INFO (CustomerCacheManagerEventListener.java:37)- cacheAdded... org.hibernate.cache.internal.StandardQueryCache
2018-06-24 21:00:32,338 INFO (CustomerCacheManagerEventListener.java:38)- [ name = org.hibernate.cache.internal.StandardQueryCache status = STATUS_ALIVE eternal = false overflowToDisk = true maxEntriesLocalHeap = 5 maxEntriesLocalDisk = 0 memoryStoreEvictionPolicy = LRU timeToLiveSeconds = 120 timeToIdleSeconds = 0 persistence = LOCALTEMPSWAP diskExpiryThreadIntervalSeconds = 120 cacheEventListeners: com.jishitoutiao.cache.CustomerCacheEventListener ; orderedCacheEventListeners:  maxBytesLocalHeap = 0 overflowToOffHeap = false maxBytesLocalOffHeap = 0 maxBytesLocalDisk = 0 pinned = false ]
2018-06-24 21:00:32,737 INFO (StartupInfoLogger.java:59)- Started Application in 10.912 seconds (JVM running for 12.294)
2018-06-24 21:02:42,100 INFO (UserController.java:349)- value=/login,method=RequestMethod.POST: param: {"username":"123","password":"MjAyY2I5NjJhYzU5MDc1Yjk2NGIwNzE1MmQyMzRiNzA="}
2018-06-24 21:02:42,101 INFO (UserController.java:356)- value=/login,method=RequestMethod.POST: originalParam: {"username":"123","password":"MjAyY2I5NjJhYzU5MDc1Yjk2NGIwNzE1MmQyMzRiNzA="}
2018-06-24 21:02:42,281 INFO (UserController.java:360)- value=/login,method=RequestMethod.POST: username: 123 ,password: MjAyY2I5NjJhYzU5MDc1Yjk2NGIwNzE1MmQyMzRiNzA=
2018-06-24 21:03:31,616 INFO (UserController.java:349)- value=/login,method=RequestMethod.POST: param: {"username":"leitianxiangAD","password":"OTlhM2JlZDRjMDE0YzU5MTFjOTg3MDZkNjEzYTMxMWI="}
2018-06-24 21:03:31,618 INFO (UserController.java:356)- value=/login,method=RequestMethod.POST: originalParam: {"username":"leitianxiangAD","password":"OTlhM2JlZDRjMDE0YzU5MTFjOTg3MDZkNjEzYTMxMWI="}
2018-06-24 21:03:31,619 INFO (UserController.java:360)- value=/login,method=RequestMethod.POST: username: leitianxiangAD ,password: OTlhM2JlZDRjMDE0YzU5MTFjOTg3MDZkNjEzYTMxMWI=
2018-06-24 21:03:32,041 INFO (MetaController.java:52)- value=/,method=RequestMethod.GET:
2018-06-24 21:03:48,012 INFO (CrawlerSourceController.java:41)- value=/,method=RequestMethod.GET: keyword:  , page_num: 1
2018-06-24 21:06:57,214 INFO (CrawlerCategoryController.java:46)- value=/,method=RequestMethod.GET: keyword:  , page_num: 1
2018-06-24 21:06:58,633 INFO (CrawlerManagementController.java:66)- value=/,method=RequestMethod.GET: keyword:  ,bkey:  ,ckey:  ,crawler_status:  ,crawler_switch:  ,page_num: 1
2018-06-24 21:07:16,200 INFO (UserController.java:65)- value=/,method=RequestMethod.GET: keyword:  ,page_num: 1
2018-06-24 21:07:51,699 INFO (InformationWeightSourceController.java:66)- value=/,method=RequestMethod.GET: keyword:  ,bkey:  ,ckey:  ,page_num: 1
2018-06-24 21:07:51,773 INFO (RedisService.java:79)- getStr(String key) method run, key: string:information_weight_source:status
2018-06-24 21:07:51,832 INFO (RedisService.java:79)- getStr(String key) method run, key: string:information_weight_source:batch
2018-06-24 21:08:10,463 INFO (InformationWeightSortController.java:66)- value=/,method=RequestMethod.GET: keyword:  ,bkey:  ,ckey:  ,page_num: 1
2018-06-24 21:08:10,544 INFO (RedisService.java:79)- getStr(String key) method run, key: string:information_weight_sort:status
2018-06-24 21:08:10,547 INFO (RedisService.java:79)- getStr(String key) method run, key: string:information_weight_sort:batch
2018-06-24 21:15:56,503 INFO (CrawlerSourceController.java:41)- value=/,method=RequestMethod.GET: keyword: null , page_num: 1
2018-06-24 21:37:48,351 INFO (UserController.java:349)- value=/login,method=RequestMethod.POST: param: {"username":"123","password":"MjAyY2I5NjJhYzU5MDc1Yjk2NGIwNzE1MmQyMzRiNzA="}
2018-06-24 21:37:48,360 INFO (UserController.java:356)- value=/login,method=RequestMethod.POST: originalParam: {"username":"123","password":"MjAyY2I5NjJhYzU5MDc1Yjk2NGIwNzE1MmQyMzRiNzA="}
2018-06-24 21:37:48,369 INFO (UserController.java:360)- value=/login,method=RequestMethod.POST: username: 123 ,password: MjAyY2I5NjJhYzU5MDc1Yjk2NGIwNzE1MmQyMzRiNzA=
2018-06-24 21:38:00,434 INFO (UserController.java:349)- value=/login,method=RequestMethod.POST: param: {"username":"leitianxiangAD","password":"OTlhM2JlZDRjMDE0YzU5MTFjOTg3MDZkNjEzYTMxMWI="}
2018-06-24 21:38:00,434 INFO (UserController.java:356)- value=/login,method=RequestMethod.POST: originalParam: {"username":"leitianxiangAD","password":"OTlhM2JlZDRjMDE0YzU5MTFjOTg3MDZkNjEzYTMxMWI="}
2018-06-24 21:38:00,436 INFO (UserController.java:360)- value=/login,method=RequestMethod.POST: username: leitianxiangAD ,password: OTlhM2JlZDRjMDE0YzU5MTFjOTg3MDZkNjEzYTMxMWI=
2018-06-24 21:38:00,646 INFO (MetaController.java:52)- value=/,method=RequestMethod.GET:
2018-06-24 21:38:16,695 INFO (CrawlerSourceController.java:41)- value=/,method=RequestMethod.GET: keyword:  , page_num: 1
2018-06-24 21:38:18,254 INFO (CrawlerCategoryController.java:46)- value=/,method=RequestMethod.GET: keyword:  , page_num: 1
2018-06-24 21:38:21,016 INFO (UserController.java:65)- value=/,method=RequestMethod.GET: keyword:  ,page_num: 1
2018-06-24 21:38:39,501 INFO (InformationCommentController.java:59)- value=/,method=RequestMethod.GET: keyword:  ,page_num: 1
2018-06-24 21:38:41,743 INFO (UserController.java:65)- value=/,method=RequestMethod.GET: keyword:  ,page_num: 1
2018-06-24 21:52:40,702 INFO (InformationWeightSourceController.java:66)- value=/,method=RequestMethod.GET: keyword:  ,bkey:  ,ckey:  ,page_num: 1
2018-06-24 21:52:40,916 INFO (RedisService.java:79)- getStr(String key) method run, key: string:information_weight_source:status
2018-06-24 21:52:40,938 INFO (RedisService.java:79)- getStr(String key) method run, key: string:information_weight_source:batch
2018-06-24 22:51:15,760 INFO (UserController.java:349)- value=/login,method=RequestMethod.POST: param: {"username":"leitianxiangAD","password":"OTlhM2JlZDRjMDE0YzU5MTFjOTg3MDZkNjEzYTMxMWI="}
2018-06-24 22:51:15,779 INFO (UserController.java:356)- value=/login,method=RequestMethod.POST: originalParam: {"username":"leitianxiangAD","password":"OTlhM2JlZDRjMDE0YzU5MTFjOTg3MDZkNjEzYTMxMWI="}
2018-06-24 22:51:15,790 INFO (UserController.java:360)- value=/login,method=RequestMethod.POST: username: leitianxiangAD ,password: OTlhM2JlZDRjMDE0YzU5MTFjOTg3MDZkNjEzYTMxMWI=
2018-06-24 22:51:16,300 INFO (MetaController.java:52)- value=/,method=RequestMethod.GET:
2018-06-24 22:54:06,442 INFO (UserController.java:349)- value=/login,method=RequestMethod.POST: param: {"username":"leitianxiangAD","password":"OTlhM2JlZDRjMDE0YzU5MTFjOTg3MDZkNjEzYTMxMWI="}
2018-06-24 22:54:06,445 INFO (UserController.java:356)- value=/login,method=RequestMethod.POST: originalParam: {"username":"leitianxiangAD","password":"OTlhM2JlZDRjMDE0YzU5MTFjOTg3MDZkNjEzYTMxMWI="}
2018-06-24 22:54:06,448 INFO (UserController.java:360)- value=/login,method=RequestMethod.POST: username: leitianxiangAD ,password: OTlhM2JlZDRjMDE0YzU5MTFjOTg3MDZkNjEzYTMxMWI=
2018-06-24 22:54:06,667 INFO (MetaController.java:52)- value=/,method=RequestMethod.GET:
2018-06-24 22:57:14,853 INFO (UserController.java:349)- value=/login,method=RequestMethod.POST: param: {"username":"leitianxiangAD","password":"OTlhM2JlZDRjMDE0YzU5MTFjOTg3MDZkNjEzYTMxMWI="}
2018-06-24 22:57:14,854 INFO (UserController.java:356)- value=/login,method=RequestMethod.POST: originalParam: {"username":"leitianxiangAD","password":"OTlhM2JlZDRjMDE0YzU5MTFjOTg3MDZkNjEzYTMxMWI="}
2018-06-24 22:57:14,855 INFO (UserController.java:360)- value=/login,method=RequestMethod.POST: username: leitianxiangAD ,password: OTlhM2JlZDRjMDE0YzU5MTFjOTg3MDZkNjEzYTMxMWI=
2018-06-24 22:57:15,045 INFO (MetaController.java:52)- value=/,method=RequestMethod.GET:
2018-06-24 22:58:00,060 INFO (UserController.java:349)- value=/login,method=RequestMethod.POST: param: {"username":"leitianxiangAD","password":"OTlhM2JlZDRjMDE0YzU5MTFjOTg3MDZkNjEzYTMxMWI="}
2018-06-24 22:58:00,062 INFO (UserController.java:356)- value=/login,method=RequestMethod.POST: originalParam: {"username":"leitianxiangAD","password":"OTlhM2JlZDRjMDE0YzU5MTFjOTg3MDZkNjEzYTMxMWI="}
2018-06-24 22:58:00,064 INFO (UserController.java:360)- value=/login,method=RequestMethod.POST: username: leitianxiangAD ,password: OTlhM2JlZDRjMDE0YzU5MTFjOTg3MDZkNjEzYTMxMWI=
2018-06-24 22:58:00,263 INFO (MetaController.java:52)- value=/,method=RequestMethod.GET:
2018-06-24 22:58:53,819 INFO (UserController.java:349)- value=/login,method=RequestMethod.POST: param: {"username":"leitianxiangAD","password":"OTlhM2JlZDRjMDE0YzU5MTFjOTg3MDZkNjEzYTMxMWI="}
2018-06-24 22:58:53,820 INFO (UserController.java:356)- value=/login,method=RequestMethod.POST: originalParam: {"username":"leitianxiangAD","password":"OTlhM2JlZDRjMDE0YzU5MTFjOTg3MDZkNjEzYTMxMWI="}
2018-06-24 22:58:53,824 INFO (UserController.java:360)- value=/login,method=RequestMethod.POST: username: leitianxiangAD ,password: OTlhM2JlZDRjMDE0YzU5MTFjOTg3MDZkNjEzYTMxMWI=
2018-06-24 22:58:54,300 INFO (MetaController.java:52)- value=/,method=RequestMethod.GET:
2018-06-24 22:59:21,910 INFO (CrawlerSourceController.java:41)- value=/,method=RequestMethod.GET: keyword:  , page_num: 1
2018-06-24 22:59:28,192 INFO (CrawlerCategoryController.java:46)- value=/,method=RequestMethod.GET: keyword:  , page_num: 1
2018-06-24 22:59:30,449 INFO (CrawlerManagementController.java:66)- value=/,method=RequestMethod.GET: keyword:  ,bkey:  ,ckey:  ,crawler_status:  ,crawler_switch:  ,page_num: 1
2018-06-24 23:11:37,559 INFO (UserController.java:349)- value=/login,method=RequestMethod.POST: param: {"username":"leitianxiangAD","password":"OTlhM2JlZDRjMDE0YzU5MTFjOTg3MDZkNjEzYTMxMWI="}
2018-06-24 23:11:37,571 INFO (UserController.java:356)- value=/login,method=RequestMethod.POST: originalParam: {"username":"leitianxiangAD","password":"OTlhM2JlZDRjMDE0YzU5MTFjOTg3MDZkNjEzYTMxMWI="}
2018-06-24 23:11:37,574 INFO (UserController.java:360)- value=/login,method=RequestMethod.POST: username: leitianxiangAD ,password: OTlhM2JlZDRjMDE0YzU5MTFjOTg3MDZkNjEzYTMxMWI=
2018-06-24 23:11:37,922 INFO (MetaController.java:52)- value=/,method=RequestMethod.GET:
2018-06-24 23:11:40,986 INFO (CrawlerSourceController.java:41)- value=/,method=RequestMethod.GET: keyword:  , page_num: 1
2018-06-24 23:12:05,550 INFO (CrawlerCategoryController.java:46)- value=/,method=RequestMethod.GET: keyword:  , page_num: 1
2018-06-24 23:12:09,305 INFO (CrawlerManagementController.java:66)- value=/,method=RequestMethod.GET: keyword:  ,bkey:  ,ckey:  ,crawler_status:  ,crawler_switch:  ,page_num: 1
2018-06-24 23:12:12,394 INFO (CrawlerUserAgentController.java:46)- value=/,method=RequestMethod.GET: keyword:  ,page_num: 1
2018-06-24 23:12:14,722 INFO (CrawlerDynamicIpController.java:49)- value=/,method=RequestMethod.GET: keyword:  ,protocol:  ,page_num: 1
2018-06-24 23:12:16,823 INFO (CrawlerSetController.java:46)- value=/,method=RequestMethod.GET: keyword:  ,page_num: 1
2018-06-24 23:12:19,150 INFO (InformationSourceController.java:66)- value=/,method=RequestMethod.GET: keyword:  ,bkey:  ,ckey:  ,page_num: 1
2018-06-24 23:12:19,401 INFO (RedisService.java:79)- getStr(String key) method run, key: string:information_source:status
2018-06-24 23:12:19,422 INFO (RedisService.java:79)- getStr(String key) method run, key: string:information_source:batch
2018-06-24 23:12:21,799 INFO (InformationRepetitionPondController.java:65)- value=/,method=RequestMethod.GET: keyword:  ,bkey:  ,ckey:  ,page_num: 1
2018-06-24 23:12:21,958 INFO (RedisService.java:79)- getStr(String key) method run, key: string:information_repetition_pond:batch
2018-06-24 23:12:24,119 INFO (InformationRepetitionResultController.java:66)- value=/,method=RequestMethod.GET: keyword:  ,bkey:  ,ckey:  ,page_num: 1
2018-06-24 23:12:24,244 INFO (RedisService.java:79)- getStr(String key) method run, key: string:information_repetition_result:status
2018-06-24 23:12:24,248 INFO (RedisService.java:79)- getStr(String key) method run, key: string:information_repetition_result:batch
2018-06-24 23:12:28,356 INFO (InformationIllegalityPondController.java:64)- value=/,method=RequestMethod.GET: keyword:  ,bkey:  ,ckey:  ,page_num: 1
2018-06-24 23:12:28,476 INFO (RedisService.java:79)- getStr(String key) method run, key: string:information_illegality_pond:batch
2018-06-24 23:12:30,368 INFO (InformationIllegalityResultController.java:66)- value=/,method=RequestMethod.GET: keyword:  ,bkey:  ,ckey:  ,page_num: 1
2018-06-24 23:12:30,480 INFO (RedisService.java:79)- getStr(String key) method run, key: string:information_illegality_result:status
2018-06-24 23:12:30,499 INFO (RedisService.java:79)- getStr(String key) method run, key: string:information_illegality_result:batch
2018-06-24 23:12:31,608 INFO (InformationIllegalitySetController.java:46)- value=/,method=RequestMethod.GET: keyword:  ,page_num: 1
2018-06-24 23:12:34,773 INFO (InformationWeightSourceController.java:66)- value=/,method=RequestMethod.GET: keyword:  ,bkey:  ,ckey:  ,page_num: 1
2018-06-24 23:12:34,816 INFO (RedisService.java:79)- getStr(String key) method run, key: string:information_weight_source:status
2018-06-24 23:12:34,821 INFO (RedisService.java:79)- getStr(String key) method run, key: string:information_weight_source:batch
2018-06-24 23:12:36,496 INFO (InformationWeightSortController.java:66)- value=/,method=RequestMethod.GET: keyword:  ,bkey:  ,ckey:  ,page_num: 1
2018-06-24 23:12:36,537 INFO (RedisService.java:79)- getStr(String key) method run, key: string:information_weight_sort:status
2018-06-24 23:12:36,539 INFO (RedisService.java:79)- getStr(String key) method run, key: string:information_weight_sort:batch
2018-06-24 23:12:37,692 INFO (InformationWeightFiltrateController.java:66)- value=/,method=RequestMethod.GET: keyword:  ,bkey:  ,ckey:  ,page_num: 1
2018-06-24 23:12:37,770 INFO (RedisService.java:79)- getStr(String key) method run, key: string:information_weight_filtrate:status
2018-06-24 23:12:37,771 INFO (RedisService.java:79)- getStr(String key) method run, key: string:information_weight_filtrate:batch
2018-06-24 23:12:39,342 INFO (InformationWeightSetController.java:46)- value=/,method=RequestMethod.GET: keyword:  ,page_num: 1
2018-06-24 23:12:42,797 INFO (InformationOutputListController.java:66)- value=/,method=RequestMethod.GET: keyword: ,bkey:  ,ckey:  ,page_num: 1
2018-06-24 23:12:42,913 INFO (RedisService.java:79)- getStr(String key) method run, key: string:information_output_list:status
2018-06-24 23:12:42,914 INFO (RedisService.java:79)- getStr(String key) method run, key: string:information_output_list:batch
2018-06-24 23:12:44,138 INFO (InformationOutputArticleController.java:67)- value=/,method=RequestMethod.GET: keyword:  ,bkey:  ,ckey:  ,page_num: 1
2018-06-24 23:12:44,221 INFO (RedisService.java:79)- getStr(String key) method run, key: string:information_output_article:status
2018-06-24 23:12:44,222 INFO (RedisService.java:79)- getStr(String key) method run, key: string:information_output_article:batch
2018-06-24 23:12:45,111 INFO (InformationCommentController.java:59)- value=/,method=RequestMethod.GET: keyword:  ,page_num: 1
2018-06-24 23:12:47,972 INFO (UserController.java:65)- value=/,method=RequestMethod.GET: keyword:  ,page_num: 1
2018-06-24 23:12:57,494 INFO (InformationIllegalitySetController.java:46)- value=/,method=RequestMethod.GET: keyword:  ,page_num: 1
2018-06-24 23:13:00,766 INFO (InformationIllegalitySetController.java:259)- value=/{sid},method=RequestMethod.DELETE: sid: 402881e763536157016353bd9ab90000
2018-06-24 23:13:01,080 INFO (CustomerCacheEventListener.java:16)- cache removed. key = informationIllegalitySet_402881e763536157016353bd9ab90000, value = null
2018-06-24 23:13:01,139 INFO (InformationIllegalitySetController.java:46)- value=/,method=RequestMethod.GET: keyword: undefined ,page_num: undefined
2018-06-24 23:13:04,350 INFO (InformationIllegalitySetController.java:259)- value=/{sid},method=RequestMethod.DELETE: sid: 402829816343a609016343a6a0cf0000
2018-06-24 23:13:04,359 INFO (CustomerCacheEventListener.java:16)- cache removed. key = informationIllegalitySet_402829816343a609016343a6a0cf0000, value = null
2018-06-24 23:13:04,424 INFO (InformationIllegalitySetController.java:46)- value=/,method=RequestMethod.GET: keyword: undefined ,page_num: undefined
2018-06-24 23:46:17,224 INFO (CustomerCacheManagerEventListener.java:32)- ehcache dispose...
2018-06-24 23:46:17,238 INFO (CustomerCacheEventListener.java:51)- cache dispose.
2018-06-24 23:46:17,307 INFO (CustomerCacheEventListener.java:51)- cache dispose.
2018-06-24 23:46:17,309 INFO (CustomerCacheEventListener.java:51)- cache dispose.
