2018-07-05 09:58:45,042 INFO (CustomerCacheManagerEventListener.java:32)- ehcache dispose...
2018-07-05 09:58:45,163 INFO (CustomerCacheEventListener.java:51)- cache dispose.
2018-07-05 09:58:45,218 INFO (CustomerCacheEventListener.java:51)- cache dispose.
2018-07-05 09:58:45,267 INFO (CustomerCacheEventListener.java:51)- cache dispose.
2018-07-05 10:11:17,693 INFO (StartupInfoLogger.java:50)- Starting Application on leitianxiangdeMacBook-Pro.local with PID 21927 (/Users/leitianxiang/Workspaces/intelli/jishitoutiao-api/target/classes started by leitianxiang in /Users/leitianxiang/Workspaces/intelli/jishitoutiao-api)
2018-07-05 10:11:17,700 DEBUG (StartupInfoLogger.java:53)- Running with Spring Boot v2.0.2.RELEASE, Spring v5.0.6.RELEASE
2018-07-05 10:11:17,707 INFO (SpringApplication.java:659)- No active profile set, falling back to default profiles: default
2018-07-05 10:11:28,681 INFO (CustomerCacheManagerEventListener.java:22)- init ehcache...
2018-07-05 10:11:28,770 INFO (CustomerCacheManagerEventListener.java:37)- cacheAdded... entityCache
2018-07-05 10:11:28,771 INFO (CustomerCacheManagerEventListener.java:38)- [ name = entityCache status = STATUS_ALIVE eternal = false overflowToDisk = true maxEntriesLocalHeap = 10000 maxEntriesLocalDisk = 100000 memoryStoreEvictionPolicy = LRU timeToLiveSeconds = 600 timeToIdleSeconds = 300 persistence = LOCALTEMPSWAP diskExpiryThreadIntervalSeconds = 1200 cacheEventListeners: com.jishitoutiao.cache.CustomerCacheEventListener ; orderedCacheEventListeners:  maxBytesLocalHeap = 0 overflowToOffHeap = false maxBytesLocalOffHeap = 0 maxBytesLocalDisk = 0 pinned = false ]
2018-07-05 10:11:28,776 INFO (CustomerCacheManagerEventListener.java:37)- cacheAdded... org.hibernate.cache.spi.UpdateTimestampsCache
2018-07-05 10:11:28,777 INFO (CustomerCacheManagerEventListener.java:38)- [ name = org.hibernate.cache.spi.UpdateTimestampsCache status = STATUS_ALIVE eternal = true overflowToDisk = true maxEntriesLocalHeap = 5000 maxEntriesLocalDisk = 0 memoryStoreEvictionPolicy = LRU timeToLiveSeconds = 0 timeToIdleSeconds = 0 persistence = LOCALTEMPSWAP diskExpiryThreadIntervalSeconds = 120 cacheEventListeners: com.jishitoutiao.cache.CustomerCacheEventListener ; orderedCacheEventListeners:  maxBytesLocalHeap = 0 overflowToOffHeap = false maxBytesLocalOffHeap = 0 maxBytesLocalDisk = 0 pinned = false ]
2018-07-05 10:11:28,783 INFO (CustomerCacheManagerEventListener.java:37)- cacheAdded... org.hibernate.cache.internal.StandardQueryCache
2018-07-05 10:11:28,783 INFO (CustomerCacheManagerEventListener.java:38)- [ name = org.hibernate.cache.internal.StandardQueryCache status = STATUS_ALIVE eternal = false overflowToDisk = true maxEntriesLocalHeap = 5 maxEntriesLocalDisk = 0 memoryStoreEvictionPolicy = LRU timeToLiveSeconds = 120 timeToIdleSeconds = 0 persistence = LOCALTEMPSWAP diskExpiryThreadIntervalSeconds = 120 cacheEventListeners: com.jishitoutiao.cache.CustomerCacheEventListener ; orderedCacheEventListeners:  maxBytesLocalHeap = 0 overflowToOffHeap = false maxBytesLocalOffHeap = 0 maxBytesLocalDisk = 0 pinned = false ]
2018-07-05 10:11:29,236 INFO (StartupInfoLogger.java:59)- Started Application in 12.605 seconds (JVM running for 13.973)
2018-07-05 11:05:17,220 INFO (JWTAuthenticationFilter.java:43)- doFilterInternal() run, authHeader: null
2018-07-05 11:05:17,344 INFO (UserController.java:344)- value=/login,method=RequestMethod.POST: param: {"username":"leitianxiangAD","password":"OTlhM2JlZDRjMDE0YzU5MTFjOTg3MDZkNjEzYTMxMWI="}
2018-07-05 11:05:17,344 INFO (UserController.java:351)- value=/login,method=RequestMethod.POST: originalParam: {"username":"leitianxiangAD","password":"OTlhM2JlZDRjMDE0YzU5MTFjOTg3MDZkNjEzYTMxMWI="}
2018-07-05 11:05:17,454 INFO (UserController.java:355)- value=/login,method=RequestMethod.POST: username: leitianxiangAD ,password: OTlhM2JlZDRjMDE0YzU5MTFjOTg3MDZkNjEzYTMxMWI=
2018-07-05 11:05:18,248 INFO (JWTAuthenticationFilter.java:43)- doFilterInternal() run, authHeader: Bearer eyJhbGciOiJIUzUxMiJ9.eyJ1c2VyX2lkIjoiNDAyODI5ODE2NDMxMTNjYTAxNjQzMTEzZWJjMTAwMDAiLCJjcmVhdGVkIjoxNTMwNzU5OTE4MDE0LCJleHAiOjE1MzEwMTkxMTgsInVzZXJuYW1lIjoibGVpdGlhbnhpYW5nQUQifQ.fjayakgbEwh8KsHmS--PqU56n8XqbvDGzbvBDIT_8tqTww0RZTxTOdXwFIy2sA6FkQIGPzpl1Gei1zIFOn9KCA
2018-07-05 11:05:18,320 INFO (MetaController.java:52)- value=/,method=RequestMethod.GET:
2018-07-05 11:05:24,238 INFO (JWTAuthenticationFilter.java:43)- doFilterInternal() run, authHeader: Bearer eyJhbGciOiJIUzUxMiJ9.eyJ1c2VyX2lkIjoiNDAyODI5ODE2NDMxMTNjYTAxNjQzMTEzZWJjMTAwMDAiLCJjcmVhdGVkIjoxNTMwNzU5OTE4MDE0LCJleHAiOjE1MzEwMTkxMTgsInVzZXJuYW1lIjoibGVpdGlhbnhpYW5nQUQifQ.fjayakgbEwh8KsHmS--PqU56n8XqbvDGzbvBDIT_8tqTww0RZTxTOdXwFIy2sA6FkQIGPzpl1Gei1zIFOn9KCA
2018-07-05 11:05:24,266 INFO (CrawlerManagementController.java:66)- value=/,method=RequestMethod.GET: keyword:  ,bkey:  ,ckey:  ,crawler_status:  ,crawler_switch:  ,page_num: 1
2018-07-05 11:05:30,084 INFO (JWTAuthenticationFilter.java:43)- doFilterInternal() run, authHeader: Bearer eyJhbGciOiJIUzUxMiJ9.eyJ1c2VyX2lkIjoiNDAyODI5ODE2NDMxMTNjYTAxNjQzMTEzZWJjMTAwMDAiLCJjcmVhdGVkIjoxNTMwNzU5OTE4MDE0LCJleHAiOjE1MzEwMTkxMTgsInVzZXJuYW1lIjoibGVpdGlhbnhpYW5nQUQifQ.fjayakgbEwh8KsHmS--PqU56n8XqbvDGzbvBDIT_8tqTww0RZTxTOdXwFIy2sA6FkQIGPzpl1Gei1zIFOn9KCA
2018-07-05 11:05:30,099 INFO (CrawlerManagementController.java:298)- value=/{id},method=RequestMethod.PUT: id: 40282981641bfa6001641bfbc4080000, param: {"bid":"9e9c34ed628a59b501628b7c323f0003","sld":"豆瓣情感","cid":"40282981627b889401627bf9920f0003","crawler_name":"doubanqinggan","base_url":"http://www.doubanqinggan.com","crawler_directory":"/usr","crawler_weight_factor":50,"crawler_weight_score":50,"crawler_status":"NORMAL","remark":"s","crawler_switch":"ON"}
2018-07-05 11:05:30,099 INFO (CrawlerManagementController.java:306)- value=/,method=RequestMethod.POST: originalParam: {"bid":"9e9c34ed628a59b501628b7c323f0003","sld":"豆瓣情感","cid":"40282981627b889401627bf9920f0003","crawler_name":"doubanqinggan","base_url":"http://www.doubanqinggan.com","crawler_directory":"/usr","crawler_weight_factor":50,"crawler_weight_score":50,"crawler_status":"NORMAL","remark":"s","crawler_switch":"ON"}
2018-07-05 11:05:30,100 INFO (CrawlerManagementController.java:310)- value=/{id},method=RequestMethod.PUT: id:40282981641bfa6001641bfbc4080000 ,bid: 9e9c34ed628a59b501628b7c323f0003 ,sld: 豆瓣情感 ,cid: 40282981627b889401627bf9920f0003 ,crawler_name: doubanqinggan ,base_url: http://www.doubanqinggan.com ,crawler_directory: /usr ,crawler_weight_factor: 50 ,crawler_weight_score: 50 ,crawler_status: NORMAL ,remark: s ,crawler_switch: ON
2018-07-05 11:05:30,100 INFO (CrawlerManagementController.java:340)- crawler_name: doubanqinggan, Rex: true
2018-07-05 11:05:30,101 INFO (CrawlerManagementController.java:347)- base_url: http://www.doubanqinggan.com, Rex: true
2018-07-05 11:05:30,102 INFO (CrawlerManagementController.java:355)- crawler_weight_factor: 50, Rex: true
2018-07-05 11:05:30,102 INFO (CrawlerManagementController.java:362)- crawler_weight_score: 50, Rex: true
2018-07-05 11:05:30,102 INFO (CrawlerManagementController.java:369)- crawler_status: NORMAL, Rex: true
2018-07-05 11:05:30,103 INFO (CrawlerManagementController.java:376)- crawler_switch: ON, Rex: true
2018-07-05 11:05:30,142 INFO (CustomerCacheEventListener.java:21)- cache put. key = crawlerManagement40282981641bfa6001641bfbc4080000, value = CrawlerManagement [crawlerId=40282981641bfa6001641bfbc4080000, crawlerSource=CrawlerSource [bid=9e9c34ed628a59b501628b7c323f0003, bkey=jishitoutiao, bname=即时头条, homepage=http://www.jishitoutiao.com, logo=null, remark=自己抓自己？爽肤水, lastUpdate=2018-04-03 20:29:55.0], sld=豆瓣情感, crawlerCategory=CrawlerCategory [cid=402829816266ef5401626700ec8b000b, ckey=funny, cname=搞笑, remark=ouho=吼吼吼, lastUpdate=2018-03-27 18:28:56.0], crawlerName=doubanqinggan, baseUrl=http://www.doubanqinggan.com, crawlerDirectory=/usr, crawlerWeightFactor=50.0, crawlerWeightScore=50, crawlerStatus=NORMAL, remark=s, crawlerSwitch=ON, lastUpdate=2018-06-20 14:57:21.0]
2018-07-05 11:05:30,150 INFO (CustomerCacheEventListener.java:21)- cache put. key = crawlerSource_9e9c34ed628a59b501628b7c323f0003, value = CrawlerSource [bid=9e9c34ed628a59b501628b7c323f0003, bkey=jishitoutiao, bname=即时头条, homepage=http://www.jishitoutiao.com, logo=null, remark=自己抓自己？爽肤水, lastUpdate=2018-04-03 20:29:55.0]
2018-07-05 11:05:30,165 INFO (CustomerCacheEventListener.java:21)- cache put. key = crawlerCategory40282981627b889401627bf9920f0003, value = CrawlerCategory [cid=40282981627b889401627bf9920f0003, ckey=qutu, cname=趣图, remark=图片, lastUpdate=2018-03-31 20:12:56.0]
2018-07-05 11:05:30,284 INFO (CustomerCacheEventListener.java:16)- cache removed. key = crawlerManagement40282981641bfa6001641bfbc4080000, value = CrawlerManagement [crawlerId=40282981641bfa6001641bfbc4080000, crawlerSource=CrawlerSource [bid=9e9c34ed628a59b501628b7c323f0003, bkey=jishitoutiao, bname=即时头条, homepage=http://www.jishitoutiao.com, logo=null, remark=自己抓自己？爽肤水, lastUpdate=2018-04-03 20:29:55.0], sld=豆瓣情感, crawlerCategory=CrawlerCategory [cid=402829816266ef5401626700ec8b000b, ckey=funny, cname=搞笑, remark=ouho=吼吼吼, lastUpdate=2018-03-27 18:28:56.0], crawlerName=doubanqinggan, baseUrl=http://www.doubanqinggan.com, crawlerDirectory=/usr, crawlerWeightFactor=50.0, crawlerWeightScore=50, crawlerStatus=NORMAL, remark=s, crawlerSwitch=ON, lastUpdate=2018-06-20 14:57:21.0]
2018-07-05 11:05:30,415 INFO (JWTAuthenticationFilter.java:43)- doFilterInternal() run, authHeader: Bearer eyJhbGciOiJIUzUxMiJ9.eyJ1c2VyX2lkIjoiNDAyODI5ODE2NDMxMTNjYTAxNjQzMTEzZWJjMTAwMDAiLCJjcmVhdGVkIjoxNTMwNzU5OTE4MDE0LCJleHAiOjE1MzEwMTkxMTgsInVzZXJuYW1lIjoibGVpdGlhbnhpYW5nQUQifQ.fjayakgbEwh8KsHmS--PqU56n8XqbvDGzbvBDIT_8tqTww0RZTxTOdXwFIy2sA6FkQIGPzpl1Gei1zIFOn9KCA
2018-07-05 11:05:30,419 INFO (CrawlerManagementController.java:66)- value=/,method=RequestMethod.GET: keyword:  ,bkey:  ,ckey:  ,crawler_status:  ,crawler_switch:  ,page_num: 1
2018-07-05 11:05:38,225 INFO (JWTAuthenticationFilter.java:43)- doFilterInternal() run, authHeader: Bearer eyJhbGciOiJIUzUxMiJ9.eyJ1c2VyX2lkIjoiNDAyODI5ODE2NDMxMTNjYTAxNjQzMTEzZWJjMTAwMDAiLCJjcmVhdGVkIjoxNTMwNzU5OTE4MDE0LCJleHAiOjE1MzEwMTkxMTgsInVzZXJuYW1lIjoibGVpdGlhbnhpYW5nQUQifQ.fjayakgbEwh8KsHmS--PqU56n8XqbvDGzbvBDIT_8tqTww0RZTxTOdXwFIy2sA6FkQIGPzpl1Gei1zIFOn9KCA
2018-07-05 11:05:38,231 INFO (CrawlerManagementController.java:66)- value=/,method=RequestMethod.GET: keyword:  ,bkey:  ,ckey:  ,crawler_status: NORMAL ,crawler_switch:  ,page_num: 1
2018-07-05 11:05:47,663 INFO (JWTAuthenticationFilter.java:43)- doFilterInternal() run, authHeader: Bearer eyJhbGciOiJIUzUxMiJ9.eyJ1c2VyX2lkIjoiNDAyODI5ODE2NDMxMTNjYTAxNjQzMTEzZWJjMTAwMDAiLCJjcmVhdGVkIjoxNTMwNzU5OTE4MDE0LCJleHAiOjE1MzEwMTkxMTgsInVzZXJuYW1lIjoibGVpdGlhbnhpYW5nQUQifQ.fjayakgbEwh8KsHmS--PqU56n8XqbvDGzbvBDIT_8tqTww0RZTxTOdXwFIy2sA6FkQIGPzpl1Gei1zIFOn9KCA
2018-07-05 11:05:47,667 INFO (CrawlerManagementController.java:66)- value=/,method=RequestMethod.GET: keyword:  ,bkey:  ,ckey:  ,crawler_status: NORMAL ,crawler_switch: ON ,page_num: 1
2018-07-05 11:05:56,116 INFO (JWTAuthenticationFilter.java:43)- doFilterInternal() run, authHeader: Bearer eyJhbGciOiJIUzUxMiJ9.eyJ1c2VyX2lkIjoiNDAyODI5ODE2NDMxMTNjYTAxNjQzMTEzZWJjMTAwMDAiLCJjcmVhdGVkIjoxNTMwNzU5OTE4MDE0LCJleHAiOjE1MzEwMTkxMTgsInVzZXJuYW1lIjoibGVpdGlhbnhpYW5nQUQifQ.fjayakgbEwh8KsHmS--PqU56n8XqbvDGzbvBDIT_8tqTww0RZTxTOdXwFIy2sA6FkQIGPzpl1Gei1zIFOn9KCA
2018-07-05 11:05:56,125 INFO (CrawlerManagementController.java:298)- value=/{id},method=RequestMethod.PUT: id: 402881e763536157016353d47f6d0006, param: {"bid":"402829816251ea920162520a26f40004","sld":"小米时事","cid":"40282981627b889401627bf8e8020002","crawler_name":"xiaomiss","base_url":"http://www.xiaomiss.com","crawler_directory":"/user/leitianxiang/","crawler_weight_factor":0.8,"crawler_weight_score":90,"crawler_status":"NORMAL","remark":"wuhahhhahha是是是","crawler_switch":"ON"}
2018-07-05 11:05:56,126 INFO (CrawlerManagementController.java:306)- value=/,method=RequestMethod.POST: originalParam: {"bid":"402829816251ea920162520a26f40004","sld":"小米时事","cid":"40282981627b889401627bf8e8020002","crawler_name":"xiaomiss","base_url":"http://www.xiaomiss.com","crawler_directory":"/user/leitianxiang/","crawler_weight_factor":0.8,"crawler_weight_score":90,"crawler_status":"NORMAL","remark":"wuhahhhahha是是是","crawler_switch":"ON"}
2018-07-05 11:05:56,128 INFO (CrawlerManagementController.java:310)- value=/{id},method=RequestMethod.PUT: id:402881e763536157016353d47f6d0006 ,bid: 402829816251ea920162520a26f40004 ,sld: 小米时事 ,cid: 40282981627b889401627bf8e8020002 ,crawler_name: xiaomiss ,base_url: http://www.xiaomiss.com ,crawler_directory: /user/leitianxiang/ ,crawler_weight_factor: 0.8 ,crawler_weight_score: 90 ,crawler_status: NORMAL ,remark: wuhahhhahha是是是 ,crawler_switch: ON
2018-07-05 11:05:56,129 INFO (CrawlerManagementController.java:340)- crawler_name: xiaomiss, Rex: true
2018-07-05 11:05:56,129 INFO (CrawlerManagementController.java:347)- base_url: http://www.xiaomiss.com, Rex: true
2018-07-05 11:05:56,130 INFO (CrawlerManagementController.java:355)- crawler_weight_factor: 0.8, Rex: true
2018-07-05 11:05:56,130 INFO (CrawlerManagementController.java:362)- crawler_weight_score: 90, Rex: true
2018-07-05 11:05:56,130 INFO (CrawlerManagementController.java:369)- crawler_status: NORMAL, Rex: true
2018-07-05 11:05:56,131 INFO (CrawlerManagementController.java:376)- crawler_switch: ON, Rex: true
2018-07-05 11:05:56,141 INFO (CustomerCacheEventListener.java:21)- cache put. key = crawlerManagement402881e763536157016353d47f6d0006, value = CrawlerManagement [crawlerId=402881e763536157016353d47f6d0006, crawlerSource=CrawlerSource [bid=402829816251ea920162520a26f40004, bkey=xiaomi, bname=小米, homepage=http://www.mi.com, logo=null, remark=小米官网~~~~~来抢咯, lastUpdate=2018-03-23 16:49:00.0], sld=小米时事, crawlerCategory=CrawlerCategory [cid=40282981627b889401627bf83b5d0000, ckey=shishi, cname=时事, remark=时事分类, lastUpdate=2018-03-31 20:11:30.0], crawlerName=xiaomiss, baseUrl=http://www.xiaomiss.com, crawlerDirectory=/user/leitianxiang/, crawlerWeightFactor=0.8, crawlerWeightScore=90, crawlerStatus=NORMAL, remark=wuhahhhahha是是是, crawlerSwitch=ON, lastUpdate=2018-05-12 18:10:35.0]
2018-07-05 11:05:56,146 INFO (CustomerCacheEventListener.java:21)- cache put. key = crawlerSource_402829816251ea920162520a26f40004, value = CrawlerSource [bid=402829816251ea920162520a26f40004, bkey=xiaomi, bname=小米, homepage=http://www.mi.com, logo=null, remark=小米官网~~~~~来抢咯, lastUpdate=2018-03-23 16:49:00.0]
2018-07-05 11:05:56,154 INFO (CustomerCacheEventListener.java:21)- cache put. key = crawlerCategory40282981627b889401627bf8e8020002, value = CrawlerCategory [cid=40282981627b889401627bf8e8020002, ckey=guoji, cname=国际, remark=xiaofan~, lastUpdate=2018-03-31 20:12:12.0]
2018-07-05 11:05:56,164 INFO (CustomerCacheEventListener.java:16)- cache removed. key = crawlerManagement402881e763536157016353d47f6d0006, value = CrawlerManagement [crawlerId=402881e763536157016353d47f6d0006, crawlerSource=CrawlerSource [bid=402829816251ea920162520a26f40004, bkey=xiaomi, bname=小米, homepage=http://www.mi.com, logo=null, remark=小米官网~~~~~来抢咯, lastUpdate=2018-03-23 16:49:00.0], sld=小米时事, crawlerCategory=CrawlerCategory [cid=40282981627b889401627bf83b5d0000, ckey=shishi, cname=时事, remark=时事分类, lastUpdate=2018-03-31 20:11:30.0], crawlerName=xiaomiss, baseUrl=http://www.xiaomiss.com, crawlerDirectory=/user/leitianxiang/, crawlerWeightFactor=0.8, crawlerWeightScore=90, crawlerStatus=NORMAL, remark=wuhahhhahha是是是, crawlerSwitch=ON, lastUpdate=2018-05-12 18:10:35.0]
2018-07-05 11:05:56,280 INFO (JWTAuthenticationFilter.java:43)- doFilterInternal() run, authHeader: Bearer eyJhbGciOiJIUzUxMiJ9.eyJ1c2VyX2lkIjoiNDAyODI5ODE2NDMxMTNjYTAxNjQzMTEzZWJjMTAwMDAiLCJjcmVhdGVkIjoxNTMwNzU5OTE4MDE0LCJleHAiOjE1MzEwMTkxMTgsInVzZXJuYW1lIjoibGVpdGlhbnhpYW5nQUQifQ.fjayakgbEwh8KsHmS--PqU56n8XqbvDGzbvBDIT_8tqTww0RZTxTOdXwFIy2sA6FkQIGPzpl1Gei1zIFOn9KCA
2018-07-05 11:05:56,285 INFO (CrawlerManagementController.java:66)- value=/,method=RequestMethod.GET: keyword:  ,bkey:  ,ckey:  ,crawler_status: NORMAL ,crawler_switch: ON ,page_num: 1
2018-07-05 11:06:03,664 INFO (JWTAuthenticationFilter.java:43)- doFilterInternal() run, authHeader: Bearer eyJhbGciOiJIUzUxMiJ9.eyJ1c2VyX2lkIjoiNDAyODI5ODE2NDMxMTNjYTAxNjQzMTEzZWJjMTAwMDAiLCJjcmVhdGVkIjoxNTMwNzU5OTE4MDE0LCJleHAiOjE1MzEwMTkxMTgsInVzZXJuYW1lIjoibGVpdGlhbnhpYW5nQUQifQ.fjayakgbEwh8KsHmS--PqU56n8XqbvDGzbvBDIT_8tqTww0RZTxTOdXwFIy2sA6FkQIGPzpl1Gei1zIFOn9KCA
2018-07-05 11:06:03,669 INFO (CrawlerManagementController.java:66)- value=/,method=RequestMethod.GET: keyword:  ,bkey:  ,ckey:  ,crawler_status:  ,crawler_switch: ON ,page_num: 1
2018-07-05 11:06:07,950 INFO (JWTAuthenticationFilter.java:43)- doFilterInternal() run, authHeader: Bearer eyJhbGciOiJIUzUxMiJ9.eyJ1c2VyX2lkIjoiNDAyODI5ODE2NDMxMTNjYTAxNjQzMTEzZWJjMTAwMDAiLCJjcmVhdGVkIjoxNTMwNzU5OTE4MDE0LCJleHAiOjE1MzEwMTkxMTgsInVzZXJuYW1lIjoibGVpdGlhbnhpYW5nQUQifQ.fjayakgbEwh8KsHmS--PqU56n8XqbvDGzbvBDIT_8tqTww0RZTxTOdXwFIy2sA6FkQIGPzpl1Gei1zIFOn9KCA
2018-07-05 11:06:07,954 INFO (CrawlerManagementController.java:66)- value=/,method=RequestMethod.GET: keyword:  ,bkey:  ,ckey:  ,crawler_status:  ,crawler_switch:  ,page_num: 1
2018-07-05 11:06:15,433 INFO (JWTAuthenticationFilter.java:43)- doFilterInternal() run, authHeader: Bearer eyJhbGciOiJIUzUxMiJ9.eyJ1c2VyX2lkIjoiNDAyODI5ODE2NDMxMTNjYTAxNjQzMTEzZWJjMTAwMDAiLCJjcmVhdGVkIjoxNTMwNzU5OTE4MDE0LCJleHAiOjE1MzEwMTkxMTgsInVzZXJuYW1lIjoibGVpdGlhbnhpYW5nQUQifQ.fjayakgbEwh8KsHmS--PqU56n8XqbvDGzbvBDIT_8tqTww0RZTxTOdXwFIy2sA6FkQIGPzpl1Gei1zIFOn9KCA
2018-07-05 11:06:15,439 INFO (CrawlerManagementController.java:298)- value=/{id},method=RequestMethod.PUT: id: 40282981626d1a7501626d1d1f110000, param: {"bid":"402829816250cf82016251cc95ee0002","sld":"腾讯体育","cid":"402829816266ef54016266fdc92e0002","crawler_name":"tengxuntiyu","base_url":"http://www.tengxuntiyu.com","crawler_directory":"/user/leitianxiang/","crawler_weight_factor":0.5,"crawler_weight_score":50,"crawler_status":"ABNORMAL","remark":"啊哈哈哈哈哈\n","crawler_switch":"ON"}
2018-07-05 11:06:15,440 INFO (CrawlerManagementController.java:306)- value=/,method=RequestMethod.POST: originalParam: {"bid":"402829816250cf82016251cc95ee0002","sld":"腾讯体育","cid":"402829816266ef54016266fdc92e0002","crawler_name":"tengxuntiyu","base_url":"http://www.tengxuntiyu.com","crawler_directory":"/user/leitianxiang/","crawler_weight_factor":0.5,"crawler_weight_score":50,"crawler_status":"ABNORMAL","remark":"啊哈哈哈哈哈\n","crawler_switch":"ON"}
2018-07-05 11:06:15,441 INFO (CrawlerManagementController.java:310)- value=/{id},method=RequestMethod.PUT: id:40282981626d1a7501626d1d1f110000 ,bid: 402829816250cf82016251cc95ee0002 ,sld: 腾讯体育 ,cid: 402829816266ef54016266fdc92e0002 ,crawler_name: tengxuntiyu ,base_url: http://www.tengxuntiyu.com ,crawler_directory: /user/leitianxiang/ ,crawler_weight_factor: 0.5 ,crawler_weight_score: 50 ,crawler_status: ABNORMAL ,remark: 啊哈哈哈哈哈
 ,crawler_switch: ON
2018-07-05 11:06:15,442 INFO (CrawlerManagementController.java:340)- crawler_name: tengxuntiyu, Rex: true
2018-07-05 11:06:15,443 INFO (CrawlerManagementController.java:347)- base_url: http://www.tengxuntiyu.com, Rex: true
2018-07-05 11:06:15,444 INFO (CrawlerManagementController.java:355)- crawler_weight_factor: 0.5, Rex: true
2018-07-05 11:06:15,444 INFO (CrawlerManagementController.java:362)- crawler_weight_score: 50, Rex: true
2018-07-05 11:06:15,445 INFO (CrawlerManagementController.java:369)- crawler_status: ABNORMAL, Rex: true
2018-07-05 11:06:15,445 INFO (CrawlerManagementController.java:376)- crawler_switch: ON, Rex: true
2018-07-05 11:06:15,453 INFO (CustomerCacheEventListener.java:21)- cache put. key = crawlerManagement40282981626d1a7501626d1d1f110000, value = CrawlerManagement [crawlerId=40282981626d1a7501626d1d1f110000, crawlerSource=CrawlerSource [bid=402829816250cf82016251cc95ee0002, bkey=tengxun, bname=腾讯, homepage=http://www.tengxun.com, logo=null, remark=腾讯官方说的, lastUpdate=2018-03-25 22:17:16.0], sld=腾讯体育, crawlerCategory=CrawlerCategory [cid=402829816266ef54016266fdc92e0002, ckey=sport, cname=体育, remark=体育类别, lastUpdate=2018-03-27 18:25:30.0], crawlerName=tengxuntiyu, baseUrl=http://www.tengxuntiyu.com, crawlerDirectory=/user/leitianxiang/, crawlerWeightFactor=0.5, crawlerWeightScore=50, crawlerStatus=NORMAL, remark=啊哈哈哈哈哈
, crawlerSwitch=ON, lastUpdate=2018-03-28 22:57:28.0]
2018-07-05 11:06:15,460 INFO (CustomerCacheEventListener.java:21)- cache put. key = crawlerSource_402829816250cf82016251cc95ee0002, value = CrawlerSource [bid=402829816250cf82016251cc95ee0002, bkey=tengxun, bname=腾讯, homepage=http://www.tengxun.com, logo=null, remark=腾讯官方说的, lastUpdate=2018-03-25 22:17:16.0]
2018-07-05 11:06:15,465 INFO (CustomerCacheEventListener.java:21)- cache put. key = crawlerCategory402829816266ef54016266fdc92e0002, value = CrawlerCategory [cid=402829816266ef54016266fdc92e0002, ckey=sport, cname=体育, remark=体育类别, lastUpdate=2018-03-27 18:25:30.0]
2018-07-05 11:06:15,473 INFO (CustomerCacheEventListener.java:16)- cache removed. key = crawlerManagement40282981626d1a7501626d1d1f110000, value = CrawlerManagement [crawlerId=40282981626d1a7501626d1d1f110000, crawlerSource=CrawlerSource [bid=402829816250cf82016251cc95ee0002, bkey=tengxun, bname=腾讯, homepage=http://www.tengxun.com, logo=null, remark=腾讯官方说的, lastUpdate=2018-03-25 22:17:16.0], sld=腾讯体育, crawlerCategory=CrawlerCategory [cid=402829816266ef54016266fdc92e0002, ckey=sport, cname=体育, remark=体育类别, lastUpdate=2018-03-27 18:25:30.0], crawlerName=tengxuntiyu, baseUrl=http://www.tengxuntiyu.com, crawlerDirectory=/user/leitianxiang/, crawlerWeightFactor=0.5, crawlerWeightScore=50, crawlerStatus=NORMAL, remark=啊哈哈哈哈哈
, crawlerSwitch=ON, lastUpdate=2018-03-28 22:57:28.0]
2018-07-05 11:06:15,610 INFO (JWTAuthenticationFilter.java:43)- doFilterInternal() run, authHeader: Bearer eyJhbGciOiJIUzUxMiJ9.eyJ1c2VyX2lkIjoiNDAyODI5ODE2NDMxMTNjYTAxNjQzMTEzZWJjMTAwMDAiLCJjcmVhdGVkIjoxNTMwNzU5OTE4MDE0LCJleHAiOjE1MzEwMTkxMTgsInVzZXJuYW1lIjoibGVpdGlhbnhpYW5nQUQifQ.fjayakgbEwh8KsHmS--PqU56n8XqbvDGzbvBDIT_8tqTww0RZTxTOdXwFIy2sA6FkQIGPzpl1Gei1zIFOn9KCA
2018-07-05 11:06:15,614 INFO (CrawlerManagementController.java:66)- value=/,method=RequestMethod.GET: keyword:  ,bkey:  ,ckey:  ,crawler_status:  ,crawler_switch:  ,page_num: 1
2018-07-05 11:06:40,837 INFO (JWTAuthenticationFilter.java:43)- doFilterInternal() run, authHeader: Bearer eyJhbGciOiJIUzUxMiJ9.eyJ1c2VyX2lkIjoiNDAyODI5ODE2NDMxMTNjYTAxNjQzMTEzZWJjMTAwMDAiLCJjcmVhdGVkIjoxNTMwNzU5OTE4MDE0LCJleHAiOjE1MzEwMTkxMTgsInVzZXJuYW1lIjoibGVpdGlhbnhpYW5nQUQifQ.fjayakgbEwh8KsHmS--PqU56n8XqbvDGzbvBDIT_8tqTww0RZTxTOdXwFIy2sA6FkQIGPzpl1Gei1zIFOn9KCA
2018-07-05 11:06:40,847 INFO (CrawlerCategoryController.java:46)- value=/,method=RequestMethod.GET: keyword:  , page_num: 1
2018-07-05 11:06:45,289 INFO (JWTAuthenticationFilter.java:43)- doFilterInternal() run, authHeader: Bearer eyJhbGciOiJIUzUxMiJ9.eyJ1c2VyX2lkIjoiNDAyODI5ODE2NDMxMTNjYTAxNjQzMTEzZWJjMTAwMDAiLCJjcmVhdGVkIjoxNTMwNzU5OTE4MDE0LCJleHAiOjE1MzEwMTkxMTgsInVzZXJuYW1lIjoibGVpdGlhbnhpYW5nQUQifQ.fjayakgbEwh8KsHmS--PqU56n8XqbvDGzbvBDIT_8tqTww0RZTxTOdXwFIy2sA6FkQIGPzpl1Gei1zIFOn9KCA
2018-07-05 11:06:45,298 INFO (InformationOutputListController.java:66)- value=/,method=RequestMethod.GET: keyword: ,bkey:  ,ckey:  ,page_num: 1
2018-07-05 11:06:45,358 INFO (RedisService.java:79)- getStr(String key) method run, key: string:information_output_list:status
2018-07-05 11:06:45,427 INFO (RedisService.java:79)- getStr(String key) method run, key: string:information_output_list:batch
2018-07-05 11:06:51,821 INFO (JWTAuthenticationFilter.java:43)- doFilterInternal() run, authHeader: Bearer eyJhbGciOiJIUzUxMiJ9.eyJ1c2VyX2lkIjoiNDAyODI5ODE2NDMxMTNjYTAxNjQzMTEzZWJjMTAwMDAiLCJjcmVhdGVkIjoxNTMwNzU5OTE4MDE0LCJleHAiOjE1MzEwMTkxMTgsInVzZXJuYW1lIjoibGVpdGlhbnhpYW5nQUQifQ.fjayakgbEwh8KsHmS--PqU56n8XqbvDGzbvBDIT_8tqTww0RZTxTOdXwFIy2sA6FkQIGPzpl1Gei1zIFOn9KCA
2018-07-05 11:06:51,828 INFO (InformationOutputListController.java:358)- value=/{id},method=RequestMethod.PUT: id: 402881e763545d0b0163545d19ef0000, param: {"information_id":"40282981627ba16501627ba175e70003","bid":"4028298162568c0d016256915dbc0001","cid":"402829816266ef54016266fec7d80004","crawler_id":"402829816271e7c0016271e9b13d0000","crawler_weight_factor":11,"crawler_weight_score":90,"crawler_score":990,"title":"zheshi标题","read_weight":"readweight","read_weight_factor":8,"read_count":80,"read_score":640,"comment_weight":"commentweight","comment_weight_factor":70,"comment_count":70,"comment_score":4900,"like_weight":"likeweight","like_weight_factor":6,"like_count":60,"like_score":360,"word_weight":"wordweight","word_weight_factor":5,"word_count":50,"word_score":250,"url":"http://www.jishitoutiao.com/","created_time":"2018-05-12 20:42:41","information_score":7140}
2018-07-05 11:06:51,828 INFO (InformationOutputListController.java:366)- value=/,method=RequestMethod.POST: originalParam: {"information_id":"40282981627ba16501627ba175e70003","bid":"4028298162568c0d016256915dbc0001","cid":"402829816266ef54016266fec7d80004","crawler_id":"402829816271e7c0016271e9b13d0000","crawler_weight_factor":11,"crawler_weight_score":90,"crawler_score":990,"title":"zheshi标题","read_weight":"readweight","read_weight_factor":8,"read_count":80,"read_score":640,"comment_weight":"commentweight","comment_weight_factor":70,"comment_count":70,"comment_score":4900,"like_weight":"likeweight","like_weight_factor":6,"like_count":60,"like_score":360,"word_weight":"wordweight","word_weight_factor":5,"word_count":50,"word_score":250,"url":"http://www.jishitoutiao.com/","created_time":"2018-05-12 20:42:41","information_score":7140}
2018-07-05 11:06:51,829 INFO (InformationOutputListController.java:370)- value=/{id},method=RequestMethod.PUT: id: 402881e763545d0b0163545d19ef0000 ,crawler_id: 402829816271e7c0016271e9b13d0000 ,information_id: 40282981627ba16501627ba175e70003 ,crawler_weight_score: 90 ,crawler_weight_factor: 11 ,crawler_score: 990 ,title: zheshi标题 ,read_count: 80 ,read_weight: readweight ,read_weight_factor: 8 ,read_score: 640 ,comment_count: 70 ,comment_weight: commentweight ,comment_weight_factor: 70 ,comment_score: 4900 ,like_count: 60 ,like_weight: likeweight ,like_weight_factor: 6 ,like_score: 360 ,word_count: 50 ,word_weight: wordweight ,word_weight_factor: 5 ,word_score: 250 ,url: http://www.jishitoutiao.com/ ,information_score: 7140 ,created_time: 2018-05-12 20:42:41
2018-07-05 11:06:51,829 INFO (InformationOutputListController.java:406)- word_count: 50, Rex: true
2018-07-05 11:06:51,830 INFO (InformationOutputListController.java:413)- url: http://www.jishitoutiao.com/, Rex: true
2018-07-05 11:06:51,852 INFO (CustomerCacheEventListener.java:21)- cache put. key = informationOutputList402881e763545d0b0163545d19ef0000, value = InformationOutputList [outputListId=402881e763545d0b0163545d19ef0000, crawlerSource=CrawlerSource [bid=4028298162568c0d016256915dbc0001, bkey=toutiao, bname=今日头条, homepage=http://toutiao.com, logo=null, remark=今日头条, lastUpdate=2018-03-24 13:54:19.0], crawlerManagement=CrawlerManagement [crawlerId=402829816271e7c0016271e9b13d0000, crawlerSource=CrawlerSource [bid=4028298162568c0d016256915dbc0001, bkey=toutiao, bname=今日头条, homepage=http://toutiao.com, logo=null, remark=今日头条, lastUpdate=2018-03-24 13:54:19.0], sld=头条娱乐, crawlerCategory=CrawlerCategory [cid=402829816266ef54016266fec7d80004, ckey=entertainment, cname=娱乐, remark=娱乐类别, lastUpdate=2018-03-27 18:26:36.0], crawlerName=toutiaoyule, baseUrl=http://www.toutiaoyule.com, crawlerDirectory=/user/leitianxiang/, crawlerWeightFactor=0.3, crawlerWeightScore=81, crawlerStatus=NORMAL, remark=没有备注, crawlerSwitch=OFF, lastUpdate=2018-03-29 21:19:25.0], crawlerScore=900.0, informationId=40282981627ba16501627ba175e70003, title=zheshi标题, readWeight=readweight, readWeightFactor=8.0, readCount=80, readScore=640.0, commentWeight=commentweight, commentWeightFactor=70.0, commentCount=70, commentScore=4900.0, likeWeight=likeweight, likeWeightFactor=6.0, likeCount=60, likeScore=360.0, wordWeight=wordweight, wordWeightFactor=5.0, wordCount=50, wordScore=250.0, url=http://www.jishitoutiao.com/, createdTime=2018-05-12 20:42:41.0, informationScore=7050.0, crawlerCategory=CrawlerCategory [cid=402829816266ef54016266fec7d80004, ckey=entertainment, cname=娱乐, remark=娱乐类别, lastUpdate=2018-03-27 18:26:36.0], lastUpdate=2018-05-12 20:39:37.0]
2018-07-05 11:06:51,861 INFO (CustomerCacheEventListener.java:21)- cache put. key = crawlerManagement402829816271e7c0016271e9b13d0000, value = CrawlerManagement [crawlerId=402829816271e7c0016271e9b13d0000, crawlerSource=CrawlerSource [bid=4028298162568c0d016256915dbc0001, bkey=toutiao, bname=今日头条, homepage=http://toutiao.com, logo=null, remark=今日头条, lastUpdate=2018-03-24 13:54:19.0], sld=头条娱乐, crawlerCategory=CrawlerCategory [cid=402829816266ef54016266fec7d80004, ckey=entertainment, cname=娱乐, remark=娱乐类别, lastUpdate=2018-03-27 18:26:36.0], crawlerName=toutiaoyule, baseUrl=http://www.toutiaoyule.com, crawlerDirectory=/user/leitianxiang/, crawlerWeightFactor=0.3, crawlerWeightScore=81, crawlerStatus=NORMAL, remark=没有备注, crawlerSwitch=OFF, lastUpdate=2018-03-29 21:19:25.0]
2018-07-05 11:06:51,881 INFO (CustomerCacheEventListener.java:16)- cache removed. key = informationOutputList402881e763545d0b0163545d19ef0000, value = InformationOutputList [outputListId=402881e763545d0b0163545d19ef0000, crawlerSource=CrawlerSource [bid=4028298162568c0d016256915dbc0001, bkey=toutiao, bname=今日头条, homepage=http://toutiao.com, logo=null, remark=今日头条, lastUpdate=2018-03-24 13:54:19.0], crawlerManagement=CrawlerManagement [crawlerId=402829816271e7c0016271e9b13d0000, crawlerSource=CrawlerSource [bid=4028298162568c0d016256915dbc0001, bkey=toutiao, bname=今日头条, homepage=http://toutiao.com, logo=null, remark=今日头条, lastUpdate=2018-03-24 13:54:19.0], sld=头条娱乐, crawlerCategory=CrawlerCategory [cid=402829816266ef54016266fec7d80004, ckey=entertainment, cname=娱乐, remark=娱乐类别, lastUpdate=2018-03-27 18:26:36.0], crawlerName=toutiaoyule, baseUrl=http://www.toutiaoyule.com, crawlerDirectory=/user/leitianxiang/, crawlerWeightFactor=0.3, crawlerWeightScore=81, crawlerStatus=NORMAL, remark=没有备注, crawlerSwitch=OFF, lastUpdate=2018-03-29 21:19:25.0], crawlerScore=900.0, informationId=40282981627ba16501627ba175e70003, title=zheshi标题, readWeight=readweight, readWeightFactor=8.0, readCount=80, readScore=640.0, commentWeight=commentweight, commentWeightFactor=70.0, commentCount=70, commentScore=4900.0, likeWeight=likeweight, likeWeightFactor=6.0, likeCount=60, likeScore=360.0, wordWeight=wordweight, wordWeightFactor=5.0, wordCount=50, wordScore=250.0, url=http://www.jishitoutiao.com/, createdTime=2018-05-12 20:42:41.0, informationScore=7050.0, crawlerCategory=CrawlerCategory [cid=402829816266ef54016266fec7d80004, ckey=entertainment, cname=娱乐, remark=娱乐类别, lastUpdate=2018-03-27 18:26:36.0], lastUpdate=2018-05-12 20:39:37.0]
2018-07-05 11:06:52,044 INFO (JWTAuthenticationFilter.java:43)- doFilterInternal() run, authHeader: Bearer eyJhbGciOiJIUzUxMiJ9.eyJ1c2VyX2lkIjoiNDAyODI5ODE2NDMxMTNjYTAxNjQzMTEzZWJjMTAwMDAiLCJjcmVhdGVkIjoxNTMwNzU5OTE4MDE0LCJleHAiOjE1MzEwMTkxMTgsInVzZXJuYW1lIjoibGVpdGlhbnhpYW5nQUQifQ.fjayakgbEwh8KsHmS--PqU56n8XqbvDGzbvBDIT_8tqTww0RZTxTOdXwFIy2sA6FkQIGPzpl1Gei1zIFOn9KCA
2018-07-05 11:06:52,052 INFO (InformationOutputListController.java:66)- value=/,method=RequestMethod.GET: keyword: ,bkey:  ,ckey:  ,page_num: 1
2018-07-05 11:06:52,077 INFO (RedisService.java:79)- getStr(String key) method run, key: string:information_output_list:status
2018-07-05 11:06:52,080 INFO (RedisService.java:79)- getStr(String key) method run, key: string:information_output_list:batch
2018-07-05 11:07:01,248 INFO (JWTAuthenticationFilter.java:43)- doFilterInternal() run, authHeader: Bearer eyJhbGciOiJIUzUxMiJ9.eyJ1c2VyX2lkIjoiNDAyODI5ODE2NDMxMTNjYTAxNjQzMTEzZWJjMTAwMDAiLCJjcmVhdGVkIjoxNTMwNzU5OTE4MDE0LCJleHAiOjE1MzEwMTkxMTgsInVzZXJuYW1lIjoibGVpdGlhbnhpYW5nQUQifQ.fjayakgbEwh8KsHmS--PqU56n8XqbvDGzbvBDIT_8tqTww0RZTxTOdXwFIy2sA6FkQIGPzpl1Gei1zIFOn9KCA
2018-07-05 11:07:01,253 INFO (InformationOutputListController.java:66)- value=/,method=RequestMethod.GET: keyword: ,bkey: chetuobang ,ckey:  ,page_num: 1
2018-07-05 11:07:01,282 INFO (RedisService.java:79)- getStr(String key) method run, key: string:information_output_list:status
2018-07-05 11:07:01,284 INFO (RedisService.java:79)- getStr(String key) method run, key: string:information_output_list:batch
2018-07-05 11:07:03,049 INFO (JWTAuthenticationFilter.java:43)- doFilterInternal() run, authHeader: Bearer eyJhbGciOiJIUzUxMiJ9.eyJ1c2VyX2lkIjoiNDAyODI5ODE2NDMxMTNjYTAxNjQzMTEzZWJjMTAwMDAiLCJjcmVhdGVkIjoxNTMwNzU5OTE4MDE0LCJleHAiOjE1MzEwMTkxMTgsInVzZXJuYW1lIjoibGVpdGlhbnhpYW5nQUQifQ.fjayakgbEwh8KsHmS--PqU56n8XqbvDGzbvBDIT_8tqTww0RZTxTOdXwFIy2sA6FkQIGPzpl1Gei1zIFOn9KCA
2018-07-05 11:07:03,053 INFO (InformationOutputListController.java:66)- value=/,method=RequestMethod.GET: keyword: ,bkey:  ,ckey:  ,page_num: 1
2018-07-05 11:07:03,078 INFO (RedisService.java:79)- getStr(String key) method run, key: string:information_output_list:status
2018-07-05 11:07:03,081 INFO (RedisService.java:79)- getStr(String key) method run, key: string:information_output_list:batch
2018-07-05 11:07:05,473 INFO (JWTAuthenticationFilter.java:43)- doFilterInternal() run, authHeader: Bearer eyJhbGciOiJIUzUxMiJ9.eyJ1c2VyX2lkIjoiNDAyODI5ODE2NDMxMTNjYTAxNjQzMTEzZWJjMTAwMDAiLCJjcmVhdGVkIjoxNTMwNzU5OTE4MDE0LCJleHAiOjE1MzEwMTkxMTgsInVzZXJuYW1lIjoibGVpdGlhbnhpYW5nQUQifQ.fjayakgbEwh8KsHmS--PqU56n8XqbvDGzbvBDIT_8tqTww0RZTxTOdXwFIy2sA6FkQIGPzpl1Gei1zIFOn9KCA
2018-07-05 11:07:05,478 INFO (CrawlerSourceController.java:41)- value=/,method=RequestMethod.GET: keyword:  , page_num: 1
2018-07-05 11:07:08,458 INFO (JWTAuthenticationFilter.java:43)- doFilterInternal() run, authHeader: Bearer eyJhbGciOiJIUzUxMiJ9.eyJ1c2VyX2lkIjoiNDAyODI5ODE2NDMxMTNjYTAxNjQzMTEzZWJjMTAwMDAiLCJjcmVhdGVkIjoxNTMwNzU5OTE4MDE0LCJleHAiOjE1MzEwMTkxMTgsInVzZXJuYW1lIjoibGVpdGlhbnhpYW5nQUQifQ.fjayakgbEwh8KsHmS--PqU56n8XqbvDGzbvBDIT_8tqTww0RZTxTOdXwFIy2sA6FkQIGPzpl1Gei1zIFOn9KCA
2018-07-05 11:07:08,465 INFO (CrawlerSourceController.java:284)- value=/{bid},method=RequestMethod.DELETE: bid: 9e9c327964654f3b0164655939450001
2018-07-05 11:07:08,508 INFO (CustomerCacheEventListener.java:16)- cache removed. key = crawlerSource_9e9c327964654f3b0164655939450001, value = null
2018-07-05 11:07:08,580 INFO (JWTAuthenticationFilter.java:43)- doFilterInternal() run, authHeader: Bearer eyJhbGciOiJIUzUxMiJ9.eyJ1c2VyX2lkIjoiNDAyODI5ODE2NDMxMTNjYTAxNjQzMTEzZWJjMTAwMDAiLCJjcmVhdGVkIjoxNTMwNzU5OTE4MDE0LCJleHAiOjE1MzEwMTkxMTgsInVzZXJuYW1lIjoibGVpdGlhbnhpYW5nQUQifQ.fjayakgbEwh8KsHmS--PqU56n8XqbvDGzbvBDIT_8tqTww0RZTxTOdXwFIy2sA6FkQIGPzpl1Gei1zIFOn9KCA
2018-07-05 11:07:08,584 INFO (CrawlerSourceController.java:41)- value=/,method=RequestMethod.GET: keyword:  , page_num: 1
2018-07-05 11:22:07,190 INFO (JWTAuthenticationFilter.java:43)- doFilterInternal() run, authHeader: Bearer eyJhbGciOiJIUzUxMiJ9.eyJ1c2VyX2lkIjoiNDAyODI5ODE2NDMxMTNjYTAxNjQzMTEzZWJjMTAwMDAiLCJjcmVhdGVkIjoxNTMwNzU5OTE4MDE0LCJleHAiOjE1MzEwMTkxMTgsInVzZXJuYW1lIjoibGVpdGlhbnhpYW5nQUQifQ.fjayakgbEwh8KsHmS--PqU56n8XqbvDGzbvBDIT_8tqTww0RZTxTOdXwFIy2sA6FkQIGPzpl1Gei1zIFOn9KCA
2018-07-05 11:22:07,238 INFO (CrawlerSourceController.java:203)- value=/{bid},method=RequestMethod.PUT: bid: 40282981641b13ce01641b5681e90004, param: {"bkey":"sina","bname":"新浪","homepage":"http://www.sina.com","remark":"新浪网"}
2018-07-05 11:22:07,241 INFO (CrawlerSourceController.java:211)- value=/,method=RequestMethod.POST: originalParam: {"bkey":"sina","bname":"新浪","homepage":"http://www.sina.com","remark":"新浪网"}
2018-07-05 11:22:07,243 INFO (CrawlerSourceController.java:215)- value=/{bid},method=RequestMethod.PUT: bid: 40282981641b13ce01641b5681e90004 , bkey: sina , bname: 新浪 , homepage: http://www.sina.com , logo: null , remark: 新浪网
2018-07-05 11:22:07,244 INFO (CrawlerSourceController.java:231)- bkey: sina, Rex: true
2018-07-05 11:22:07,246 INFO (CrawlerSourceController.java:240)- homepage: http://www.sina.com, Rex: true
2018-07-05 11:22:07,314 INFO (CustomerCacheEventListener.java:21)- cache put. key = crawlerSource_40282981641b13ce01641b5681e90004, value = CrawlerSource [bid=40282981641b13ce01641b5681e90004, bkey=sina, bname=新浪, homepage=http://www.sina.com, logo=null, remark=新浪网fsdf, lastUpdate=2018-06-20 11:56:51.0]
2018-07-05 11:22:07,402 INFO (CustomerCacheEventListener.java:16)- cache removed. key = crawlerSource_40282981641b13ce01641b5681e90004, value = CrawlerSource [bid=40282981641b13ce01641b5681e90004, bkey=sina, bname=新浪, homepage=http://www.sina.com, logo=null, remark=新浪网fsdf, lastUpdate=2018-06-20 11:56:51.0]
2018-07-05 11:22:07,638 INFO (JWTAuthenticationFilter.java:43)- doFilterInternal() run, authHeader: Bearer eyJhbGciOiJIUzUxMiJ9.eyJ1c2VyX2lkIjoiNDAyODI5ODE2NDMxMTNjYTAxNjQzMTEzZWJjMTAwMDAiLCJjcmVhdGVkIjoxNTMwNzU5OTE4MDE0LCJleHAiOjE1MzEwMTkxMTgsInVzZXJuYW1lIjoibGVpdGlhbnhpYW5nQUQifQ.fjayakgbEwh8KsHmS--PqU56n8XqbvDGzbvBDIT_8tqTww0RZTxTOdXwFIy2sA6FkQIGPzpl1Gei1zIFOn9KCA
2018-07-05 11:22:07,654 INFO (CrawlerSourceController.java:41)- value=/,method=RequestMethod.GET: keyword:  , page_num: 1
2018-07-05 11:22:17,831 INFO (JWTAuthenticationFilter.java:43)- doFilterInternal() run, authHeader: Bearer eyJhbGciOiJIUzUxMiJ9.eyJ1c2VyX2lkIjoiNDAyODI5ODE2NDMxMTNjYTAxNjQzMTEzZWJjMTAwMDAiLCJjcmVhdGVkIjoxNTMwNzU5OTE4MDE0LCJleHAiOjE1MzEwMTkxMTgsInVzZXJuYW1lIjoibGVpdGlhbnhpYW5nQUQifQ.fjayakgbEwh8KsHmS--PqU56n8XqbvDGzbvBDIT_8tqTww0RZTxTOdXwFIy2sA6FkQIGPzpl1Gei1zIFOn9KCA
2018-07-05 11:22:17,848 INFO (InformationOutputArticleController.java:67)- value=/,method=RequestMethod.GET: keyword:  ,bkey:  ,ckey:  ,page_num: 1
2018-07-05 11:22:17,979 INFO (RedisService.java:79)- getStr(String key) method run, key: string:information_output_article:status
2018-07-05 11:22:17,988 INFO (RedisService.java:79)- getStr(String key) method run, key: string:information_output_article:batch
2018-07-05 11:22:26,369 INFO (JWTAuthenticationFilter.java:43)- doFilterInternal() run, authHeader: Bearer eyJhbGciOiJIUzUxMiJ9.eyJ1c2VyX2lkIjoiNDAyODI5ODE2NDMxMTNjYTAxNjQzMTEzZWJjMTAwMDAiLCJjcmVhdGVkIjoxNTMwNzU5OTE4MDE0LCJleHAiOjE1MzEwMTkxMTgsInVzZXJuYW1lIjoibGVpdGlhbnhpYW5nQUQifQ.fjayakgbEwh8KsHmS--PqU56n8XqbvDGzbvBDIT_8tqTww0RZTxTOdXwFIy2sA6FkQIGPzpl1Gei1zIFOn9KCA
2018-07-05 11:22:26,377 INFO (InformationOutputArticleController.java:302)- value=/{id},method=RequestMethod.PUT: id: 4028298163548b680163548b77db0000, param: {"information_id":"40282981627ba16501627ba175e70003","bid":"4028298162568c0d016256915dbc0001","cid":"402829816266ef54016266fec7d80004","crawler_id":"402829816271e7c0016271e9b13d0000","title":"哈哈哈哈","author":"author0","content":"content0","read_count":100,"origin":"origin0","type":"VIDEO","picurl":"picurl0","comment_count":102,"like_count":500,"url":"http://http:www.jishitoutiao.com/33330","created_time":"2018-05-25 21:41:10"}
2018-07-05 11:22:26,378 INFO (InformationOutputArticleController.java:310)- value=/,method=RequestMethod.POST: originalParam: {"information_id":"40282981627ba16501627ba175e70003","bid":"4028298162568c0d016256915dbc0001","cid":"402829816266ef54016266fec7d80004","crawler_id":"402829816271e7c0016271e9b13d0000","title":"哈哈哈哈","author":"author0","content":"content0","read_count":100,"origin":"origin0","type":"VIDEO","picurl":"picurl0","comment_count":102,"like_count":500,"url":"http://http:www.jishitoutiao.com/33330","created_time":"2018-05-25 21:41:10"}
2018-07-05 11:22:26,380 INFO (InformationOutputArticleController.java:314)- value=/{id},method=RequestMethod.PUT: id:4028298163548b680163548b77db0000 ,crawler_id: 402829816271e7c0016271e9b13d0000 ,information_id: 40282981627ba16501627ba175e70003 ,title: 哈哈哈哈 ,author: author0 ,content: content0 ,read_count: 100 ,origin: origin0 ,picurl: picurl0 ,type: VIDEO ,comment_count: 102 ,like_count: 500 ,url: http://http:www.jishitoutiao.com/33330 ,created_time: 2018-05-25 21:41:10
2018-07-05 11:22:26,380 INFO (InformationOutputArticleController.java:342)- url: http://http:www.jishitoutiao.com/33330, Rex: true
2018-07-05 11:22:26,382 INFO (InformationOutputArticleController.java:349)- type: VIDEO, Rex: true
2018-07-05 11:22:26,402 INFO (CustomerCacheEventListener.java:21)- cache put. key = informationOutputArticle4028298163548b680163548b77db0000, value = InformationOutputArticle [outputArticleId=4028298163548b680163548b77db0000, crawlerSource=CrawlerSource [bid=4028298162568c0d016256915dbc0001, bkey=toutiao, bname=今日头条, homepage=http://toutiao.com, logo=null, remark=今日头条, lastUpdate=2018-03-24 13:54:19.0], crawlerManagement=CrawlerManagement [crawlerId=402829816271e7c0016271e9b13d0000, crawlerSource=CrawlerSource [bid=4028298162568c0d016256915dbc0001, bkey=toutiao, bname=今日头条, homepage=http://toutiao.com, logo=null, remark=今日头条, lastUpdate=2018-03-24 13:54:19.0], sld=头条娱乐, crawlerCategory=CrawlerCategory [cid=402829816266ef54016266fec7d80004, ckey=entertainment, cname=娱乐, remark=娱乐类别, lastUpdate=2018-03-27 18:26:36.0], crawlerName=toutiaoyule, baseUrl=http://www.toutiaoyule.com, crawlerDirectory=/user/leitianxiang/, crawlerWeightFactor=0.3, crawlerWeightScore=81, crawlerStatus=NORMAL, remark=没有备注, crawlerSwitch=OFF, lastUpdate=2018-03-29 21:19:25.0], informationId=40282981627ba16501627ba175e70003, title=我sssssh哈哈哈哈, author=author0, content=content0, readCount=100, origin=origin0, type=VIDEO, picurl=picurl0, commentCount=102, likeCount=500, url=http://http:www.jishitoutiao.com/33330, createdTime=2018-05-25 21:41:10.0, crawlerCategory=CrawlerCategory [cid=402829816266ef54016266fec7d80004, ckey=entertainment, cname=娱乐, remark=娱乐类别, lastUpdate=2018-03-27 18:26:36.0], lastUpdate=2018-05-12 21:30:13.0]
2018-07-05 11:22:26,413 INFO (CustomerCacheEventListener.java:31)- cache expired. key = crawlerManagement402829816271e7c0016271e9b13d0000, value = CrawlerManagement [crawlerId=402829816271e7c0016271e9b13d0000, crawlerSource=CrawlerSource [bid=4028298162568c0d016256915dbc0001, bkey=toutiao, bname=今日头条, homepage=http://toutiao.com, logo=null, remark=今日头条, lastUpdate=2018-03-24 13:54:19.0], sld=头条娱乐, crawlerCategory=CrawlerCategory [cid=402829816266ef54016266fec7d80004, ckey=entertainment, cname=娱乐, remark=娱乐类别, lastUpdate=2018-03-27 18:26:36.0], crawlerName=toutiaoyule, baseUrl=http://www.toutiaoyule.com, crawlerDirectory=/user/leitianxiang/, crawlerWeightFactor=0.3, crawlerWeightScore=81, crawlerStatus=NORMAL, remark=没有备注, crawlerSwitch=OFF, lastUpdate=2018-03-29 21:19:25.0]
2018-07-05 11:22:26,419 INFO (CustomerCacheEventListener.java:21)- cache put. key = crawlerManagement402829816271e7c0016271e9b13d0000, value = CrawlerManagement [crawlerId=402829816271e7c0016271e9b13d0000, crawlerSource=CrawlerSource [bid=4028298162568c0d016256915dbc0001, bkey=toutiao, bname=今日头条, homepage=http://toutiao.com, logo=null, remark=今日头条, lastUpdate=2018-03-24 13:54:19.0], sld=头条娱乐, crawlerCategory=CrawlerCategory [cid=402829816266ef54016266fec7d80004, ckey=entertainment, cname=娱乐, remark=娱乐类别, lastUpdate=2018-03-27 18:26:36.0], crawlerName=toutiaoyule, baseUrl=http://www.toutiaoyule.com, crawlerDirectory=/user/leitianxiang/, crawlerWeightFactor=0.3, crawlerWeightScore=81, crawlerStatus=NORMAL, remark=没有备注, crawlerSwitch=OFF, lastUpdate=2018-03-29 21:19:25.0]
2018-07-05 11:22:26,440 INFO (CustomerCacheEventListener.java:16)- cache removed. key = informationOutputArticle4028298163548b680163548b77db0000, value = InformationOutputArticle [outputArticleId=4028298163548b680163548b77db0000, crawlerSource=CrawlerSource [bid=4028298162568c0d016256915dbc0001, bkey=toutiao, bname=今日头条, homepage=http://toutiao.com, logo=null, remark=今日头条, lastUpdate=2018-03-24 13:54:19.0], crawlerManagement=CrawlerManagement [crawlerId=402829816271e7c0016271e9b13d0000, crawlerSource=CrawlerSource [bid=4028298162568c0d016256915dbc0001, bkey=toutiao, bname=今日头条, homepage=http://toutiao.com, logo=null, remark=今日头条, lastUpdate=2018-03-24 13:54:19.0], sld=头条娱乐, crawlerCategory=CrawlerCategory [cid=402829816266ef54016266fec7d80004, ckey=entertainment, cname=娱乐, remark=娱乐类别, lastUpdate=2018-03-27 18:26:36.0], crawlerName=toutiaoyule, baseUrl=http://www.toutiaoyule.com, crawlerDirectory=/user/leitianxiang/, crawlerWeightFactor=0.3, crawlerWeightScore=81, crawlerStatus=NORMAL, remark=没有备注, crawlerSwitch=OFF, lastUpdate=2018-03-29 21:19:25.0], informationId=40282981627ba16501627ba175e70003, title=我sssssh哈哈哈哈, author=author0, content=content0, readCount=100, origin=origin0, type=VIDEO, picurl=picurl0, commentCount=102, likeCount=500, url=http://http:www.jishitoutiao.com/33330, createdTime=2018-05-25 21:41:10.0, crawlerCategory=CrawlerCategory [cid=402829816266ef54016266fec7d80004, ckey=entertainment, cname=娱乐, remark=娱乐类别, lastUpdate=2018-03-27 18:26:36.0], lastUpdate=2018-05-12 21:30:13.0]
2018-07-05 11:22:26,543 INFO (JWTAuthenticationFilter.java:43)- doFilterInternal() run, authHeader: Bearer eyJhbGciOiJIUzUxMiJ9.eyJ1c2VyX2lkIjoiNDAyODI5ODE2NDMxMTNjYTAxNjQzMTEzZWJjMTAwMDAiLCJjcmVhdGVkIjoxNTMwNzU5OTE4MDE0LCJleHAiOjE1MzEwMTkxMTgsInVzZXJuYW1lIjoibGVpdGlhbnhpYW5nQUQifQ.fjayakgbEwh8KsHmS--PqU56n8XqbvDGzbvBDIT_8tqTww0RZTxTOdXwFIy2sA6FkQIGPzpl1Gei1zIFOn9KCA
2018-07-05 11:22:26,548 INFO (InformationOutputArticleController.java:67)- value=/,method=RequestMethod.GET: keyword:  ,bkey:  ,ckey:  ,page_num: 1
2018-07-05 11:22:26,569 INFO (RedisService.java:79)- getStr(String key) method run, key: string:information_output_article:status
2018-07-05 11:22:26,570 INFO (RedisService.java:79)- getStr(String key) method run, key: string:information_output_article:batch
2018-07-05 11:23:00,267 INFO (JWTAuthenticationFilter.java:43)- doFilterInternal() run, authHeader: Bearer eyJhbGciOiJIUzUxMiJ9.eyJ1c2VyX2lkIjoiNDAyODI5ODE2NDMxMTNjYTAxNjQzMTEzZWJjMTAwMDAiLCJjcmVhdGVkIjoxNTMwNzU5OTE4MDE0LCJleHAiOjE1MzEwMTkxMTgsInVzZXJuYW1lIjoibGVpdGlhbnhpYW5nQUQifQ.fjayakgbEwh8KsHmS--PqU56n8XqbvDGzbvBDIT_8tqTww0RZTxTOdXwFIy2sA6FkQIGPzpl1Gei1zIFOn9KCA
2018-07-05 11:23:00,281 INFO (InformationCommentController.java:59)- value=/,method=RequestMethod.GET: keyword:  ,page_num: 1
2018-07-05 11:24:14,895 INFO (JWTAuthenticationFilter.java:43)- doFilterInternal() run, authHeader: Bearer eyJhbGciOiJIUzUxMiJ9.eyJ1c2VyX2lkIjoiNDAyODI5ODE2NDMxMTNjYTAxNjQzMTEzZWJjMTAwMDAiLCJjcmVhdGVkIjoxNTMwNzU5OTE4MDE0LCJleHAiOjE1MzEwMTkxMTgsInVzZXJuYW1lIjoibGVpdGlhbnhpYW5nQUQifQ.fjayakgbEwh8KsHmS--PqU56n8XqbvDGzbvBDIT_8tqTww0RZTxTOdXwFIy2sA6FkQIGPzpl1Gei1zIFOn9KCA
2018-07-05 11:24:14,907 INFO (UserController.java:60)- value=/,method=RequestMethod.GET: keyword:  ,page_num: 1
2018-07-05 11:24:22,957 INFO (JWTAuthenticationFilter.java:43)- doFilterInternal() run, authHeader: Bearer eyJhbGciOiJIUzUxMiJ9.eyJ1c2VyX2lkIjoiNDAyODI5ODE2NDMxMTNjYTAxNjQzMTEzZWJjMTAwMDAiLCJjcmVhdGVkIjoxNTMwNzU5OTE4MDE0LCJleHAiOjE1MzEwMTkxMTgsInVzZXJuYW1lIjoibGVpdGlhbnhpYW5nQUQifQ.fjayakgbEwh8KsHmS--PqU56n8XqbvDGzbvBDIT_8tqTww0RZTxTOdXwFIy2sA6FkQIGPzpl1Gei1zIFOn9KCA
2018-07-05 11:24:22,964 INFO (UserController.java:323)- value=/{id},method=RequestMethod.DELETE:  id: 9e9c327d63f94ab30163f94ae40b0000
2018-07-05 11:24:23,012 INFO (CustomerCacheEventListener.java:16)- cache removed. key = user_9e9c327d63f94ab30163f94ae40b0000, value = null
2018-07-05 11:24:23,061 INFO (JWTAuthenticationFilter.java:43)- doFilterInternal() run, authHeader: Bearer eyJhbGciOiJIUzUxMiJ9.eyJ1c2VyX2lkIjoiNDAyODI5ODE2NDMxMTNjYTAxNjQzMTEzZWJjMTAwMDAiLCJjcmVhdGVkIjoxNTMwNzU5OTE4MDE0LCJleHAiOjE1MzEwMTkxMTgsInVzZXJuYW1lIjoibGVpdGlhbnhpYW5nQUQifQ.fjayakgbEwh8KsHmS--PqU56n8XqbvDGzbvBDIT_8tqTww0RZTxTOdXwFIy2sA6FkQIGPzpl1Gei1zIFOn9KCA
2018-07-05 11:24:23,066 INFO (UserController.java:60)- value=/,method=RequestMethod.GET: keyword:  ,page_num: 1
2018-07-05 11:24:27,466 INFO (JWTAuthenticationFilter.java:43)- doFilterInternal() run, authHeader: Bearer eyJhbGciOiJIUzUxMiJ9.eyJ1c2VyX2lkIjoiNDAyODI5ODE2NDMxMTNjYTAxNjQzMTEzZWJjMTAwMDAiLCJjcmVhdGVkIjoxNTMwNzU5OTE4MDE0LCJleHAiOjE1MzEwMTkxMTgsInVzZXJuYW1lIjoibGVpdGlhbnhpYW5nQUQifQ.fjayakgbEwh8KsHmS--PqU56n8XqbvDGzbvBDIT_8tqTww0RZTxTOdXwFIy2sA6FkQIGPzpl1Gei1zIFOn9KCA
2018-07-05 11:24:27,471 INFO (InformationOutputListController.java:66)- value=/,method=RequestMethod.GET: keyword: ,bkey:  ,ckey:  ,page_num: 1
2018-07-05 11:24:27,503 INFO (RedisService.java:79)- getStr(String key) method run, key: string:information_output_list:status
2018-07-05 11:24:27,506 INFO (RedisService.java:79)- getStr(String key) method run, key: string:information_output_list:batch
2018-07-05 11:24:32,625 INFO (JWTAuthenticationFilter.java:43)- doFilterInternal() run, authHeader: Bearer eyJhbGciOiJIUzUxMiJ9.eyJ1c2VyX2lkIjoiNDAyODI5ODE2NDMxMTNjYTAxNjQzMTEzZWJjMTAwMDAiLCJjcmVhdGVkIjoxNTMwNzU5OTE4MDE0LCJleHAiOjE1MzEwMTkxMTgsInVzZXJuYW1lIjoibGVpdGlhbnhpYW5nQUQifQ.fjayakgbEwh8KsHmS--PqU56n8XqbvDGzbvBDIT_8tqTww0RZTxTOdXwFIy2sA6FkQIGPzpl1Gei1zIFOn9KCA
2018-07-05 11:24:32,633 INFO (InformationOutputListController.java:358)- value=/{id},method=RequestMethod.PUT: id: 402881e763545d0b0163545d19ef0000, param: {"information_id":"40282981627ba16501627ba175e70003","bid":"4028298162568c0d016256915dbc0001","cid":"402829816266ef54016266fec7d80004","crawler_id":"402829816271e7c0016271e9b13d0000","crawler_weight_factor":12,"crawler_weight_score":90,"crawler_score":1080,"title":"zheshi标题","read_weight":"readweight","read_weight_factor":8,"read_count":80,"read_score":640,"comment_weight":"commentweight","comment_weight_factor":70,"comment_count":70,"comment_score":4900,"like_weight":"likeweight","like_weight_factor":6,"like_count":60,"like_score":360,"word_weight":"wordweight","word_weight_factor":5,"word_count":50,"word_score":250,"url":"http://www.jishitoutiao.com/","created_time":"2018-05-12 20:42:41","information_score":7230}
2018-07-05 11:24:32,633 INFO (InformationOutputListController.java:366)- value=/,method=RequestMethod.POST: originalParam: {"information_id":"40282981627ba16501627ba175e70003","bid":"4028298162568c0d016256915dbc0001","cid":"402829816266ef54016266fec7d80004","crawler_id":"402829816271e7c0016271e9b13d0000","crawler_weight_factor":12,"crawler_weight_score":90,"crawler_score":1080,"title":"zheshi标题","read_weight":"readweight","read_weight_factor":8,"read_count":80,"read_score":640,"comment_weight":"commentweight","comment_weight_factor":70,"comment_count":70,"comment_score":4900,"like_weight":"likeweight","like_weight_factor":6,"like_count":60,"like_score":360,"word_weight":"wordweight","word_weight_factor":5,"word_count":50,"word_score":250,"url":"http://www.jishitoutiao.com/","created_time":"2018-05-12 20:42:41","information_score":7230}
2018-07-05 11:24:32,635 INFO (InformationOutputListController.java:370)- value=/{id},method=RequestMethod.PUT: id: 402881e763545d0b0163545d19ef0000 ,crawler_id: 402829816271e7c0016271e9b13d0000 ,information_id: 40282981627ba16501627ba175e70003 ,crawler_weight_score: 90 ,crawler_weight_factor: 12 ,crawler_score: 1080 ,title: zheshi标题 ,read_count: 80 ,read_weight: readweight ,read_weight_factor: 8 ,read_score: 640 ,comment_count: 70 ,comment_weight: commentweight ,comment_weight_factor: 70 ,comment_score: 4900 ,like_count: 60 ,like_weight: likeweight ,like_weight_factor: 6 ,like_score: 360 ,word_count: 50 ,word_weight: wordweight ,word_weight_factor: 5 ,word_score: 250 ,url: http://www.jishitoutiao.com/ ,information_score: 7230 ,created_time: 2018-05-12 20:42:41
2018-07-05 11:24:32,637 INFO (InformationOutputListController.java:406)- word_count: 50, Rex: true
2018-07-05 11:24:32,637 INFO (InformationOutputListController.java:413)- url: http://www.jishitoutiao.com/, Rex: true
2018-07-05 11:24:32,652 INFO (CustomerCacheEventListener.java:21)- cache put. key = informationOutputList402881e763545d0b0163545d19ef0000, value = InformationOutputList [outputListId=402881e763545d0b0163545d19ef0000, crawlerSource=CrawlerSource [bid=4028298162568c0d016256915dbc0001, bkey=toutiao, bname=今日头条, homepage=http://toutiao.com, logo=null, remark=今日头条, lastUpdate=2018-03-24 13:54:19.0], crawlerManagement=CrawlerManagement [crawlerId=402829816271e7c0016271e9b13d0000, crawlerSource=CrawlerSource [bid=4028298162568c0d016256915dbc0001, bkey=toutiao, bname=今日头条, homepage=http://toutiao.com, logo=null, remark=今日头条, lastUpdate=2018-03-24 13:54:19.0], sld=头条娱乐, crawlerCategory=CrawlerCategory [cid=402829816266ef54016266fec7d80004, ckey=entertainment, cname=娱乐, remark=娱乐类别, lastUpdate=2018-03-27 18:26:36.0], crawlerName=toutiaoyule, baseUrl=http://www.toutiaoyule.com, crawlerDirectory=/user/leitianxiang/, crawlerWeightFactor=0.3, crawlerWeightScore=81, crawlerStatus=NORMAL, remark=没有备注, crawlerSwitch=OFF, lastUpdate=2018-03-29 21:19:25.0], crawlerScore=990.0, informationId=40282981627ba16501627ba175e70003, title=zheshi标题, readWeight=readweight, readWeightFactor=8.0, readCount=80, readScore=640.0, commentWeight=commentweight, commentWeightFactor=70.0, commentCount=70, commentScore=4900.0, likeWeight=likeweight, likeWeightFactor=6.0, likeCount=60, likeScore=360.0, wordWeight=wordweight, wordWeightFactor=5.0, wordCount=50, wordScore=250.0, url=http://www.jishitoutiao.com/, createdTime=2018-05-12 20:42:41.0, informationScore=7140.0, crawlerCategory=CrawlerCategory [cid=402829816266ef54016266fec7d80004, ckey=entertainment, cname=娱乐, remark=娱乐类别, lastUpdate=2018-03-27 18:26:36.0], lastUpdate=2018-05-12 20:39:37.0]
2018-07-05 11:24:32,668 INFO (CustomerCacheEventListener.java:16)- cache removed. key = informationOutputList402881e763545d0b0163545d19ef0000, value = InformationOutputList [outputListId=402881e763545d0b0163545d19ef0000, crawlerSource=CrawlerSource [bid=4028298162568c0d016256915dbc0001, bkey=toutiao, bname=今日头条, homepage=http://toutiao.com, logo=null, remark=今日头条, lastUpdate=2018-03-24 13:54:19.0], crawlerManagement=CrawlerManagement [crawlerId=402829816271e7c0016271e9b13d0000, crawlerSource=CrawlerSource [bid=4028298162568c0d016256915dbc0001, bkey=toutiao, bname=今日头条, homepage=http://toutiao.com, logo=null, remark=今日头条, lastUpdate=2018-03-24 13:54:19.0], sld=头条娱乐, crawlerCategory=CrawlerCategory [cid=402829816266ef54016266fec7d80004, ckey=entertainment, cname=娱乐, remark=娱乐类别, lastUpdate=2018-03-27 18:26:36.0], crawlerName=toutiaoyule, baseUrl=http://www.toutiaoyule.com, crawlerDirectory=/user/leitianxiang/, crawlerWeightFactor=0.3, crawlerWeightScore=81, crawlerStatus=NORMAL, remark=没有备注, crawlerSwitch=OFF, lastUpdate=2018-03-29 21:19:25.0], crawlerScore=990.0, informationId=40282981627ba16501627ba175e70003, title=zheshi标题, readWeight=readweight, readWeightFactor=8.0, readCount=80, readScore=640.0, commentWeight=commentweight, commentWeightFactor=70.0, commentCount=70, commentScore=4900.0, likeWeight=likeweight, likeWeightFactor=6.0, likeCount=60, likeScore=360.0, wordWeight=wordweight, wordWeightFactor=5.0, wordCount=50, wordScore=250.0, url=http://www.jishitoutiao.com/, createdTime=2018-05-12 20:42:41.0, informationScore=7140.0, crawlerCategory=CrawlerCategory [cid=402829816266ef54016266fec7d80004, ckey=entertainment, cname=娱乐, remark=娱乐类别, lastUpdate=2018-03-27 18:26:36.0], lastUpdate=2018-05-12 20:39:37.0]
2018-07-05 11:24:32,826 INFO (JWTAuthenticationFilter.java:43)- doFilterInternal() run, authHeader: Bearer eyJhbGciOiJIUzUxMiJ9.eyJ1c2VyX2lkIjoiNDAyODI5ODE2NDMxMTNjYTAxNjQzMTEzZWJjMTAwMDAiLCJjcmVhdGVkIjoxNTMwNzU5OTE4MDE0LCJleHAiOjE1MzEwMTkxMTgsInVzZXJuYW1lIjoibGVpdGlhbnhpYW5nQUQifQ.fjayakgbEwh8KsHmS--PqU56n8XqbvDGzbvBDIT_8tqTww0RZTxTOdXwFIy2sA6FkQIGPzpl1Gei1zIFOn9KCA
2018-07-05 11:24:32,830 INFO (InformationOutputListController.java:66)- value=/,method=RequestMethod.GET: keyword: ,bkey:  ,ckey:  ,page_num: 1
2018-07-05 11:24:32,849 INFO (RedisService.java:79)- getStr(String key) method run, key: string:information_output_list:status
2018-07-05 11:24:32,851 INFO (RedisService.java:79)- getStr(String key) method run, key: string:information_output_list:batch
2018-07-05 11:24:37,436 INFO (JWTAuthenticationFilter.java:43)- doFilterInternal() run, authHeader: Bearer eyJhbGciOiJIUzUxMiJ9.eyJ1c2VyX2lkIjoiNDAyODI5ODE2NDMxMTNjYTAxNjQzMTEzZWJjMTAwMDAiLCJjcmVhdGVkIjoxNTMwNzU5OTE4MDE0LCJleHAiOjE1MzEwMTkxMTgsInVzZXJuYW1lIjoibGVpdGlhbnhpYW5nQUQifQ.fjayakgbEwh8KsHmS--PqU56n8XqbvDGzbvBDIT_8tqTww0RZTxTOdXwFIy2sA6FkQIGPzpl1Gei1zIFOn9KCA
2018-07-05 11:24:37,441 INFO (InformationOutputListController.java:66)- value=/,method=RequestMethod.GET: keyword: ,bkey:  ,ckey: qutu ,page_num: 1
2018-07-05 11:24:37,484 INFO (RedisService.java:79)- getStr(String key) method run, key: string:information_output_list:status
2018-07-05 11:24:37,486 INFO (RedisService.java:79)- getStr(String key) method run, key: string:information_output_list:batch
2018-07-05 11:24:39,052 INFO (JWTAuthenticationFilter.java:43)- doFilterInternal() run, authHeader: Bearer eyJhbGciOiJIUzUxMiJ9.eyJ1c2VyX2lkIjoiNDAyODI5ODE2NDMxMTNjYTAxNjQzMTEzZWJjMTAwMDAiLCJjcmVhdGVkIjoxNTMwNzU5OTE4MDE0LCJleHAiOjE1MzEwMTkxMTgsInVzZXJuYW1lIjoibGVpdGlhbnhpYW5nQUQifQ.fjayakgbEwh8KsHmS--PqU56n8XqbvDGzbvBDIT_8tqTww0RZTxTOdXwFIy2sA6FkQIGPzpl1Gei1zIFOn9KCA
2018-07-05 11:24:39,056 INFO (InformationOutputListController.java:66)- value=/,method=RequestMethod.GET: keyword: ,bkey:  ,ckey:  ,page_num: 1
2018-07-05 11:24:39,078 INFO (RedisService.java:79)- getStr(String key) method run, key: string:information_output_list:status
2018-07-05 11:24:39,082 INFO (RedisService.java:79)- getStr(String key) method run, key: string:information_output_list:batch
2018-07-05 11:24:45,363 INFO (JWTAuthenticationFilter.java:43)- doFilterInternal() run, authHeader: Bearer eyJhbGciOiJIUzUxMiJ9.eyJ1c2VyX2lkIjoiNDAyODI5ODE2NDMxMTNjYTAxNjQzMTEzZWJjMTAwMDAiLCJjcmVhdGVkIjoxNTMwNzU5OTE4MDE0LCJleHAiOjE1MzEwMTkxMTgsInVzZXJuYW1lIjoibGVpdGlhbnhpYW5nQUQifQ.fjayakgbEwh8KsHmS--PqU56n8XqbvDGzbvBDIT_8tqTww0RZTxTOdXwFIy2sA6FkQIGPzpl1Gei1zIFOn9KCA
2018-07-05 11:24:45,382 INFO (InformationWeightSortController.java:66)- value=/,method=RequestMethod.GET: keyword:  ,bkey:  ,ckey:  ,page_num: 1
2018-07-05 11:24:45,451 INFO (RedisService.java:79)- getStr(String key) method run, key: string:information_weight_sort:status
2018-07-05 11:24:45,454 INFO (RedisService.java:79)- getStr(String key) method run, key: string:information_weight_sort:batch
2018-07-05 11:24:48,015 INFO (JWTAuthenticationFilter.java:43)- doFilterInternal() run, authHeader: Bearer eyJhbGciOiJIUzUxMiJ9.eyJ1c2VyX2lkIjoiNDAyODI5ODE2NDMxMTNjYTAxNjQzMTEzZWJjMTAwMDAiLCJjcmVhdGVkIjoxNTMwNzU5OTE4MDE0LCJleHAiOjE1MzEwMTkxMTgsInVzZXJuYW1lIjoibGVpdGlhbnhpYW5nQUQifQ.fjayakgbEwh8KsHmS--PqU56n8XqbvDGzbvBDIT_8tqTww0RZTxTOdXwFIy2sA6FkQIGPzpl1Gei1zIFOn9KCA
2018-07-05 11:24:48,019 INFO (InformationWeightSortController.java:66)- value=/,method=RequestMethod.GET: keyword:  ,bkey:  ,ckey: guoji ,page_num: 1
2018-07-05 11:24:48,046 INFO (RedisService.java:79)- getStr(String key) method run, key: string:information_weight_sort:status
2018-07-05 11:24:48,047 INFO (RedisService.java:79)- getStr(String key) method run, key: string:information_weight_sort:batch
2018-07-05 11:24:49,168 INFO (JWTAuthenticationFilter.java:43)- doFilterInternal() run, authHeader: Bearer eyJhbGciOiJIUzUxMiJ9.eyJ1c2VyX2lkIjoiNDAyODI5ODE2NDMxMTNjYTAxNjQzMTEzZWJjMTAwMDAiLCJjcmVhdGVkIjoxNTMwNzU5OTE4MDE0LCJleHAiOjE1MzEwMTkxMTgsInVzZXJuYW1lIjoibGVpdGlhbnhpYW5nQUQifQ.fjayakgbEwh8KsHmS--PqU56n8XqbvDGzbvBDIT_8tqTww0RZTxTOdXwFIy2sA6FkQIGPzpl1Gei1zIFOn9KCA
2018-07-05 11:24:49,175 INFO (InformationWeightSortController.java:66)- value=/,method=RequestMethod.GET: keyword:  ,bkey:  ,ckey:  ,page_num: 1
2018-07-05 11:24:49,196 INFO (RedisService.java:79)- getStr(String key) method run, key: string:information_weight_sort:status
2018-07-05 11:24:49,198 INFO (RedisService.java:79)- getStr(String key) method run, key: string:information_weight_sort:batch
2018-07-05 11:24:54,246 INFO (JWTAuthenticationFilter.java:43)- doFilterInternal() run, authHeader: Bearer eyJhbGciOiJIUzUxMiJ9.eyJ1c2VyX2lkIjoiNDAyODI5ODE2NDMxMTNjYTAxNjQzMTEzZWJjMTAwMDAiLCJjcmVhdGVkIjoxNTMwNzU5OTE4MDE0LCJleHAiOjE1MzEwMTkxMTgsInVzZXJuYW1lIjoibGVpdGlhbnhpYW5nQUQifQ.fjayakgbEwh8KsHmS--PqU56n8XqbvDGzbvBDIT_8tqTww0RZTxTOdXwFIy2sA6FkQIGPzpl1Gei1zIFOn9KCA
2018-07-05 11:24:54,255 INFO (InformationWeightSortController.java:358)- value=/{id},method=RequestMethod.PUT: id: 9e9c34e36344e884016344e896d80000, param: {"information_id":"40282981627ba16501627ba175e70003","bid":"4028298162568c0d016256915dbc0001","cid":"402829816266ef54016266fec7d80004","crawler_id":"402829816271e7c0016271e9b13d0000","crawler_weight_factor":26,"crawler_weight_score":10,"crawler_score":260,"title":"我昂给你i意外的精细0","read_weight":"readweitht","read_weight_factor":2,"read_count":20,"read_score":40,"comment_weight":"commentWeight","comment_weight_factor":3,"comment_count":30,"comment_score":90,"like_weight":"likeWeight","like_weight_factor":4,"like_count":40,"like_score":160,"word_weight":"wordWeight","word_weight_factor":5,"word_count":50,"word_score":250,"url":"http://www.jishitoutiao.com/3330","created_time":"2018-03-15 11:11:11","information_score":800}
2018-07-05 11:24:54,256 INFO (InformationWeightSortController.java:366)- value=/,method=RequestMethod.POST: originalParam: {"information_id":"40282981627ba16501627ba175e70003","bid":"4028298162568c0d016256915dbc0001","cid":"402829816266ef54016266fec7d80004","crawler_id":"402829816271e7c0016271e9b13d0000","crawler_weight_factor":26,"crawler_weight_score":10,"crawler_score":260,"title":"我昂给你i意外的精细0","read_weight":"readweitht","read_weight_factor":2,"read_count":20,"read_score":40,"comment_weight":"commentWeight","comment_weight_factor":3,"comment_count":30,"comment_score":90,"like_weight":"likeWeight","like_weight_factor":4,"like_count":40,"like_score":160,"word_weight":"wordWeight","word_weight_factor":5,"word_count":50,"word_score":250,"url":"http://www.jishitoutiao.com/3330","created_time":"2018-03-15 11:11:11","information_score":800}
2018-07-05 11:24:54,257 INFO (InformationWeightSortController.java:370)- value=/{id},method=RequestMethod.PUT: id: 9e9c34e36344e884016344e896d80000 ,crawler_id: 402829816271e7c0016271e9b13d0000 ,information_id: 40282981627ba16501627ba175e70003 ,crawler_weight_score: 10 ,crawler_weight_factor: 26 ,crawler_score: 260 ,title: 我昂给你i意外的精细0 ,read_count: 20 ,read_weight: readweitht ,read_weight_factor: 2 ,read_score: 40 ,comment_count: 30 ,comment_weight: commentWeight ,comment_weight_factor: 3 ,comment_score: 90 ,like_count: 40 ,like_weight: likeWeight ,like_weight_factor: 4 ,like_score: 160 ,word_count: 50 ,word_weight: wordWeight ,word_weight_factor: 5 ,word_score: 250 ,url: http://www.jishitoutiao.com/3330 ,information_score: 800 ,created_time: 2018-03-15 11:11:11
2018-07-05 11:24:54,257 INFO (InformationWeightSortController.java:406)- word_count: 50, Rex: true
2018-07-05 11:24:54,258 INFO (InformationWeightSortController.java:413)- url: http://www.jishitoutiao.com/3330, Rex: true
2018-07-05 11:24:54,285 INFO (CustomerCacheEventListener.java:21)- cache put. key = informationWeightSort9e9c34e36344e884016344e896d80000, value = InformationWeightSort [weightSortId=9e9c34e36344e884016344e896d80000, crawlerSource=CrawlerSource [bid=4028298162568c0d016256915dbc0001, bkey=toutiao, bname=今日头条, homepage=http://toutiao.com, logo=null, remark=今日头条, lastUpdate=2018-03-24 13:54:19.0], crawlerManagement=CrawlerManagement [crawlerId=402829816271e7c0016271e9b13d0000, crawlerSource=CrawlerSource [bid=4028298162568c0d016256915dbc0001, bkey=toutiao, bname=今日头条, homepage=http://toutiao.com, logo=null, remark=今日头条, lastUpdate=2018-03-24 13:54:19.0], sld=头条娱乐, crawlerCategory=CrawlerCategory [cid=402829816266ef54016266fec7d80004, ckey=entertainment, cname=娱乐, remark=娱乐类别, lastUpdate=2018-03-27 18:26:36.0], crawlerName=toutiaoyule, baseUrl=http://www.toutiaoyule.com, crawlerDirectory=/user/leitianxiang/, crawlerWeightFactor=0.3, crawlerWeightScore=81, crawlerStatus=NORMAL, remark=没有备注, crawlerSwitch=OFF, lastUpdate=2018-03-29 21:19:25.0], crawlerScore=300.0, informationId=40282981627ba16501627ba175e70003, title=我昂给你i意外的精细0, readWeight=readweitht, readWeightFactor=2.0, readCount=20, readScore=40.0, commentWeight=commentWeight, commentWeightFactor=3.0, commentCount=30, commentScore=90.0, likeWeight=likeWeight, likeWeightFactor=4.0, likeCount=40, likeScore=160.0, wordWeight=wordWeight, wordWeightFactor=5.0, wordCount=50, wordScore=250.0, url=http://www.jishitoutiao.com/3330, createdTime=2018-03-15 11:11:11.0, informationScore=840.0, crawlerCategory=CrawlerCategory [cid=402829816266ef54016266fec7d80004, ckey=entertainment, cname=娱乐, remark=娱乐类别, lastUpdate=2018-03-27 18:26:36.0], lastUpdate=2018-05-09 20:38:03.0]
2018-07-05 11:24:54,309 INFO (CustomerCacheEventListener.java:16)- cache removed. key = informationWeightSort9e9c34e36344e884016344e896d80000, value = InformationWeightSort [weightSortId=9e9c34e36344e884016344e896d80000, crawlerSource=CrawlerSource [bid=4028298162568c0d016256915dbc0001, bkey=toutiao, bname=今日头条, homepage=http://toutiao.com, logo=null, remark=今日头条, lastUpdate=2018-03-24 13:54:19.0], crawlerManagement=CrawlerManagement [crawlerId=402829816271e7c0016271e9b13d0000, crawlerSource=CrawlerSource [bid=4028298162568c0d016256915dbc0001, bkey=toutiao, bname=今日头条, homepage=http://toutiao.com, logo=null, remark=今日头条, lastUpdate=2018-03-24 13:54:19.0], sld=头条娱乐, crawlerCategory=CrawlerCategory [cid=402829816266ef54016266fec7d80004, ckey=entertainment, cname=娱乐, remark=娱乐类别, lastUpdate=2018-03-27 18:26:36.0], crawlerName=toutiaoyule, baseUrl=http://www.toutiaoyule.com, crawlerDirectory=/user/leitianxiang/, crawlerWeightFactor=0.3, crawlerWeightScore=81, crawlerStatus=NORMAL, remark=没有备注, crawlerSwitch=OFF, lastUpdate=2018-03-29 21:19:25.0], crawlerScore=260.0, informationId=40282981627ba16501627ba175e70003, title=我昂给你i意外的精细0, readWeight=readweitht, readWeightFactor=2.0, readCount=20, readScore=40.0, commentWeight=commentWeight, commentWeightFactor=3.0, commentCount=30, commentScore=90.0, likeWeight=likeWeight, likeWeightFactor=4.0, likeCount=40, likeScore=160.0, wordWeight=wordWeight, wordWeightFactor=5.0, wordCount=50, wordScore=250.0, url=http://www.jishitoutiao.com/3330, createdTime=Thu Mar 15 11:11:11 CST 2018, informationScore=800.0, crawlerCategory=CrawlerCategory [cid=402829816266ef54016266fec7d80004, ckey=entertainment, cname=娱乐, remark=娱乐类别, lastUpdate=2018-03-27 18:26:36.0], lastUpdate=2018-05-09 20:38:03.0]
2018-07-05 11:24:54,539 INFO (JWTAuthenticationFilter.java:43)- doFilterInternal() run, authHeader: Bearer eyJhbGciOiJIUzUxMiJ9.eyJ1c2VyX2lkIjoiNDAyODI5ODE2NDMxMTNjYTAxNjQzMTEzZWJjMTAwMDAiLCJjcmVhdGVkIjoxNTMwNzU5OTE4MDE0LCJleHAiOjE1MzEwMTkxMTgsInVzZXJuYW1lIjoibGVpdGlhbnhpYW5nQUQifQ.fjayakgbEwh8KsHmS--PqU56n8XqbvDGzbvBDIT_8tqTww0RZTxTOdXwFIy2sA6FkQIGPzpl1Gei1zIFOn9KCA
2018-07-05 11:24:54,543 INFO (InformationWeightSortController.java:66)- value=/,method=RequestMethod.GET: keyword:  ,bkey:  ,ckey:  ,page_num: 1
2018-07-05 11:24:54,563 INFO (RedisService.java:79)- getStr(String key) method run, key: string:information_weight_sort:status
2018-07-05 11:24:54,565 INFO (RedisService.java:79)- getStr(String key) method run, key: string:information_weight_sort:batch
2018-07-05 11:24:59,092 INFO (JWTAuthenticationFilter.java:43)- doFilterInternal() run, authHeader: Bearer eyJhbGciOiJIUzUxMiJ9.eyJ1c2VyX2lkIjoiNDAyODI5ODE2NDMxMTNjYTAxNjQzMTEzZWJjMTAwMDAiLCJjcmVhdGVkIjoxNTMwNzU5OTE4MDE0LCJleHAiOjE1MzEwMTkxMTgsInVzZXJuYW1lIjoibGVpdGlhbnhpYW5nQUQifQ.fjayakgbEwh8KsHmS--PqU56n8XqbvDGzbvBDIT_8tqTww0RZTxTOdXwFIy2sA6FkQIGPzpl1Gei1zIFOn9KCA
2018-07-05 11:24:59,099 INFO (InformationIllegalityPondController.java:64)- value=/,method=RequestMethod.GET: keyword:  ,bkey:  ,ckey:  ,page_num: 1
2018-07-05 11:24:59,168 INFO (RedisService.java:79)- getStr(String key) method run, key: string:information_illegality_pond:batch
2018-07-05 11:25:07,169 INFO (JWTAuthenticationFilter.java:43)- doFilterInternal() run, authHeader: Bearer eyJhbGciOiJIUzUxMiJ9.eyJ1c2VyX2lkIjoiNDAyODI5ODE2NDMxMTNjYTAxNjQzMTEzZWJjMTAwMDAiLCJjcmVhdGVkIjoxNTMwNzU5OTE4MDE0LCJleHAiOjE1MzEwMTkxMTgsInVzZXJuYW1lIjoibGVpdGlhbnhpYW5nQUQifQ.fjayakgbEwh8KsHmS--PqU56n8XqbvDGzbvBDIT_8tqTww0RZTxTOdXwFIy2sA6FkQIGPzpl1Gei1zIFOn9KCA
2018-07-05 11:25:07,174 INFO (InformationIllegalityPondController.java:64)- value=/,method=RequestMethod.GET: keyword:  ,bkey: sina ,ckey:  ,page_num: 1
2018-07-05 11:25:07,203 INFO (RedisService.java:79)- getStr(String key) method run, key: string:information_illegality_pond:batch
2018-07-05 11:25:08,519 INFO (JWTAuthenticationFilter.java:43)- doFilterInternal() run, authHeader: Bearer eyJhbGciOiJIUzUxMiJ9.eyJ1c2VyX2lkIjoiNDAyODI5ODE2NDMxMTNjYTAxNjQzMTEzZWJjMTAwMDAiLCJjcmVhdGVkIjoxNTMwNzU5OTE4MDE0LCJleHAiOjE1MzEwMTkxMTgsInVzZXJuYW1lIjoibGVpdGlhbnhpYW5nQUQifQ.fjayakgbEwh8KsHmS--PqU56n8XqbvDGzbvBDIT_8tqTww0RZTxTOdXwFIy2sA6FkQIGPzpl1Gei1zIFOn9KCA
2018-07-05 11:25:08,524 INFO (InformationIllegalityPondController.java:64)- value=/,method=RequestMethod.GET: keyword:  ,bkey:  ,ckey:  ,page_num: 1
2018-07-05 11:25:08,545 INFO (RedisService.java:79)- getStr(String key) method run, key: string:information_illegality_pond:batch
2018-07-05 11:50:07,189 INFO (JWTAuthenticationFilter.java:43)- doFilterInternal() run, authHeader: null
2018-07-05 11:50:07,237 INFO (UserController.java:344)- value=/login,method=RequestMethod.POST: param: {"username":"leitianxiangAD","password":"OTlhM2JlZDRjMDE0YzU5MTFjOTg3MDZkNjEzYTMxMWI="}
2018-07-05 11:50:07,241 INFO (UserController.java:351)- value=/login,method=RequestMethod.POST: originalParam: {"username":"leitianxiangAD","password":"OTlhM2JlZDRjMDE0YzU5MTFjOTg3MDZkNjEzYTMxMWI="}
2018-07-05 11:50:07,243 INFO (UserController.java:355)- value=/login,method=RequestMethod.POST: username: leitianxiangAD ,password: OTlhM2JlZDRjMDE0YzU5MTFjOTg3MDZkNjEzYTMxMWI=
2018-07-05 11:50:07,561 INFO (JWTAuthenticationFilter.java:43)- doFilterInternal() run, authHeader: Bearer eyJhbGciOiJIUzUxMiJ9.eyJ1c2VyX2lkIjoiNDAyODI5ODE2NDMxMTNjYTAxNjQzMTEzZWJjMTAwMDAiLCJjcmVhdGVkIjoxNTMwNzYyNjA3NTEwLCJleHAiOjE1MzEwMjE4MDcsInVzZXJuYW1lIjoibGVpdGlhbnhpYW5nQUQifQ.aQeGLLfwGDg_K3fsLEsE8-GKGyYa5ALSor1eHXgm-d01_8FXayeUkhwgbvCatlkFJaXc4yQlWYQcuWpU8na7DQ
2018-07-05 11:50:07,589 INFO (MetaController.java:52)- value=/,method=RequestMethod.GET:
2018-07-05 11:50:13,044 INFO (JWTAuthenticationFilter.java:43)- doFilterInternal() run, authHeader: Bearer eyJhbGciOiJIUzUxMiJ9.eyJ1c2VyX2lkIjoiNDAyODI5ODE2NDMxMTNjYTAxNjQzMTEzZWJjMTAwMDAiLCJjcmVhdGVkIjoxNTMwNzYyNjA3NTEwLCJleHAiOjE1MzEwMjE4MDcsInVzZXJuYW1lIjoibGVpdGlhbnhpYW5nQUQifQ.aQeGLLfwGDg_K3fsLEsE8-GKGyYa5ALSor1eHXgm-d01_8FXayeUkhwgbvCatlkFJaXc4yQlWYQcuWpU8na7DQ
2018-07-05 11:50:13,062 INFO (CrawlerCategoryController.java:46)- value=/,method=RequestMethod.GET: keyword:  , page_num: 1
2018-07-05 11:50:28,827 INFO (JWTAuthenticationFilter.java:43)- doFilterInternal() run, authHeader: Bearer eyJhbGciOiJIUzUxMiJ9.eyJ1c2VyX2lkIjoiNDAyODI5ODE2NDMxMTNjYTAxNjQzMTEzZWJjMTAwMDAiLCJjcmVhdGVkIjoxNTMwNzYyNjA3NTEwLCJleHAiOjE1MzEwMjE4MDcsInVzZXJuYW1lIjoibGVpdGlhbnhpYW5nQUQifQ.aQeGLLfwGDg_K3fsLEsE8-GKGyYa5ALSor1eHXgm-d01_8FXayeUkhwgbvCatlkFJaXc4yQlWYQcuWpU8na7DQ
2018-07-05 11:50:28,839 INFO (CrawlerCategoryController.java:191)- value=/{cid},method=RequestMethod.PUT: cid: 40282981641b13ce01641bf82b0e0007, param: {"ckey":"fangchan","cname":"房产","remark":"这是一条任性的备注"}
2018-07-05 11:50:28,840 INFO (CrawlerCategoryController.java:199)- value=/,method=RequestMethod.POST: originalParam: {"ckey":"fangchan","cname":"房产","remark":"这是一条任性的备注"}
2018-07-05 11:50:28,840 INFO (CrawlerCategoryController.java:203)- value=/{cid},method=RequestMethod.PUT: cid: 40282981641b13ce01641bf82b0e0007 , ckey: fangchan , cname: 房产 , remark: 这是一条任性的备注
2018-07-05 11:50:28,841 INFO (CrawlerCategoryController.java:217)- ckey: fangchan, Rex: true
2018-07-05 11:50:28,867 INFO (CustomerCacheEventListener.java:21)- cache put. key = crawlerCategory40282981641b13ce01641bf82b0e0007, value = CrawlerCategory [cid=40282981641b13ce01641bf82b0e0007, ckey=fangchan, cname=房产, remark=则是是否, lastUpdate=2018-06-20 14:53:26.0]
2018-07-05 11:50:28,927 INFO (CustomerCacheEventListener.java:16)- cache removed. key = crawlerCategory40282981641b13ce01641bf82b0e0007, value = CrawlerCategory [cid=40282981641b13ce01641bf82b0e0007, ckey=fangchan, cname=房产, remark=这是一条任性的备注, lastUpdate=2018-06-20 14:53:26.0]
2018-07-05 11:50:29,048 INFO (JWTAuthenticationFilter.java:43)- doFilterInternal() run, authHeader: Bearer eyJhbGciOiJIUzUxMiJ9.eyJ1c2VyX2lkIjoiNDAyODI5ODE2NDMxMTNjYTAxNjQzMTEzZWJjMTAwMDAiLCJjcmVhdGVkIjoxNTMwNzYyNjA3NTEwLCJleHAiOjE1MzEwMjE4MDcsInVzZXJuYW1lIjoibGVpdGlhbnhpYW5nQUQifQ.aQeGLLfwGDg_K3fsLEsE8-GKGyYa5ALSor1eHXgm-d01_8FXayeUkhwgbvCatlkFJaXc4yQlWYQcuWpU8na7DQ
2018-07-05 11:50:29,060 INFO (CrawlerCategoryController.java:46)- value=/,method=RequestMethod.GET: keyword:  , page_num: 1
2018-07-05 11:56:59,788 INFO (JWTAuthenticationFilter.java:43)- doFilterInternal() run, authHeader: null
2018-07-05 11:57:17,744 INFO (JWTAuthenticationFilter.java:43)- doFilterInternal() run, authHeader: null
2018-07-05 14:53:12,335 INFO (CustomerCacheManagerEventListener.java:32)- ehcache dispose...
2018-07-05 14:53:12,413 INFO (CustomerCacheEventListener.java:51)- cache dispose.
2018-07-05 14:53:12,513 INFO (CustomerCacheEventListener.java:51)- cache dispose.
2018-07-05 14:53:12,560 INFO (CustomerCacheEventListener.java:51)- cache dispose.
2018-07-05 14:53:21,223 INFO (StartupInfoLogger.java:50)- Starting Application on leitianxiangdeMacBook-Pro.local with PID 31493 (/Users/leitianxiang/Workspaces/intelli/jishitoutiao-api/target/classes started by leitianxiang in /Users/leitianxiang/Workspaces/intelli/jishitoutiao-api)
2018-07-05 14:53:21,230 DEBUG (StartupInfoLogger.java:53)- Running with Spring Boot v2.0.2.RELEASE, Spring v5.0.6.RELEASE
2018-07-05 14:53:21,236 INFO (SpringApplication.java:659)- No active profile set, falling back to default profiles: default
2018-07-05 14:53:34,386 INFO (CustomerCacheManagerEventListener.java:22)- init ehcache...
2018-07-05 14:53:34,548 INFO (CustomerCacheManagerEventListener.java:37)- cacheAdded... org.hibernate.cache.internal.StandardQueryCache
2018-07-05 14:53:34,549 INFO (CustomerCacheManagerEventListener.java:38)- [ name = org.hibernate.cache.internal.StandardQueryCache status = STATUS_ALIVE eternal = false overflowToDisk = true maxEntriesLocalHeap = 5 maxEntriesLocalDisk = 0 memoryStoreEvictionPolicy = LRU timeToLiveSeconds = 120 timeToIdleSeconds = 0 persistence = LOCALTEMPSWAP diskExpiryThreadIntervalSeconds = 120 cacheEventListeners: com.jishitoutiao.cache.CustomerCacheEventListener ; orderedCacheEventListeners:  maxBytesLocalHeap = 0 overflowToOffHeap = false maxBytesLocalOffHeap = 0 maxBytesLocalDisk = 0 pinned = false ]
2018-07-05 14:53:34,558 INFO (CustomerCacheManagerEventListener.java:37)- cacheAdded... entityCache
2018-07-05 14:53:34,559 INFO (CustomerCacheManagerEventListener.java:38)- [ name = entityCache status = STATUS_ALIVE eternal = false overflowToDisk = true maxEntriesLocalHeap = 10000 maxEntriesLocalDisk = 100000 memoryStoreEvictionPolicy = LRU timeToLiveSeconds = 600 timeToIdleSeconds = 300 persistence = LOCALTEMPSWAP diskExpiryThreadIntervalSeconds = 1200 cacheEventListeners: com.jishitoutiao.cache.CustomerCacheEventListener ; orderedCacheEventListeners:  maxBytesLocalHeap = 0 overflowToOffHeap = false maxBytesLocalOffHeap = 0 maxBytesLocalDisk = 0 pinned = false ]
2018-07-05 14:53:34,577 INFO (CustomerCacheManagerEventListener.java:37)- cacheAdded... org.hibernate.cache.spi.UpdateTimestampsCache
2018-07-05 14:53:34,577 INFO (CustomerCacheManagerEventListener.java:38)- [ name = org.hibernate.cache.spi.UpdateTimestampsCache status = STATUS_ALIVE eternal = true overflowToDisk = true maxEntriesLocalHeap = 5000 maxEntriesLocalDisk = 0 memoryStoreEvictionPolicy = LRU timeToLiveSeconds = 0 timeToIdleSeconds = 0 persistence = LOCALTEMPSWAP diskExpiryThreadIntervalSeconds = 120 cacheEventListeners: com.jishitoutiao.cache.CustomerCacheEventListener ; orderedCacheEventListeners:  maxBytesLocalHeap = 0 overflowToOffHeap = false maxBytesLocalOffHeap = 0 maxBytesLocalDisk = 0 pinned = false ]
2018-07-05 14:53:35,129 INFO (StartupInfoLogger.java:59)- Started Application in 14.917 seconds (JVM running for 16.452)
2018-07-05 14:55:02,505 INFO (JWTAuthenticationFilter.java:43)- doFilterInternal() run, authHeader: null
2018-07-05 14:55:02,917 INFO (JWTAuthenticationFilter.java:43)- doFilterInternal() run, authHeader: null
2018-07-05 15:00:21,108 INFO (JWTAuthenticationFilter.java:43)- doFilterInternal() run, authHeader: null
2018-07-05 15:00:26,358 INFO (JWTAuthenticationFilter.java:43)- doFilterInternal() run, authHeader: null
2018-07-05 15:01:33,075 INFO (CustomerCacheManagerEventListener.java:32)- ehcache dispose...
2018-07-05 15:01:33,079 INFO (CustomerCacheEventListener.java:51)- cache dispose.
2018-07-05 15:01:33,090 INFO (CustomerCacheEventListener.java:51)- cache dispose.
2018-07-05 15:01:33,096 INFO (CustomerCacheEventListener.java:51)- cache dispose.
2018-07-05 15:01:41,611 INFO (StartupInfoLogger.java:50)- Starting Application on leitianxiangdeMacBook-Pro.local with PID 31838 (/Users/leitianxiang/Workspaces/intelli/jishitoutiao-api/target/classes started by leitianxiang in /Users/leitianxiang/Workspaces/intelli/jishitoutiao-api)
2018-07-05 15:01:41,638 DEBUG (StartupInfoLogger.java:53)- Running with Spring Boot v2.0.2.RELEASE, Spring v5.0.6.RELEASE
2018-07-05 15:01:41,644 INFO (SpringApplication.java:659)- No active profile set, falling back to default profiles: default
2018-07-05 15:01:52,746 INFO (CustomerCacheManagerEventListener.java:22)- init ehcache...
2018-07-05 15:01:52,821 INFO (CustomerCacheManagerEventListener.java:37)- cacheAdded... org.hibernate.cache.spi.UpdateTimestampsCache
2018-07-05 15:01:52,822 INFO (CustomerCacheManagerEventListener.java:38)- [ name = org.hibernate.cache.spi.UpdateTimestampsCache status = STATUS_ALIVE eternal = true overflowToDisk = true maxEntriesLocalHeap = 5000 maxEntriesLocalDisk = 0 memoryStoreEvictionPolicy = LRU timeToLiveSeconds = 0 timeToIdleSeconds = 0 persistence = LOCALTEMPSWAP diskExpiryThreadIntervalSeconds = 120 cacheEventListeners: com.jishitoutiao.cache.CustomerCacheEventListener ; orderedCacheEventListeners:  maxBytesLocalHeap = 0 overflowToOffHeap = false maxBytesLocalOffHeap = 0 maxBytesLocalDisk = 0 pinned = false ]
2018-07-05 15:01:52,827 INFO (CustomerCacheManagerEventListener.java:37)- cacheAdded... entityCache
2018-07-05 15:01:52,828 INFO (CustomerCacheManagerEventListener.java:38)- [ name = entityCache status = STATUS_ALIVE eternal = false overflowToDisk = true maxEntriesLocalHeap = 10000 maxEntriesLocalDisk = 100000 memoryStoreEvictionPolicy = LRU timeToLiveSeconds = 600 timeToIdleSeconds = 300 persistence = LOCALTEMPSWAP diskExpiryThreadIntervalSeconds = 1200 cacheEventListeners: com.jishitoutiao.cache.CustomerCacheEventListener ; orderedCacheEventListeners:  maxBytesLocalHeap = 0 overflowToOffHeap = false maxBytesLocalOffHeap = 0 maxBytesLocalDisk = 0 pinned = false ]
2018-07-05 15:01:52,833 INFO (CustomerCacheManagerEventListener.java:37)- cacheAdded... org.hibernate.cache.internal.StandardQueryCache
2018-07-05 15:01:52,833 INFO (CustomerCacheManagerEventListener.java:38)- [ name = org.hibernate.cache.internal.StandardQueryCache status = STATUS_ALIVE eternal = false overflowToDisk = true maxEntriesLocalHeap = 5 maxEntriesLocalDisk = 0 memoryStoreEvictionPolicy = LRU timeToLiveSeconds = 120 timeToIdleSeconds = 0 persistence = LOCALTEMPSWAP diskExpiryThreadIntervalSeconds = 120 cacheEventListeners: com.jishitoutiao.cache.CustomerCacheEventListener ; orderedCacheEventListeners:  maxBytesLocalHeap = 0 overflowToOffHeap = false maxBytesLocalOffHeap = 0 maxBytesLocalDisk = 0 pinned = false ]
2018-07-05 15:01:53,206 INFO (StartupInfoLogger.java:59)- Started Application in 12.337 seconds (JVM running for 13.529)
2018-07-05 15:04:15,389 INFO (JWTAuthenticationFilter.java:43)- doFilterInternal() run, authHeader: null
2018-07-05 15:04:16,262 INFO (JWTAuthenticationFilter.java:43)- doFilterInternal() run, authHeader: null
2018-07-05 15:04:33,872 INFO (JWTAuthenticationFilter.java:43)- doFilterInternal() run, authHeader: null
2018-07-05 15:08:06,851 INFO (CustomerCacheManagerEventListener.java:32)- ehcache dispose...
2018-07-05 15:08:06,854 INFO (CustomerCacheEventListener.java:51)- cache dispose.
2018-07-05 15:08:06,860 INFO (CustomerCacheEventListener.java:51)- cache dispose.
2018-07-05 15:08:06,862 INFO (CustomerCacheEventListener.java:51)- cache dispose.
2018-07-05 15:08:10,194 INFO (StartupInfoLogger.java:50)- Starting Application on leitianxiangdeMacBook-Pro.local with PID 32050 (/Users/leitianxiang/Workspaces/intelli/jishitoutiao-api/target/classes started by leitianxiang in /Users/leitianxiang/Workspaces/intelli/jishitoutiao-api)
2018-07-05 15:08:10,200 DEBUG (StartupInfoLogger.java:53)- Running with Spring Boot v2.0.2.RELEASE, Spring v5.0.6.RELEASE
2018-07-05 15:08:10,202 INFO (SpringApplication.java:659)- No active profile set, falling back to default profiles: default
2018-07-05 15:08:21,536 INFO (CustomerCacheManagerEventListener.java:22)- init ehcache...
2018-07-05 15:08:21,624 INFO (CustomerCacheManagerEventListener.java:37)- cacheAdded... entityCache
2018-07-05 15:08:21,624 INFO (CustomerCacheManagerEventListener.java:38)- [ name = entityCache status = STATUS_ALIVE eternal = false overflowToDisk = true maxEntriesLocalHeap = 10000 maxEntriesLocalDisk = 100000 memoryStoreEvictionPolicy = LRU timeToLiveSeconds = 600 timeToIdleSeconds = 300 persistence = LOCALTEMPSWAP diskExpiryThreadIntervalSeconds = 1200 cacheEventListeners: com.jishitoutiao.cache.CustomerCacheEventListener ; orderedCacheEventListeners:  maxBytesLocalHeap = 0 overflowToOffHeap = false maxBytesLocalOffHeap = 0 maxBytesLocalDisk = 0 pinned = false ]
2018-07-05 15:08:21,630 INFO (CustomerCacheManagerEventListener.java:37)- cacheAdded... org.hibernate.cache.spi.UpdateTimestampsCache
2018-07-05 15:08:21,631 INFO (CustomerCacheManagerEventListener.java:38)- [ name = org.hibernate.cache.spi.UpdateTimestampsCache status = STATUS_ALIVE eternal = true overflowToDisk = true maxEntriesLocalHeap = 5000 maxEntriesLocalDisk = 0 memoryStoreEvictionPolicy = LRU timeToLiveSeconds = 0 timeToIdleSeconds = 0 persistence = LOCALTEMPSWAP diskExpiryThreadIntervalSeconds = 120 cacheEventListeners: com.jishitoutiao.cache.CustomerCacheEventListener ; orderedCacheEventListeners:  maxBytesLocalHeap = 0 overflowToOffHeap = false maxBytesLocalOffHeap = 0 maxBytesLocalDisk = 0 pinned = false ]
2018-07-05 15:08:21,636 INFO (CustomerCacheManagerEventListener.java:37)- cacheAdded... org.hibernate.cache.internal.StandardQueryCache
2018-07-05 15:08:21,637 INFO (CustomerCacheManagerEventListener.java:38)- [ name = org.hibernate.cache.internal.StandardQueryCache status = STATUS_ALIVE eternal = false overflowToDisk = true maxEntriesLocalHeap = 5 maxEntriesLocalDisk = 0 memoryStoreEvictionPolicy = LRU timeToLiveSeconds = 120 timeToIdleSeconds = 0 persistence = LOCALTEMPSWAP diskExpiryThreadIntervalSeconds = 120 cacheEventListeners: com.jishitoutiao.cache.CustomerCacheEventListener ; orderedCacheEventListeners:  maxBytesLocalHeap = 0 overflowToOffHeap = false maxBytesLocalOffHeap = 0 maxBytesLocalDisk = 0 pinned = false ]
2018-07-05 15:08:22,040 INFO (StartupInfoLogger.java:59)- Started Application in 12.685 seconds (JVM running for 14.06)
2018-07-05 15:08:30,394 INFO (JWTAuthenticationFilter.java:43)- doFilterInternal() run, authHeader: null
2018-07-05 15:46:38,157 INFO (CustomerCacheManagerEventListener.java:32)- ehcache dispose...
2018-07-05 15:46:38,170 INFO (CustomerCacheEventListener.java:51)- cache dispose.
2018-07-05 15:46:38,226 INFO (CustomerCacheEventListener.java:51)- cache dispose.
2018-07-05 15:46:38,228 INFO (CustomerCacheEventListener.java:51)- cache dispose.
2018-07-05 15:46:53,125 INFO (StartupInfoLogger.java:50)- Starting Application on leitianxiangdeMacBook-Pro.local with PID 33287 (/Users/leitianxiang/Workspaces/intelli/jishitoutiao-api/target/classes started by leitianxiang in /Users/leitianxiang/Workspaces/intelli/jishitoutiao-api)
2018-07-05 15:46:53,133 DEBUG (StartupInfoLogger.java:53)- Running with Spring Boot v2.0.2.RELEASE, Spring v5.0.6.RELEASE
2018-07-05 15:46:53,135 INFO (SpringApplication.java:659)- No active profile set, falling back to default profiles: default
2018-07-05 15:47:05,834 INFO (CustomerCacheManagerEventListener.java:22)- init ehcache...
2018-07-05 15:47:05,922 INFO (CustomerCacheManagerEventListener.java:37)- cacheAdded... entityCache
2018-07-05 15:47:05,922 INFO (CustomerCacheManagerEventListener.java:38)- [ name = entityCache status = STATUS_ALIVE eternal = false overflowToDisk = true maxEntriesLocalHeap = 10000 maxEntriesLocalDisk = 100000 memoryStoreEvictionPolicy = LRU timeToLiveSeconds = 600 timeToIdleSeconds = 300 persistence = LOCALTEMPSWAP diskExpiryThreadIntervalSeconds = 1200 cacheEventListeners: com.jishitoutiao.cache.CustomerCacheEventListener ; orderedCacheEventListeners:  maxBytesLocalHeap = 0 overflowToOffHeap = false maxBytesLocalOffHeap = 0 maxBytesLocalDisk = 0 pinned = false ]
2018-07-05 15:47:05,929 INFO (CustomerCacheManagerEventListener.java:37)- cacheAdded... org.hibernate.cache.internal.StandardQueryCache
2018-07-05 15:47:05,929 INFO (CustomerCacheManagerEventListener.java:38)- [ name = org.hibernate.cache.internal.StandardQueryCache status = STATUS_ALIVE eternal = false overflowToDisk = true maxEntriesLocalHeap = 5 maxEntriesLocalDisk = 0 memoryStoreEvictionPolicy = LRU timeToLiveSeconds = 120 timeToIdleSeconds = 0 persistence = LOCALTEMPSWAP diskExpiryThreadIntervalSeconds = 120 cacheEventListeners: com.jishitoutiao.cache.CustomerCacheEventListener ; orderedCacheEventListeners:  maxBytesLocalHeap = 0 overflowToOffHeap = false maxBytesLocalOffHeap = 0 maxBytesLocalDisk = 0 pinned = false ]
2018-07-05 15:47:05,943 INFO (CustomerCacheManagerEventListener.java:37)- cacheAdded... org.hibernate.cache.spi.UpdateTimestampsCache
2018-07-05 15:47:05,943 INFO (CustomerCacheManagerEventListener.java:38)- [ name = org.hibernate.cache.spi.UpdateTimestampsCache status = STATUS_ALIVE eternal = true overflowToDisk = true maxEntriesLocalHeap = 5000 maxEntriesLocalDisk = 0 memoryStoreEvictionPolicy = LRU timeToLiveSeconds = 0 timeToIdleSeconds = 0 persistence = LOCALTEMPSWAP diskExpiryThreadIntervalSeconds = 120 cacheEventListeners: com.jishitoutiao.cache.CustomerCacheEventListener ; orderedCacheEventListeners:  maxBytesLocalHeap = 0 overflowToOffHeap = false maxBytesLocalOffHeap = 0 maxBytesLocalDisk = 0 pinned = false ]
2018-07-05 15:47:06,386 INFO (StartupInfoLogger.java:59)- Started Application in 14.025 seconds (JVM running for 15.785)
2018-07-05 16:02:20,796 INFO (CustomerCacheManagerEventListener.java:32)- ehcache dispose...
2018-07-05 16:02:20,800 INFO (CustomerCacheEventListener.java:51)- cache dispose.
2018-07-05 16:02:20,828 INFO (CustomerCacheEventListener.java:51)- cache dispose.
2018-07-05 16:02:20,832 INFO (CustomerCacheEventListener.java:51)- cache dispose.
2018-07-05 16:02:26,697 INFO (StartupInfoLogger.java:50)- Starting Application on leitianxiangdeMacBook-Pro.local with PID 33763 (/Users/leitianxiang/Workspaces/intelli/jishitoutiao-api/target/classes started by leitianxiang in /Users/leitianxiang/Workspaces/intelli/jishitoutiao-api)
2018-07-05 16:02:26,703 DEBUG (StartupInfoLogger.java:53)- Running with Spring Boot v2.0.2.RELEASE, Spring v5.0.6.RELEASE
2018-07-05 16:02:26,707 INFO (SpringApplication.java:659)- No active profile set, falling back to default profiles: default
2018-07-05 16:02:38,519 INFO (CustomerCacheManagerEventListener.java:22)- init ehcache...
2018-07-05 16:02:38,597 INFO (CustomerCacheManagerEventListener.java:37)- cacheAdded... entityCache
2018-07-05 16:02:38,598 INFO (CustomerCacheManagerEventListener.java:38)- [ name = entityCache status = STATUS_ALIVE eternal = false overflowToDisk = true maxEntriesLocalHeap = 10000 maxEntriesLocalDisk = 100000 memoryStoreEvictionPolicy = LRU timeToLiveSeconds = 600 timeToIdleSeconds = 300 persistence = LOCALTEMPSWAP diskExpiryThreadIntervalSeconds = 1200 cacheEventListeners: com.jishitoutiao.cache.CustomerCacheEventListener ; orderedCacheEventListeners:  maxBytesLocalHeap = 0 overflowToOffHeap = false maxBytesLocalOffHeap = 0 maxBytesLocalDisk = 0 pinned = false ]
2018-07-05 16:02:38,604 INFO (CustomerCacheManagerEventListener.java:37)- cacheAdded... org.hibernate.cache.internal.StandardQueryCache
2018-07-05 16:02:38,604 INFO (CustomerCacheManagerEventListener.java:38)- [ name = org.hibernate.cache.internal.StandardQueryCache status = STATUS_ALIVE eternal = false overflowToDisk = true maxEntriesLocalHeap = 5 maxEntriesLocalDisk = 0 memoryStoreEvictionPolicy = LRU timeToLiveSeconds = 120 timeToIdleSeconds = 0 persistence = LOCALTEMPSWAP diskExpiryThreadIntervalSeconds = 120 cacheEventListeners: com.jishitoutiao.cache.CustomerCacheEventListener ; orderedCacheEventListeners:  maxBytesLocalHeap = 0 overflowToOffHeap = false maxBytesLocalOffHeap = 0 maxBytesLocalDisk = 0 pinned = false ]
2018-07-05 16:02:38,610 INFO (CustomerCacheManagerEventListener.java:37)- cacheAdded... org.hibernate.cache.spi.UpdateTimestampsCache
2018-07-05 16:02:38,610 INFO (CustomerCacheManagerEventListener.java:38)- [ name = org.hibernate.cache.spi.UpdateTimestampsCache status = STATUS_ALIVE eternal = true overflowToDisk = true maxEntriesLocalHeap = 5000 maxEntriesLocalDisk = 0 memoryStoreEvictionPolicy = LRU timeToLiveSeconds = 0 timeToIdleSeconds = 0 persistence = LOCALTEMPSWAP diskExpiryThreadIntervalSeconds = 120 cacheEventListeners: com.jishitoutiao.cache.CustomerCacheEventListener ; orderedCacheEventListeners:  maxBytesLocalHeap = 0 overflowToOffHeap = false maxBytesLocalOffHeap = 0 maxBytesLocalDisk = 0 pinned = false ]
2018-07-05 16:02:39,066 INFO (StartupInfoLogger.java:59)- Started Application in 13.128 seconds (JVM running for 14.091)
2018-07-05 16:43:21,810 INFO (CustomerCacheManagerEventListener.java:32)- ehcache dispose...
2018-07-05 16:43:21,818 INFO (CustomerCacheEventListener.java:51)- cache dispose.
2018-07-05 16:43:21,835 INFO (CustomerCacheEventListener.java:51)- cache dispose.
2018-07-05 16:43:21,837 INFO (CustomerCacheEventListener.java:51)- cache dispose.
