2018-06-27 09:57:56,635 INFO (StartupInfoLogger.java:50)- Starting Application on leitianxiangdeMacBook-Pro.local with PID 9931 (/Users/leitianxiang/Workspaces/intelli/jishitoutiao-api/target/classes started by leitianxiang in /Users/leitianxiang/Workspaces/intelli/jishitoutiao-api)
2018-06-27 09:57:56,650 DEBUG (StartupInfoLogger.java:53)- Running with Spring Boot v2.0.2.RELEASE, Spring v5.0.6.RELEASE
2018-06-27 09:57:56,657 INFO (SpringApplication.java:659)- No active profile set, falling back to default profiles: default
2018-06-27 09:58:27,855 INFO (CustomerCacheManagerEventListener.java:22)- init ehcache...
2018-06-27 09:58:27,955 INFO (CustomerCacheManagerEventListener.java:37)- cacheAdded... entityCache
2018-06-27 09:58:27,956 INFO (CustomerCacheManagerEventListener.java:38)- [ name = entityCache status = STATUS_ALIVE eternal = false overflowToDisk = true maxEntriesLocalHeap = 10000 maxEntriesLocalDisk = 100000 memoryStoreEvictionPolicy = LRU timeToLiveSeconds = 600 timeToIdleSeconds = 300 persistence = LOCALTEMPSWAP diskExpiryThreadIntervalSeconds = 1200 cacheEventListeners: com.jishitoutiao.cache.CustomerCacheEventListener ; orderedCacheEventListeners:  maxBytesLocalHeap = 0 overflowToOffHeap = false maxBytesLocalOffHeap = 0 maxBytesLocalDisk = 0 pinned = false ]
2018-06-27 09:58:27,963 INFO (CustomerCacheManagerEventListener.java:37)- cacheAdded... org.hibernate.cache.spi.UpdateTimestampsCache
2018-06-27 09:58:27,964 INFO (CustomerCacheManagerEventListener.java:38)- [ name = org.hibernate.cache.spi.UpdateTimestampsCache status = STATUS_ALIVE eternal = true overflowToDisk = true maxEntriesLocalHeap = 5000 maxEntriesLocalDisk = 0 memoryStoreEvictionPolicy = LRU timeToLiveSeconds = 0 timeToIdleSeconds = 0 persistence = LOCALTEMPSWAP diskExpiryThreadIntervalSeconds = 120 cacheEventListeners: com.jishitoutiao.cache.CustomerCacheEventListener ; orderedCacheEventListeners:  maxBytesLocalHeap = 0 overflowToOffHeap = false maxBytesLocalOffHeap = 0 maxBytesLocalDisk = 0 pinned = false ]
2018-06-27 09:58:27,969 INFO (CustomerCacheManagerEventListener.java:37)- cacheAdded... org.hibernate.cache.internal.StandardQueryCache
2018-06-27 09:58:27,970 INFO (CustomerCacheManagerEventListener.java:38)- [ name = org.hibernate.cache.internal.StandardQueryCache status = STATUS_ALIVE eternal = false overflowToDisk = true maxEntriesLocalHeap = 5 maxEntriesLocalDisk = 0 memoryStoreEvictionPolicy = LRU timeToLiveSeconds = 120 timeToIdleSeconds = 0 persistence = LOCALTEMPSWAP diskExpiryThreadIntervalSeconds = 120 cacheEventListeners: com.jishitoutiao.cache.CustomerCacheEventListener ; orderedCacheEventListeners:  maxBytesLocalHeap = 0 overflowToOffHeap = false maxBytesLocalOffHeap = 0 maxBytesLocalDisk = 0 pinned = false ]
2018-06-27 09:58:28,338 INFO (StartupInfoLogger.java:59)- Started Application in 33.483 seconds (JVM running for 35.846)
2018-06-27 10:00:45,479 INFO (UserController.java:349)- value=/login,method=RequestMethod.POST: param: {"username":"123","password":"MjAyY2I5NjJhYzU5MDc1Yjk2NGIwNzE1MmQyMzRiNzA="}
2018-06-27 10:00:45,481 INFO (UserController.java:356)- value=/login,method=RequestMethod.POST: originalParam: {"username":"123","password":"MjAyY2I5NjJhYzU5MDc1Yjk2NGIwNzE1MmQyMzRiNzA="}
2018-06-27 10:00:45,654 INFO (UserController.java:360)- value=/login,method=RequestMethod.POST: username: 123 ,password: MjAyY2I5NjJhYzU5MDc1Yjk2NGIwNzE1MmQyMzRiNzA=
2018-06-27 10:00:54,487 INFO (UserController.java:349)- value=/login,method=RequestMethod.POST: param: {"username":"leitianxiangAD","password":"OTlhM2JlZDRjMDE0YzU5MTFjOTg3MDZkNjEzYTMxMWI="}
2018-06-27 10:00:54,491 INFO (UserController.java:356)- value=/login,method=RequestMethod.POST: originalParam: {"username":"leitianxiangAD","password":"OTlhM2JlZDRjMDE0YzU5MTFjOTg3MDZkNjEzYTMxMWI="}
2018-06-27 10:00:54,492 INFO (UserController.java:360)- value=/login,method=RequestMethod.POST: username: leitianxiangAD ,password: OTlhM2JlZDRjMDE0YzU5MTFjOTg3MDZkNjEzYTMxMWI=
2018-06-27 10:00:54,866 INFO (MetaController.java:52)- value=/,method=RequestMethod.GET:
2018-06-27 10:00:57,249 INFO (CrawlerSourceController.java:41)- value=/,method=RequestMethod.GET: keyword:  , page_num: 1
2018-06-27 10:01:34,473 INFO (UserController.java:65)- value=/,method=RequestMethod.GET: keyword:  ,page_num: 1
2018-06-27 10:01:45,222 INFO (CrawlerSourceController.java:41)- value=/,method=RequestMethod.GET: keyword:  , page_num: 1
2018-06-27 10:10:23,999 INFO (UserController.java:349)- value=/login,method=RequestMethod.POST: param: {"username":"leitianxiangAD","password":"OTlhM2JlZDRjMDE0YzU5MTFjOTg3MDZkNjEzYTMxMWI="}
2018-06-27 10:10:24,005 INFO (UserController.java:356)- value=/login,method=RequestMethod.POST: originalParam: {"username":"leitianxiangAD","password":"OTlhM2JlZDRjMDE0YzU5MTFjOTg3MDZkNjEzYTMxMWI="}
2018-06-27 10:10:24,006 INFO (UserController.java:360)- value=/login,method=RequestMethod.POST: username: leitianxiangAD ,password: OTlhM2JlZDRjMDE0YzU5MTFjOTg3MDZkNjEzYTMxMWI=
2018-06-27 10:10:24,205 INFO (MetaController.java:52)- value=/,method=RequestMethod.GET:
2018-06-27 10:11:39,461 INFO (UserController.java:349)- value=/login,method=RequestMethod.POST: param: {"username":"leitianxiangAD","password":"OTlhM2JlZDRjMDE0YzU5MTFjOTg3MDZkNjEzYTMxMWI="}
2018-06-27 10:11:39,462 INFO (UserController.java:356)- value=/login,method=RequestMethod.POST: originalParam: {"username":"leitianxiangAD","password":"OTlhM2JlZDRjMDE0YzU5MTFjOTg3MDZkNjEzYTMxMWI="}
2018-06-27 10:11:39,462 INFO (UserController.java:360)- value=/login,method=RequestMethod.POST: username: leitianxiangAD ,password: OTlhM2JlZDRjMDE0YzU5MTFjOTg3MDZkNjEzYTMxMWI=
2018-06-27 10:11:39,597 INFO (MetaController.java:52)- value=/,method=RequestMethod.GET:
2018-06-27 10:14:38,379 INFO (UserController.java:65)- value=/,method=RequestMethod.GET: keyword:  ,page_num: 1
2018-06-27 10:14:45,300 INFO (UserController.java:65)- value=/,method=RequestMethod.GET: keyword: ADMIN ,page_num: 1
2018-06-27 10:14:47,575 INFO (UserController.java:65)- value=/,method=RequestMethod.GET: keyword:  ,page_num: 1
