2018-06-08 09:52:49,258 INFO (StartupInfoLogger.java:50)- Starting Application on leitianxiangdeMacBook-Pro.local with PID 69688 (/Users/leitianxiang/Workspaces/intelli/jishitoutiao-api/target/classes started by leitianxiang in /Users/leitianxiang/Workspaces/intelli/jishitoutiao-api)
2018-06-08 09:52:49,272 DEBUG (StartupInfoLogger.java:53)- Running with Spring Boot v2.0.2.RELEASE, Spring v5.0.6.RELEASE
2018-06-08 09:52:49,278 INFO (SpringApplication.java:659)- No active profile set, falling back to default profiles: default
2018-06-08 09:53:30,528 INFO (CustomerCacheManagerEventListener.java:22)- init ehcache...
2018-06-08 09:53:30,639 INFO (CustomerCacheManagerEventListener.java:37)- cacheAdded... org.hibernate.cache.spi.UpdateTimestampsCache
2018-06-08 09:53:30,640 INFO (CustomerCacheManagerEventListener.java:38)- [ name = org.hibernate.cache.spi.UpdateTimestampsCache status = STATUS_ALIVE eternal = true overflowToDisk = true maxEntriesLocalHeap = 5000 maxEntriesLocalDisk = 0 memoryStoreEvictionPolicy = LRU timeToLiveSeconds = 0 timeToIdleSeconds = 0 persistence = LOCALTEMPSWAP diskExpiryThreadIntervalSeconds = 120 cacheEventListeners: com.jishitoutiao.cache.CustomerCacheEventListener ; orderedCacheEventListeners:  maxBytesLocalHeap = 0 overflowToOffHeap = false maxBytesLocalOffHeap = 0 maxBytesLocalDisk = 0 pinned = false ]
2018-06-08 09:53:30,648 INFO (CustomerCacheManagerEventListener.java:37)- cacheAdded... org.hibernate.cache.internal.StandardQueryCache
2018-06-08 09:53:30,648 INFO (CustomerCacheManagerEventListener.java:38)- [ name = org.hibernate.cache.internal.StandardQueryCache status = STATUS_ALIVE eternal = false overflowToDisk = true maxEntriesLocalHeap = 5 maxEntriesLocalDisk = 0 memoryStoreEvictionPolicy = LRU timeToLiveSeconds = 120 timeToIdleSeconds = 0 persistence = LOCALTEMPSWAP diskExpiryThreadIntervalSeconds = 120 cacheEventListeners: com.jishitoutiao.cache.CustomerCacheEventListener ; orderedCacheEventListeners:  maxBytesLocalHeap = 0 overflowToOffHeap = false maxBytesLocalOffHeap = 0 maxBytesLocalDisk = 0 pinned = false ]
2018-06-08 09:53:30,655 INFO (CustomerCacheManagerEventListener.java:37)- cacheAdded... entityCache
2018-06-08 09:53:30,656 INFO (CustomerCacheManagerEventListener.java:38)- [ name = entityCache status = STATUS_ALIVE eternal = false overflowToDisk = true maxEntriesLocalHeap = 10000 maxEntriesLocalDisk = 100000 memoryStoreEvictionPolicy = LRU timeToLiveSeconds = 600 timeToIdleSeconds = 300 persistence = LOCALTEMPSWAP diskExpiryThreadIntervalSeconds = 1200 cacheEventListeners: com.jishitoutiao.cache.CustomerCacheEventListener ; orderedCacheEventListeners:  maxBytesLocalHeap = 0 overflowToOffHeap = false maxBytesLocalOffHeap = 0 maxBytesLocalDisk = 0 pinned = false ]
2018-06-08 09:53:31,487 INFO (StartupInfoLogger.java:59)- Started Application in 43.1 seconds (JVM running for 44.306)
2018-06-08 09:55:07,521 INFO (InformationIllegalityPondController.java:64)- value=/,method=RequestMethod.GET: keyword: null ,bkey: null ,ckey: null ,page_num: 1
2018-06-08 09:55:08,016 INFO (RedisService.java:79)- getStr(String key) method run, key: string:information_illegality_pond:batch
2018-06-08 10:28:07,091 INFO (CustomerCacheManagerEventListener.java:32)- ehcache dispose...
2018-06-08 10:28:07,094 INFO (CustomerCacheEventListener.java:51)- cache dispose.
2018-06-08 10:28:07,102 INFO (CustomerCacheEventListener.java:51)- cache dispose.
2018-06-08 10:28:07,105 INFO (CustomerCacheEventListener.java:51)- cache dispose.
2018-06-08 10:28:11,896 INFO (StartupInfoLogger.java:50)- Starting Application on leitianxiangdeMacBook-Pro.local with PID 70831 (/Users/leitianxiang/Workspaces/intelli/jishitoutiao-api/target/classes started by leitianxiang in /Users/leitianxiang/Workspaces/intelli/jishitoutiao-api)
2018-06-08 10:28:11,907 DEBUG (StartupInfoLogger.java:53)- Running with Spring Boot v2.0.2.RELEASE, Spring v5.0.6.RELEASE
2018-06-08 10:28:11,909 INFO (SpringApplication.java:659)- No active profile set, falling back to default profiles: default
2018-06-08 10:28:23,065 INFO (CustomerCacheManagerEventListener.java:22)- init ehcache...
2018-06-08 10:28:23,140 INFO (CustomerCacheManagerEventListener.java:37)- cacheAdded... org.hibernate.cache.spi.UpdateTimestampsCache
2018-06-08 10:28:23,141 INFO (CustomerCacheManagerEventListener.java:38)- [ name = org.hibernate.cache.spi.UpdateTimestampsCache status = STATUS_ALIVE eternal = true overflowToDisk = true maxEntriesLocalHeap = 5000 maxEntriesLocalDisk = 0 memoryStoreEvictionPolicy = LRU timeToLiveSeconds = 0 timeToIdleSeconds = 0 persistence = LOCALTEMPSWAP diskExpiryThreadIntervalSeconds = 120 cacheEventListeners: com.jishitoutiao.cache.CustomerCacheEventListener ; orderedCacheEventListeners:  maxBytesLocalHeap = 0 overflowToOffHeap = false maxBytesLocalOffHeap = 0 maxBytesLocalDisk = 0 pinned = false ]
2018-06-08 10:28:23,147 INFO (CustomerCacheManagerEventListener.java:37)- cacheAdded... org.hibernate.cache.internal.StandardQueryCache
2018-06-08 10:28:23,147 INFO (CustomerCacheManagerEventListener.java:38)- [ name = org.hibernate.cache.internal.StandardQueryCache status = STATUS_ALIVE eternal = false overflowToDisk = true maxEntriesLocalHeap = 5 maxEntriesLocalDisk = 0 memoryStoreEvictionPolicy = LRU timeToLiveSeconds = 120 timeToIdleSeconds = 0 persistence = LOCALTEMPSWAP diskExpiryThreadIntervalSeconds = 120 cacheEventListeners: com.jishitoutiao.cache.CustomerCacheEventListener ; orderedCacheEventListeners:  maxBytesLocalHeap = 0 overflowToOffHeap = false maxBytesLocalOffHeap = 0 maxBytesLocalDisk = 0 pinned = false ]
2018-06-08 10:28:23,153 INFO (CustomerCacheManagerEventListener.java:37)- cacheAdded... entityCache
2018-06-08 10:28:23,153 INFO (CustomerCacheManagerEventListener.java:38)- [ name = entityCache status = STATUS_ALIVE eternal = false overflowToDisk = true maxEntriesLocalHeap = 10000 maxEntriesLocalDisk = 100000 memoryStoreEvictionPolicy = LRU timeToLiveSeconds = 600 timeToIdleSeconds = 300 persistence = LOCALTEMPSWAP diskExpiryThreadIntervalSeconds = 1200 cacheEventListeners: com.jishitoutiao.cache.CustomerCacheEventListener ; orderedCacheEventListeners:  maxBytesLocalHeap = 0 overflowToOffHeap = false maxBytesLocalOffHeap = 0 maxBytesLocalDisk = 0 pinned = false ]
2018-06-08 10:28:23,927 INFO (StartupInfoLogger.java:59)- Started Application in 13.3 seconds (JVM running for 15.416)
2018-06-08 10:30:57,634 INFO (InformationIllegalityResultController.java:66)- value=/,method=RequestMethod.GET: keyword: null ,bkey: null ,ckey: null ,page_num: 1
2018-06-08 10:30:58,182 INFO (RedisService.java:79)- getStr(String key) method run, key: string:information_illegality_result:status
2018-06-08 10:30:58,234 INFO (RedisService.java:79)- getStr(String key) method run, key: string:information_illegality_result:batch
2018-06-08 10:49:09,429 INFO (CustomerCacheManagerEventListener.java:32)- ehcache dispose...
2018-06-08 10:49:09,433 INFO (CustomerCacheEventListener.java:51)- cache dispose.
2018-06-08 10:49:09,444 INFO (CustomerCacheEventListener.java:51)- cache dispose.
2018-06-08 10:49:09,446 INFO (CustomerCacheEventListener.java:51)- cache dispose.
2018-06-08 10:49:13,744 INFO (StartupInfoLogger.java:50)- Starting Application on leitianxiangdeMacBook-Pro.local with PID 71543 (/Users/leitianxiang/Workspaces/intelli/jishitoutiao-api/target/classes started by leitianxiang in /Users/leitianxiang/Workspaces/intelli/jishitoutiao-api)
2018-06-08 10:49:13,754 DEBUG (StartupInfoLogger.java:53)- Running with Spring Boot v2.0.2.RELEASE, Spring v5.0.6.RELEASE
2018-06-08 10:49:13,758 INFO (SpringApplication.java:659)- No active profile set, falling back to default profiles: default
2018-06-08 10:49:24,849 INFO (CustomerCacheManagerEventListener.java:22)- init ehcache...
2018-06-08 10:49:24,934 INFO (CustomerCacheManagerEventListener.java:37)- cacheAdded... entityCache
2018-06-08 10:49:24,935 INFO (CustomerCacheManagerEventListener.java:38)- [ name = entityCache status = STATUS_ALIVE eternal = false overflowToDisk = true maxEntriesLocalHeap = 10000 maxEntriesLocalDisk = 100000 memoryStoreEvictionPolicy = LRU timeToLiveSeconds = 600 timeToIdleSeconds = 300 persistence = LOCALTEMPSWAP diskExpiryThreadIntervalSeconds = 1200 cacheEventListeners: com.jishitoutiao.cache.CustomerCacheEventListener ; orderedCacheEventListeners:  maxBytesLocalHeap = 0 overflowToOffHeap = false maxBytesLocalOffHeap = 0 maxBytesLocalDisk = 0 pinned = false ]
2018-06-08 10:49:24,945 INFO (CustomerCacheManagerEventListener.java:37)- cacheAdded... org.hibernate.cache.spi.UpdateTimestampsCache
2018-06-08 10:49:24,946 INFO (CustomerCacheManagerEventListener.java:38)- [ name = org.hibernate.cache.spi.UpdateTimestampsCache status = STATUS_ALIVE eternal = true overflowToDisk = true maxEntriesLocalHeap = 5000 maxEntriesLocalDisk = 0 memoryStoreEvictionPolicy = LRU timeToLiveSeconds = 0 timeToIdleSeconds = 0 persistence = LOCALTEMPSWAP diskExpiryThreadIntervalSeconds = 120 cacheEventListeners: com.jishitoutiao.cache.CustomerCacheEventListener ; orderedCacheEventListeners:  maxBytesLocalHeap = 0 overflowToOffHeap = false maxBytesLocalOffHeap = 0 maxBytesLocalDisk = 0 pinned = false ]
2018-06-08 10:49:24,954 INFO (CustomerCacheManagerEventListener.java:37)- cacheAdded... org.hibernate.cache.internal.StandardQueryCache
2018-06-08 10:49:24,954 INFO (CustomerCacheManagerEventListener.java:38)- [ name = org.hibernate.cache.internal.StandardQueryCache status = STATUS_ALIVE eternal = false overflowToDisk = true maxEntriesLocalHeap = 5 maxEntriesLocalDisk = 0 memoryStoreEvictionPolicy = LRU timeToLiveSeconds = 120 timeToIdleSeconds = 0 persistence = LOCALTEMPSWAP diskExpiryThreadIntervalSeconds = 120 cacheEventListeners: com.jishitoutiao.cache.CustomerCacheEventListener ; orderedCacheEventListeners:  maxBytesLocalHeap = 0 overflowToOffHeap = false maxBytesLocalOffHeap = 0 maxBytesLocalDisk = 0 pinned = false ]
2018-06-08 10:49:25,781 INFO (StartupInfoLogger.java:59)- Started Application in 13.522 seconds (JVM running for 15.357)
2018-06-08 10:50:47,086 INFO (InformationIllegalitySetController.java:46)- value=/,method=RequestMethod.GET: keyword: null ,page_num: 1
2018-06-08 10:57:53,557 INFO (CustomerCacheManagerEventListener.java:32)- ehcache dispose...
2018-06-08 10:57:53,560 INFO (CustomerCacheEventListener.java:51)- cache dispose.
2018-06-08 10:57:53,566 INFO (CustomerCacheEventListener.java:51)- cache dispose.
2018-06-08 10:57:53,569 INFO (CustomerCacheEventListener.java:51)- cache dispose.
2018-06-08 10:58:02,410 INFO (StartupInfoLogger.java:50)- Starting Application on leitianxiangdeMacBook-Pro.local with PID 71854 (/Users/leitianxiang/Workspaces/intelli/jishitoutiao-api/target/classes started by leitianxiang in /Users/leitianxiang/Workspaces/intelli/jishitoutiao-api)
2018-06-08 10:58:02,416 DEBUG (StartupInfoLogger.java:53)- Running with Spring Boot v2.0.2.RELEASE, Spring v5.0.6.RELEASE
2018-06-08 10:58:02,419 INFO (SpringApplication.java:659)- No active profile set, falling back to default profiles: default
2018-06-08 10:58:12,405 INFO (CustomerCacheManagerEventListener.java:22)- init ehcache...
2018-06-08 10:58:12,476 INFO (CustomerCacheManagerEventListener.java:37)- cacheAdded... org.hibernate.cache.spi.UpdateTimestampsCache
2018-06-08 10:58:12,476 INFO (CustomerCacheManagerEventListener.java:38)- [ name = org.hibernate.cache.spi.UpdateTimestampsCache status = STATUS_ALIVE eternal = true overflowToDisk = true maxEntriesLocalHeap = 5000 maxEntriesLocalDisk = 0 memoryStoreEvictionPolicy = LRU timeToLiveSeconds = 0 timeToIdleSeconds = 0 persistence = LOCALTEMPSWAP diskExpiryThreadIntervalSeconds = 120 cacheEventListeners: com.jishitoutiao.cache.CustomerCacheEventListener ; orderedCacheEventListeners:  maxBytesLocalHeap = 0 overflowToOffHeap = false maxBytesLocalOffHeap = 0 maxBytesLocalDisk = 0 pinned = false ]
2018-06-08 10:58:12,482 INFO (CustomerCacheManagerEventListener.java:37)- cacheAdded... entityCache
2018-06-08 10:58:12,482 INFO (CustomerCacheManagerEventListener.java:38)- [ name = entityCache status = STATUS_ALIVE eternal = false overflowToDisk = true maxEntriesLocalHeap = 10000 maxEntriesLocalDisk = 100000 memoryStoreEvictionPolicy = LRU timeToLiveSeconds = 600 timeToIdleSeconds = 300 persistence = LOCALTEMPSWAP diskExpiryThreadIntervalSeconds = 1200 cacheEventListeners: com.jishitoutiao.cache.CustomerCacheEventListener ; orderedCacheEventListeners:  maxBytesLocalHeap = 0 overflowToOffHeap = false maxBytesLocalOffHeap = 0 maxBytesLocalDisk = 0 pinned = false ]
2018-06-08 10:58:12,490 INFO (CustomerCacheManagerEventListener.java:37)- cacheAdded... org.hibernate.cache.internal.StandardQueryCache
2018-06-08 10:58:12,490 INFO (CustomerCacheManagerEventListener.java:38)- [ name = org.hibernate.cache.internal.StandardQueryCache status = STATUS_ALIVE eternal = false overflowToDisk = true maxEntriesLocalHeap = 5 maxEntriesLocalDisk = 0 memoryStoreEvictionPolicy = LRU timeToLiveSeconds = 120 timeToIdleSeconds = 0 persistence = LOCALTEMPSWAP diskExpiryThreadIntervalSeconds = 120 cacheEventListeners: com.jishitoutiao.cache.CustomerCacheEventListener ; orderedCacheEventListeners:  maxBytesLocalHeap = 0 overflowToOffHeap = false maxBytesLocalOffHeap = 0 maxBytesLocalDisk = 0 pinned = false ]
2018-06-08 10:58:13,209 INFO (StartupInfoLogger.java:59)- Started Application in 11.759 seconds (JVM running for 13.486)
2018-06-08 10:58:31,225 INFO (InformationOutputArticleController.java:67)- value=/,method=RequestMethod.GET: keyword: null ,bkey: null ,ckey: null ,page_num: 1
2018-06-08 10:58:31,739 INFO (RedisService.java:79)- getStr(String key) method run, key: string:information_output_article:status
2018-06-08 10:58:31,832 INFO (RedisService.java:79)- getStr(String key) method run, key: string:information_output_article:batch
2018-06-08 11:17:39,885 INFO (CustomerCacheManagerEventListener.java:32)- ehcache dispose...
2018-06-08 11:17:39,889 INFO (CustomerCacheEventListener.java:51)- cache dispose.
2018-06-08 11:17:39,897 INFO (CustomerCacheEventListener.java:51)- cache dispose.
2018-06-08 11:17:39,899 INFO (CustomerCacheEventListener.java:51)- cache dispose.
2018-06-08 11:17:44,888 INFO (StartupInfoLogger.java:50)- Starting Application on leitianxiangdeMacBook-Pro.local with PID 72507 (/Users/leitianxiang/Workspaces/intelli/jishitoutiao-api/target/classes started by leitianxiang in /Users/leitianxiang/Workspaces/intelli/jishitoutiao-api)
2018-06-08 11:17:44,895 DEBUG (StartupInfoLogger.java:53)- Running with Spring Boot v2.0.2.RELEASE, Spring v5.0.6.RELEASE
2018-06-08 11:17:44,897 INFO (SpringApplication.java:659)- No active profile set, falling back to default profiles: default
2018-06-08 11:17:57,150 INFO (CustomerCacheManagerEventListener.java:22)- init ehcache...
2018-06-08 11:17:57,238 INFO (CustomerCacheManagerEventListener.java:37)- cacheAdded... org.hibernate.cache.internal.StandardQueryCache
2018-06-08 11:17:57,239 INFO (CustomerCacheManagerEventListener.java:38)- [ name = org.hibernate.cache.internal.StandardQueryCache status = STATUS_ALIVE eternal = false overflowToDisk = true maxEntriesLocalHeap = 5 maxEntriesLocalDisk = 0 memoryStoreEvictionPolicy = LRU timeToLiveSeconds = 120 timeToIdleSeconds = 0 persistence = LOCALTEMPSWAP diskExpiryThreadIntervalSeconds = 120 cacheEventListeners: com.jishitoutiao.cache.CustomerCacheEventListener ; orderedCacheEventListeners:  maxBytesLocalHeap = 0 overflowToOffHeap = false maxBytesLocalOffHeap = 0 maxBytesLocalDisk = 0 pinned = false ]
2018-06-08 11:17:57,248 INFO (CustomerCacheManagerEventListener.java:37)- cacheAdded... org.hibernate.cache.spi.UpdateTimestampsCache
2018-06-08 11:17:57,252 INFO (CustomerCacheManagerEventListener.java:38)- [ name = org.hibernate.cache.spi.UpdateTimestampsCache status = STATUS_ALIVE eternal = true overflowToDisk = true maxEntriesLocalHeap = 5000 maxEntriesLocalDisk = 0 memoryStoreEvictionPolicy = LRU timeToLiveSeconds = 0 timeToIdleSeconds = 0 persistence = LOCALTEMPSWAP diskExpiryThreadIntervalSeconds = 120 cacheEventListeners: com.jishitoutiao.cache.CustomerCacheEventListener ; orderedCacheEventListeners:  maxBytesLocalHeap = 0 overflowToOffHeap = false maxBytesLocalOffHeap = 0 maxBytesLocalDisk = 0 pinned = false ]
2018-06-08 11:17:57,261 INFO (CustomerCacheManagerEventListener.java:37)- cacheAdded... entityCache
2018-06-08 11:17:57,262 INFO (CustomerCacheManagerEventListener.java:38)- [ name = entityCache status = STATUS_ALIVE eternal = false overflowToDisk = true maxEntriesLocalHeap = 10000 maxEntriesLocalDisk = 100000 memoryStoreEvictionPolicy = LRU timeToLiveSeconds = 600 timeToIdleSeconds = 300 persistence = LOCALTEMPSWAP diskExpiryThreadIntervalSeconds = 1200 cacheEventListeners: com.jishitoutiao.cache.CustomerCacheEventListener ; orderedCacheEventListeners:  maxBytesLocalHeap = 0 overflowToOffHeap = false maxBytesLocalOffHeap = 0 maxBytesLocalDisk = 0 pinned = false ]
2018-06-08 11:17:58,037 INFO (StartupInfoLogger.java:59)- Started Application in 14.794 seconds (JVM running for 16.847)
2018-06-08 11:21:12,871 INFO (InformationOutputListController.java:66)- value=/,method=RequestMethod.GET: keyword:null ,bkey: null ,ckey: null ,page_num: 1
2018-06-08 11:21:13,456 INFO (RedisService.java:79)- getStr(String key) method run, key: string:information_output_list:status
2018-06-08 11:21:13,482 INFO (RedisService.java:79)- getStr(String key) method run, key: string:information_output_list:batch
2018-06-08 11:47:03,592 INFO (CustomerCacheManagerEventListener.java:32)- ehcache dispose...
2018-06-08 11:47:03,599 INFO (CustomerCacheEventListener.java:51)- cache dispose.
2018-06-08 11:47:03,613 INFO (CustomerCacheEventListener.java:51)- cache dispose.
2018-06-08 11:47:03,615 INFO (CustomerCacheEventListener.java:51)- cache dispose.
2018-06-08 11:47:07,811 INFO (StartupInfoLogger.java:50)- Starting Application on leitianxiangdeMacBook-Pro.local with PID 73436 (/Users/leitianxiang/Workspaces/intelli/jishitoutiao-api/target/classes started by leitianxiang in /Users/leitianxiang/Workspaces/intelli/jishitoutiao-api)
2018-06-08 11:47:07,844 DEBUG (StartupInfoLogger.java:53)- Running with Spring Boot v2.0.2.RELEASE, Spring v5.0.6.RELEASE
2018-06-08 11:47:07,860 INFO (SpringApplication.java:659)- No active profile set, falling back to default profiles: default
2018-06-08 11:47:22,018 INFO (CustomerCacheManagerEventListener.java:22)- init ehcache...
2018-06-08 11:47:22,135 INFO (CustomerCacheManagerEventListener.java:37)- cacheAdded... entityCache
2018-06-08 11:47:22,136 INFO (CustomerCacheManagerEventListener.java:38)- [ name = entityCache status = STATUS_ALIVE eternal = false overflowToDisk = true maxEntriesLocalHeap = 10000 maxEntriesLocalDisk = 100000 memoryStoreEvictionPolicy = LRU timeToLiveSeconds = 600 timeToIdleSeconds = 300 persistence = LOCALTEMPSWAP diskExpiryThreadIntervalSeconds = 1200 cacheEventListeners: com.jishitoutiao.cache.CustomerCacheEventListener ; orderedCacheEventListeners:  maxBytesLocalHeap = 0 overflowToOffHeap = false maxBytesLocalOffHeap = 0 maxBytesLocalDisk = 0 pinned = false ]
2018-06-08 11:47:22,148 INFO (CustomerCacheManagerEventListener.java:37)- cacheAdded... org.hibernate.cache.internal.StandardQueryCache
2018-06-08 11:47:22,148 INFO (CustomerCacheManagerEventListener.java:38)- [ name = org.hibernate.cache.internal.StandardQueryCache status = STATUS_ALIVE eternal = false overflowToDisk = true maxEntriesLocalHeap = 5 maxEntriesLocalDisk = 0 memoryStoreEvictionPolicy = LRU timeToLiveSeconds = 120 timeToIdleSeconds = 0 persistence = LOCALTEMPSWAP diskExpiryThreadIntervalSeconds = 120 cacheEventListeners: com.jishitoutiao.cache.CustomerCacheEventListener ; orderedCacheEventListeners:  maxBytesLocalHeap = 0 overflowToOffHeap = false maxBytesLocalOffHeap = 0 maxBytesLocalDisk = 0 pinned = false ]
2018-06-08 11:47:22,159 INFO (CustomerCacheManagerEventListener.java:37)- cacheAdded... org.hibernate.cache.spi.UpdateTimestampsCache
2018-06-08 11:47:22,159 INFO (CustomerCacheManagerEventListener.java:38)- [ name = org.hibernate.cache.spi.UpdateTimestampsCache status = STATUS_ALIVE eternal = true overflowToDisk = true maxEntriesLocalHeap = 5000 maxEntriesLocalDisk = 0 memoryStoreEvictionPolicy = LRU timeToLiveSeconds = 0 timeToIdleSeconds = 0 persistence = LOCALTEMPSWAP diskExpiryThreadIntervalSeconds = 120 cacheEventListeners: com.jishitoutiao.cache.CustomerCacheEventListener ; orderedCacheEventListeners:  maxBytesLocalHeap = 0 overflowToOffHeap = false maxBytesLocalOffHeap = 0 maxBytesLocalDisk = 0 pinned = false ]
2018-06-08 11:47:23,341 INFO (StartupInfoLogger.java:59)- Started Application in 16.45 seconds (JVM running for 18.563)
2018-06-08 11:50:37,925 INFO (InformationRepetitionPondController.java:65)- value=/,method=RequestMethod.GET: keyword: null ,bkey: null ,ckey: null ,page_num: 1
2018-06-08 11:50:38,559 INFO (RedisService.java:79)- getStr(String key) method run, key: string:information_repetition_pond:batch
2018-06-08 12:01:40,770 INFO (CustomerCacheManagerEventListener.java:32)- ehcache dispose...
2018-06-08 12:01:40,778 INFO (CustomerCacheEventListener.java:51)- cache dispose.
2018-06-08 12:01:40,798 INFO (CustomerCacheEventListener.java:51)- cache dispose.
2018-06-08 12:01:40,801 INFO (CustomerCacheEventListener.java:51)- cache dispose.
2018-06-08 13:41:03,534 INFO (StartupInfoLogger.java:50)- Starting Application on leitianxiangdeMacBook-Pro.local with PID 76904 (/Users/leitianxiang/Workspaces/intelli/jishitoutiao-api/target/classes started by leitianxiang in /Users/leitianxiang/Workspaces/intelli/jishitoutiao-api)
2018-06-08 13:41:03,541 DEBUG (StartupInfoLogger.java:53)- Running with Spring Boot v2.0.2.RELEASE, Spring v5.0.6.RELEASE
2018-06-08 13:41:03,545 INFO (SpringApplication.java:659)- No active profile set, falling back to default profiles: default
2018-06-08 13:41:19,226 INFO (CustomerCacheManagerEventListener.java:22)- init ehcache...
2018-06-08 13:41:19,311 INFO (CustomerCacheManagerEventListener.java:37)- cacheAdded... org.hibernate.cache.internal.StandardQueryCache
2018-06-08 13:41:19,312 INFO (CustomerCacheManagerEventListener.java:38)- [ name = org.hibernate.cache.internal.StandardQueryCache status = STATUS_ALIVE eternal = false overflowToDisk = true maxEntriesLocalHeap = 5 maxEntriesLocalDisk = 0 memoryStoreEvictionPolicy = LRU timeToLiveSeconds = 120 timeToIdleSeconds = 0 persistence = LOCALTEMPSWAP diskExpiryThreadIntervalSeconds = 120 cacheEventListeners: com.jishitoutiao.cache.CustomerCacheEventListener ; orderedCacheEventListeners:  maxBytesLocalHeap = 0 overflowToOffHeap = false maxBytesLocalOffHeap = 0 maxBytesLocalDisk = 0 pinned = false ]
2018-06-08 13:41:19,317 INFO (CustomerCacheManagerEventListener.java:37)- cacheAdded... org.hibernate.cache.spi.UpdateTimestampsCache
2018-06-08 13:41:19,317 INFO (CustomerCacheManagerEventListener.java:38)- [ name = org.hibernate.cache.spi.UpdateTimestampsCache status = STATUS_ALIVE eternal = true overflowToDisk = true maxEntriesLocalHeap = 5000 maxEntriesLocalDisk = 0 memoryStoreEvictionPolicy = LRU timeToLiveSeconds = 0 timeToIdleSeconds = 0 persistence = LOCALTEMPSWAP diskExpiryThreadIntervalSeconds = 120 cacheEventListeners: com.jishitoutiao.cache.CustomerCacheEventListener ; orderedCacheEventListeners:  maxBytesLocalHeap = 0 overflowToOffHeap = false maxBytesLocalOffHeap = 0 maxBytesLocalDisk = 0 pinned = false ]
2018-06-08 13:41:19,323 INFO (CustomerCacheManagerEventListener.java:37)- cacheAdded... entityCache
2018-06-08 13:41:19,323 INFO (CustomerCacheManagerEventListener.java:38)- [ name = entityCache status = STATUS_ALIVE eternal = false overflowToDisk = true maxEntriesLocalHeap = 10000 maxEntriesLocalDisk = 100000 memoryStoreEvictionPolicy = LRU timeToLiveSeconds = 600 timeToIdleSeconds = 300 persistence = LOCALTEMPSWAP diskExpiryThreadIntervalSeconds = 1200 cacheEventListeners: com.jishitoutiao.cache.CustomerCacheEventListener ; orderedCacheEventListeners:  maxBytesLocalHeap = 0 overflowToOffHeap = false maxBytesLocalOffHeap = 0 maxBytesLocalDisk = 0 pinned = false ]
2018-06-08 13:41:19,958 INFO (StartupInfoLogger.java:59)- Started Application in 17.181 seconds (JVM running for 18.209)
2018-06-08 16:35:45,314 INFO (CustomerCacheManagerEventListener.java:32)- ehcache dispose...
2018-06-08 16:35:45,324 INFO (CustomerCacheEventListener.java:51)- cache dispose.
2018-06-08 16:35:45,358 INFO (CustomerCacheEventListener.java:51)- cache dispose.
2018-06-08 16:35:45,373 INFO (CustomerCacheEventListener.java:51)- cache dispose.
2018-06-08 16:35:51,390 INFO (StartupInfoLogger.java:50)- Starting Application on leitianxiangdeMacBook-Pro.local with PID 82211 (/Users/leitianxiang/Workspaces/intelli/jishitoutiao-api/target/classes started by leitianxiang in /Users/leitianxiang/Workspaces/intelli/jishitoutiao-api)
2018-06-08 16:35:51,400 DEBUG (StartupInfoLogger.java:53)- Running with Spring Boot v2.0.2.RELEASE, Spring v5.0.6.RELEASE
2018-06-08 16:35:51,404 INFO (SpringApplication.java:659)- No active profile set, falling back to default profiles: default
2018-06-08 16:36:01,893 INFO (CustomerCacheManagerEventListener.java:22)- init ehcache...
2018-06-08 16:36:01,976 INFO (CustomerCacheManagerEventListener.java:37)- cacheAdded... entityCache
2018-06-08 16:36:01,976 INFO (CustomerCacheManagerEventListener.java:38)- [ name = entityCache status = STATUS_ALIVE eternal = false overflowToDisk = true maxEntriesLocalHeap = 10000 maxEntriesLocalDisk = 100000 memoryStoreEvictionPolicy = LRU timeToLiveSeconds = 600 timeToIdleSeconds = 300 persistence = LOCALTEMPSWAP diskExpiryThreadIntervalSeconds = 1200 cacheEventListeners: com.jishitoutiao.cache.CustomerCacheEventListener ; orderedCacheEventListeners:  maxBytesLocalHeap = 0 overflowToOffHeap = false maxBytesLocalOffHeap = 0 maxBytesLocalDisk = 0 pinned = false ]
2018-06-08 16:36:01,983 INFO (CustomerCacheManagerEventListener.java:37)- cacheAdded... org.hibernate.cache.internal.StandardQueryCache
2018-06-08 16:36:01,983 INFO (CustomerCacheManagerEventListener.java:38)- [ name = org.hibernate.cache.internal.StandardQueryCache status = STATUS_ALIVE eternal = false overflowToDisk = true maxEntriesLocalHeap = 5 maxEntriesLocalDisk = 0 memoryStoreEvictionPolicy = LRU timeToLiveSeconds = 120 timeToIdleSeconds = 0 persistence = LOCALTEMPSWAP diskExpiryThreadIntervalSeconds = 120 cacheEventListeners: com.jishitoutiao.cache.CustomerCacheEventListener ; orderedCacheEventListeners:  maxBytesLocalHeap = 0 overflowToOffHeap = false maxBytesLocalOffHeap = 0 maxBytesLocalDisk = 0 pinned = false ]
2018-06-08 16:36:01,989 INFO (CustomerCacheManagerEventListener.java:37)- cacheAdded... org.hibernate.cache.spi.UpdateTimestampsCache
2018-06-08 16:36:01,989 INFO (CustomerCacheManagerEventListener.java:38)- [ name = org.hibernate.cache.spi.UpdateTimestampsCache status = STATUS_ALIVE eternal = true overflowToDisk = true maxEntriesLocalHeap = 5000 maxEntriesLocalDisk = 0 memoryStoreEvictionPolicy = LRU timeToLiveSeconds = 0 timeToIdleSeconds = 0 persistence = LOCALTEMPSWAP diskExpiryThreadIntervalSeconds = 120 cacheEventListeners: com.jishitoutiao.cache.CustomerCacheEventListener ; orderedCacheEventListeners:  maxBytesLocalHeap = 0 overflowToOffHeap = false maxBytesLocalOffHeap = 0 maxBytesLocalDisk = 0 pinned = false ]
2018-06-08 16:36:02,841 INFO (StartupInfoLogger.java:59)- Started Application in 12.375 seconds (JVM running for 14.102)
2018-06-08 19:09:13,570 INFO (CustomerCacheManagerEventListener.java:32)- ehcache dispose...
2018-06-08 19:09:13,591 INFO (CustomerCacheEventListener.java:51)- cache dispose.
2018-06-08 19:09:13,638 INFO (CustomerCacheEventListener.java:51)- cache dispose.
2018-06-08 19:09:13,646 INFO (CustomerCacheEventListener.java:51)- cache dispose.
2018-06-08 19:09:19,688 INFO (StartupInfoLogger.java:50)- Starting Application on leitianxiangdeMacBook-Pro.local with PID 86924 (/Users/leitianxiang/Workspaces/intelli/jishitoutiao-api/target/classes started by leitianxiang in /Users/leitianxiang/Workspaces/intelli/jishitoutiao-api)
2018-06-08 19:09:19,698 DEBUG (StartupInfoLogger.java:53)- Running with Spring Boot v2.0.2.RELEASE, Spring v5.0.6.RELEASE
2018-06-08 19:09:19,701 INFO (SpringApplication.java:659)- No active profile set, falling back to default profiles: default
2018-06-08 19:09:31,048 INFO (CustomerCacheManagerEventListener.java:22)- init ehcache...
2018-06-08 19:09:31,149 INFO (CustomerCacheManagerEventListener.java:37)- cacheAdded... org.hibernate.cache.internal.StandardQueryCache
2018-06-08 19:09:31,149 INFO (CustomerCacheManagerEventListener.java:38)- [ name = org.hibernate.cache.internal.StandardQueryCache status = STATUS_ALIVE eternal = false overflowToDisk = true maxEntriesLocalHeap = 5 maxEntriesLocalDisk = 0 memoryStoreEvictionPolicy = LRU timeToLiveSeconds = 120 timeToIdleSeconds = 0 persistence = LOCALTEMPSWAP diskExpiryThreadIntervalSeconds = 120 cacheEventListeners: com.jishitoutiao.cache.CustomerCacheEventListener ; orderedCacheEventListeners:  maxBytesLocalHeap = 0 overflowToOffHeap = false maxBytesLocalOffHeap = 0 maxBytesLocalDisk = 0 pinned = false ]
2018-06-08 19:09:31,157 INFO (CustomerCacheManagerEventListener.java:37)- cacheAdded... org.hibernate.cache.spi.UpdateTimestampsCache
2018-06-08 19:09:31,157 INFO (CustomerCacheManagerEventListener.java:38)- [ name = org.hibernate.cache.spi.UpdateTimestampsCache status = STATUS_ALIVE eternal = true overflowToDisk = true maxEntriesLocalHeap = 5000 maxEntriesLocalDisk = 0 memoryStoreEvictionPolicy = LRU timeToLiveSeconds = 0 timeToIdleSeconds = 0 persistence = LOCALTEMPSWAP diskExpiryThreadIntervalSeconds = 120 cacheEventListeners: com.jishitoutiao.cache.CustomerCacheEventListener ; orderedCacheEventListeners:  maxBytesLocalHeap = 0 overflowToOffHeap = false maxBytesLocalOffHeap = 0 maxBytesLocalDisk = 0 pinned = false ]
2018-06-08 19:09:31,164 INFO (CustomerCacheManagerEventListener.java:37)- cacheAdded... entityCache
2018-06-08 19:09:31,164 INFO (CustomerCacheManagerEventListener.java:38)- [ name = entityCache status = STATUS_ALIVE eternal = false overflowToDisk = true maxEntriesLocalHeap = 10000 maxEntriesLocalDisk = 100000 memoryStoreEvictionPolicy = LRU timeToLiveSeconds = 600 timeToIdleSeconds = 300 persistence = LOCALTEMPSWAP diskExpiryThreadIntervalSeconds = 1200 cacheEventListeners: com.jishitoutiao.cache.CustomerCacheEventListener ; orderedCacheEventListeners:  maxBytesLocalHeap = 0 overflowToOffHeap = false maxBytesLocalOffHeap = 0 maxBytesLocalDisk = 0 pinned = false ]
2018-06-08 19:09:31,721 INFO (StartupInfoLogger.java:59)- Started Application in 14.146 seconds (JVM running for 16.401)
2018-06-08 19:09:45,311 INFO (InformationRepetitionResultController.java:66)- value=/,method=RequestMethod.GET: keyword: null ,bkey: null ,ckey: null ,page_num: 1
2018-06-08 19:09:45,796 INFO (RedisService.java:79)- getStr(String key) method run, key: string:information_repetition_result:status
2018-06-08 19:09:45,862 INFO (RedisService.java:79)- getStr(String key) method run, key: string:information_repetition_result:batch
2018-06-08 19:33:23,757 INFO (CustomerCacheManagerEventListener.java:32)- ehcache dispose...
2018-06-08 19:33:23,761 INFO (CustomerCacheEventListener.java:51)- cache dispose.
2018-06-08 19:33:23,773 INFO (CustomerCacheEventListener.java:51)- cache dispose.
2018-06-08 19:33:23,774 INFO (CustomerCacheEventListener.java:51)- cache dispose.
2018-06-08 19:33:29,138 INFO (StartupInfoLogger.java:50)- Starting Application on leitianxiangdeMacBook-Pro.local with PID 87695 (/Users/leitianxiang/Workspaces/intelli/jishitoutiao-api/target/classes started by leitianxiang in /Users/leitianxiang/Workspaces/intelli/jishitoutiao-api)
2018-06-08 19:33:29,148 DEBUG (StartupInfoLogger.java:53)- Running with Spring Boot v2.0.2.RELEASE, Spring v5.0.6.RELEASE
2018-06-08 19:33:29,150 INFO (SpringApplication.java:659)- No active profile set, falling back to default profiles: default
2018-06-08 19:33:38,773 INFO (CustomerCacheManagerEventListener.java:22)- init ehcache...
2018-06-08 19:33:38,878 INFO (CustomerCacheManagerEventListener.java:37)- cacheAdded... entityCache
2018-06-08 19:33:38,879 INFO (CustomerCacheManagerEventListener.java:38)- [ name = entityCache status = STATUS_ALIVE eternal = false overflowToDisk = true maxEntriesLocalHeap = 10000 maxEntriesLocalDisk = 100000 memoryStoreEvictionPolicy = LRU timeToLiveSeconds = 600 timeToIdleSeconds = 300 persistence = LOCALTEMPSWAP diskExpiryThreadIntervalSeconds = 1200 cacheEventListeners: com.jishitoutiao.cache.CustomerCacheEventListener ; orderedCacheEventListeners:  maxBytesLocalHeap = 0 overflowToOffHeap = false maxBytesLocalOffHeap = 0 maxBytesLocalDisk = 0 pinned = false ]
2018-06-08 19:33:38,885 INFO (CustomerCacheManagerEventListener.java:37)- cacheAdded... org.hibernate.cache.spi.UpdateTimestampsCache
2018-06-08 19:33:38,886 INFO (CustomerCacheManagerEventListener.java:38)- [ name = org.hibernate.cache.spi.UpdateTimestampsCache status = STATUS_ALIVE eternal = true overflowToDisk = true maxEntriesLocalHeap = 5000 maxEntriesLocalDisk = 0 memoryStoreEvictionPolicy = LRU timeToLiveSeconds = 0 timeToIdleSeconds = 0 persistence = LOCALTEMPSWAP diskExpiryThreadIntervalSeconds = 120 cacheEventListeners: com.jishitoutiao.cache.CustomerCacheEventListener ; orderedCacheEventListeners:  maxBytesLocalHeap = 0 overflowToOffHeap = false maxBytesLocalOffHeap = 0 maxBytesLocalDisk = 0 pinned = false ]
2018-06-08 19:33:38,892 INFO (CustomerCacheManagerEventListener.java:37)- cacheAdded... org.hibernate.cache.internal.StandardQueryCache
2018-06-08 19:33:38,892 INFO (CustomerCacheManagerEventListener.java:38)- [ name = org.hibernate.cache.internal.StandardQueryCache status = STATUS_ALIVE eternal = false overflowToDisk = true maxEntriesLocalHeap = 5 maxEntriesLocalDisk = 0 memoryStoreEvictionPolicy = LRU timeToLiveSeconds = 120 timeToIdleSeconds = 0 persistence = LOCALTEMPSWAP diskExpiryThreadIntervalSeconds = 120 cacheEventListeners: com.jishitoutiao.cache.CustomerCacheEventListener ; orderedCacheEventListeners:  maxBytesLocalHeap = 0 overflowToOffHeap = false maxBytesLocalOffHeap = 0 maxBytesLocalDisk = 0 pinned = false ]
2018-06-08 19:33:39,631 INFO (StartupInfoLogger.java:59)- Started Application in 11.388 seconds (JVM running for 14.357)
2018-06-08 20:59:56,852 INFO (CustomerCacheManagerEventListener.java:32)- ehcache dispose...
2018-06-08 20:59:56,856 INFO (CustomerCacheEventListener.java:51)- cache dispose.
2018-06-08 20:59:56,865 INFO (CustomerCacheEventListener.java:51)- cache dispose.
2018-06-08 20:59:56,869 INFO (CustomerCacheEventListener.java:51)- cache dispose.
